WARNING:torch.distributed.run:
*****************************************
Setting OMP_NUM_THREADS environment variable for each process to be 1 in default, to avoid your system being overloaded, please further tune the variable for optimal performance in your application as needed. 
*****************************************
| distributed init (rank 0): env://
| distributed init (rank 1): env://
Namespace(data_path='../../../input/pascal', device='cuda', num_classes=20, batch_size=16, batch_size_val=8, aux=True, start_epoch=0, epochs=20, sync_bn=False, workers=4, lr=0.0001, momentum=0.9, weight_decay=0.0001, print_freq=5, output_dir='./multi_train', resume='', test_only=False, world_size=2, dist_url='env://', amp=True, seed=304, result_save='./experiment/result/newfcn/results20221115-183922', wandb=True, wandb_model='run', model_name='dcnet_resnet50', project_dim=128, loss_name='intra', contrast=False, rank=0, gpu=0, distributed=True, dist_backend='nccl')
Creating data loaders
Creating model
missing_keys:  ['classifier.L3u.0.weight', 'classifier.L3u.1.weight', 'classifier.L3u.1.bias', 'classifier.L3u.1.running_mean', 'classifier.L3u.1.running_var', 'classifier.L2u.0.weight', 'classifier.L2u.1.weight', 'classifier.L2u.1.bias', 'classifier.L2u.1.running_mean', 'classifier.L2u.1.running_var', 'classifier.L1u.0.weight', 'classifier.L1u.1.weight', 'classifier.L1u.1.bias', 'classifier.L1u.1.running_mean', 'classifier.L1u.1.running_var', 'classifier.cls.1.weight', 'classifier.cls.1.bias']
unexpected_keys:  ['classifier.0.weight', 'classifier.1.weight', 'classifier.1.bias', 'classifier.1.running_mean', 'classifier.1.running_var', 'classifier.1.num_batches_tracked', 'classifier.4.weight', 'classifier.4.bias']
wandb: Currently logged in as: dekun. Use `wandb login --relogin` to force relogin
wandb: wandb version 0.13.5 is available!  To upgrade, please run:
wandb:  $ pip install wandb --upgrade
wandb: Tracking run with wandb version 0.13.4
wandb: Run data is saved locally in /home/zk/GIT/working/DCNet/fcn/wandb/run-20221115_183939-30ydieqo
wandb: Run `wandb offline` to turn off syncing.
wandb: Syncing run light-frog-48
wandb: ⭐️ View project at https://wandb.ai/dekun/fcn
wandb: 🚀 View run at https://wandb.ai/dekun/fcn/runs/30ydieqo
Start training
Epoch: [0]  [ 0/45]  eta: 0:07:46  lr: 0.000002  loss: 3.5676 (3.5676)  time: 10.3714  data: 1.0874  max mem: 9298
Epoch: [0]  [ 5/45]  eta: 0:03:46  lr: 0.000013  loss: 3.5527 (3.5394)  time: 5.6652  data: 0.2010  max mem: 9690
Epoch: [0]  [10/45]  eta: 0:03:11  lr: 0.000025  loss: 3.3673 (3.5055)  time: 5.4734  data: 0.1170  max mem: 9690
Epoch: [0]  [15/45]  eta: 0:02:38  lr: 0.000036  loss: 3.4266 (3.4948)  time: 5.2688  data: 0.0879  max mem: 9690
Epoch: [0]  [20/45]  eta: 0:02:12  lr: 0.000047  loss: 3.1739 (3.4668)  time: 5.0273  data: 0.0215  max mem: 9690
Epoch: [0]  [25/45]  eta: 0:01:43  lr: 0.000058  loss: 3.2175 (3.4176)  time: 5.0484  data: 0.0214  max mem: 9690
Epoch: [0]  [30/45]  eta: 0:01:18  lr: 0.000069  loss: 2.8170 (3.3740)  time: 5.0919  data: 0.0230  max mem: 9690
Epoch: [0]  [35/45]  eta: 0:00:51  lr: 0.000080  loss: 2.8684 (3.3189)  time: 5.0827  data: 0.0228  max mem: 9690
Epoch: [0]  [40/45]  eta: 0:00:25  lr: 0.000091  loss: 2.6656 (3.2399)  time: 5.0684  data: 0.0229  max mem: 9690
Epoch: [0] Total time: 0:03:51
Test:  [ 0/91]  eta: 0:05:26    time: 3.5905  data: 1.3057  max mem: 9690
Test:  [10/91]  eta: 0:01:50    time: 1.3616  data: 0.1427  max mem: 9690
Test:  [20/91]  eta: 0:01:33    time: 1.2044  data: 0.0291  max mem: 9690
Test:  [30/91]  eta: 0:01:19    time: 1.2681  data: 0.0295  max mem: 9690
Test:  [40/91]  eta: 0:01:05    time: 1.2592  data: 0.0289  max mem: 9690
Test:  [50/91]  eta: 0:00:52    time: 1.2257  data: 0.0285  max mem: 9690
Test:  [60/91]  eta: 0:00:39    time: 1.2000  data: 0.0266  max mem: 9690
Test:  [70/91]  eta: 0:00:27    time: 1.3875  data: 0.0313  max mem: 9690
Test:  [80/91]  eta: 0:00:14    time: 1.3666  data: 0.0305  max mem: 9690
Test:  [90/91]  eta: 0:00:01    time: 1.1628  data: 0.0242  max mem: 9690
Test: Total time: 0:01:55
global correct: 75.7
average row correct: ['85.4', '64.8', '0.7', '69.6', '49.4', '0.2', '79.5', '18.8', '87.1', '0.0', '0.1', '4.2', '31.2', '79.0', '77.8', '82.2', '0.1', '22.1', '1.8', '66.4', '2.0']
IoU: ['83.5', '18.2', '0.3', '36.6', '7.0', '0.2', '45.2', '14.3', '40.4', '0.0', '0.1', '3.1', '26.4', '19.2', '12.9', '76.7', '0.1', '18.6', '1.6', '41.7', '1.7']
mean IoU: 21.3
Epoch: [1]  [ 0/45]  eta: 0:04:07  lr: 0.000100  loss: 2.3565 (2.3565)  time: 5.5048  data: 1.1114  max mem: 9690
Epoch: [1]  [ 5/45]  eta: 0:03:34  lr: 0.000099  loss: 2.2589 (2.2888)  time: 5.3500  data: 0.2044  max mem: 9690
Epoch: [1]  [10/45]  eta: 0:02:57  lr: 0.000099  loss: 2.3201 (2.2875)  time: 5.0713  data: 0.1220  max mem: 9690
Epoch: [1]  [15/45]  eta: 0:02:36  lr: 0.000098  loss: 2.1907 (2.2742)  time: 5.2093  data: 0.0907  max mem: 9690
Epoch: [1]  [20/45]  eta: 0:02:07  lr: 0.000098  loss: 1.9327 (2.1841)  time: 5.0739  data: 0.0237  max mem: 9690
Epoch: [1]  [25/45]  eta: 0:01:42  lr: 0.000097  loss: 1.7603 (2.1391)  time: 5.0834  data: 0.0240  max mem: 9690
Epoch: [1]  [30/45]  eta: 0:01:16  lr: 0.000097  loss: 1.5296 (2.0920)  time: 5.0909  data: 0.0237  max mem: 9690
Epoch: [1]  [35/45]  eta: 0:00:51  lr: 0.000096  loss: 1.5855 (2.0619)  time: 5.0655  data: 0.0247  max mem: 9690
Epoch: [1]  [40/45]  eta: 0:00:25  lr: 0.000096  loss: 1.6555 (2.0172)  time: 5.0964  data: 0.0240  max mem: 9690
Epoch: [1] Total time: 0:03:50
Test:  [ 0/91]  eta: 0:03:53    time: 2.5635  data: 1.1326  max mem: 9690
Test:  [10/91]  eta: 0:01:41    time: 1.2475  data: 0.1270  max mem: 9690
Test:  [20/91]  eta: 0:01:29    time: 1.1898  data: 0.0280  max mem: 9690
Test:  [30/91]  eta: 0:01:17    time: 1.2716  data: 0.0316  max mem: 9690
Test:  [40/91]  eta: 0:01:04    time: 1.2602  data: 0.0312  max mem: 9690
Test:  [50/91]  eta: 0:00:51    time: 1.2250  data: 0.0292  max mem: 9690
Test:  [60/91]  eta: 0:00:38    time: 1.1964  data: 0.0270  max mem: 9690
Test:  [70/91]  eta: 0:00:26    time: 1.3572  data: 0.0291  max mem: 9690
Test:  [80/91]  eta: 0:00:13    time: 1.3550  data: 0.0317  max mem: 9690
Test:  [90/91]  eta: 0:00:01    time: 1.1872  data: 0.0268  max mem: 9690
Test: Total time: 0:01:54
global correct: 86.7
average row correct: ['93.5', '89.5', '1.4', '88.8', '51.5', '0.7', '96.2', '63.5', '96.3', '0.4', '46.9', '7.1', '75.9', '91.4', '91.5', '94.6', '0.1', '70.9', '15.4', '87.8', '15.3']
IoU: ['89.9', '56.8', '1.2', '53.0', '36.4', '0.7', '61.2', '55.1', '49.8', '0.4', '44.5', '6.5', '59.5', '34.2', '43.5', '78.2', '0.1', '54.1', '13.8', '69.5', '15.0']
mean IoU: 39.2
Epoch: [2]  [ 0/45]  eta: 0:04:20  lr: 0.000095  loss: 1.4388 (1.4388)  time: 5.7927  data: 1.0739  max mem: 9690
Epoch: [2]  [ 5/45]  eta: 0:03:19  lr: 0.000095  loss: 1.4211 (1.4787)  time: 4.9979  data: 0.1998  max mem: 9690
Epoch: [2]  [10/45]  eta: 0:02:58  lr: 0.000094  loss: 1.9135 (1.5318)  time: 5.1112  data: 0.1216  max mem: 9690
Epoch: [2]  [15/45]  eta: 0:02:30  lr: 0.000094  loss: 1.8191 (1.5326)  time: 5.0226  data: 0.0908  max mem: 9690
Epoch: [2]  [20/45]  eta: 0:02:07  lr: 0.000093  loss: 1.3082 (1.5269)  time: 5.0854  data: 0.0245  max mem: 9690
Epoch: [2]  [25/45]  eta: 0:01:41  lr: 0.000092  loss: 1.3099 (1.4960)  time: 5.0758  data: 0.0238  max mem: 9690
Epoch: [2]  [30/45]  eta: 0:01:16  lr: 0.000092  loss: 1.3470 (1.4990)  time: 5.0843  data: 0.0219  max mem: 9690
Epoch: [2]  [35/45]  eta: 0:00:50  lr: 0.000091  loss: 1.2097 (1.4859)  time: 5.0928  data: 0.0213  max mem: 9690
Epoch: [2]  [40/45]  eta: 0:00:25  lr: 0.000091  loss: 1.3099 (1.4625)  time: 5.0715  data: 0.0217  max mem: 9690
Epoch: [2] Total time: 0:03:48
Test:  [ 0/91]  eta: 0:03:41    time: 2.4358  data: 1.0470  max mem: 9690
Test:  [10/91]  eta: 0:01:40    time: 1.2397  data: 0.1199  max mem: 9690
Test:  [20/91]  eta: 0:01:29    time: 1.1958  data: 0.0280  max mem: 9690
Test:  [30/91]  eta: 0:01:17    time: 1.2762  data: 0.0310  max mem: 9690
Test:  [40/91]  eta: 0:01:04    time: 1.2559  data: 0.0301  max mem: 9690
Test:  [50/91]  eta: 0:00:51    time: 1.2194  data: 0.0276  max mem: 9690
Test:  [60/91]  eta: 0:00:38    time: 1.1979  data: 0.0279  max mem: 9690
Test:  [70/91]  eta: 0:00:26    time: 1.3720  data: 0.0376  max mem: 9690
Test:  [80/91]  eta: 0:00:13    time: 1.3536  data: 0.0389  max mem: 9690
Test:  [90/91]  eta: 0:00:01    time: 1.1630  data: 0.0283  max mem: 9690
Test: Total time: 0:01:54
global correct: 89.5
average row correct: ['95.6', '91.1', '2.2', '88.0', '59.8', '5.4', '95.6', '75.7', '96.9', '3.0', '67.7', '9.6', '79.5', '89.6', '90.9', '94.6', '0.1', '80.0', '37.0', '89.5', '46.9']
IoU: ['91.0', '66.7', '2.1', '61.4', '52.6', '5.4', '76.2', '67.1', '55.7', '2.9', '63.3', '9.2', '64.3', '53.1', '57.9', '79.9', '0.1', '61.1', '32.7', '76.6', '45.6']
mean IoU: 48.8
Epoch: [3]  [ 0/45]  eta: 0:04:23  lr: 0.000090  loss: 1.2526 (1.2526)  time: 5.8510  data: 1.1189  max mem: 9690
Epoch: [3]  [ 5/45]  eta: 0:03:36  lr: 0.000090  loss: 1.2598 (1.2605)  time: 5.4060  data: 0.2084  max mem: 9690
Epoch: [3]  [10/45]  eta: 0:03:00  lr: 0.000089  loss: 1.0748 (1.2603)  time: 5.1582  data: 0.1238  max mem: 9690
Epoch: [3]  [15/45]  eta: 0:02:35  lr: 0.000089  loss: 1.8668 (1.3088)  time: 5.1912  data: 0.0914  max mem: 9690
Epoch: [3]  [20/45]  eta: 0:02:07  lr: 0.000088  loss: 1.4630 (1.2937)  time: 5.0652  data: 0.0227  max mem: 9690
Epoch: [3]  [25/45]  eta: 0:01:42  lr: 0.000088  loss: 1.5636 (1.3066)  time: 5.0659  data: 0.0219  max mem: 9690
Epoch: [3]  [30/45]  eta: 0:01:16  lr: 0.000087  loss: 1.0098 (1.2644)  time: 5.0571  data: 0.0221  max mem: 9690
Epoch: [3]  [35/45]  eta: 0:00:51  lr: 0.000087  loss: 1.1696 (1.2441)  time: 5.0759  data: 0.0231  max mem: 9690
Epoch: [3]  [40/45]  eta: 0:00:25  lr: 0.000086  loss: 1.1964 (1.2136)  time: 5.0439  data: 0.0229  max mem: 9690
Epoch: [3] Total time: 0:03:50
Test:  [ 0/91]  eta: 0:03:45    time: 2.4813  data: 1.0925  max mem: 9690
Test:  [10/91]  eta: 0:01:40    time: 1.2465  data: 0.1243  max mem: 9690
Test:  [20/91]  eta: 0:01:28    time: 1.1906  data: 0.0275  max mem: 9690
Test:  [30/91]  eta: 0:01:17    time: 1.2734  data: 0.0341  max mem: 9690
Test:  [40/91]  eta: 0:01:04    time: 1.2589  data: 0.0349  max mem: 9690
Test:  [50/91]  eta: 0:00:51    time: 1.2137  data: 0.0295  max mem: 9690
Test:  [60/91]  eta: 0:00:38    time: 1.2030  data: 0.0305  max mem: 9690
Test:  [70/91]  eta: 0:00:26    time: 1.3729  data: 0.0345  max mem: 9690
Test:  [80/91]  eta: 0:00:13    time: 1.3483  data: 0.0342  max mem: 9690
Test:  [90/91]  eta: 0:00:01    time: 1.1664  data: 0.0289  max mem: 9690
Test: Total time: 0:01:54
global correct: 90.6
average row correct: ['96.3', '90.8', '3.0', '88.3', '60.2', '20.4', '93.6', '83.1', '95.9', '5.4', '68.6', '11.2', '81.8', '88.6', '90.6', '95.1', '0.2', '81.7', '49.2', '91.3', '61.4']
IoU: ['91.4', '72.4', '2.9', '69.7', '55.2', '20.1', '82.7', '72.4', '61.7', '5.3', '64.9', '10.8', '66.7', '63.2', '61.9', '79.2', '0.2', '64.8', '41.8', '79.4', '59.8']
mean IoU: 53.6
Epoch: [4]  [ 0/45]  eta: 0:04:31  lr: 0.000086  loss: 0.8977 (0.8977)  time: 6.0374  data: 1.3427  max mem: 9690
Epoch: [4]  [ 5/45]  eta: 0:03:31  lr: 0.000085  loss: 1.0435 (1.0698)  time: 5.2843  data: 0.2433  max mem: 9690
Epoch: [4]  [10/45]  eta: 0:03:01  lr: 0.000084  loss: 1.1726 (1.0935)  time: 5.1881  data: 0.1432  max mem: 9690
Epoch: [4]  [15/45]  eta: 0:02:35  lr: 0.000084  loss: 1.0704 (1.0706)  time: 5.1854  data: 0.1044  max mem: 9690
Epoch: [4]  [20/45]  eta: 0:02:08  lr: 0.000083  loss: 0.9229 (1.0764)  time: 5.0828  data: 0.0216  max mem: 9690
Epoch: [4]  [25/45]  eta: 0:01:42  lr: 0.000083  loss: 1.6072 (1.1230)  time: 5.1069  data: 0.0216  max mem: 9690
Epoch: [4]  [30/45]  eta: 0:01:16  lr: 0.000082  loss: 1.0867 (1.1325)  time: 5.0753  data: 0.0217  max mem: 9690
Epoch: [4]  [35/45]  eta: 0:00:51  lr: 0.000082  loss: 0.8660 (1.1236)  time: 5.0990  data: 0.0231  max mem: 9690
Epoch: [4]  [40/45]  eta: 0:00:25  lr: 0.000081  loss: 0.9168 (1.0996)  time: 5.0986  data: 0.0237  max mem: 9690
Epoch: [4] Total time: 0:03:49
Test:  [ 0/91]  eta: 0:06:58    time: 4.5975  data: 1.2349  max mem: 9690
Test:  [10/91]  eta: 0:01:56    time: 1.4418  data: 0.1362  max mem: 9690
Test:  [20/91]  eta: 0:01:37    time: 1.2050  data: 0.0268  max mem: 9690
Test:  [30/91]  eta: 0:01:21    time: 1.2764  data: 0.0270  max mem: 9690
Test:  [40/91]  eta: 0:01:06    time: 1.2543  data: 0.0283  max mem: 9690
Test:  [50/91]  eta: 0:00:52    time: 1.2252  data: 0.0339  max mem: 9690
Test:  [60/91]  eta: 0:00:39    time: 1.2076  data: 0.0317  max mem: 9690
Test:  [70/91]  eta: 0:00:27    time: 1.3706  data: 0.0299  max mem: 9690
Test:  [80/91]  eta: 0:00:14    time: 1.3547  data: 0.0316  max mem: 9690
Test:  [90/91]  eta: 0:00:01    time: 1.1769  data: 0.0285  max mem: 9690
Test: Total time: 0:01:56
global correct: 91.3
average row correct: ['96.8', '90.5', '6.6', '86.3', '61.2', '35.1', '94.1', '84.1', '95.7', '9.6', '75.9', '15.6', '81.4', '88.0', '89.9', '94.6', '1.3', '81.3', '54.0', '90.9', '64.4']
IoU: ['91.7', '74.5', '6.0', '73.0', '56.9', '34.3', '84.4', '73.5', '67.7', '9.4', '70.4', '15.1', '67.9', '67.3', '64.9', '81.0', '1.3', '66.3', '44.6', '80.6', '62.5']
mean IoU: 56.8
Epoch: [5]  [ 0/45]  eta: 0:04:23  lr: 0.000081  loss: 0.9204 (0.9204)  time: 5.8554  data: 1.1938  max mem: 9690
Epoch: [5]  [ 5/45]  eta: 0:03:30  lr: 0.000080  loss: 1.1030 (1.1171)  time: 5.2506  data: 0.2216  max mem: 9690
Epoch: [5]  [10/45]  eta: 0:03:02  lr: 0.000080  loss: 0.8490 (1.0156)  time: 5.2078  data: 0.1319  max mem: 9690
Epoch: [5]  [15/45]  eta: 0:02:34  lr: 0.000079  loss: 1.0556 (1.0574)  time: 5.1380  data: 0.0987  max mem: 9690
Epoch: [5]  [20/45]  eta: 0:02:08  lr: 0.000079  loss: 1.1204 (1.0956)  time: 5.1192  data: 0.0250  max mem: 9690
Epoch: [5]  [25/45]  eta: 0:01:42  lr: 0.000078  loss: 0.7835 (1.0770)  time: 5.0912  data: 0.0242  max mem: 9690
Epoch: [5]  [30/45]  eta: 0:01:17  lr: 0.000077  loss: 0.7830 (1.0679)  time: 5.0974  data: 0.0250  max mem: 9690
Epoch: [5]  [35/45]  eta: 0:00:51  lr: 0.000077  loss: 1.3658 (1.0468)  time: 5.0866  data: 0.0245  max mem: 9690
Epoch: [5]  [40/45]  eta: 0:00:25  lr: 0.000076  loss: 0.8072 (1.0368)  time: 5.0646  data: 0.0241  max mem: 9690
Epoch: [5] Total time: 0:03:50
Test:  [ 0/91]  eta: 0:03:36    time: 2.3809  data: 1.0308  max mem: 9690
Test:  [10/91]  eta: 0:01:40    time: 1.2456  data: 0.1181  max mem: 9690
Test:  [20/91]  eta: 0:01:29    time: 1.2036  data: 0.0285  max mem: 9690
Test:  [30/91]  eta: 0:01:17    time: 1.2855  data: 0.0311  max mem: 9690
Test:  [40/91]  eta: 0:01:04    time: 1.2692  data: 0.0305  max mem: 9690
Test:  [50/91]  eta: 0:00:51    time: 1.2255  data: 0.0291  max mem: 9690
Test:  [60/91]  eta: 0:00:38    time: 1.2097  data: 0.0303  max mem: 9690
Test:  [70/91]  eta: 0:00:27    time: 1.3693  data: 0.0330  max mem: 9690
Test:  [80/91]  eta: 0:00:13    time: 1.3501  data: 0.0324  max mem: 9690
Test:  [90/91]  eta: 0:00:01    time: 1.1754  data: 0.0275  max mem: 9690
Test: Total time: 0:01:54
global correct: 91.7
average row correct: ['96.8', '90.9', '10.4', '86.3', '68.8', '45.2', '94.5', '86.2', '95.3', '15.9', '76.8', '22.0', '81.7', '89.0', '89.9', '95.1', '4.4', '82.8', '56.4', '90.5', '69.5']
IoU: ['92.0', '78.2', '8.9', '74.8', '62.1', '43.9', '84.4', '74.3', '70.5', '15.2', '71.1', '21.2', '69.2', '68.1', '67.2', '80.5', '4.4', '68.9', '46.3', '81.9', '66.9']
mean IoU: 59.5
Epoch: [6]  [ 0/45]  eta: 0:04:36  lr: 0.000076  loss: 1.2085 (1.2085)  time: 6.1395  data: 1.2804  max mem: 9690
Epoch: [6]  [ 5/45]  eta: 0:03:32  lr: 0.000075  loss: 0.8834 (1.0028)  time: 5.3213  data: 0.2320  max mem: 9690
Epoch: [6]  [10/45]  eta: 0:03:00  lr: 0.000075  loss: 0.7035 (0.9715)  time: 5.1589  data: 0.1368  max mem: 9690
Epoch: [6]  [15/45]  eta: 0:02:35  lr: 0.000074  loss: 1.0691 (0.9241)  time: 5.1768  data: 0.1021  max mem: 9690
Epoch: [6]  [20/45]  eta: 0:02:08  lr: 0.000074  loss: 0.9490 (0.9347)  time: 5.0831  data: 0.0248  max mem: 9690
Epoch: [6]  [25/45]  eta: 0:01:42  lr: 0.000073  loss: 0.6675 (0.9033)  time: 5.0821  data: 0.0248  max mem: 9690
Epoch: [6]  [30/45]  eta: 0:01:16  lr: 0.000073  loss: 0.9851 (0.8984)  time: 5.0810  data: 0.0258  max mem: 9690
Epoch: [6]  [35/45]  eta: 0:00:51  lr: 0.000072  loss: 0.7634 (0.8977)  time: 5.0762  data: 0.0261  max mem: 9690
Epoch: [6]  [40/45]  eta: 0:00:25  lr: 0.000072  loss: 0.7148 (0.8877)  time: 5.0704  data: 0.0254  max mem: 9690
Epoch: [6] Total time: 0:03:50
Test:  [ 0/91]  eta: 0:03:55    time: 2.5933  data: 1.2165  max mem: 9690
Test:  [10/91]  eta: 0:01:43    time: 1.2759  data: 0.1389  max mem: 9690
Test:  [20/91]  eta: 0:01:30    time: 1.2064  data: 0.0300  max mem: 9690
Test:  [30/91]  eta: 0:01:17    time: 1.2688  data: 0.0278  max mem: 9690
Test:  [40/91]  eta: 0:01:04    time: 1.2673  data: 0.0297  max mem: 9690
Test:  [50/91]  eta: 0:00:51    time: 1.2357  data: 0.0308  max mem: 9690
Test:  [60/91]  eta: 0:00:38    time: 1.2019  data: 0.0286  max mem: 9690
Test:  [70/91]  eta: 0:00:27    time: 1.3732  data: 0.0305  max mem: 9690
Test:  [80/91]  eta: 0:00:14    time: 1.3519  data: 0.0292  max mem: 9690
Test:  [90/91]  eta: 0:00:01    time: 1.1756  data: 0.0261  max mem: 9690
Test: Total time: 0:01:55
global correct: 92.0
average row correct: ['97.1', '90.2', '13.0', '86.2', '69.4', '48.4', '92.3', '87.3', '95.3', '17.6', '74.7', '24.6', '82.1', '86.9', '89.4', '95.1', '9.3', '81.6', '57.4', '90.6', '70.2']
IoU: ['92.2', '80.9', '10.7', '75.6', '63.2', '47.1', '84.2', '75.1', '73.0', '16.9', '69.9', '23.7', '69.9', '71.4', '68.5', '81.3', '9.3', '70.7', '47.0', '81.7', '67.4']
mean IoU: 60.9
Epoch: [7]  [ 0/45]  eta: 0:04:43  lr: 0.000071  loss: 1.1465 (1.1465)  time: 6.2990  data: 1.4680  max mem: 9690
Epoch: [7]  [ 5/45]  eta: 0:03:26  lr: 0.000070  loss: 0.8035 (0.8494)  time: 5.1579  data: 0.2621  max mem: 9690
Epoch: [7]  [10/45]  eta: 0:03:01  lr: 0.000070  loss: 1.6308 (0.9839)  time: 5.1997  data: 0.1546  max mem: 9690
Epoch: [7]  [15/45]  eta: 0:02:34  lr: 0.000069  loss: 1.1469 (0.9526)  time: 5.1385  data: 0.1133  max mem: 9690
Epoch: [7]  [20/45]  eta: 0:02:09  lr: 0.000069  loss: 0.7862 (0.9511)  time: 5.1219  data: 0.0234  max mem: 9690
Epoch: [7]  [25/45]  eta: 0:01:42  lr: 0.000068  loss: 0.8859 (0.9331)  time: 5.1428  data: 0.0239  max mem: 9690
Epoch: [7]  [30/45]  eta: 0:01:17  lr: 0.000068  loss: 0.9360 (0.9233)  time: 5.1322  data: 0.0242  max mem: 9690
Epoch: [7]  [35/45]  eta: 0:00:51  lr: 0.000067  loss: 0.7149 (0.9214)  time: 5.1593  data: 0.0243  max mem: 9690
Epoch: [7]  [40/45]  eta: 0:00:25  lr: 0.000067  loss: 0.7101 (0.9101)  time: 5.1129  data: 0.0237  max mem: 9690
Epoch: [7] Total time: 0:03:51
Test:  [ 0/91]  eta: 0:04:04    time: 2.6903  data: 1.2932  max mem: 9690
Test:  [10/91]  eta: 0:01:43    time: 1.2744  data: 0.1431  max mem: 9690
Test:  [20/91]  eta: 0:01:30    time: 1.2008  data: 0.0273  max mem: 9690
Test:  [30/91]  eta: 0:01:17    time: 1.2729  data: 0.0304  max mem: 9690
Test:  [40/91]  eta: 0:01:04    time: 1.2702  data: 0.0334  max mem: 9690
Test:  [50/91]  eta: 0:00:51    time: 1.2294  data: 0.0296  max mem: 9690
Test:  [60/91]  eta: 0:00:38    time: 1.1983  data: 0.0258  max mem: 9690
Test:  [70/91]  eta: 0:00:27    time: 1.3648  data: 0.0297  max mem: 9690
Test:  [80/91]  eta: 0:00:13    time: 1.3466  data: 0.0326  max mem: 9690
Test:  [90/91]  eta: 0:00:01    time: 1.1826  data: 0.0315  max mem: 9690
Test: Total time: 0:01:55
global correct: 92.3
average row correct: ['97.3', '90.7', '13.6', '85.1', '70.1', '50.9', '93.7', '86.4', '94.3', '19.6', '76.4', '27.6', '82.0', '87.7', '88.8', '95.3', '14.6', '84.3', '58.8', '89.4', '71.2']
IoU: ['92.4', '81.8', '10.8', '76.3', '63.2', '49.3', '87.0', '75.8', '76.1', '18.7', '71.5', '26.6', '70.8', '71.5', '69.7', '81.6', '14.6', '71.5', '47.8', '82.5', '68.3']
mean IoU: 62.3
Epoch: [8]  [ 0/45]  eta: 0:04:27  lr: 0.000066  loss: 0.6222 (0.6222)  time: 5.9462  data: 1.3219  max mem: 9690
Epoch: [8]  [ 5/45]  eta: 0:03:31  lr: 0.000065  loss: 0.8513 (0.7750)  time: 5.2881  data: 0.2405  max mem: 9690
Epoch: [8]  [10/45]  eta: 0:03:00  lr: 0.000065  loss: 0.8023 (0.8399)  time: 5.1610  data: 0.1419  max mem: 9690
Epoch: [8]  [15/45]  eta: 0:02:34  lr: 0.000064  loss: 0.6941 (0.8153)  time: 5.1665  data: 0.1045  max mem: 9690
Epoch: [8]  [20/45]  eta: 0:02:07  lr: 0.000064  loss: 0.9421 (0.8080)  time: 5.0675  data: 0.0233  max mem: 9690
Epoch: [8]  [25/45]  eta: 0:01:42  lr: 0.000063  loss: 0.5465 (0.8009)  time: 5.0702  data: 0.0234  max mem: 9690
Epoch: [8]  [30/45]  eta: 0:01:16  lr: 0.000063  loss: 0.7519 (0.8118)  time: 5.0699  data: 0.0248  max mem: 9690
Epoch: [8]  [35/45]  eta: 0:00:51  lr: 0.000062  loss: 0.6190 (0.8053)  time: 5.0587  data: 0.0262  max mem: 9690
Epoch: [8]  [40/45]  eta: 0:00:25  lr: 0.000062  loss: 0.9390 (0.8270)  time: 5.1006  data: 0.0266  max mem: 9690
Epoch: [8] Total time: 0:03:50
Test:  [ 0/91]  eta: 0:04:10    time: 2.7537  data: 1.3785  max mem: 9690
Test:  [10/91]  eta: 0:01:43    time: 1.2749  data: 0.1500  max mem: 9690
Test:  [20/91]  eta: 0:01:30    time: 1.2048  data: 0.0282  max mem: 9690
Test:  [30/91]  eta: 0:01:17    time: 1.2782  data: 0.0295  max mem: 9690
Test:  [40/91]  eta: 0:01:04    time: 1.2661  data: 0.0298  max mem: 9690
Test:  [50/91]  eta: 0:00:51    time: 1.2434  data: 0.0293  max mem: 9690
Test:  [60/91]  eta: 0:00:38    time: 1.2238  data: 0.0286  max mem: 9690
Test:  [70/91]  eta: 0:00:27    time: 1.3813  data: 0.0304  max mem: 9690
Test:  [80/91]  eta: 0:00:14    time: 1.3595  data: 0.0301  max mem: 9690
Test:  [90/91]  eta: 0:00:01    time: 1.1831  data: 0.0258  max mem: 9690
Test: Total time: 0:01:55
global correct: 92.5
average row correct: ['97.0', '89.9', '15.6', '85.7', '73.8', '54.6', '94.3', '87.8', '94.9', '24.1', '82.0', '34.5', '82.6', '85.8', '88.5', '95.1', '17.7', '82.2', '64.1', '90.4', '74.2']
IoU: ['92.6', '82.2', '12.2', '76.8', '64.9', '52.6', '85.6', '75.9', '75.1', '22.7', '73.4', '32.9', '70.5', '72.8', '71.7', '82.5', '17.6', '72.0', '49.0', '82.4', '70.5']
mean IoU: 63.6
Epoch: [9]  [ 0/45]  eta: 0:04:43  lr: 0.000061  loss: 0.9482 (0.9482)  time: 6.2987  data: 1.3499  max mem: 9690
Epoch: [9]  [ 5/45]  eta: 0:03:42  lr: 0.000060  loss: 0.7354 (0.8882)  time: 5.5613  data: 0.2453  max mem: 9690
Epoch: [9]  [10/45]  eta: 0:03:02  lr: 0.000060  loss: 1.2283 (0.9015)  time: 5.2251  data: 0.1462  max mem: 9690
Epoch: [9]  [15/45]  eta: 0:02:38  lr: 0.000059  loss: 0.6792 (0.8717)  time: 5.2880  data: 0.1082  max mem: 9690
Epoch: [9]  [20/45]  eta: 0:02:09  lr: 0.000059  loss: 0.7104 (0.8609)  time: 5.1093  data: 0.0257  max mem: 9690
Epoch: [9]  [25/45]  eta: 0:01:43  lr: 0.000058  loss: 0.7597 (0.8450)  time: 5.0848  data: 0.0256  max mem: 9690
Epoch: [9]  [30/45]  eta: 0:01:17  lr: 0.000058  loss: 0.6328 (0.8348)  time: 5.1051  data: 0.0243  max mem: 9690
Epoch: [9]  [35/45]  eta: 0:00:51  lr: 0.000057  loss: 0.8929 (0.8265)  time: 5.0923  data: 0.0246  max mem: 9690
Epoch: [9]  [40/45]  eta: 0:00:25  lr: 0.000057  loss: 0.8407 (0.8342)  time: 5.0910  data: 0.0235  max mem: 9690
Epoch: [9] Total time: 0:03:50
Test:  [ 0/91]  eta: 0:06:28    time: 4.2687  data: 1.0163  max mem: 9690
Test:  [10/91]  eta: 0:01:54    time: 1.4154  data: 0.1165  max mem: 9690
Test:  [20/91]  eta: 0:01:35    time: 1.1998  data: 0.0256  max mem: 9690
Test:  [30/91]  eta: 0:01:20    time: 1.2776  data: 0.0288  max mem: 9690
Test:  [40/91]  eta: 0:01:06    time: 1.2672  data: 0.0330  max mem: 9690
Test:  [50/91]  eta: 0:00:52    time: 1.2246  data: 0.0306  max mem: 9690
Test:  [60/91]  eta: 0:00:39    time: 1.2047  data: 0.0279  max mem: 9690
Test:  [70/91]  eta: 0:00:27    time: 1.3746  data: 0.0319  max mem: 9690
Test:  [80/91]  eta: 0:00:14    time: 1.3574  data: 0.0325  max mem: 9690
Test:  [90/91]  eta: 0:00:01    time: 1.1781  data: 0.0278  max mem: 9690
Test: Total time: 0:01:56
global correct: 92.7
average row correct: ['97.5', '90.2', '12.9', '85.2', '69.4', '55.0', '93.7', '87.6', '94.2', '23.2', '77.7', '36.3', '82.5', '86.9', '87.4', '95.0', '18.2', '82.7', '59.8', '90.4', '73.9']
IoU: ['92.6', '82.2', '10.5', '77.5', '63.3', '52.9', '87.0', '76.6', '77.5', '22.0', '72.3', '34.5', '72.0', '72.8', '72.7', '83.2', '18.2', '72.2', '48.4', '82.9', '70.0']
mean IoU: 63.9
Epoch: [10]  [ 0/45]  eta: 0:04:32  lr: 0.000056  loss: 0.7048 (0.7048)  time: 6.0575  data: 1.2630  max mem: 9690
Epoch: [10]  [ 5/45]  eta: 0:03:22  lr: 0.000055  loss: 0.7252 (0.8126)  time: 5.0636  data: 0.2326  max mem: 9690
Epoch: [10]  [10/45]  eta: 0:03:01  lr: 0.000055  loss: 1.0701 (0.8385)  time: 5.1724  data: 0.1381  max mem: 9690
Epoch: [10]  [15/45]  eta: 0:02:32  lr: 0.000054  loss: 0.7950 (0.8952)  time: 5.0871  data: 0.1037  max mem: 9690
Epoch: [10]  [20/45]  eta: 0:02:08  lr: 0.000054  loss: 0.4519 (0.8400)  time: 5.1015  data: 0.0259  max mem: 9690
Epoch: [10]  [25/45]  eta: 0:01:41  lr: 0.000053  loss: 0.9051 (0.8246)  time: 5.1088  data: 0.0253  max mem: 9690
Epoch: [10]  [30/45]  eta: 0:01:17  lr: 0.000053  loss: 0.9829 (0.8255)  time: 5.1387  data: 0.0254  max mem: 9690
Epoch: [10]  [35/45]  eta: 0:00:50  lr: 0.000052  loss: 0.6485 (0.8320)  time: 5.1099  data: 0.0236  max mem: 9690
Epoch: [10]  [40/45]  eta: 0:00:25  lr: 0.000051  loss: 0.9839 (0.8269)  time: 5.1108  data: 0.0231  max mem: 9690
Epoch: [10] Total time: 0:03:50
Test:  [ 0/91]  eta: 0:03:51    time: 2.5387  data: 1.1443  max mem: 9690
Test:  [10/91]  eta: 0:01:42    time: 1.2627  data: 0.1295  max mem: 9690
Test:  [20/91]  eta: 0:01:30    time: 1.2157  data: 0.0317  max mem: 9690
Test:  [30/91]  eta: 0:01:18    time: 1.2890  data: 0.0322  max mem: 9690
Test:  [40/91]  eta: 0:01:05    time: 1.2764  data: 0.0300  max mem: 9690
Test:  [50/91]  eta: 0:00:51    time: 1.2403  data: 0.0301  max mem: 9690
Test:  [60/91]  eta: 0:00:38    time: 1.2052  data: 0.0285  max mem: 9690
Test:  [70/91]  eta: 0:00:27    time: 1.3747  data: 0.0329  max mem: 9690
Test:  [80/91]  eta: 0:00:14    time: 1.3680  data: 0.0346  max mem: 9690
Test:  [90/91]  eta: 0:00:01    time: 1.2018  data: 0.0291  max mem: 9690
Test: Total time: 0:01:56
global correct: 92.8
average row correct: ['97.5', '89.8', '13.1', '85.1', '72.5', '56.4', '94.0', '88.6', '94.3', '22.8', '74.5', '43.1', '82.5', '87.1', '88.6', '94.5', '22.2', '83.7', '61.7', '88.1', '76.1']
IoU: ['92.8', '82.3', '10.7', '77.4', '65.2', '54.1', '87.3', '76.5', '77.3', '21.6', '70.4', '40.2', '71.6', '72.2', '72.2', '84.1', '22.1', '72.1', '48.7', '82.2', '71.6']
mean IoU: 64.4
Epoch: [11]  [ 0/45]  eta: 0:04:30  lr: 0.000051  loss: 0.4944 (0.4944)  time: 6.0127  data: 1.2877  max mem: 9690
Epoch: [11]  [ 5/45]  eta: 0:03:38  lr: 0.000050  loss: 0.7955 (0.8700)  time: 5.4717  data: 0.2348  max mem: 9690
Epoch: [11]  [10/45]  eta: 0:03:01  lr: 0.000050  loss: 1.1617 (0.8766)  time: 5.1806  data: 0.1394  max mem: 9690
Epoch: [11]  [15/45]  eta: 0:02:36  lr: 0.000049  loss: 1.3756 (0.8727)  time: 5.2222  data: 0.1039  max mem: 9690
Epoch: [11]  [20/45]  eta: 0:02:07  lr: 0.000049  loss: 0.7997 (0.8211)  time: 5.0714  data: 0.0248  max mem: 9690
Epoch: [11]  [25/45]  eta: 0:01:42  lr: 0.000048  loss: 0.9675 (0.8162)  time: 5.0339  data: 0.0255  max mem: 9690
Epoch: [11]  [30/45]  eta: 0:01:16  lr: 0.000048  loss: 0.7904 (0.7916)  time: 5.0309  data: 0.0248  max mem: 9690
Epoch: [11]  [35/45]  eta: 0:00:51  lr: 0.000047  loss: 0.7377 (0.7872)  time: 5.0416  data: 0.0245  max mem: 9690
Epoch: [11]  [40/45]  eta: 0:00:25  lr: 0.000046  loss: 0.8076 (0.7780)  time: 5.0472  data: 0.0236  max mem: 9690
Epoch: [11] Total time: 0:03:49
Test:  [ 0/91]  eta: 0:03:59    time: 2.6281  data: 1.2197  max mem: 9690
Test:  [10/91]  eta: 0:01:43    time: 1.2734  data: 0.1368  max mem: 9690
Test:  [20/91]  eta: 0:01:30    time: 1.2068  data: 0.0293  max mem: 9690
Test:  [30/91]  eta: 0:01:17    time: 1.2726  data: 0.0307  max mem: 9690
Test:  [40/91]  eta: 0:01:04    time: 1.2551  data: 0.0348  max mem: 9690
Test:  [50/91]  eta: 0:00:51    time: 1.2182  data: 0.0326  max mem: 9690
Test:  [60/91]  eta: 0:00:38    time: 1.1994  data: 0.0279  max mem: 9690
Test:  [70/91]  eta: 0:00:26    time: 1.3727  data: 0.0324  max mem: 9690
Test:  [80/91]  eta: 0:00:13    time: 1.3542  data: 0.0308  max mem: 9690
Test:  [90/91]  eta: 0:00:01    time: 1.1751  data: 0.0267  max mem: 9690
Test: Total time: 0:01:54
global correct: 92.8
average row correct: ['97.4', '90.2', '12.6', '86.1', '73.1', '58.9', '93.3', '87.2', '94.0', '27.0', '70.1', '47.9', '83.0', '87.7', '87.9', '95.2', '23.5', '83.2', '61.5', '89.5', '77.1']
IoU: ['92.9', '82.7', '10.4', '77.1', '64.8', '56.0', '87.4', '76.5', '77.7', '25.2', '67.2', '44.1', '70.7', '70.9', '73.0', '83.2', '23.4', '72.4', '49.4', '82.9', '71.5']
mean IoU: 64.7
Epoch: [12]  [ 0/45]  eta: 0:04:32  lr: 0.000046  loss: 0.6782 (0.6782)  time: 6.0546  data: 1.1513  max mem: 9690
Epoch: [12]  [ 5/45]  eta: 0:03:24  lr: 0.000045  loss: 0.8483 (0.7218)  time: 5.1039  data: 0.2151  max mem: 9690
Epoch: [12]  [10/45]  eta: 0:03:02  lr: 0.000045  loss: 0.9587 (0.7600)  time: 5.2090  data: 0.1280  max mem: 9690
Epoch: [12]  [15/45]  eta: 0:02:32  lr: 0.000044  loss: 0.7607 (0.7490)  time: 5.0865  data: 0.0956  max mem: 9690
Epoch: [12]  [20/45]  eta: 0:02:08  lr: 0.000043  loss: 0.8432 (0.7590)  time: 5.0920  data: 0.0252  max mem: 9690
Epoch: [12]  [25/45]  eta: 0:01:41  lr: 0.000043  loss: 0.5977 (0.7505)  time: 5.0796  data: 0.0241  max mem: 9690
Epoch: [12]  [30/45]  eta: 0:01:16  lr: 0.000042  loss: 0.7315 (0.7481)  time: 5.0760  data: 0.0243  max mem: 9690
Epoch: [12]  [35/45]  eta: 0:00:50  lr: 0.000042  loss: 0.8094 (0.7404)  time: 5.0590  data: 0.0243  max mem: 9690
Epoch: [12]  [40/45]  eta: 0:00:25  lr: 0.000041  loss: 1.1358 (0.7389)  time: 5.0885  data: 0.0235  max mem: 9690
Epoch: [12] Total time: 0:03:49
Test:  [ 0/91]  eta: 0:03:56    time: 2.5961  data: 1.1982  max mem: 9690
Test:  [10/91]  eta: 0:01:42    time: 1.2670  data: 0.1352  max mem: 9690
Test:  [20/91]  eta: 0:01:30    time: 1.2034  data: 0.0299  max mem: 9690
Test:  [30/91]  eta: 0:01:17    time: 1.2785  data: 0.0309  max mem: 9690
Test:  [40/91]  eta: 0:01:04    time: 1.2682  data: 0.0312  max mem: 9690
Test:  [50/91]  eta: 0:00:51    time: 1.2322  data: 0.0296  max mem: 9690
Test:  [60/91]  eta: 0:00:38    time: 1.1973  data: 0.0272  max mem: 9690
Test:  [70/91]  eta: 0:00:27    time: 1.3577  data: 0.0311  max mem: 9690
Test:  [80/91]  eta: 0:00:13    time: 1.3499  data: 0.0310  max mem: 9690
Test:  [90/91]  eta: 0:00:01    time: 1.1847  data: 0.0260  max mem: 9690
Test: Total time: 0:01:55
global correct: 93.0
average row correct: ['97.3', '91.2', '13.8', '86.8', '74.4', '60.8', '94.2', '88.7', '95.5', '29.9', '81.2', '50.0', '81.4', '83.8', '87.3', '94.9', '25.2', '80.6', '63.0', '89.4', '78.4']
IoU: ['93.0', '82.8', '11.3', '76.9', '65.6', '57.7', '87.1', '76.5', '75.8', '27.5', '73.4', '45.5', '70.9', '73.3', '73.8', '84.0', '25.1', '72.2', '49.6', '83.6', '73.1']
mean IoU: 65.7
Epoch: [13]  [ 0/45]  eta: 0:04:42  lr: 0.000041  loss: 0.6826 (0.6826)  time: 6.2781  data: 1.3885  max mem: 9690
Epoch: [13]  [ 5/45]  eta: 0:03:42  lr: 0.000040  loss: 0.5843 (0.6924)  time: 5.5523  data: 0.2527  max mem: 9690
Epoch: [13]  [10/45]  eta: 0:03:03  lr: 0.000039  loss: 0.9482 (0.7105)  time: 5.2396  data: 0.1475  max mem: 9690
Epoch: [13]  [15/45]  eta: 0:02:38  lr: 0.000039  loss: 0.4034 (0.6747)  time: 5.2680  data: 0.1102  max mem: 9690
Epoch: [13]  [20/45]  eta: 0:02:08  lr: 0.000038  loss: 0.4905 (0.6446)  time: 5.1037  data: 0.0250  max mem: 9690
Epoch: [13]  [25/45]  eta: 0:01:44  lr: 0.000038  loss: 0.6676 (0.6970)  time: 5.0997  data: 0.0243  max mem: 9690
Epoch: [13]  [30/45]  eta: 0:01:16  lr: 0.000037  loss: 0.5468 (0.6988)  time: 5.0696  data: 0.0246  max mem: 9690
Epoch: [13]  [35/45]  eta: 0:00:51  lr: 0.000036  loss: 0.5214 (0.7050)  time: 5.0881  data: 0.0236  max mem: 9690
Epoch: [13]  [40/45]  eta: 0:00:25  lr: 0.000036  loss: 0.9195 (0.7323)  time: 5.1031  data: 0.0229  max mem: 9690
Epoch: [13] Total time: 0:03:52
Test:  [ 0/91]  eta: 0:03:51    time: 2.5465  data: 1.1689  max mem: 9690
Test:  [10/91]  eta: 0:01:42    time: 1.2630  data: 0.1316  max mem: 9690
Test:  [20/91]  eta: 0:01:30    time: 1.2146  data: 0.0288  max mem: 9690
Test:  [30/91]  eta: 0:01:18    time: 1.2940  data: 0.0322  max mem: 9690
Test:  [40/91]  eta: 0:01:05    time: 1.2749  data: 0.0329  max mem: 9690
Test:  [50/91]  eta: 0:00:51    time: 1.2291  data: 0.0295  max mem: 9690
Test:  [60/91]  eta: 0:00:38    time: 1.2018  data: 0.0291  max mem: 9690
Test:  [70/91]  eta: 0:00:27    time: 1.3707  data: 0.0340  max mem: 9690
Test:  [80/91]  eta: 0:00:14    time: 1.3529  data: 0.0332  max mem: 9690
Test:  [90/91]  eta: 0:00:01    time: 1.1772  data: 0.0281  max mem: 9690
Test: Total time: 0:01:55
global correct: 93.0
average row correct: ['97.8', '89.0', '10.5', '85.5', '71.7', '58.9', '92.4', '87.8', '94.5', '28.1', '79.6', '47.6', '81.8', '84.7', '85.7', '94.4', '23.8', '81.6', '59.5', '88.2', '77.7']
IoU: ['92.9', '82.8', '9.0', '77.7', '64.6', '56.1', '87.5', '76.9', '78.2', '26.0', '73.4', '43.8', '72.3', '73.9', '74.7', '84.8', '23.7', '72.6', '48.8', '82.8', '72.8']
mean IoU: 65.5
Epoch: [14]  [ 0/45]  eta: 0:04:28  lr: 0.000035  loss: 0.6325 (0.6325)  time: 5.9676  data: 1.3003  max mem: 9690
Epoch: [14]  [ 5/45]  eta: 0:03:33  lr: 0.000035  loss: 0.8097 (0.6675)  time: 5.3287  data: 0.2378  max mem: 9690
Epoch: [14]  [10/45]  eta: 0:02:59  lr: 0.000034  loss: 0.8941 (0.7329)  time: 5.1426  data: 0.1389  max mem: 9690
Epoch: [14]  [15/45]  eta: 0:02:35  lr: 0.000034  loss: 0.7922 (0.7461)  time: 5.1740  data: 0.1040  max mem: 9690
Epoch: [14]  [20/45]  eta: 0:02:08  lr: 0.000033  loss: 0.8087 (0.7450)  time: 5.0884  data: 0.0257  max mem: 9690
Epoch: [14]  [25/45]  eta: 0:01:42  lr: 0.000032  loss: 0.6023 (0.7288)  time: 5.0695  data: 0.0250  max mem: 9690
Epoch: [14]  [30/45]  eta: 0:01:16  lr: 0.000032  loss: 0.7569 (0.7222)  time: 5.1005  data: 0.0257  max mem: 9690
Epoch: [14]  [35/45]  eta: 0:00:51  lr: 0.000031  loss: 0.7350 (0.7166)  time: 5.0759  data: 0.0249  max mem: 9690
Epoch: [14]  [40/45]  eta: 0:00:25  lr: 0.000031  loss: 0.7042 (0.7088)  time: 5.0738  data: 0.0228  max mem: 9690
Epoch: [14] Total time: 0:03:48
Test:  [ 0/91]  eta: 0:06:53    time: 4.5440  data: 1.1541  max mem: 9690
Test:  [10/91]  eta: 0:01:57    time: 1.4546  data: 0.1307  max mem: 9690
Test:  [20/91]  eta: 0:01:37    time: 1.2132  data: 0.0291  max mem: 9690
Test:  [30/91]  eta: 0:01:21    time: 1.2812  data: 0.0286  max mem: 9690
Test:  [40/91]  eta: 0:01:07    time: 1.2664  data: 0.0284  max mem: 9690
Test:  [50/91]  eta: 0:00:53    time: 1.2342  data: 0.0295  max mem: 9690
Test:  [60/91]  eta: 0:00:39    time: 1.2086  data: 0.0303  max mem: 9690
Test:  [70/91]  eta: 0:00:27    time: 1.3705  data: 0.0318  max mem: 9690
Test:  [80/91]  eta: 0:00:14    time: 1.3527  data: 0.0303  max mem: 9690
Test:  [90/91]  eta: 0:00:01    time: 1.1808  data: 0.0269  max mem: 9690
Test: Total time: 0:01:57
global correct: 93.0
average row correct: ['97.5', '89.9', '12.6', '83.3', '74.9', '63.3', '94.9', '88.0', '93.7', '32.9', '69.9', '52.6', '84.3', '87.4', '87.2', '94.2', '25.2', '83.9', '64.3', '86.1', '79.1']
IoU: ['93.1', '82.9', '10.6', '77.5', '66.1', '59.7', '86.7', '77.4', '78.6', '29.7', '67.0', '47.4', '70.8', '71.5', '74.0', '85.0', '25.0', '71.9', '49.8', '82.0', '73.1']
mean IoU: 65.7
Epoch: [15]  [ 0/45]  eta: 0:04:39  lr: 0.000030  loss: 0.6485 (0.6485)  time: 6.2177  data: 1.2910  max mem: 9690
Epoch: [15]  [ 5/45]  eta: 0:03:26  lr: 0.000029  loss: 0.8579 (0.7342)  time: 5.1693  data: 0.2338  max mem: 9690
Epoch: [15]  [10/45]  eta: 0:03:01  lr: 0.000029  loss: 1.0912 (0.8040)  time: 5.1817  data: 0.1386  max mem: 9690
Epoch: [15]  [15/45]  eta: 0:02:34  lr: 0.000028  loss: 0.6685 (0.7677)  time: 5.1443  data: 0.1025  max mem: 9690
Epoch: [15]  [20/45]  eta: 0:02:09  lr: 0.000028  loss: 1.2054 (0.8244)  time: 5.1154  data: 0.0233  max mem: 9690
Epoch: [15]  [25/45]  eta: 0:01:42  lr: 0.000027  loss: 0.4809 (0.7866)  time: 5.1191  data: 0.0235  max mem: 9690
Epoch: [15]  [30/45]  eta: 0:01:16  lr: 0.000026  loss: 0.6404 (0.7698)  time: 5.0950  data: 0.0241  max mem: 9690
Epoch: [15]  [35/45]  eta: 0:00:51  lr: 0.000026  loss: 0.5232 (0.7753)  time: 5.0715  data: 0.0248  max mem: 9690
Epoch: [15]  [40/45]  eta: 0:00:25  lr: 0.000025  loss: 0.5223 (0.7579)  time: 5.0591  data: 0.0244  max mem: 9690
Epoch: [15] Total time: 0:03:50
Test:  [ 0/91]  eta: 0:03:51    time: 2.5396  data: 1.1384  max mem: 9690
Test:  [10/91]  eta: 0:01:42    time: 1.2679  data: 0.1276  max mem: 9690
Test:  [20/91]  eta: 0:01:29    time: 1.1993  data: 0.0263  max mem: 9690
Test:  [30/91]  eta: 0:01:17    time: 1.2798  data: 0.0298  max mem: 9690
Test:  [40/91]  eta: 0:01:04    time: 1.2735  data: 0.0317  max mem: 9690
Test:  [50/91]  eta: 0:00:51    time: 1.2201  data: 0.0283  max mem: 9690
Test:  [60/91]  eta: 0:00:38    time: 1.2131  data: 0.0292  max mem: 9690
Test:  [70/91]  eta: 0:00:27    time: 1.3864  data: 0.0339  max mem: 9690
Test:  [80/91]  eta: 0:00:14    time: 1.3618  data: 0.0324  max mem: 9690
Test:  [90/91]  eta: 0:00:01    time: 1.1785  data: 0.0269  max mem: 9690
Test: Total time: 0:01:55
global correct: 93.1
average row correct: ['97.2', '91.1', '16.0', '86.1', '75.6', '63.2', '93.0', '88.7', '94.8', '33.6', '76.4', '56.1', '84.0', '85.8', '87.6', '95.2', '28.0', '84.0', '64.1', '89.8', '80.8']
IoU: ['93.1', '83.1', '12.8', '77.6', '66.3', '59.6', '87.5', '77.0', '76.9', '30.3', '71.6', '49.9', '71.6', '73.0', '73.7', '83.9', '27.7', '72.0', '50.4', '83.3', '73.7']
mean IoU: 66.4
Epoch: [16]  [ 0/45]  eta: 0:04:36  lr: 0.000024  loss: 0.6132 (0.6132)  time: 6.1385  data: 1.2375  max mem: 9690
Epoch: [16]  [ 5/45]  eta: 0:03:32  lr: 0.000024  loss: 0.5609 (0.6333)  time: 5.3248  data: 0.2259  max mem: 9690
Epoch: [16]  [10/45]  eta: 0:02:59  lr: 0.000023  loss: 0.5491 (0.6850)  time: 5.1394  data: 0.1329  max mem: 9690
Epoch: [16]  [15/45]  eta: 0:02:34  lr: 0.000023  loss: 0.7658 (0.7137)  time: 5.1580  data: 0.0985  max mem: 9690
Epoch: [16]  [20/45]  eta: 0:02:08  lr: 0.000022  loss: 0.7475 (0.7218)  time: 5.0843  data: 0.0224  max mem: 9690
Epoch: [16]  [25/45]  eta: 0:01:42  lr: 0.000021  loss: 0.5146 (0.6960)  time: 5.0886  data: 0.0223  max mem: 9690
Epoch: [16]  [30/45]  eta: 0:01:16  lr: 0.000021  loss: 0.6990 (0.7061)  time: 5.1199  data: 0.0221  max mem: 9690
Epoch: [16]  [35/45]  eta: 0:00:51  lr: 0.000020  loss: 0.6702 (0.7182)  time: 5.1032  data: 0.0229  max mem: 9690
Epoch: [16]  [40/45]  eta: 0:00:25  lr: 0.000019  loss: 0.8947 (0.7160)  time: 5.0771  data: 0.0234  max mem: 9690
Epoch: [16] Total time: 0:03:50
Test:  [ 0/91]  eta: 0:03:57    time: 2.6141  data: 1.2354  max mem: 9690
Test:  [10/91]  eta: 0:01:42    time: 1.2686  data: 0.1361  max mem: 9690
Test:  [20/91]  eta: 0:01:30    time: 1.2128  data: 0.0269  max mem: 9690
Test:  [30/91]  eta: 0:01:18    time: 1.2924  data: 0.0289  max mem: 9690
Test:  [40/91]  eta: 0:01:05    time: 1.2743  data: 0.0297  max mem: 9690
Test:  [50/91]  eta: 0:00:51    time: 1.2343  data: 0.0295  max mem: 9690
Test:  [60/91]  eta: 0:00:38    time: 1.2081  data: 0.0298  max mem: 9690
Test:  [70/91]  eta: 0:00:27    time: 1.3689  data: 0.0326  max mem: 9690
Test:  [80/91]  eta: 0:00:14    time: 1.3535  data: 0.0323  max mem: 9690
Test:  [90/91]  eta: 0:00:01    time: 1.1753  data: 0.0278  max mem: 9690
Test: Total time: 0:01:55
global correct: 93.1
average row correct: ['97.7', '89.0', '11.6', '85.2', '74.5', '62.6', '90.2', '88.7', '93.5', '33.2', '78.7', '50.4', '82.3', '86.9', '87.8', '94.0', '26.1', '83.0', '62.0', '89.4', '79.7']
IoU: ['93.1', '83.3', '9.9', '77.3', '66.5', '58.9', '86.4', '76.6', '78.8', '29.9', '73.0', '45.9', '71.8', '73.7', '73.7', '85.3', '25.9', '73.1', '49.6', '82.2', '73.9']
mean IoU: 66.1
Epoch: [17]  [ 0/45]  eta: 0:04:23  lr: 0.000019  loss: 0.6062 (0.6062)  time: 5.8461  data: 1.0781  max mem: 9690
Epoch: [17]  [ 5/45]  eta: 0:03:27  lr: 0.000018  loss: 0.5135 (0.8424)  time: 5.1805  data: 0.2010  max mem: 9690
Epoch: [17]  [10/45]  eta: 0:03:02  lr: 0.000018  loss: 0.6614 (0.7636)  time: 5.2084  data: 0.1192  max mem: 9690
Epoch: [17]  [15/45]  eta: 0:02:34  lr: 0.000017  loss: 0.8142 (0.7402)  time: 5.1641  data: 0.0890  max mem: 9690
Epoch: [17]  [20/45]  eta: 0:02:09  lr: 0.000016  loss: 0.5750 (0.7221)  time: 5.1373  data: 0.0235  max mem: 9690
Epoch: [17]  [25/45]  eta: 0:01:42  lr: 0.000016  loss: 0.8362 (0.7475)  time: 5.0963  data: 0.0233  max mem: 9690
Epoch: [17]  [30/45]  eta: 0:01:16  lr: 0.000015  loss: 0.6268 (0.7582)  time: 5.0901  data: 0.0236  max mem: 9690
Epoch: [17]  [35/45]  eta: 0:00:51  lr: 0.000014  loss: 0.7769 (0.7620)  time: 5.0725  data: 0.0237  max mem: 9690
Epoch: [17]  [40/45]  eta: 0:00:25  lr: 0.000014  loss: 0.6489 (0.7691)  time: 5.0727  data: 0.0227  max mem: 9690
Epoch: [17] Total time: 0:03:50
Test:  [ 0/91]  eta: 0:04:08    time: 2.7268  data: 1.2972  max mem: 9690
Test:  [10/91]  eta: 0:01:44    time: 1.2846  data: 0.1430  max mem: 9690
Test:  [20/91]  eta: 0:01:31    time: 1.2158  data: 0.0297  max mem: 9690
Test:  [30/91]  eta: 0:01:18    time: 1.2768  data: 0.0311  max mem: 9690
Test:  [40/91]  eta: 0:01:04    time: 1.2481  data: 0.0304  max mem: 9690
Test:  [50/91]  eta: 0:00:51    time: 1.2198  data: 0.0298  max mem: 9690
Test:  [60/91]  eta: 0:00:38    time: 1.2030  data: 0.0287  max mem: 9690
Test:  [70/91]  eta: 0:00:27    time: 1.3688  data: 0.0314  max mem: 9690
Test:  [80/91]  eta: 0:00:14    time: 1.3548  data: 0.0304  max mem: 9690
Test:  [90/91]  eta: 0:00:01    time: 1.1818  data: 0.0261  max mem: 9690
Test: Total time: 0:01:55
global correct: 93.2
average row correct: ['97.5', '90.3', '12.4', '85.5', '75.4', '64.6', '93.7', '87.8', '94.0', '35.7', '76.3', '53.4', '82.4', '87.4', '86.2', '94.9', '26.9', '83.3', '61.9', '88.9', '79.8']
IoU: ['93.1', '83.3', '10.5', '77.6', '66.3', '60.3', '87.8', '77.3', '78.2', '31.7', '71.9', '48.2', '71.7', '72.9', '75.0', '84.5', '26.7', '72.9', '49.9', '83.3', '73.8']
mean IoU: 66.5
Epoch: [18]  [ 0/45]  eta: 0:04:28  lr: 0.000013  loss: 0.8998 (0.8998)  time: 5.9711  data: 1.1600  max mem: 9690
Epoch: [18]  [ 5/45]  eta: 0:03:31  lr: 0.000012  loss: 0.6250 (0.7016)  time: 5.2790  data: 0.2115  max mem: 9690
Epoch: [18]  [10/45]  eta: 0:03:00  lr: 0.000012  loss: 0.8003 (0.7399)  time: 5.1513  data: 0.1255  max mem: 9690
Epoch: [18]  [15/45]  eta: 0:02:35  lr: 0.000011  loss: 0.8123 (0.7479)  time: 5.1751  data: 0.0928  max mem: 9690
Epoch: [18]  [20/45]  eta: 0:02:08  lr: 0.000010  loss: 0.5047 (0.7513)  time: 5.0849  data: 0.0223  max mem: 9690
Epoch: [18]  [25/45]  eta: 0:01:42  lr: 0.000010  loss: 0.7959 (0.7434)  time: 5.0904  data: 0.0222  max mem: 9690
Epoch: [18]  [30/45]  eta: 0:01:16  lr: 0.000009  loss: 0.7997 (0.7509)  time: 5.0966  data: 0.0229  max mem: 9690
Epoch: [18]  [35/45]  eta: 0:00:51  lr: 0.000008  loss: 0.6875 (0.7239)  time: 5.0752  data: 0.0243  max mem: 9690
Epoch: [18]  [40/45]  eta: 0:00:25  lr: 0.000008  loss: 0.6601 (0.7093)  time: 5.1084  data: 0.0245  max mem: 9690
Epoch: [18] Total time: 0:03:51
Test:  [ 0/91]  eta: 0:03:59    time: 2.6316  data: 1.2242  max mem: 9690
Test:  [10/91]  eta: 0:01:42    time: 1.2662  data: 0.1347  max mem: 9690
Test:  [20/91]  eta: 0:01:30    time: 1.2025  data: 0.0279  max mem: 9690
Test:  [30/91]  eta: 0:01:17    time: 1.2764  data: 0.0301  max mem: 9690
Test:  [40/91]  eta: 0:01:04    time: 1.2644  data: 0.0295  max mem: 9690
Test:  [50/91]  eta: 0:00:51    time: 1.2295  data: 0.0296  max mem: 9690
Test:  [60/91]  eta: 0:00:38    time: 1.2006  data: 0.0285  max mem: 9690
Test:  [70/91]  eta: 0:00:27    time: 1.3704  data: 0.0317  max mem: 9690
Test:  [80/91]  eta: 0:00:13    time: 1.3535  data: 0.0319  max mem: 9690
Test:  [90/91]  eta: 0:00:01    time: 1.1699  data: 0.0265  max mem: 9690
Test: Total time: 0:01:54
global correct: 93.1
average row correct: ['97.5', '90.2', '13.8', '84.9', '72.4', '60.5', '93.1', '87.8', '94.1', '36.1', '70.6', '54.6', '83.4', '82.9', '86.8', '94.9', '25.9', '85.3', '64.1', '90.0', '80.2']
IoU: ['93.1', '83.2', '11.4', '77.3', '65.1', '57.6', '88.1', '77.2', '77.6', '32.0', '67.3', '48.9', '69.6', '72.0', '74.7', '84.7', '25.7', '70.7', '50.3', '83.5', '74.2']
mean IoU: 65.9
Epoch: [19]  [ 0/45]  eta: 0:04:44  lr: 0.000007  loss: 0.8410 (0.8410)  time: 6.3187  data: 1.4130  max mem: 9690
Epoch: [19]  [ 5/45]  eta: 0:03:42  lr: 0.000006  loss: 0.5458 (0.7528)  time: 5.5653  data: 0.2531  max mem: 9690
Epoch: [19]  [10/45]  eta: 0:03:03  lr: 0.000005  loss: 1.1831 (0.8837)  time: 5.2289  data: 0.1474  max mem: 9690
Epoch: [19]  [15/45]  eta: 0:02:38  lr: 0.000005  loss: 0.7524 (0.8720)  time: 5.2873  data: 0.1098  max mem: 9690
Epoch: [19]  [20/45]  eta: 0:02:09  lr: 0.000004  loss: 0.6178 (0.7936)  time: 5.1235  data: 0.0232  max mem: 9690
Epoch: [19]  [25/45]  eta: 0:01:44  lr: 0.000003  loss: 0.4769 (0.7519)  time: 5.1036  data: 0.0247  max mem: 9690
Epoch: [19]  [30/45]  eta: 0:01:17  lr: 0.000002  loss: 0.4473 (0.7358)  time: 5.1224  data: 0.0265  max mem: 9690
Epoch: [19]  [35/45]  eta: 0:00:51  lr: 0.000002  loss: 0.5476 (0.7311)  time: 5.1275  data: 0.0267  max mem: 9690
Epoch: [19]  [40/45]  eta: 0:00:25  lr: 0.000001  loss: 0.4711 (0.7138)  time: 5.1320  data: 0.0260  max mem: 9690
Epoch: [19] Total time: 0:03:52
Test:  [ 0/91]  eta: 0:06:37    time: 4.3640  data: 1.1936  max mem: 9690
Test:  [10/91]  eta: 0:01:55    time: 1.4258  data: 0.1332  max mem: 9690
Test:  [20/91]  eta: 0:01:36    time: 1.2045  data: 0.0275  max mem: 9690
Test:  [30/91]  eta: 0:01:20    time: 1.2727  data: 0.0273  max mem: 9690
Test:  [40/91]  eta: 0:01:06    time: 1.2575  data: 0.0269  max mem: 9690
Test:  [50/91]  eta: 0:00:52    time: 1.2268  data: 0.0269  max mem: 9690
Test:  [60/91]  eta: 0:00:39    time: 1.2018  data: 0.0253  max mem: 9690
Test:  [70/91]  eta: 0:00:27    time: 1.3656  data: 0.0285  max mem: 9690
Test:  [80/91]  eta: 0:00:14    time: 1.3481  data: 0.0283  max mem: 9690
Test:  [90/91]  eta: 0:00:01    time: 1.1716  data: 0.0246  max mem: 9690
Test: Total time: 0:01:56
global correct: 93.2
average row correct: ['97.3', '90.9', '13.3', '86.7', '77.0', '64.5', '94.2', '87.8', '94.8', '36.8', '81.5', '58.5', '82.1', '84.6', '87.0', '94.3', '28.3', '82.4', '65.1', '88.4', '81.3']
IoU: ['93.1', '83.1', '11.0', '76.6', '66.5', '60.3', '87.1', '77.2', '77.6', '32.5', '73.8', '50.9', '71.4', '73.9', '74.7', '85.0', '28.1', '72.5', '50.4', '82.9', '74.5']
mean IoU: 66.8
Training time 1:55:53
WARNING: The shape inference of prim::Constant type is missing, so it may result in wrong shape inference for the exported graph. Please consider adding it in symbolic function.
WARNING: The shape inference of prim::Constant type is missing, so it may result in wrong shape inference for the exported graph. Please consider adding it in symbolic function.
WARNING: The shape inference of prim::Constant type is missing, so it may result in wrong shape inference for the exported graph. Please consider adding it in symbolic function.
WARNING: The shape inference of prim::Constant type is missing, so it may result in wrong shape inference for the exported graph. Please consider adding it in symbolic function.
WARNING: The shape inference of prim::Constant type is missing, so it may result in wrong shape inference for the exported graph. Please consider adding it in symbolic function.
WARNING: The shape inference of prim::Constant type is missing, so it may result in wrong shape inference for the exported graph. Please consider adding it in symbolic function.
WARNING: The shape inference of prim::Constant type is missing, so it may result in wrong shape inference for the exported graph. Please consider adding it in symbolic function.
WARNING: The shape inference of prim::Constant type is missing, so it may result in wrong shape inference for the exported graph. Please consider adding it in symbolic function.
WARNING: The shape inference of prim::Constant type is missing, so it may result in wrong shape inference for the exported graph. Please consider adding it in symbolic function.
WARNING: The shape inference of prim::Constant type is missing, so it may result in wrong shape inference for the exported graph. Please consider adding it in symbolic function.
WARNING: The shape inference of prim::Constant type is missing, so it may result in wrong shape inference for the exported graph. Please consider adding it in symbolic function.
WARNING: The shape inference of prim::Constant type is missing, so it may result in wrong shape inference for the exported graph. Please consider adding it in symbolic function.
wandb: Waiting for W&B process to finish... (success).
wandb: 
wandb: Run history:
wandb: acc_global ▁▅▇▇▇▇██████████████
wandb:         lr ██▇▇▇▆▆▆▅▅▅▄▄▃▃▃▂▂▁▁
wandb:       mIOU ▁▄▅▆▆▇▇▇████████████
wandb:  mean_loss █▅▃▂▂▂▂▂▁▁▁▁▁▁▁▁▁▁▁▁
wandb: 
wandb: Run summary:
wandb: acc_global 0.93171
wandb:         lr 0.0
wandb:       mIOU 66.8205
wandb:  mean_loss 0.7118
wandb: 
wandb: Synced light-frog-48: https://wandb.ai/dekun/fcn/runs/30ydieqo
wandb: Synced 7 W&B file(s), 0 media file(s), 0 artifact file(s) and 24 other file(s)
wandb: Find logs at: ./wandb/run-20221115_183939-30ydieqo/logs
