WARNING:torch.distributed.run:
*****************************************
Setting OMP_NUM_THREADS environment variable for each process to be 1 in default, to avoid your system being overloaded, please further tune the variable for optimal performance in your application as needed. 
*****************************************
| distributed init (rank 0): env://
| distributed init (rank 1): env://
Namespace(data_path='../../../input/pascal', device='cuda', num_classes=20, batch_size=16, batch_size_val=8, aux=True, start_epoch=0, epochs=20, sync_bn=True, workers=4, lr=0.0001, momentum=0.9, weight_decay=0.0001, print_freq=5, output_dir='./multi_train', resume='', test_only=False, world_size=2, dist_url='env://', amp=True, seed=304, result_save='./experiment/result/results20221113-124051', wandb=False, wandb_model='dryrun', rank=0, gpu=0, distributed=True, dist_backend='nccl')
Creating data loaders
Creating model
Start training
Epoch: [0]  [ 0/45]  eta: 0:05:55  lr: 0.000002  loss: 0.4819 (0.4819)  time: 7.8984  data: 1.0091  max mem: 8911
Epoch: [0]  [ 5/45]  eta: 0:03:03  lr: 0.000013  loss: 0.4926 (0.5037)  time: 4.5986  data: 0.1844  max mem: 9189
Epoch: [0]  [10/45]  eta: 0:02:31  lr: 0.000025  loss: 0.2550 (0.4732)  time: 4.3300  data: 0.1094  max mem: 9189
Epoch: [0]  [15/45]  eta: 0:02:07  lr: 0.000036  loss: 0.4459 (0.5233)  time: 4.2405  data: 0.0816  max mem: 9189
Epoch: [0]  [20/45]  eta: 0:01:44  lr: 0.000047  loss: 0.4350 (0.5325)  time: 4.0120  data: 0.0192  max mem: 9189
Epoch: [0]  [25/45]  eta: 0:01:23  lr: 0.000058  loss: 0.4863 (0.5287)  time: 4.0515  data: 0.0189  max mem: 9189
Epoch: [0]  [30/45]  eta: 0:01:02  lr: 0.000069  loss: 0.2651 (0.5458)  time: 4.0712  data: 0.0196  max mem: 9189
Epoch: [0]  [35/45]  eta: 0:00:41  lr: 0.000080  loss: 0.5951 (0.5754)  time: 4.0968  data: 0.0202  max mem: 9189
Epoch: [0]  [40/45]  eta: 0:00:20  lr: 0.000091  loss: 0.6369 (0.5559)  time: 4.0942  data: 0.0206  max mem: 9189
Epoch: [0] Total time: 0:03:06
Test:  [ 0/91]  eta: 0:04:06    time: 2.7083  data: 0.8752  max mem: 9189
Test:  [10/91]  eta: 0:01:13    time: 0.9066  data: 0.1009  max mem: 9189
Test:  [20/91]  eta: 0:01:02    time: 0.7845  data: 0.0235  max mem: 9189
Test:  [30/91]  eta: 0:00:52    time: 0.8412  data: 0.0239  max mem: 9189
Test:  [40/91]  eta: 0:00:43    time: 0.8280  data: 0.0231  max mem: 9189
Test:  [50/91]  eta: 0:00:34    time: 0.8016  data: 0.0232  max mem: 9189
Test:  [60/91]  eta: 0:00:25    time: 0.7857  data: 0.0237  max mem: 9189
Test:  [70/91]  eta: 0:00:18    time: 0.9267  data: 0.0258  max mem: 9189
Test:  [80/91]  eta: 0:00:09    time: 0.9147  data: 0.0264  max mem: 9189
Test:  [90/91]  eta: 0:00:00    time: 0.7669  data: 0.0233  max mem: 9189
Test: Total time: 0:01:16
global correct: 93.3
average row correct: ['97.8', '88.4', '73.8', '81.6', '71.4', '47.0', '92.0', '77.0', '89.0', '47.9', '84.1', '56.7', '82.6', '80.9', '85.9', '94.5', '55.8', '84.2', '61.9', '85.7', '76.4']
IoU: ['92.8', '84.6', '37.7', '78.0', '65.6', '45.6', '88.9', '71.7', '81.8', '38.6', '75.7', '49.6', '73.7', '76.4', '78.3', '86.6', '51.4', '75.4', '49.3', '82.2', '72.7']
mean IoU: 69.4
Epoch: [1]  [ 0/45]  eta: 0:03:51  lr: 0.000100  loss: 0.8693 (0.8693)  time: 5.1548  data: 0.9972  max mem: 9189
Epoch: [1]  [ 5/45]  eta: 0:02:49  lr: 0.000099  loss: 0.3525 (0.4574)  time: 4.2464  data: 0.1832  max mem: 9189
Epoch: [1]  [10/45]  eta: 0:02:26  lr: 0.000099  loss: 0.4648 (0.5011)  time: 4.1837  data: 0.1099  max mem: 9189
Epoch: [1]  [15/45]  eta: 0:02:04  lr: 0.000098  loss: 0.5557 (0.5984)  time: 4.1659  data: 0.0811  max mem: 9189
Epoch: [1]  [20/45]  eta: 0:01:43  lr: 0.000098  loss: 0.4959 (0.5765)  time: 4.1029  data: 0.0190  max mem: 9189
Epoch: [1]  [25/45]  eta: 0:01:23  lr: 0.000097  loss: 0.4142 (0.5645)  time: 4.1264  data: 0.0185  max mem: 9189
Epoch: [1]  [30/45]  eta: 0:01:02  lr: 0.000097  loss: 0.3113 (0.5884)  time: 4.1368  data: 0.0170  max mem: 9189
Epoch: [1]  [35/45]  eta: 0:00:41  lr: 0.000096  loss: 0.3579 (0.5962)  time: 4.1421  data: 0.0175  max mem: 9189
Epoch: [1]  [40/45]  eta: 0:00:20  lr: 0.000096  loss: 0.7050 (0.5903)  time: 4.1478  data: 0.0190  max mem: 9189
Epoch: [1] Total time: 0:03:06
Test:  [ 0/91]  eta: 0:02:45    time: 1.8209  data: 0.7833  max mem: 9189
Test:  [10/91]  eta: 0:01:06    time: 0.8225  data: 0.0908  max mem: 9189
Test:  [20/91]  eta: 0:00:59    time: 0.7825  data: 0.0209  max mem: 9189
Test:  [30/91]  eta: 0:00:50    time: 0.8426  data: 0.0241  max mem: 9189
Test:  [40/91]  eta: 0:00:42    time: 0.8324  data: 0.0257  max mem: 9189
Test:  [50/91]  eta: 0:00:33    time: 0.8052  data: 0.0257  max mem: 9189
Test:  [60/91]  eta: 0:00:25    time: 0.7862  data: 0.0257  max mem: 9189
Test:  [70/91]  eta: 0:00:17    time: 0.9243  data: 0.0274  max mem: 9189
Test:  [80/91]  eta: 0:00:09    time: 0.9150  data: 0.0268  max mem: 9189
Test:  [90/91]  eta: 0:00:00    time: 0.7688  data: 0.0219  max mem: 9189
Test: Total time: 0:01:15
global correct: 93.4
average row correct: ['97.6', '89.8', '73.6', '83.9', '73.4', '50.5', '92.3', '81.7', '91.1', '51.0', '83.9', '57.3', '82.0', '83.5', '86.7', '94.2', '58.3', '84.7', '64.1', '86.6', '78.0']
IoU: ['93.1', '84.8', '37.7', '79.4', '66.6', '48.8', '89.0', '73.8', '81.7', '39.7', '76.0', '50.1', '73.5', '76.9', '77.9', '87.1', '52.7', '75.8', '50.1', '82.9', '73.5']
mean IoU: 70.1
Epoch: [2]  [ 0/45]  eta: 0:03:58  lr: 0.000095  loss: 0.3704 (0.3704)  time: 5.2929  data: 1.0283  max mem: 9189
Epoch: [2]  [ 5/45]  eta: 0:02:54  lr: 0.000095  loss: 0.1914 (0.3472)  time: 4.3630  data: 0.1881  max mem: 9189
Epoch: [2]  [10/45]  eta: 0:02:29  lr: 0.000094  loss: 0.9556 (0.4575)  time: 4.2576  data: 0.1109  max mem: 9189
Epoch: [2]  [15/45]  eta: 0:02:06  lr: 0.000094  loss: 0.6618 (0.4752)  time: 4.2263  data: 0.0825  max mem: 9189
Epoch: [2]  [20/45]  eta: 0:01:45  lr: 0.000093  loss: 1.1092 (0.5172)  time: 4.1568  data: 0.0187  max mem: 9189
Epoch: [2]  [25/45]  eta: 0:01:23  lr: 0.000092  loss: 0.5052 (0.5257)  time: 4.1385  data: 0.0184  max mem: 9189
Epoch: [2]  [30/45]  eta: 0:01:02  lr: 0.000092  loss: 0.4775 (0.5421)  time: 4.1401  data: 0.0175  max mem: 9189
Epoch: [2]  [35/45]  eta: 0:00:41  lr: 0.000091  loss: 0.8226 (0.5387)  time: 4.1453  data: 0.0164  max mem: 9189
Epoch: [2]  [40/45]  eta: 0:00:20  lr: 0.000091  loss: 0.5256 (0.5371)  time: 4.1423  data: 0.0170  max mem: 9189
Epoch: [2] Total time: 0:03:07
Test:  [ 0/91]  eta: 0:02:44    time: 1.8071  data: 0.7748  max mem: 9189
Test:  [10/91]  eta: 0:01:07    time: 0.8292  data: 0.0925  max mem: 9189
Test:  [20/91]  eta: 0:00:59    time: 0.7871  data: 0.0238  max mem: 9189
Test:  [30/91]  eta: 0:00:51    time: 0.8434  data: 0.0259  max mem: 9189
Test:  [40/91]  eta: 0:00:42    time: 0.8323  data: 0.0260  max mem: 9189
Test:  [50/91]  eta: 0:00:33    time: 0.8019  data: 0.0240  max mem: 9189
Test:  [60/91]  eta: 0:00:25    time: 0.7822  data: 0.0230  max mem: 9189
Test:  [70/91]  eta: 0:00:17    time: 0.9143  data: 0.0236  max mem: 9189
Test:  [80/91]  eta: 0:00:09    time: 0.9049  data: 0.0245  max mem: 9189
Test:  [90/91]  eta: 0:00:00    time: 0.7690  data: 0.0232  max mem: 9189
Test: Total time: 0:01:15
global correct: 93.5
average row correct: ['97.4', '90.3', '72.8', '85.6', '75.3', '56.1', '92.9', '82.8', '92.6', '53.3', '79.3', '58.3', '81.8', '85.6', '86.5', '94.3', '60.7', '85.1', '65.1', '86.0', '79.9']
IoU: ['93.2', '84.8', '37.3', '79.5', '67.9', '53.5', '88.9', '74.3', '81.1', '40.8', '74.2', '50.8', '72.7', '76.1', '78.0', '87.1', '54.2', '75.5', '50.6', '82.6', '73.4']
mean IoU: 70.3
Epoch: [3]  [ 0/45]  eta: 0:03:50  lr: 0.000090  loss: 0.6344 (0.6344)  time: 5.1207  data: 0.9406  max mem: 9189
Epoch: [3]  [ 5/45]  eta: 0:02:51  lr: 0.000090  loss: 0.7611 (0.5107)  time: 4.2891  data: 0.1714  max mem: 9189
Epoch: [3]  [10/45]  eta: 0:02:28  lr: 0.000089  loss: 0.6945 (0.5425)  time: 4.2359  data: 0.1029  max mem: 9189
Epoch: [3]  [15/45]  eta: 0:02:04  lr: 0.000089  loss: 0.8329 (0.5347)  time: 4.1572  data: 0.0768  max mem: 9189
Epoch: [3]  [20/45]  eta: 0:01:43  lr: 0.000088  loss: 0.7513 (0.5528)  time: 4.0717  data: 0.0181  max mem: 9189
Epoch: [3]  [25/45]  eta: 0:01:22  lr: 0.000088  loss: 0.7358 (0.5477)  time: 4.0546  data: 0.0181  max mem: 9189
Epoch: [3]  [30/45]  eta: 0:01:01  lr: 0.000087  loss: 0.2523 (0.5261)  time: 4.0087  data: 0.0170  max mem: 9189
Epoch: [3]  [35/45]  eta: 0:00:40  lr: 0.000087  loss: 0.4090 (0.5196)  time: 4.0174  data: 0.0173  max mem: 9189
Epoch: [3]  [40/45]  eta: 0:00:20  lr: 0.000086  loss: 0.4430 (0.4991)  time: 4.0154  data: 0.0173  max mem: 9189
Epoch: [3] Total time: 0:03:03
Test:  [ 0/91]  eta: 0:02:46    time: 1.8275  data: 0.7790  max mem: 9189
Test:  [10/91]  eta: 0:01:06    time: 0.8249  data: 0.0934  max mem: 9189
Test:  [20/91]  eta: 0:00:59    time: 0.7815  data: 0.0237  max mem: 9189
Test:  [30/91]  eta: 0:00:50    time: 0.8397  data: 0.0232  max mem: 9189
Test:  [40/91]  eta: 0:00:42    time: 0.8304  data: 0.0233  max mem: 9189
Test:  [50/91]  eta: 0:00:33    time: 0.8046  data: 0.0229  max mem: 9189
Test:  [60/91]  eta: 0:00:25    time: 0.7856  data: 0.0235  max mem: 9189
Test:  [70/91]  eta: 0:00:17    time: 0.9203  data: 0.0264  max mem: 9189
Test:  [80/91]  eta: 0:00:09    time: 0.9108  data: 0.0262  max mem: 9189
Test:  [90/91]  eta: 0:00:00    time: 0.7682  data: 0.0224  max mem: 9189
Test: Total time: 0:01:15
global correct: 93.5
average row correct: ['97.2', '89.7', '74.8', '85.8', '76.8', '57.5', '92.8', '85.1', '92.3', '55.0', '80.4', '58.5', '81.7', '85.3', '87.3', '94.2', '62.7', '85.4', '67.4', '89.3', '81.4']
IoU: ['93.3', '85.5', '38.2', '79.3', '69.1', '54.5', '88.9', '75.1', '81.1', '41.6', '74.9', '51.0', '73.0', '76.6', '78.5', '87.2', '54.9', '75.5', '51.0', '84.0', '73.7']
mean IoU: 70.8
Epoch: [4]  [ 0/45]  eta: 0:03:53  lr: 0.000086  loss: 0.4358 (0.4358)  time: 5.1862  data: 0.9888  max mem: 9189
Epoch: [4]  [ 5/45]  eta: 0:02:48  lr: 0.000085  loss: 0.4387 (0.4705)  time: 4.2159  data: 0.1779  max mem: 9189
Epoch: [4]  [10/45]  eta: 0:02:24  lr: 0.000084  loss: 0.8174 (0.4848)  time: 4.1197  data: 0.1077  max mem: 9189
Epoch: [4]  [15/45]  eta: 0:02:02  lr: 0.000084  loss: 0.4638 (0.4803)  time: 4.0999  data: 0.0808  max mem: 9189
Epoch: [4]  [20/45]  eta: 0:01:42  lr: 0.000083  loss: 0.4525 (0.4951)  time: 4.0304  data: 0.0200  max mem: 9189
Epoch: [4]  [25/45]  eta: 0:01:21  lr: 0.000083  loss: 1.0872 (0.5664)  time: 4.0267  data: 0.0193  max mem: 9189
Epoch: [4]  [30/45]  eta: 0:01:00  lr: 0.000082  loss: 0.6868 (0.6280)  time: 4.0344  data: 0.0174  max mem: 9189
Epoch: [4]  [35/45]  eta: 0:00:40  lr: 0.000082  loss: 0.3090 (0.6246)  time: 4.0052  data: 0.0165  max mem: 9189
Epoch: [4]  [40/45]  eta: 0:00:20  lr: 0.000081  loss: 0.3887 (0.5971)  time: 3.9878  data: 0.0161  max mem: 9189
Epoch: [4] Total time: 0:03:01
Test:  [ 0/91]  eta: 0:02:53    time: 1.9106  data: 0.8482  max mem: 9189
Test:  [10/91]  eta: 0:01:07    time: 0.8353  data: 0.0978  max mem: 9189
Test:  [20/91]  eta: 0:00:59    time: 0.7819  data: 0.0229  max mem: 9189
Test:  [30/91]  eta: 0:00:51    time: 0.8415  data: 0.0253  max mem: 9189
Test:  [40/91]  eta: 0:00:42    time: 0.8331  data: 0.0251  max mem: 9189
Test:  [50/91]  eta: 0:00:33    time: 0.8035  data: 0.0244  max mem: 9189
Test:  [60/91]  eta: 0:00:25    time: 0.7849  data: 0.0258  max mem: 9189
Test:  [70/91]  eta: 0:00:17    time: 0.9103  data: 0.0268  max mem: 9189
Test:  [80/91]  eta: 0:00:09    time: 0.9000  data: 0.0256  max mem: 9189
Test:  [90/91]  eta: 0:00:00    time: 0.7680  data: 0.0225  max mem: 9189
Test: Total time: 0:01:15
global correct: 93.5
average row correct: ['97.1', '89.1', '74.1', '85.6', '78.0', '61.8', '90.7', '86.6', '93.0', '56.6', '83.5', '59.1', '81.3', '84.5', '87.3', '94.0', '63.1', '84.7', '67.7', '89.8', '81.3']
IoU: ['93.3', '85.5', '37.9', '79.4', '68.7', '57.7', '88.1', '75.1', '80.5', '41.7', '75.7', '51.1', '72.7', '76.6', '78.6', '87.2', '55.0', '75.3', '50.8', '83.6', '73.2']
mean IoU: 70.8
Epoch: [5]  [ 0/45]  eta: 0:03:44  lr: 0.000081  loss: 0.4331 (0.4331)  time: 4.9969  data: 0.9185  max mem: 9189
Epoch: [5]  [ 5/45]  eta: 0:02:46  lr: 0.000080  loss: 0.4747 (0.5255)  time: 4.1596  data: 0.1714  max mem: 9189
Epoch: [5]  [10/45]  eta: 0:02:23  lr: 0.000080  loss: 0.4389 (0.4881)  time: 4.1016  data: 0.1027  max mem: 9189
Epoch: [5]  [15/45]  eta: 0:02:02  lr: 0.000079  loss: 0.4192 (0.4975)  time: 4.0721  data: 0.0763  max mem: 9189
Epoch: [5]  [20/45]  eta: 0:01:41  lr: 0.000079  loss: 0.5152 (0.5388)  time: 4.0179  data: 0.0204  max mem: 9189
Epoch: [5]  [25/45]  eta: 0:01:21  lr: 0.000078  loss: 0.2615 (0.5416)  time: 4.0219  data: 0.0201  max mem: 9189
Epoch: [5]  [30/45]  eta: 0:01:00  lr: 0.000077  loss: 0.3547 (0.5304)  time: 4.0114  data: 0.0188  max mem: 9189
Epoch: [5]  [35/45]  eta: 0:00:40  lr: 0.000077  loss: 1.1578 (0.5289)  time: 4.0286  data: 0.0197  max mem: 9189
Epoch: [5]  [40/45]  eta: 0:00:20  lr: 0.000076  loss: 0.6886 (0.5331)  time: 4.0296  data: 0.0186  max mem: 9189
Epoch: [5] Total time: 0:03:01
Test:  [ 0/91]  eta: 0:02:51    time: 1.8803  data: 0.8272  max mem: 9189
Test:  [10/91]  eta: 0:01:07    time: 0.8355  data: 0.0980  max mem: 9189
Test:  [20/91]  eta: 0:00:59    time: 0.7850  data: 0.0242  max mem: 9189
Test:  [30/91]  eta: 0:00:51    time: 0.8403  data: 0.0245  max mem: 9189
Test:  [40/91]  eta: 0:00:42    time: 0.8326  data: 0.0244  max mem: 9189
Test:  [50/91]  eta: 0:00:33    time: 0.8049  data: 0.0246  max mem: 9189
Test:  [60/91]  eta: 0:00:25    time: 0.7858  data: 0.0255  max mem: 9189
Test:  [70/91]  eta: 0:00:17    time: 0.9091  data: 0.0276  max mem: 9189
Test:  [80/91]  eta: 0:00:09    time: 0.8938  data: 0.0264  max mem: 9189
Test:  [90/91]  eta: 0:00:00    time: 0.7641  data: 0.0221  max mem: 9189
Test: Total time: 0:01:15
global correct: 93.5
average row correct: ['97.0', '90.8', '74.4', '86.1', '81.1', '62.8', '91.4', '86.7', '92.9', '57.2', '78.3', '59.6', '82.1', '86.2', '87.7', '94.0', '64.2', '87.3', '67.1', '89.7', '82.6']
IoU: ['93.4', '85.6', '38.0', '79.4', '69.1', '58.6', '88.5', '75.8', '80.8', '41.8', '73.5', '51.8', '72.6', '75.5', '78.5', '87.4', '55.0', '73.7', '50.6', '83.7', '73.9']
mean IoU: 70.8
Epoch: [6]  [ 0/45]  eta: 0:03:40  lr: 0.000076  loss: 0.8273 (0.8273)  time: 4.9106  data: 0.9022  max mem: 9189
Epoch: [6]  [ 5/45]  eta: 0:02:46  lr: 0.000075  loss: 0.6122 (0.6451)  time: 4.1671  data: 0.1674  max mem: 9189
Epoch: [6]  [10/45]  eta: 0:02:23  lr: 0.000075  loss: 0.3552 (0.6054)  time: 4.1057  data: 0.0992  max mem: 9189
Epoch: [6]  [15/45]  eta: 0:02:02  lr: 0.000074  loss: 0.6221 (0.5582)  time: 4.0789  data: 0.0744  max mem: 9189
Epoch: [6]  [20/45]  eta: 0:01:41  lr: 0.000074  loss: 0.5338 (0.5488)  time: 4.0325  data: 0.0194  max mem: 9189
Epoch: [6]  [25/45]  eta: 0:01:21  lr: 0.000073  loss: 0.4192 (0.5345)  time: 4.0328  data: 0.0198  max mem: 9189
Epoch: [6]  [30/45]  eta: 0:01:00  lr: 0.000073  loss: 0.5555 (0.5180)  time: 4.0263  data: 0.0198  max mem: 9189
Epoch: [6]  [35/45]  eta: 0:00:40  lr: 0.000072  loss: 0.2520 (0.5035)  time: 4.0122  data: 0.0200  max mem: 9189
Epoch: [6]  [40/45]  eta: 0:00:20  lr: 0.000072  loss: 0.3613 (0.4952)  time: 4.0000  data: 0.0197  max mem: 9189
Epoch: [6] Total time: 0:03:01
Test:  [ 0/91]  eta: 0:02:54    time: 1.9138  data: 0.8576  max mem: 9189
Test:  [10/91]  eta: 0:01:07    time: 0.8365  data: 0.0999  max mem: 9189
Test:  [20/91]  eta: 0:00:59    time: 0.7805  data: 0.0227  max mem: 9189
Test:  [30/91]  eta: 0:00:51    time: 0.8367  data: 0.0228  max mem: 9189
Test:  [40/91]  eta: 0:00:42    time: 0.8304  data: 0.0247  max mem: 9189
Test:  [50/91]  eta: 0:00:33    time: 0.8023  data: 0.0238  max mem: 9189
Test:  [60/91]  eta: 0:00:25    time: 0.7822  data: 0.0225  max mem: 9189
Test:  [70/91]  eta: 0:00:17    time: 0.9075  data: 0.0247  max mem: 9189
Test:  [80/91]  eta: 0:00:09    time: 0.8981  data: 0.0252  max mem: 9189
Test:  [90/91]  eta: 0:00:00    time: 0.7685  data: 0.0228  max mem: 9189
Test: Total time: 0:01:15
global correct: 93.5
average row correct: ['97.0', '90.1', '73.3', '87.0', '80.0', '65.3', '91.9', '86.7', '93.4', '58.6', '78.7', '59.2', '81.4', '86.4', '87.2', '94.0', '65.6', '85.8', '68.4', '90.3', '83.2']
IoU: ['93.4', '85.8', '37.8', '79.4', '69.1', '60.5', '88.8', '76.3', '80.1', '41.7', '73.6', '51.3', '72.4', '75.6', '78.6', '87.3', '55.4', '75.0', '50.7', '84.0', '74.2']
mean IoU: 71.0
Epoch: [7]  [ 0/45]  eta: 0:03:49  lr: 0.000071  loss: 0.6589 (0.6589)  time: 5.0934  data: 0.9679  max mem: 9189
Epoch: [7]  [ 5/45]  eta: 0:02:48  lr: 0.000070  loss: 0.3420 (0.5116)  time: 4.2048  data: 0.1769  max mem: 9189
Epoch: [7]  [10/45]  eta: 0:02:25  lr: 0.000070  loss: 0.9949 (0.5862)  time: 4.1476  data: 0.1043  max mem: 9189
Epoch: [7]  [15/45]  eta: 0:02:03  lr: 0.000069  loss: 0.7482 (0.5420)  time: 4.1160  data: 0.0787  max mem: 9189
Epoch: [7]  [20/45]  eta: 0:01:42  lr: 0.000069  loss: 0.2223 (0.5358)  time: 4.0456  data: 0.0184  max mem: 9189
Epoch: [7]  [25/45]  eta: 0:01:21  lr: 0.000068  loss: 0.4097 (0.5242)  time: 4.0404  data: 0.0189  max mem: 9189
Epoch: [7]  [30/45]  eta: 0:01:00  lr: 0.000068  loss: 0.5508 (0.5116)  time: 4.0077  data: 0.0195  max mem: 9189
Epoch: [7]  [35/45]  eta: 0:00:40  lr: 0.000067  loss: 0.6015 (0.5107)  time: 3.9985  data: 0.0182  max mem: 9189
Epoch: [7]  [40/45]  eta: 0:00:20  lr: 0.000067  loss: 0.4315 (0.5014)  time: 3.9719  data: 0.0181  max mem: 9189
Epoch: [7] Total time: 0:03:01
Test:  [ 0/91]  eta: 0:02:58    time: 1.9640  data: 0.9318  max mem: 9189
Test:  [10/91]  eta: 0:01:07    time: 0.8364  data: 0.1038  max mem: 9189
Test:  [20/91]  eta: 0:00:59    time: 0.7812  data: 0.0222  max mem: 9189
Test:  [30/91]  eta: 0:00:51    time: 0.8392  data: 0.0246  max mem: 9189
Test:  [40/91]  eta: 0:00:42    time: 0.8272  data: 0.0235  max mem: 9189
Test:  [50/91]  eta: 0:00:33    time: 0.8010  data: 0.0223  max mem: 9189
Test:  [60/91]  eta: 0:00:25    time: 0.7845  data: 0.0233  max mem: 9189
Test:  [70/91]  eta: 0:00:17    time: 0.9051  data: 0.0234  max mem: 9189
Test:  [80/91]  eta: 0:00:09    time: 0.8942  data: 0.0231  max mem: 9189
Test:  [90/91]  eta: 0:00:00    time: 0.7672  data: 0.0219  max mem: 9189
Test: Total time: 0:01:15
global correct: 93.6
average row correct: ['97.1', '91.0', '73.9', '87.1', '80.8', '65.2', '93.8', '85.9', '92.0', '58.5', '80.9', '60.0', '82.2', '87.0', '87.6', '93.8', '65.9', '85.6', '67.9', '87.3', '83.5']
IoU: ['93.4', '85.6', '38.0', '78.6', '69.3', '60.2', '88.6', '76.5', '81.2', '42.3', '75.1', '52.3', '73.8', '75.6', '78.5', '87.5', '56.7', '76.1', '50.7', '83.6', '74.4']
mean IoU: 71.3
Epoch: [8]  [ 0/45]  eta: 0:03:51  lr: 0.000066  loss: 0.4974 (0.4974)  time: 5.1436  data: 0.9509  max mem: 9189
Epoch: [8]  [ 5/45]  eta: 0:02:48  lr: 0.000065  loss: 0.7016 (0.5637)  time: 4.2145  data: 0.1740  max mem: 9189
Epoch: [8]  [10/45]  eta: 0:02:23  lr: 0.000065  loss: 0.6273 (0.6301)  time: 4.1058  data: 0.1057  max mem: 9189
Epoch: [8]  [15/45]  eta: 0:02:01  lr: 0.000064  loss: 0.4660 (0.5753)  time: 4.0659  data: 0.0792  max mem: 9189
Epoch: [8]  [20/45]  eta: 0:01:41  lr: 0.000064  loss: 0.3059 (0.5434)  time: 4.0081  data: 0.0210  max mem: 9189
Epoch: [8]  [25/45]  eta: 0:01:20  lr: 0.000063  loss: 0.2319 (0.5072)  time: 3.9898  data: 0.0213  max mem: 9189
Epoch: [8]  [30/45]  eta: 0:01:00  lr: 0.000063  loss: 0.6620 (0.5007)  time: 4.0101  data: 0.0198  max mem: 9189
Epoch: [8]  [35/45]  eta: 0:00:40  lr: 0.000062  loss: 0.3501 (0.4920)  time: 4.0133  data: 0.0179  max mem: 9189
Epoch: [8]  [40/45]  eta: 0:00:20  lr: 0.000062  loss: 0.3939 (0.5015)  time: 3.9949  data: 0.0160  max mem: 9189
Epoch: [8] Total time: 0:03:01
Test:  [ 0/91]  eta: 0:02:43    time: 1.7928  data: 0.7586  max mem: 9189
Test:  [10/91]  eta: 0:01:06    time: 0.8258  data: 0.0925  max mem: 9189
Test:  [20/91]  eta: 0:00:59    time: 0.7855  data: 0.0243  max mem: 9189
Test:  [30/91]  eta: 0:00:50    time: 0.8387  data: 0.0234  max mem: 9189
Test:  [40/91]  eta: 0:00:42    time: 0.8259  data: 0.0239  max mem: 9189
Test:  [50/91]  eta: 0:00:33    time: 0.7997  data: 0.0219  max mem: 9189
Test:  [60/91]  eta: 0:00:25    time: 0.7822  data: 0.0208  max mem: 9189
Test:  [70/91]  eta: 0:00:17    time: 0.9088  data: 0.0249  max mem: 9189
Test:  [80/91]  eta: 0:00:09    time: 0.8945  data: 0.0241  max mem: 9189
Test:  [90/91]  eta: 0:00:00    time: 0.7643  data: 0.0209  max mem: 9189
Test: Total time: 0:01:15
global correct: 93.6
average row correct: ['96.9', '90.9', '74.4', '86.8', '80.7', '67.1', '93.5', '87.1', '92.8', '59.4', '73.9', '60.7', '82.8', '88.4', '87.0', '93.9', '66.2', '85.8', '68.3', '89.6', '84.3']
IoU: ['93.4', '85.9', '38.2', '78.8', '70.0', '61.6', '88.8', '76.4', '80.9', '42.0', '70.7', '52.3', '72.7', '73.9', '78.9', '87.5', '56.6', '75.3', '50.3', '84.7', '74.4']
mean IoU: 71.1
Epoch: [9]  [ 0/45]  eta: 0:03:38  lr: 0.000061  loss: 0.6687 (0.6687)  time: 4.8552  data: 0.8629  max mem: 9189
Epoch: [9]  [ 5/45]  eta: 0:02:47  lr: 0.000060  loss: 0.4876 (0.5864)  time: 4.1876  data: 0.1607  max mem: 9189
Epoch: [9]  [10/45]  eta: 0:02:23  lr: 0.000060  loss: 1.0307 (0.5730)  time: 4.0928  data: 0.0958  max mem: 9189
Epoch: [9]  [15/45]  eta: 0:02:02  lr: 0.000059  loss: 0.2949 (0.5302)  time: 4.0758  data: 0.0712  max mem: 9189
Epoch: [9]  [20/45]  eta: 0:01:41  lr: 0.000059  loss: 0.3360 (0.5305)  time: 4.0167  data: 0.0192  max mem: 9189
Epoch: [9]  [25/45]  eta: 0:01:21  lr: 0.000058  loss: 0.5643 (0.5261)  time: 4.0214  data: 0.0191  max mem: 9189
Epoch: [9]  [30/45]  eta: 0:01:00  lr: 0.000058  loss: 0.4113 (0.5314)  time: 4.0360  data: 0.0187  max mem: 9189
Epoch: [9]  [35/45]  eta: 0:00:40  lr: 0.000057  loss: 0.7329 (0.5427)  time: 4.0290  data: 0.0196  max mem: 9189
Epoch: [9]  [40/45]  eta: 0:00:20  lr: 0.000057  loss: 0.5525 (0.5447)  time: 4.0410  data: 0.0181  max mem: 9189
Epoch: [9] Total time: 0:03:02
Test:  [ 0/91]  eta: 0:02:53    time: 1.9103  data: 0.8653  max mem: 9189
Test:  [10/91]  eta: 0:01:07    time: 0.8351  data: 0.0990  max mem: 9189
Test:  [20/91]  eta: 0:00:59    time: 0.7838  data: 0.0229  max mem: 9189
Test:  [30/91]  eta: 0:00:51    time: 0.8381  data: 0.0240  max mem: 9189
Test:  [40/91]  eta: 0:00:42    time: 0.8276  data: 0.0239  max mem: 9189
Test:  [50/91]  eta: 0:00:33    time: 0.8032  data: 0.0231  max mem: 9189
Test:  [60/91]  eta: 0:00:25    time: 0.7854  data: 0.0228  max mem: 9189
Test:  [70/91]  eta: 0:00:17    time: 0.9108  data: 0.0255  max mem: 9189
Test:  [80/91]  eta: 0:00:09    time: 0.9008  data: 0.0260  max mem: 9189
Test:  [90/91]  eta: 0:00:00    time: 0.7692  data: 0.0237  max mem: 9189
Test: Total time: 0:01:15
global correct: 93.7
average row correct: ['97.1', '91.5', '73.6', '86.0', '80.7', '68.1', '93.2', '87.1', '91.9', '59.4', '79.9', '62.4', '83.6', '84.7', '87.7', '93.8', '66.0', '86.2', '67.0', '86.9', '84.1']
IoU: ['93.5', '85.3', '38.1', '79.3', '69.5', '62.4', '88.7', '76.8', '81.2', '42.2', '74.2', '53.2', '73.2', '75.8', '78.6', '87.6', '56.4', '75.2', '50.7', '83.3', '75.0']
mean IoU: 71.4
Epoch: [10]  [ 0/45]  eta: 0:03:48  lr: 0.000056  loss: 0.4247 (0.4247)  time: 5.0726  data: 0.9913  max mem: 9189
Epoch: [10]  [ 5/45]  eta: 0:02:48  lr: 0.000055  loss: 0.3718 (0.4266)  time: 4.2188  data: 0.1793  max mem: 9189
Epoch: [10]  [10/45]  eta: 0:02:25  lr: 0.000055  loss: 0.6261 (0.4587)  time: 4.1591  data: 0.1077  max mem: 9189
Epoch: [10]  [15/45]  eta: 0:02:03  lr: 0.000054  loss: 0.5910 (0.5410)  time: 4.1137  data: 0.0782  max mem: 9189
Epoch: [10]  [20/45]  eta: 0:01:42  lr: 0.000054  loss: 0.3343 (0.5221)  time: 4.0473  data: 0.0203  max mem: 9189
Epoch: [10]  [25/45]  eta: 0:01:21  lr: 0.000053  loss: 0.5828 (0.5336)  time: 4.0417  data: 0.0218  max mem: 9189
Epoch: [10]  [30/45]  eta: 0:01:01  lr: 0.000053  loss: 0.4462 (0.5255)  time: 4.0357  data: 0.0216  max mem: 9189
Epoch: [10]  [35/45]  eta: 0:00:40  lr: 0.000052  loss: 0.5039 (0.5403)  time: 4.0413  data: 0.0228  max mem: 9189
Epoch: [10]  [40/45]  eta: 0:00:20  lr: 0.000051  loss: 0.9206 (0.5297)  time: 4.0416  data: 0.0208  max mem: 9189
Epoch: [10] Total time: 0:03:03
Test:  [ 0/91]  eta: 0:02:52    time: 1.8925  data: 0.8579  max mem: 9189
Test:  [10/91]  eta: 0:01:07    time: 0.8303  data: 0.0983  max mem: 9189
Test:  [20/91]  eta: 0:00:59    time: 0.7812  data: 0.0228  max mem: 9189
Test:  [30/91]  eta: 0:00:50    time: 0.8358  data: 0.0236  max mem: 9189
Test:  [40/91]  eta: 0:00:42    time: 0.8233  data: 0.0239  max mem: 9189
Test:  [50/91]  eta: 0:00:33    time: 0.7956  data: 0.0210  max mem: 9189
Test:  [60/91]  eta: 0:00:25    time: 0.7796  data: 0.0197  max mem: 9189
Test:  [70/91]  eta: 0:00:17    time: 0.9087  data: 0.0250  max mem: 9189
Test:  [80/91]  eta: 0:00:09    time: 0.8984  data: 0.0258  max mem: 9189
Test:  [90/91]  eta: 0:00:00    time: 0.7702  data: 0.0222  max mem: 9189
Test: Total time: 0:01:15
global correct: 93.7
average row correct: ['97.2', '89.9', '72.8', '86.3', '80.4', '68.7', '93.7', '87.0', '92.2', '56.1', '79.5', '61.2', '82.6', '86.9', '87.0', '93.8', '65.6', '86.3', '67.7', '88.3', '84.4']
IoU: ['93.5', '85.6', '37.9', '79.7', '70.0', '63.0', '88.9', '76.8', '81.1', '41.7', '74.3', '52.8', '73.4', '75.4', '78.9', '87.5', '56.3', '75.4', '50.8', '84.4', '76.2']
mean IoU: 71.6
Epoch: [11]  [ 0/45]  eta: 0:03:56  lr: 0.000051  loss: 0.2426 (0.2426)  time: 5.2446  data: 1.2054  max mem: 9189
Epoch: [11]  [ 5/45]  eta: 0:02:48  lr: 0.000050  loss: 0.5833 (0.4995)  time: 4.2133  data: 0.2158  max mem: 9189
Epoch: [11]  [10/45]  eta: 0:02:23  lr: 0.000050  loss: 0.6109 (0.4922)  time: 4.0860  data: 0.1265  max mem: 9189
Epoch: [11]  [15/45]  eta: 0:02:02  lr: 0.000049  loss: 0.8075 (0.4829)  time: 4.0681  data: 0.0934  max mem: 9189
Epoch: [11]  [20/45]  eta: 0:01:41  lr: 0.000049  loss: 0.3674 (0.4729)  time: 4.0076  data: 0.0189  max mem: 9189
Epoch: [11]  [25/45]  eta: 0:01:21  lr: 0.000048  loss: 0.5940 (0.4720)  time: 4.0082  data: 0.0187  max mem: 9189
Epoch: [11]  [30/45]  eta: 0:01:00  lr: 0.000048  loss: 0.4266 (0.4638)  time: 4.0324  data: 0.0178  max mem: 9189
Epoch: [11]  [35/45]  eta: 0:00:40  lr: 0.000047  loss: 0.4723 (0.4581)  time: 4.0348  data: 0.0171  max mem: 9189
Epoch: [11]  [40/45]  eta: 0:00:20  lr: 0.000046  loss: 0.4090 (0.4595)  time: 4.0179  data: 0.0165  max mem: 9189
Epoch: [11] Total time: 0:03:02
Test:  [ 0/91]  eta: 0:02:48    time: 1.8560  data: 0.8079  max mem: 9189
Test:  [10/91]  eta: 0:01:06    time: 0.8268  data: 0.0916  max mem: 9189
Test:  [20/91]  eta: 0:00:59    time: 0.7802  data: 0.0205  max mem: 9189
Test:  [30/91]  eta: 0:00:50    time: 0.8381  data: 0.0231  max mem: 9189
Test:  [40/91]  eta: 0:00:42    time: 0.8320  data: 0.0263  max mem: 9189
Test:  [50/91]  eta: 0:00:33    time: 0.8082  data: 0.0284  max mem: 9189
Test:  [60/91]  eta: 0:00:25    time: 0.7869  data: 0.0258  max mem: 9189
Test:  [70/91]  eta: 0:00:17    time: 0.9109  data: 0.0261  max mem: 9189
Test:  [80/91]  eta: 0:00:09    time: 0.9014  data: 0.0266  max mem: 9189
Test:  [90/91]  eta: 0:00:00    time: 0.7700  data: 0.0234  max mem: 9189
Test: Total time: 0:01:15
global correct: 93.7
average row correct: ['97.1', '90.1', '74.7', '86.4', '81.1', '69.6', '93.2', '87.4', '91.9', '59.1', '82.9', '61.5', '81.6', '86.8', '87.6', '93.5', '66.4', '85.6', '66.7', '84.5', '85.2']
IoU: ['93.5', '86.0', '38.6', '79.5', '68.9', '63.5', '88.2', '76.7', '80.9', '41.8', '75.3', '53.1', '73.5', '75.7', '78.9', '87.6', '56.7', '75.6', '50.3', '82.0', '74.9']
mean IoU: 71.5
Epoch: [12]  [ 0/45]  eta: 0:03:51  lr: 0.000046  loss: 0.2789 (0.2789)  time: 5.1375  data: 0.9699  max mem: 9189
Epoch: [12]  [ 5/45]  eta: 0:02:50  lr: 0.000045  loss: 0.4869 (0.5005)  time: 4.2725  data: 0.1778  max mem: 9189
Epoch: [12]  [10/45]  eta: 0:02:24  lr: 0.000045  loss: 0.6902 (0.5032)  time: 4.1402  data: 0.1077  max mem: 9189
Epoch: [12]  [15/45]  eta: 0:02:02  lr: 0.000044  loss: 0.4863 (0.4905)  time: 4.0891  data: 0.0814  max mem: 9189
Epoch: [12]  [20/45]  eta: 0:01:41  lr: 0.000043  loss: 0.5482 (0.4946)  time: 4.0017  data: 0.0220  max mem: 9189
Epoch: [12]  [25/45]  eta: 0:01:20  lr: 0.000043  loss: 0.2443 (0.4885)  time: 3.9613  data: 0.0216  max mem: 9189
Epoch: [12]  [30/45]  eta: 0:01:00  lr: 0.000042  loss: 0.5235 (0.5042)  time: 3.9654  data: 0.0193  max mem: 9189
Epoch: [12]  [35/45]  eta: 0:00:40  lr: 0.000042  loss: 0.2550 (0.4968)  time: 3.9752  data: 0.0185  max mem: 9189
Epoch: [12]  [40/45]  eta: 0:00:20  lr: 0.000041  loss: 0.6991 (0.4976)  time: 3.9759  data: 0.0182  max mem: 9189
Epoch: [12] Total time: 0:03:00
Test:  [ 0/91]  eta: 0:02:57    time: 1.9464  data: 0.8670  max mem: 9189
Test:  [10/91]  eta: 0:01:07    time: 0.8375  data: 0.0989  max mem: 9189
Test:  [20/91]  eta: 0:00:59    time: 0.7832  data: 0.0218  max mem: 9189
Test:  [30/91]  eta: 0:00:51    time: 0.8388  data: 0.0226  max mem: 9189
Test:  [40/91]  eta: 0:00:42    time: 0.8306  data: 0.0242  max mem: 9189
Test:  [50/91]  eta: 0:00:33    time: 0.8057  data: 0.0243  max mem: 9189
Test:  [60/91]  eta: 0:00:25    time: 0.7831  data: 0.0226  max mem: 9189
Test:  [70/91]  eta: 0:00:17    time: 0.9063  data: 0.0250  max mem: 9189
Test:  [80/91]  eta: 0:00:09    time: 0.8980  data: 0.0251  max mem: 9189
Test:  [90/91]  eta: 0:00:00    time: 0.7685  data: 0.0213  max mem: 9189
Test: Total time: 0:01:15
global correct: 93.7
average row correct: ['97.0', '92.2', '74.7', '87.4', '80.3', '70.8', '92.8', '87.9', '93.0', '58.8', '83.5', '61.8', '82.5', '84.3', '86.4', '94.0', '67.4', '85.4', '67.7', '88.3', '85.8']
IoU: ['93.5', '85.6', '38.5', '78.8', '70.5', '64.4', '88.9', '76.8', '80.9', '42.1', '75.6', '53.2', '73.5', '76.1', '79.0', '87.6', '56.9', '75.7', '50.4', '83.9', '74.5']
mean IoU: 71.7
Epoch: [13]  [ 0/45]  eta: 0:03:43  lr: 0.000041  loss: 0.3556 (0.3556)  time: 4.9647  data: 1.0113  max mem: 9189
Epoch: [13]  [ 5/45]  eta: 0:02:47  lr: 0.000040  loss: 0.6599 (0.4842)  time: 4.1810  data: 0.1839  max mem: 9189
Epoch: [13]  [10/45]  eta: 0:02:24  lr: 0.000039  loss: 0.5453 (0.4973)  time: 4.1185  data: 0.1076  max mem: 9189
Epoch: [13]  [15/45]  eta: 0:02:02  lr: 0.000039  loss: 0.2927 (0.4386)  time: 4.0680  data: 0.0792  max mem: 9189
Epoch: [13]  [20/45]  eta: 0:01:41  lr: 0.000038  loss: 0.2878 (0.4127)  time: 4.0032  data: 0.0175  max mem: 9189
Epoch: [13]  [25/45]  eta: 0:01:20  lr: 0.000038  loss: 0.3757 (0.4476)  time: 4.0065  data: 0.0175  max mem: 9189
Epoch: [13]  [30/45]  eta: 0:01:00  lr: 0.000037  loss: 0.2664 (0.4497)  time: 4.0010  data: 0.0182  max mem: 9189
Epoch: [13]  [35/45]  eta: 0:00:40  lr: 0.000036  loss: 0.3927 (0.4600)  time: 4.0194  data: 0.0198  max mem: 9189
Epoch: [13]  [40/45]  eta: 0:00:20  lr: 0.000036  loss: 0.6463 (0.4616)  time: 4.0304  data: 0.0207  max mem: 9189
Epoch: [13] Total time: 0:03:01
Test:  [ 0/91]  eta: 0:02:54    time: 1.9144  data: 0.8765  max mem: 9189
Test:  [10/91]  eta: 0:01:07    time: 0.8361  data: 0.1017  max mem: 9189
Test:  [20/91]  eta: 0:00:59    time: 0.7821  data: 0.0221  max mem: 9189
Test:  [30/91]  eta: 0:00:51    time: 0.8364  data: 0.0228  max mem: 9189
Test:  [40/91]  eta: 0:00:42    time: 0.8256  data: 0.0241  max mem: 9189
Test:  [50/91]  eta: 0:00:33    time: 0.7983  data: 0.0214  max mem: 9189
Test:  [60/91]  eta: 0:00:25    time: 0.7792  data: 0.0206  max mem: 9189
Test:  [70/91]  eta: 0:00:17    time: 0.9060  data: 0.0251  max mem: 9189
Test:  [80/91]  eta: 0:00:09    time: 0.8993  data: 0.0267  max mem: 9189
Test:  [90/91]  eta: 0:00:00    time: 0.7739  data: 0.0254  max mem: 9189
Test: Total time: 0:01:15
global correct: 93.7
average row correct: ['97.1', '90.3', '73.8', '86.6', '80.7', '70.1', '92.4', '87.4', '93.2', '58.5', '83.4', '61.5', '81.9', '85.7', '86.9', '93.7', '66.4', '84.8', '67.1', '88.3', '85.2']
IoU: ['93.5', '85.7', '38.2', '79.6', '69.6', '63.9', '88.9', '77.3', '80.8', '42.0', '75.5', '53.0', '73.4', '76.1', '78.9', '87.6', '56.7', '75.9', '50.7', '84.0', '75.3']
mean IoU: 71.7
Epoch: [14]  [ 0/45]  eta: 0:03:43  lr: 0.000035  loss: 0.5800 (0.5800)  time: 4.9636  data: 1.0305  max mem: 9189
Epoch: [14]  [ 5/45]  eta: 0:02:47  lr: 0.000035  loss: 0.4402 (0.5062)  time: 4.1921  data: 0.1886  max mem: 9189
Epoch: [14]  [10/45]  eta: 0:02:23  lr: 0.000034  loss: 0.4896 (0.4747)  time: 4.1126  data: 0.1124  max mem: 9189
Epoch: [14]  [15/45]  eta: 0:02:02  lr: 0.000034  loss: 0.4358 (0.4749)  time: 4.0714  data: 0.0838  max mem: 9189
Epoch: [14]  [20/45]  eta: 0:01:41  lr: 0.000033  loss: 0.6134 (0.4808)  time: 4.0198  data: 0.0211  max mem: 9189
Epoch: [14]  [25/45]  eta: 0:01:20  lr: 0.000032  loss: 0.5364 (0.4619)  time: 3.9897  data: 0.0200  max mem: 9189
Epoch: [14]  [30/45]  eta: 0:01:00  lr: 0.000032  loss: 0.5984 (0.4726)  time: 3.9760  data: 0.0188  max mem: 9189
Epoch: [14]  [35/45]  eta: 0:00:40  lr: 0.000031  loss: 0.4681 (0.4789)  time: 4.0009  data: 0.0187  max mem: 9189
Epoch: [14]  [40/45]  eta: 0:00:20  lr: 0.000031  loss: 0.3415 (0.4716)  time: 3.9965  data: 0.0170  max mem: 9189
Epoch: [14] Total time: 0:03:01
Test:  [ 0/91]  eta: 0:02:56    time: 1.9397  data: 0.8979  max mem: 9189
Test:  [10/91]  eta: 0:01:07    time: 0.8371  data: 0.1012  max mem: 9189
Test:  [20/91]  eta: 0:00:59    time: 0.7829  data: 0.0221  max mem: 9189
Test:  [30/91]  eta: 0:00:51    time: 0.8399  data: 0.0226  max mem: 9189
Test:  [40/91]  eta: 0:00:42    time: 0.8298  data: 0.0234  max mem: 9189
Test:  [50/91]  eta: 0:00:33    time: 0.7980  data: 0.0219  max mem: 9189
Test:  [60/91]  eta: 0:00:25    time: 0.7757  data: 0.0195  max mem: 9189
Test:  [70/91]  eta: 0:00:17    time: 0.9059  data: 0.0257  max mem: 9189
Test:  [80/91]  eta: 0:00:09    time: 0.8973  data: 0.0269  max mem: 9189
Test:  [90/91]  eta: 0:00:00    time: 0.7654  data: 0.0222  max mem: 9189
Test: Total time: 0:01:15
global correct: 93.7
average row correct: ['97.0', '90.7', '72.8', '87.1', '80.5', '71.0', '93.6', '87.4', '92.7', '59.1', '77.9', '62.7', '82.6', '87.4', '87.3', '93.9', '67.4', '86.0', '67.4', '89.4', '85.3']
IoU: ['93.6', '85.9', '38.0', '78.8', '70.2', '64.4', '88.9', '77.3', '81.0', '42.1', '73.6', '53.6', '73.3', '75.3', '79.1', '87.6', '57.4', '75.8', '50.5', '84.7', '74.9']
mean IoU: 71.7
Epoch: [15]  [ 0/45]  eta: 0:03:52  lr: 0.000030  loss: 0.6314 (0.6314)  time: 5.1647  data: 1.0421  max mem: 9189
Epoch: [15]  [ 5/45]  eta: 0:02:48  lr: 0.000029  loss: 0.4478 (0.4422)  time: 4.2211  data: 0.1873  max mem: 9189
Epoch: [15]  [10/45]  eta: 0:02:25  lr: 0.000029  loss: 1.0166 (0.5570)  time: 4.1693  data: 0.1114  max mem: 9189
Epoch: [15]  [15/45]  eta: 0:02:03  lr: 0.000028  loss: 0.3406 (0.4978)  time: 4.1306  data: 0.0818  max mem: 9189
Epoch: [15]  [20/45]  eta: 0:01:42  lr: 0.000028  loss: 0.5879 (0.5054)  time: 4.0532  data: 0.0183  max mem: 9189
Epoch: [15]  [25/45]  eta: 0:01:21  lr: 0.000027  loss: 0.4939 (0.4977)  time: 4.0520  data: 0.0180  max mem: 9189
Epoch: [15]  [30/45]  eta: 0:01:00  lr: 0.000026  loss: 0.6274 (0.4920)  time: 4.0049  data: 0.0165  max mem: 9189
Epoch: [15]  [35/45]  eta: 0:00:40  lr: 0.000026  loss: 0.3689 (0.4940)  time: 3.9926  data: 0.0165  max mem: 9189
Epoch: [15]  [40/45]  eta: 0:00:20  lr: 0.000025  loss: 0.2339 (0.4745)  time: 3.9836  data: 0.0164  max mem: 9189
Epoch: [15] Total time: 0:03:02
Test:  [ 0/91]  eta: 0:02:40    time: 1.7671  data: 0.7323  max mem: 9189
Test:  [10/91]  eta: 0:01:07    time: 0.8277  data: 0.0889  max mem: 9189
Test:  [20/91]  eta: 0:00:59    time: 0.7896  data: 0.0252  max mem: 9189
Test:  [30/91]  eta: 0:00:51    time: 0.8427  data: 0.0254  max mem: 9189
Test:  [40/91]  eta: 0:00:42    time: 0.8284  data: 0.0242  max mem: 9189
Test:  [50/91]  eta: 0:00:33    time: 0.7968  data: 0.0217  max mem: 9189
Test:  [60/91]  eta: 0:00:25    time: 0.7793  data: 0.0210  max mem: 9189
Test:  [70/91]  eta: 0:00:17    time: 0.9130  data: 0.0258  max mem: 9189
Test:  [80/91]  eta: 0:00:09    time: 0.9039  data: 0.0273  max mem: 9189
Test:  [90/91]  eta: 0:00:00    time: 0.7698  data: 0.0234  max mem: 9189
Test: Total time: 0:01:15
global correct: 93.6
average row correct: ['96.9', '90.9', '74.4', '86.8', '81.2', '70.4', '93.0', '87.8', '94.0', '59.2', '76.9', '62.3', '81.1', '83.9', '87.2', '93.7', '67.9', '87.3', '68.7', '87.6', '86.0']
IoU: ['93.5', '85.9', '38.4', '79.3', '70.1', '64.2', '88.8', '76.8', '79.5', '42.0', '72.3', '53.4', '71.1', '75.0', '79.0', '87.8', '57.0', '73.6', '50.7', '83.7', '74.6']
mean IoU: 71.3
Epoch: [16]  [ 0/45]  eta: 0:03:45  lr: 0.000024  loss: 0.2461 (0.2461)  time: 5.0026  data: 0.9610  max mem: 9189
Epoch: [16]  [ 5/45]  eta: 0:02:46  lr: 0.000024  loss: 0.3089 (0.4365)  time: 4.1581  data: 0.1771  max mem: 9189
Epoch: [16]  [10/45]  eta: 0:02:21  lr: 0.000023  loss: 0.4022 (0.4131)  time: 4.0491  data: 0.1062  max mem: 9189
Epoch: [16]  [15/45]  eta: 0:02:01  lr: 0.000023  loss: 0.5118 (0.4722)  time: 4.0411  data: 0.0780  max mem: 9189
Epoch: [16]  [20/45]  eta: 0:01:40  lr: 0.000022  loss: 0.4622 (0.4744)  time: 3.9810  data: 0.0195  max mem: 9189
Epoch: [16]  [25/45]  eta: 0:01:20  lr: 0.000021  loss: 0.2665 (0.4657)  time: 3.9952  data: 0.0190  max mem: 9189
Epoch: [16]  [30/45]  eta: 0:01:00  lr: 0.000021  loss: 0.4538 (0.4697)  time: 4.0318  data: 0.0170  max mem: 9189
Epoch: [16]  [35/45]  eta: 0:00:40  lr: 0.000020  loss: 0.3698 (0.4837)  time: 4.0467  data: 0.0175  max mem: 9189
Epoch: [16]  [40/45]  eta: 0:00:20  lr: 0.000019  loss: 0.4940 (0.4816)  time: 4.0603  data: 0.0166  max mem: 9189
Epoch: [16] Total time: 0:03:02
Test:  [ 0/91]  eta: 0:02:51    time: 1.8888  data: 0.8327  max mem: 9189
Test:  [10/91]  eta: 0:01:07    time: 0.8285  data: 0.0931  max mem: 9189
Test:  [20/91]  eta: 0:00:59    time: 0.7808  data: 0.0206  max mem: 9189
Test:  [30/91]  eta: 0:00:50    time: 0.8383  data: 0.0212  max mem: 9189
Test:  [40/91]  eta: 0:00:42    time: 0.8270  data: 0.0218  max mem: 9189
Test:  [50/91]  eta: 0:00:33    time: 0.8030  data: 0.0230  max mem: 9189
Test:  [60/91]  eta: 0:00:25    time: 0.7841  data: 0.0213  max mem: 9189
Test:  [70/91]  eta: 0:00:17    time: 0.9073  data: 0.0251  max mem: 9189
Test:  [80/91]  eta: 0:00:09    time: 0.8976  data: 0.0260  max mem: 9189
Test:  [90/91]  eta: 0:00:00    time: 0.7649  data: 0.0209  max mem: 9189
Test: Total time: 0:01:15
global correct: 93.7
average row correct: ['97.0', '90.8', '73.3', '86.3', '81.7', '71.6', '93.1', '87.8', '92.2', '58.4', '82.0', '62.1', '83.8', '83.8', '87.5', '93.8', '66.9', '86.7', '67.6', '87.6', '85.7']
IoU: ['93.6', '85.9', '38.2', '79.1', '70.2', '65.1', '88.9', '77.2', '81.3', '41.9', '75.0', '53.3', '73.0', '76.0', '78.8', '87.7', '56.8', '74.8', '50.7', '83.7', '75.2']
mean IoU: 71.7
Epoch: [17]  [ 0/45]  eta: 0:03:42  lr: 0.000019  loss: 0.2267 (0.2267)  time: 4.9442  data: 0.9588  max mem: 9189
Epoch: [17]  [ 5/45]  eta: 0:02:48  lr: 0.000018  loss: 0.5824 (0.4160)  time: 4.2164  data: 0.1744  max mem: 9189
Epoch: [17]  [10/45]  eta: 0:02:24  lr: 0.000018  loss: 0.4046 (0.4407)  time: 4.1264  data: 0.1017  max mem: 9189
Epoch: [17]  [15/45]  eta: 0:02:03  lr: 0.000017  loss: 0.4056 (0.4208)  time: 4.1034  data: 0.0760  max mem: 9189
Epoch: [17]  [20/45]  eta: 0:01:42  lr: 0.000016  loss: 0.2291 (0.4169)  time: 4.0415  data: 0.0186  max mem: 9189
Epoch: [17]  [25/45]  eta: 0:01:21  lr: 0.000016  loss: 0.6303 (0.4457)  time: 4.0257  data: 0.0180  max mem: 9189
Epoch: [17]  [30/45]  eta: 0:01:00  lr: 0.000015  loss: 0.3293 (0.4394)  time: 4.0333  data: 0.0177  max mem: 9189
Epoch: [17]  [35/45]  eta: 0:00:40  lr: 0.000014  loss: 0.5351 (0.4450)  time: 4.0444  data: 0.0174  max mem: 9189
Epoch: [17]  [40/45]  eta: 0:00:20  lr: 0.000014  loss: 0.8642 (0.4679)  time: 4.0447  data: 0.0165  max mem: 9189
Epoch: [17] Total time: 0:03:02
Test:  [ 0/91]  eta: 0:02:50    time: 1.8721  data: 0.8425  max mem: 9189
Test:  [10/91]  eta: 0:01:06    time: 0.8244  data: 0.0926  max mem: 9189
Test:  [20/91]  eta: 0:00:58    time: 0.7777  data: 0.0193  max mem: 9189
Test:  [30/91]  eta: 0:00:50    time: 0.8338  data: 0.0217  max mem: 9189
Test:  [40/91]  eta: 0:00:42    time: 0.8222  data: 0.0216  max mem: 9189
Test:  [50/91]  eta: 0:00:33    time: 0.8023  data: 0.0232  max mem: 9189
Test:  [60/91]  eta: 0:00:25    time: 0.7845  data: 0.0235  max mem: 9189
Test:  [70/91]  eta: 0:00:17    time: 0.9029  data: 0.0229  max mem: 9189
Test:  [80/91]  eta: 0:00:09    time: 0.8938  data: 0.0226  max mem: 9189
Test:  [90/91]  eta: 0:00:00    time: 0.7655  data: 0.0209  max mem: 9189
Test: Total time: 0:01:15
global correct: 93.7
average row correct: ['96.9', '91.0', '73.7', '86.2', '82.3', '73.3', '93.8', '87.9', '93.7', '59.4', '80.5', '61.5', '82.5', '86.8', '86.8', '93.9', '68.4', '84.9', '67.1', '87.3', '85.6']
IoU: ['93.6', '86.2', '38.3', '79.8', '69.4', '66.1', '88.7', '77.2', '80.5', '41.8', '74.4', '52.9', '72.6', '75.6', '79.1', '87.7', '56.8', '75.7', '50.5', '83.7', '74.8']
mean IoU: 71.7
Epoch: [18]  [ 0/45]  eta: 0:03:47  lr: 0.000013  loss: 0.8667 (0.8667)  time: 5.0534  data: 0.9766  max mem: 9189
Epoch: [18]  [ 5/45]  eta: 0:02:46  lr: 0.000012  loss: 0.2255 (0.4883)  time: 4.1640  data: 0.1762  max mem: 9189
Epoch: [18]  [10/45]  eta: 0:02:23  lr: 0.000012  loss: 0.3498 (0.4783)  time: 4.1070  data: 0.1037  max mem: 9189
Epoch: [18]  [15/45]  eta: 0:02:02  lr: 0.000011  loss: 0.4228 (0.4894)  time: 4.0812  data: 0.0780  max mem: 9189
Epoch: [18]  [20/45]  eta: 0:01:41  lr: 0.000010  loss: 0.4432 (0.4849)  time: 4.0222  data: 0.0183  max mem: 9189
Epoch: [18]  [25/45]  eta: 0:01:20  lr: 0.000010  loss: 0.3609 (0.4792)  time: 4.0143  data: 0.0200  max mem: 9189
Epoch: [18]  [30/45]  eta: 0:01:00  lr: 0.000009  loss: 0.2935 (0.4906)  time: 4.0084  data: 0.0204  max mem: 9189
Epoch: [18]  [35/45]  eta: 0:00:40  lr: 0.000008  loss: 0.4879 (0.4743)  time: 3.9891  data: 0.0193  max mem: 9189
Epoch: [18]  [40/45]  eta: 0:00:20  lr: 0.000008  loss: 0.3352 (0.4637)  time: 3.9948  data: 0.0188  max mem: 9189
Epoch: [18] Total time: 0:03:01
Test:  [ 0/91]  eta: 0:02:42    time: 1.7856  data: 0.7602  max mem: 9189
Test:  [10/91]  eta: 0:01:06    time: 0.8192  data: 0.0887  max mem: 9189
Test:  [20/91]  eta: 0:00:58    time: 0.7807  data: 0.0224  max mem: 9189
Test:  [30/91]  eta: 0:00:50    time: 0.8372  data: 0.0228  max mem: 9189
Test:  [40/91]  eta: 0:00:42    time: 0.8260  data: 0.0221  max mem: 9189
Test:  [50/91]  eta: 0:00:33    time: 0.7973  data: 0.0208  max mem: 9189
Test:  [60/91]  eta: 0:00:25    time: 0.7776  data: 0.0198  max mem: 9189
Test:  [70/91]  eta: 0:00:17    time: 0.9081  data: 0.0244  max mem: 9189
Test:  [80/91]  eta: 0:00:09    time: 0.8998  data: 0.0261  max mem: 9189
Test:  [90/91]  eta: 0:00:00    time: 0.7693  data: 0.0229  max mem: 9189
Test: Total time: 0:01:15
global correct: 93.7
average row correct: ['97.0', '90.6', '73.2', '86.5', '81.1', '70.8', '93.1', '88.1', '92.5', '59.4', '82.9', '62.1', '82.3', '85.0', '87.3', '93.6', '66.8', '86.3', '67.9', '90.3', '85.7']
IoU: ['93.6', '86.3', '38.2', '79.3', '70.4', '64.4', '89.0', '77.1', '81.0', '42.0', '75.4', '53.4', '73.0', '76.0', '79.0', '87.7', '57.0', '75.0', '50.6', '84.8', '75.2']
mean IoU: 71.8
Epoch: [19]  [ 0/45]  eta: 0:03:42  lr: 0.000007  loss: 0.4494 (0.4494)  time: 4.9473  data: 0.8803  max mem: 9189
Epoch: [19]  [ 5/45]  eta: 0:02:48  lr: 0.000006  loss: 0.3803 (0.4906)  time: 4.2071  data: 0.1628  max mem: 9189
Epoch: [19]  [10/45]  eta: 0:02:23  lr: 0.000005  loss: 0.6960 (0.5393)  time: 4.1122  data: 0.0969  max mem: 9189
Epoch: [19]  [15/45]  eta: 0:02:02  lr: 0.000005  loss: 0.5175 (0.5272)  time: 4.0785  data: 0.0713  max mem: 9189
Epoch: [19]  [20/45]  eta: 0:01:41  lr: 0.000004  loss: 0.1835 (0.4832)  time: 4.0092  data: 0.0186  max mem: 9189
Epoch: [19]  [25/45]  eta: 0:01:20  lr: 0.000003  loss: 0.2714 (0.4600)  time: 3.9891  data: 0.0190  max mem: 9189
Epoch: [19]  [30/45]  eta: 0:01:00  lr: 0.000002  loss: 0.2488 (0.4370)  time: 4.0070  data: 0.0189  max mem: 9189
Epoch: [19]  [35/45]  eta: 0:00:40  lr: 0.000002  loss: 0.2471 (0.4388)  time: 4.0060  data: 0.0194  max mem: 9189
Epoch: [19]  [40/45]  eta: 0:00:20  lr: 0.000001  loss: 0.3119 (0.4387)  time: 3.9990  data: 0.0191  max mem: 9189
Epoch: [19] Total time: 0:03:01
Test:  [ 0/91]  eta: 0:02:44    time: 1.8105  data: 0.7595  max mem: 9189
Test:  [10/91]  eta: 0:01:06    time: 0.8244  data: 0.0895  max mem: 9189
Test:  [20/91]  eta: 0:00:58    time: 0.7818  data: 0.0227  max mem: 9189
Test:  [30/91]  eta: 0:00:50    time: 0.8373  data: 0.0224  max mem: 9189
Test:  [40/91]  eta: 0:00:42    time: 0.8256  data: 0.0229  max mem: 9189
Test:  [50/91]  eta: 0:00:33    time: 0.7960  data: 0.0219  max mem: 9189
Test:  [60/91]  eta: 0:00:25    time: 0.7804  data: 0.0210  max mem: 9189
Test:  [70/91]  eta: 0:00:17    time: 0.9102  data: 0.0272  max mem: 9189
Test:  [80/91]  eta: 0:00:09    time: 0.8956  data: 0.0258  max mem: 9189
Test:  [90/91]  eta: 0:00:00    time: 0.7669  data: 0.0213  max mem: 9189
Test: Total time: 0:01:15
global correct: 93.7
average row correct: ['97.0', '91.2', '73.1', '87.6', '80.5', '71.6', '93.2', '88.0', '93.5', '58.6', '85.5', '62.3', '81.4', '84.0', '86.0', '93.8', '68.2', '84.1', '67.4', '89.0', '85.8']
IoU: ['93.6', '86.2', '38.2', '79.3', '70.5', '64.9', '88.9', '76.7', '80.5', '42.0', '75.8', '53.3', '73.1', '76.7', '79.1', '87.7', '57.4', '75.3', '50.6', '84.4', '74.6']
mean IoU: 71.9
Training time 1:26:53
