WARNING:torch.distributed.run:
*****************************************
Setting OMP_NUM_THREADS environment variable for each process to be 1 in default, to avoid your system being overloaded, please further tune the variable for optimal performance in your application as needed. 
*****************************************
| distributed init (rank 0): env://
| distributed init (rank 1): env://
Namespace(data_path='../../../input/pascal', device='cuda', num_classes=20, batch_size=16, batch_size_val=8, aux=True, start_epoch=0, epochs=20, sync_bn=True, workers=4, lr=0.0001, momentum=0.9, weight_decay=0.0001, print_freq=5, output_dir='./multi_train', resume='', test_only=False, world_size=2, dist_url='env://', amp=True, seed=304, result_save='./experiment/result/results20221112-215454', wandb=True, wandb_model='run', rank=0, gpu=0, distributed=True, dist_backend='nccl')
Creating data loaders
Creating model
wandb: Currently logged in as: dekun. Use `wandb login --relogin` to force relogin
wandb: wandb version 0.13.5 is available!  To upgrade, please run:
wandb:  $ pip install wandb --upgrade
wandb: Tracking run with wandb version 0.13.4
wandb: Run data is saved locally in /home/zk/GIT/working/DCNet/fcn/wandb/run-20221112_215512-5cr2syqp
wandb: Run `wandb offline` to turn off syncing.
wandb: Syncing run glorious-lake-40
wandb: ⭐️ View project at https://wandb.ai/dekun/fcn
wandb: 🚀 View run at https://wandb.ai/dekun/fcn/runs/5cr2syqp
Start training
Epoch: [0]  [ 0/45]  eta: 0:07:31  lr: 0.000002  loss: 0.4819 (0.4819)  time: 10.0412  data: 1.0994  max mem: 8911
Epoch: [0]  [ 5/45]  eta: 0:03:19  lr: 0.000013  loss: 0.4926 (0.5036)  time: 4.9787  data: 0.2018  max mem: 9189
Epoch: [0]  [10/45]  eta: 0:02:44  lr: 0.000025  loss: 0.2550 (0.4732)  time: 4.7011  data: 0.1183  max mem: 9189
Epoch: [0]  [15/45]  eta: 0:02:14  lr: 0.000036  loss: 0.4459 (0.5233)  time: 4.4955  data: 0.0868  max mem: 9189
Epoch: [0]  [20/45]  eta: 0:01:52  lr: 0.000047  loss: 0.4351 (0.5324)  time: 4.2145  data: 0.0195  max mem: 9189
Epoch: [0]  [25/45]  eta: 0:01:28  lr: 0.000058  loss: 0.4861 (0.5286)  time: 4.2459  data: 0.0185  max mem: 9189
Epoch: [0]  [30/45]  eta: 0:01:06  lr: 0.000069  loss: 0.2651 (0.5458)  time: 4.2638  data: 0.0187  max mem: 9189
Epoch: [0]  [35/45]  eta: 0:00:43  lr: 0.000080  loss: 0.5952 (0.5753)  time: 4.2905  data: 0.0197  max mem: 9189
Epoch: [0]  [40/45]  eta: 0:00:21  lr: 0.000091  loss: 0.6368 (0.5559)  time: 4.2830  data: 0.0194  max mem: 9189
Epoch: [0] Total time: 0:03:16
Test:  [ 0/91]  eta: 0:05:02    time: 3.3217  data: 0.9669  max mem: 9189
Test:  [10/91]  eta: 0:01:26    time: 1.0690  data: 0.1089  max mem: 9189
Test:  [20/91]  eta: 0:01:12    time: 0.9006  data: 0.0250  max mem: 9189
Test:  [30/91]  eta: 0:01:00    time: 0.9541  data: 0.0280  max mem: 9189
Test:  [40/91]  eta: 0:00:50    time: 0.9518  data: 0.0309  max mem: 9189
Test:  [50/91]  eta: 0:00:39    time: 0.9292  data: 0.0278  max mem: 9189
Test:  [60/91]  eta: 0:00:29    time: 0.8989  data: 0.0227  max mem: 9189
Test:  [70/91]  eta: 0:00:20    time: 1.0476  data: 0.0257  max mem: 9189
Test:  [80/91]  eta: 0:00:10    time: 1.0388  data: 0.0249  max mem: 9189
Test:  [90/91]  eta: 0:00:00    time: 0.8872  data: 0.0215  max mem: 9189
Test: Total time: 0:01:28
global correct: 93.3
average row correct: ['97.8', '88.4', '73.8', '81.6', '71.4', '47.0', '92.0', '77.0', '89.0', '47.9', '84.1', '56.7', '82.6', '80.9', '85.9', '94.5', '55.8', '84.2', '61.9', '85.7', '76.4']
IoU: ['92.8', '84.6', '37.7', '78.0', '65.6', '45.6', '88.9', '71.7', '81.8', '38.6', '75.7', '49.6', '73.7', '76.4', '78.3', '86.6', '51.4', '75.4', '49.3', '82.2', '72.7']
mean IoU: 69.4
Epoch: [1]  [ 0/45]  eta: 0:04:02  lr: 0.000100  loss: 0.8692 (0.8692)  time: 5.3916  data: 0.9682  max mem: 9189
Epoch: [1]  [ 5/45]  eta: 0:03:03  lr: 0.000099  loss: 0.3525 (0.4573)  time: 4.5901  data: 0.1745  max mem: 9189
Epoch: [1]  [10/45]  eta: 0:02:32  lr: 0.000099  loss: 0.4646 (0.5010)  time: 4.3695  data: 0.1044  max mem: 9189
Epoch: [1]  [15/45]  eta: 0:02:11  lr: 0.000098  loss: 0.5558 (0.5983)  time: 4.3938  data: 0.0787  max mem: 9189
Epoch: [1]  [20/45]  eta: 0:01:48  lr: 0.000098  loss: 0.4957 (0.5764)  time: 4.2749  data: 0.0199  max mem: 9189
Epoch: [1]  [25/45]  eta: 0:01:27  lr: 0.000097  loss: 0.4142 (0.5644)  time: 4.2906  data: 0.0205  max mem: 9189
Epoch: [1]  [30/45]  eta: 0:01:04  lr: 0.000097  loss: 0.3117 (0.5884)  time: 4.2991  data: 0.0198  max mem: 9189
Epoch: [1]  [35/45]  eta: 0:00:43  lr: 0.000096  loss: 0.3580 (0.5962)  time: 4.3163  data: 0.0197  max mem: 9189
Epoch: [1]  [40/45]  eta: 0:00:21  lr: 0.000096  loss: 0.7050 (0.5903)  time: 4.3204  data: 0.0194  max mem: 9189
Epoch: [1] Total time: 0:03:15
Test:  [ 0/91]  eta: 0:02:52    time: 1.8977  data: 0.8319  max mem: 9189
Test:  [10/91]  eta: 0:01:15    time: 0.9338  data: 0.0955  max mem: 9189
Test:  [20/91]  eta: 0:01:07    time: 0.8986  data: 0.0219  max mem: 9189
Test:  [30/91]  eta: 0:00:57    time: 0.9537  data: 0.0255  max mem: 9189
Test:  [40/91]  eta: 0:00:48    time: 0.9469  data: 0.0294  max mem: 9189
Test:  [50/91]  eta: 0:00:38    time: 0.9264  data: 0.0281  max mem: 9189
Test:  [60/91]  eta: 0:00:28    time: 0.9037  data: 0.0244  max mem: 9189
Test:  [70/91]  eta: 0:00:20    time: 1.0401  data: 0.0256  max mem: 9189
Test:  [80/91]  eta: 0:00:10    time: 1.0318  data: 0.0290  max mem: 9189
Test:  [90/91]  eta: 0:00:00    time: 0.8811  data: 0.0251  max mem: 9189
Test: Total time: 0:01:26
global correct: 93.4
average row correct: ['97.6', '89.8', '73.6', '83.9', '73.4', '50.5', '92.3', '81.7', '91.1', '51.0', '83.9', '57.3', '82.0', '83.5', '86.7', '94.2', '58.3', '84.7', '64.1', '86.6', '78.0']
IoU: ['93.1', '84.8', '37.7', '79.4', '66.6', '48.8', '89.0', '73.8', '81.7', '39.7', '76.0', '50.1', '73.5', '76.9', '77.9', '87.1', '52.7', '75.8', '50.1', '82.9', '73.5']
mean IoU: 70.1
Epoch: [2]  [ 0/45]  eta: 0:03:59  lr: 0.000095  loss: 0.3704 (0.3704)  time: 5.3188  data: 0.9512  max mem: 9189
Epoch: [2]  [ 5/45]  eta: 0:02:54  lr: 0.000095  loss: 0.1915 (0.3472)  time: 4.3614  data: 0.1734  max mem: 9189
Epoch: [2]  [10/45]  eta: 0:02:35  lr: 0.000094  loss: 0.9555 (0.4574)  time: 4.4474  data: 0.1027  max mem: 9189
Epoch: [2]  [15/45]  eta: 0:02:10  lr: 0.000094  loss: 0.6617 (0.4752)  time: 4.3577  data: 0.0776  max mem: 9189
Epoch: [2]  [20/45]  eta: 0:01:50  lr: 0.000093  loss: 1.1096 (0.5172)  time: 4.3648  data: 0.0193  max mem: 9189
Epoch: [2]  [25/45]  eta: 0:01:27  lr: 0.000092  loss: 0.5052 (0.5256)  time: 4.3485  data: 0.0201  max mem: 9189
Epoch: [2]  [30/45]  eta: 0:01:05  lr: 0.000092  loss: 0.4773 (0.5420)  time: 4.3462  data: 0.0200  max mem: 9189
Epoch: [2]  [35/45]  eta: 0:00:43  lr: 0.000091  loss: 0.8226 (0.5387)  time: 4.3467  data: 0.0200  max mem: 9189
Epoch: [2]  [40/45]  eta: 0:00:21  lr: 0.000091  loss: 0.5256 (0.5370)  time: 4.3301  data: 0.0200  max mem: 9189
Epoch: [2] Total time: 0:03:15
Test:  [ 0/91]  eta: 0:02:52    time: 1.8955  data: 0.8634  max mem: 9189
Test:  [10/91]  eta: 0:01:15    time: 0.9371  data: 0.1003  max mem: 9189
Test:  [20/91]  eta: 0:01:07    time: 0.8980  data: 0.0240  max mem: 9189
Test:  [30/91]  eta: 0:00:57    time: 0.9487  data: 0.0238  max mem: 9189
Test:  [40/91]  eta: 0:00:47    time: 0.9333  data: 0.0255  max mem: 9189
Test:  [50/91]  eta: 0:00:38    time: 0.9073  data: 0.0246  max mem: 9189
Test:  [60/91]  eta: 0:00:28    time: 0.8967  data: 0.0221  max mem: 9189
Test:  [70/91]  eta: 0:00:20    time: 1.0562  data: 0.0258  max mem: 9189
Test:  [80/91]  eta: 0:00:10    time: 1.0482  data: 0.0284  max mem: 9189
Test:  [90/91]  eta: 0:00:00    time: 0.8870  data: 0.0240  max mem: 9189
Test: Total time: 0:01:26
global correct: 93.5
average row correct: ['97.4', '90.4', '72.8', '85.6', '75.3', '56.1', '92.9', '82.8', '92.6', '53.3', '79.3', '58.3', '81.8', '85.6', '86.5', '94.3', '60.7', '85.1', '65.1', '86.0', '79.9']
IoU: ['93.2', '84.8', '37.3', '79.5', '67.9', '53.5', '88.9', '74.3', '81.1', '40.8', '74.2', '50.8', '72.7', '76.2', '78.0', '87.1', '54.2', '75.5', '50.6', '82.6', '73.4']
mean IoU: 70.3
Epoch: [3]  [ 0/45]  eta: 0:04:05  lr: 0.000090  loss: 0.6345 (0.6345)  time: 5.4579  data: 1.1130  max mem: 9189
Epoch: [3]  [ 5/45]  eta: 0:03:05  lr: 0.000090  loss: 0.7610 (0.5106)  time: 4.6285  data: 0.2036  max mem: 9189
Epoch: [3]  [10/45]  eta: 0:02:34  lr: 0.000089  loss: 0.6941 (0.5425)  time: 4.4244  data: 0.1195  max mem: 9189
Epoch: [3]  [15/45]  eta: 0:02:12  lr: 0.000089  loss: 0.8329 (0.5346)  time: 4.4115  data: 0.0889  max mem: 9189
Epoch: [3]  [20/45]  eta: 0:01:47  lr: 0.000088  loss: 0.7511 (0.5528)  time: 4.2595  data: 0.0204  max mem: 9189
Epoch: [3]  [25/45]  eta: 0:01:26  lr: 0.000088  loss: 0.7358 (0.5477)  time: 4.2531  data: 0.0196  max mem: 9189
Epoch: [3]  [30/45]  eta: 0:01:04  lr: 0.000087  loss: 0.2523 (0.5261)  time: 4.2098  data: 0.0211  max mem: 9189
Epoch: [3]  [35/45]  eta: 0:00:43  lr: 0.000087  loss: 0.4090 (0.5195)  time: 4.2209  data: 0.0202  max mem: 9189
Epoch: [3]  [40/45]  eta: 0:00:21  lr: 0.000086  loss: 0.4428 (0.4991)  time: 4.2229  data: 0.0198  max mem: 9189
Epoch: [3] Total time: 0:03:13
Test:  [ 0/91]  eta: 0:03:10    time: 2.0983  data: 1.0507  max mem: 9189
Test:  [10/91]  eta: 0:01:17    time: 0.9609  data: 0.1145  max mem: 9189
Test:  [20/91]  eta: 0:01:07    time: 0.8940  data: 0.0207  max mem: 9189
Test:  [30/91]  eta: 0:00:58    time: 0.9490  data: 0.0234  max mem: 9189
Test:  [40/91]  eta: 0:00:48    time: 0.9450  data: 0.0266  max mem: 9189
Test:  [50/91]  eta: 0:00:38    time: 0.9189  data: 0.0260  max mem: 9189
Test:  [60/91]  eta: 0:00:28    time: 0.8979  data: 0.0245  max mem: 9189
Test:  [70/91]  eta: 0:00:20    time: 1.0505  data: 0.0273  max mem: 9189
Test:  [80/91]  eta: 0:00:10    time: 1.0447  data: 0.0281  max mem: 9189
Test:  [90/91]  eta: 0:00:00    time: 0.8800  data: 0.0244  max mem: 9189
Test: Total time: 0:01:26
global correct: 93.5
average row correct: ['97.2', '89.7', '74.8', '85.8', '76.8', '57.5', '92.8', '85.1', '92.3', '55.0', '80.4', '58.5', '81.7', '85.3', '87.3', '94.2', '62.7', '85.4', '67.4', '89.3', '81.4']
IoU: ['93.3', '85.5', '38.2', '79.3', '69.1', '54.5', '88.9', '75.1', '81.1', '41.6', '74.9', '51.0', '73.0', '76.6', '78.5', '87.2', '55.0', '75.5', '51.0', '84.0', '73.7']
mean IoU: 70.8
Epoch: [4]  [ 0/45]  eta: 0:03:58  lr: 0.000086  loss: 0.4357 (0.4357)  time: 5.2923  data: 1.1375  max mem: 9189
Epoch: [4]  [ 5/45]  eta: 0:02:56  lr: 0.000085  loss: 0.4388 (0.4706)  time: 4.4146  data: 0.2059  max mem: 9189
Epoch: [4]  [10/45]  eta: 0:02:30  lr: 0.000084  loss: 0.8172 (0.4849)  time: 4.3093  data: 0.1208  max mem: 9189
Epoch: [4]  [15/45]  eta: 0:02:08  lr: 0.000084  loss: 0.4637 (0.4804)  time: 4.2934  data: 0.0888  max mem: 9189
Epoch: [4]  [20/45]  eta: 0:01:47  lr: 0.000083  loss: 0.4525 (0.4952)  time: 4.2307  data: 0.0187  max mem: 9189
Epoch: [4]  [25/45]  eta: 0:01:25  lr: 0.000083  loss: 1.0875 (0.5664)  time: 4.2252  data: 0.0192  max mem: 9189
Epoch: [4]  [30/45]  eta: 0:01:03  lr: 0.000082  loss: 0.6868 (0.6281)  time: 4.2295  data: 0.0191  max mem: 9189
Epoch: [4]  [35/45]  eta: 0:00:42  lr: 0.000082  loss: 0.3091 (0.6246)  time: 4.2062  data: 0.0193  max mem: 9189
Epoch: [4]  [40/45]  eta: 0:00:21  lr: 0.000081  loss: 0.3891 (0.5972)  time: 4.1744  data: 0.0194  max mem: 9189
Epoch: [4] Total time: 0:03:09
Test:  [ 0/91]  eta: 0:04:32    time: 2.9950  data: 0.8756  max mem: 9189
Test:  [10/91]  eta: 0:01:23    time: 1.0293  data: 0.0952  max mem: 9189
Test:  [20/91]  eta: 0:01:10    time: 0.8972  data: 0.0199  max mem: 9189
Test:  [30/91]  eta: 0:00:59    time: 0.9520  data: 0.0230  max mem: 9189
Test:  [40/91]  eta: 0:00:49    time: 0.9378  data: 0.0244  max mem: 9189
Test:  [50/91]  eta: 0:00:39    time: 0.9240  data: 0.0238  max mem: 9189
Test:  [60/91]  eta: 0:00:29    time: 0.9165  data: 0.0237  max mem: 9189
Test:  [70/91]  eta: 0:00:20    time: 1.0387  data: 0.0270  max mem: 9189
Test:  [80/91]  eta: 0:00:10    time: 1.0185  data: 0.0274  max mem: 9189
Test:  [90/91]  eta: 0:00:00    time: 0.8916  data: 0.0258  max mem: 9189
Test: Total time: 0:01:27
global correct: 93.5
average row correct: ['97.1', '89.1', '74.1', '85.6', '78.0', '61.8', '90.7', '86.6', '93.0', '56.6', '83.5', '59.1', '81.3', '84.5', '87.3', '94.0', '63.1', '84.7', '67.7', '89.8', '81.3']
IoU: ['93.3', '85.5', '37.9', '79.4', '68.7', '57.7', '88.1', '75.1', '80.5', '41.7', '75.7', '51.1', '72.8', '76.6', '78.6', '87.2', '55.0', '75.3', '50.7', '83.6', '73.2']
mean IoU: 70.8
Epoch: [5]  [ 0/45]  eta: 0:03:50  lr: 0.000081  loss: 0.4328 (0.4328)  time: 5.1180  data: 1.0349  max mem: 9189
Epoch: [5]  [ 5/45]  eta: 0:02:53  lr: 0.000080  loss: 0.4744 (0.5253)  time: 4.3356  data: 0.1864  max mem: 9189
Epoch: [5]  [10/45]  eta: 0:02:30  lr: 0.000080  loss: 0.4388 (0.4880)  time: 4.2952  data: 0.1118  max mem: 9189
Epoch: [5]  [15/45]  eta: 0:02:07  lr: 0.000079  loss: 0.4194 (0.4975)  time: 4.2506  data: 0.0835  max mem: 9189
Epoch: [5]  [20/45]  eta: 0:01:46  lr: 0.000079  loss: 0.5153 (0.5388)  time: 4.2097  data: 0.0204  max mem: 9189
Epoch: [5]  [25/45]  eta: 0:01:24  lr: 0.000078  loss: 0.2616 (0.5416)  time: 4.2136  data: 0.0215  max mem: 9189
Epoch: [5]  [30/45]  eta: 0:01:03  lr: 0.000077  loss: 0.3548 (0.5304)  time: 4.2080  data: 0.0220  max mem: 9189
Epoch: [5]  [35/45]  eta: 0:00:42  lr: 0.000077  loss: 1.1576 (0.5289)  time: 4.2261  data: 0.0214  max mem: 9189
Epoch: [5]  [40/45]  eta: 0:00:21  lr: 0.000076  loss: 0.6887 (0.5331)  time: 4.2174  data: 0.0213  max mem: 9189
Epoch: [5] Total time: 0:03:10
Test:  [ 0/91]  eta: 0:03:15    time: 2.1490  data: 1.1060  max mem: 9189
Test:  [10/91]  eta: 0:01:18    time: 0.9704  data: 0.1220  max mem: 9189
Test:  [20/91]  eta: 0:01:08    time: 0.9037  data: 0.0230  max mem: 9189
Test:  [30/91]  eta: 0:00:58    time: 0.9599  data: 0.0239  max mem: 9189
Test:  [40/91]  eta: 0:00:48    time: 0.9417  data: 0.0233  max mem: 9189
Test:  [50/91]  eta: 0:00:38    time: 0.9052  data: 0.0209  max mem: 9189
Test:  [60/91]  eta: 0:00:28    time: 0.8946  data: 0.0232  max mem: 9189
Test:  [70/91]  eta: 0:00:20    time: 1.0305  data: 0.0292  max mem: 9189
Test:  [80/91]  eta: 0:00:10    time: 1.0201  data: 0.0309  max mem: 9189
Test:  [90/91]  eta: 0:00:00    time: 0.8801  data: 0.0266  max mem: 9189
Test: Total time: 0:01:26
global correct: 93.5
average row correct: ['97.0', '90.8', '74.4', '86.1', '81.1', '62.8', '91.4', '86.7', '92.9', '57.2', '78.3', '59.6', '82.1', '86.2', '87.7', '94.0', '64.2', '87.3', '67.1', '89.7', '82.6']
IoU: ['93.4', '85.6', '38.0', '79.3', '69.1', '58.6', '88.5', '75.8', '80.8', '41.8', '73.5', '51.8', '72.6', '75.5', '78.5', '87.4', '55.0', '73.8', '50.6', '83.7', '73.9']
mean IoU: 70.8
Epoch: [6]  [ 0/45]  eta: 0:03:44  lr: 0.000076  loss: 0.8274 (0.8274)  time: 4.9925  data: 0.9450  max mem: 9189
Epoch: [6]  [ 5/45]  eta: 0:02:54  lr: 0.000075  loss: 0.6117 (0.6449)  time: 4.3749  data: 0.1766  max mem: 9189
Epoch: [6]  [10/45]  eta: 0:02:31  lr: 0.000075  loss: 0.3554 (0.6053)  time: 4.3290  data: 0.1047  max mem: 9189
Epoch: [6]  [15/45]  eta: 0:02:09  lr: 0.000074  loss: 0.6218 (0.5581)  time: 4.3026  data: 0.0778  max mem: 9189
Epoch: [6]  [20/45]  eta: 0:01:46  lr: 0.000074  loss: 0.5338 (0.5488)  time: 4.2378  data: 0.0207  max mem: 9189
Epoch: [6]  [25/45]  eta: 0:01:25  lr: 0.000073  loss: 0.4192 (0.5344)  time: 4.2309  data: 0.0208  max mem: 9189
Epoch: [6]  [30/45]  eta: 0:01:03  lr: 0.000073  loss: 0.5554 (0.5180)  time: 4.1984  data: 0.0216  max mem: 9189
Epoch: [6]  [35/45]  eta: 0:00:42  lr: 0.000072  loss: 0.2520 (0.5034)  time: 4.1812  data: 0.0222  max mem: 9189
Epoch: [6]  [40/45]  eta: 0:00:21  lr: 0.000072  loss: 0.3613 (0.4951)  time: 4.1893  data: 0.0207  max mem: 9189
Epoch: [6] Total time: 0:03:10
Test:  [ 0/91]  eta: 0:03:16    time: 2.1548  data: 1.0867  max mem: 9189
Test:  [10/91]  eta: 0:01:18    time: 0.9711  data: 0.1204  max mem: 9189
Test:  [20/91]  eta: 0:01:08    time: 0.9059  data: 0.0242  max mem: 9189
Test:  [30/91]  eta: 0:00:58    time: 0.9559  data: 0.0249  max mem: 9189
Test:  [40/91]  eta: 0:00:48    time: 0.9417  data: 0.0250  max mem: 9189
Test:  [50/91]  eta: 0:00:38    time: 0.9169  data: 0.0236  max mem: 9189
Test:  [60/91]  eta: 0:00:28    time: 0.8970  data: 0.0227  max mem: 9189
Test:  [70/91]  eta: 0:00:20    time: 1.0180  data: 0.0262  max mem: 9189
Test:  [80/91]  eta: 0:00:10    time: 1.0120  data: 0.0277  max mem: 9189
Test:  [90/91]  eta: 0:00:00    time: 0.8837  data: 0.0246  max mem: 9189
Test: Total time: 0:01:26
global correct: 93.5
average row correct: ['97.0', '90.1', '73.3', '87.0', '80.0', '65.3', '91.9', '86.7', '93.4', '58.6', '78.7', '59.2', '81.4', '86.4', '87.2', '94.0', '65.6', '85.7', '68.4', '90.3', '83.2']
IoU: ['93.4', '85.8', '37.8', '79.4', '69.1', '60.5', '88.8', '76.3', '80.1', '41.7', '73.6', '51.3', '72.4', '75.6', '78.6', '87.3', '55.4', '75.0', '50.7', '84.0', '74.2']
mean IoU: 71.0
Epoch: [7]  [ 0/45]  eta: 0:03:50  lr: 0.000071  loss: 0.6590 (0.6590)  time: 5.1242  data: 1.0404  max mem: 9189
Epoch: [7]  [ 5/45]  eta: 0:02:52  lr: 0.000070  loss: 0.3422 (0.5116)  time: 4.3133  data: 0.1929  max mem: 9189
Epoch: [7]  [10/45]  eta: 0:02:30  lr: 0.000070  loss: 0.9957 (0.5863)  time: 4.3038  data: 0.1149  max mem: 9189
Epoch: [7]  [15/45]  eta: 0:02:08  lr: 0.000069  loss: 0.7482 (0.5421)  time: 4.2686  data: 0.0846  max mem: 9189
Epoch: [7]  [20/45]  eta: 0:01:46  lr: 0.000069  loss: 0.2225 (0.5359)  time: 4.2180  data: 0.0207  max mem: 9189
Epoch: [7]  [25/45]  eta: 0:01:24  lr: 0.000068  loss: 0.4098 (0.5243)  time: 4.2265  data: 0.0203  max mem: 9189
Epoch: [7]  [30/45]  eta: 0:01:03  lr: 0.000068  loss: 0.5506 (0.5116)  time: 4.1947  data: 0.0205  max mem: 9189
Epoch: [7]  [35/45]  eta: 0:00:42  lr: 0.000067  loss: 0.6012 (0.5107)  time: 4.1810  data: 0.0212  max mem: 9189
Epoch: [7]  [40/45]  eta: 0:00:21  lr: 0.000067  loss: 0.4315 (0.5015)  time: 4.1532  data: 0.0205  max mem: 9189
Epoch: [7] Total time: 0:03:09
Test:  [ 0/91]  eta: 0:03:06    time: 2.0482  data: 0.9966  max mem: 9189
Test:  [10/91]  eta: 0:01:18    time: 0.9687  data: 0.1111  max mem: 9189
Test:  [20/91]  eta: 0:01:08    time: 0.9085  data: 0.0235  max mem: 9189
Test:  [30/91]  eta: 0:00:58    time: 0.9557  data: 0.0257  max mem: 9189
Test:  [40/91]  eta: 0:00:48    time: 0.9480  data: 0.0280  max mem: 9189
Test:  [50/91]  eta: 0:00:38    time: 0.9280  data: 0.0279  max mem: 9189
Test:  [60/91]  eta: 0:00:29    time: 0.9065  data: 0.0258  max mem: 9189
Test:  [70/91]  eta: 0:00:20    time: 1.0259  data: 0.0276  max mem: 9189
Test:  [80/91]  eta: 0:00:10    time: 1.0171  data: 0.0285  max mem: 9189
Test:  [90/91]  eta: 0:00:00    time: 0.8841  data: 0.0250  max mem: 9189
Test: Total time: 0:01:26
global correct: 93.6
average row correct: ['97.1', '91.0', '73.9', '87.1', '80.8', '65.2', '93.8', '85.9', '92.0', '58.5', '80.9', '60.0', '82.2', '87.0', '87.6', '93.8', '65.9', '85.6', '67.9', '87.3', '83.5']
IoU: ['93.4', '85.6', '38.0', '78.6', '69.3', '60.2', '88.6', '76.5', '81.2', '42.3', '75.1', '52.3', '73.8', '75.6', '78.6', '87.5', '56.7', '76.2', '50.7', '83.6', '74.4']
mean IoU: 71.3
Epoch: [8]  [ 0/45]  eta: 0:03:59  lr: 0.000066  loss: 0.4977 (0.4977)  time: 5.3134  data: 1.1406  max mem: 9189
Epoch: [8]  [ 5/45]  eta: 0:02:56  lr: 0.000065  loss: 0.7013 (0.5637)  time: 4.4023  data: 0.2066  max mem: 9189
Epoch: [8]  [10/45]  eta: 0:02:29  lr: 0.000065  loss: 0.6275 (0.6300)  time: 4.2691  data: 0.1204  max mem: 9189
Epoch: [8]  [15/45]  eta: 0:02:07  lr: 0.000064  loss: 0.4660 (0.5752)  time: 4.2503  data: 0.0897  max mem: 9189
Epoch: [8]  [20/45]  eta: 0:01:45  lr: 0.000064  loss: 0.3058 (0.5433)  time: 4.1793  data: 0.0202  max mem: 9189
Epoch: [8]  [25/45]  eta: 0:01:24  lr: 0.000063  loss: 0.2318 (0.5072)  time: 4.1693  data: 0.0202  max mem: 9189
Epoch: [8]  [30/45]  eta: 0:01:03  lr: 0.000063  loss: 0.6625 (0.5007)  time: 4.2086  data: 0.0232  max mem: 9189
Epoch: [8]  [35/45]  eta: 0:00:42  lr: 0.000062  loss: 0.3501 (0.4920)  time: 4.2071  data: 0.0226  max mem: 9189
Epoch: [8]  [40/45]  eta: 0:00:21  lr: 0.000062  loss: 0.3936 (0.5015)  time: 4.1971  data: 0.0217  max mem: 9189
Epoch: [8] Total time: 0:03:10
Test:  [ 0/91]  eta: 0:03:15    time: 2.1471  data: 1.0786  max mem: 9189
Test:  [10/91]  eta: 0:01:18    time: 0.9703  data: 0.1200  max mem: 9189
Test:  [20/91]  eta: 0:01:08    time: 0.9027  data: 0.0243  max mem: 9189
Test:  [30/91]  eta: 0:00:58    time: 0.9597  data: 0.0268  max mem: 9189
Test:  [40/91]  eta: 0:00:48    time: 0.9471  data: 0.0281  max mem: 9189
Test:  [50/91]  eta: 0:00:38    time: 0.9194  data: 0.0293  max mem: 9189
Test:  [60/91]  eta: 0:00:29    time: 0.9052  data: 0.0291  max mem: 9189
Test:  [70/91]  eta: 0:00:20    time: 1.0234  data: 0.0270  max mem: 9189
Test:  [80/91]  eta: 0:00:10    time: 1.0067  data: 0.0243  max mem: 9189
Test:  [90/91]  eta: 0:00:00    time: 0.8793  data: 0.0228  max mem: 9189
Test: Total time: 0:01:26
global correct: 93.6
average row correct: ['96.9', '90.9', '74.4', '86.8', '80.7', '67.1', '93.5', '87.1', '92.9', '59.4', '73.9', '60.7', '82.8', '88.4', '87.0', '93.9', '66.2', '85.8', '68.3', '89.6', '84.3']
IoU: ['93.4', '85.9', '38.2', '78.8', '70.0', '61.6', '88.8', '76.4', '80.9', '42.0', '70.7', '52.3', '72.7', '73.9', '78.9', '87.5', '56.6', '75.3', '50.3', '84.7', '74.4']
mean IoU: 71.1
Epoch: [9]  [ 0/45]  eta: 0:03:46  lr: 0.000061  loss: 0.6686 (0.6686)  time: 5.0271  data: 1.0186  max mem: 9189
Epoch: [9]  [ 5/45]  eta: 0:03:02  lr: 0.000060  loss: 0.4875 (0.5865)  time: 4.5539  data: 0.1859  max mem: 9189
Epoch: [9]  [10/45]  eta: 0:02:30  lr: 0.000060  loss: 1.0301 (0.5729)  time: 4.2868  data: 0.1100  max mem: 9189
Epoch: [9]  [15/45]  eta: 0:02:09  lr: 0.000059  loss: 0.2950 (0.5302)  time: 4.3331  data: 0.0817  max mem: 9189
Epoch: [9]  [20/45]  eta: 0:01:46  lr: 0.000059  loss: 0.3360 (0.5304)  time: 4.2144  data: 0.0200  max mem: 9189
Epoch: [9]  [25/45]  eta: 0:01:25  lr: 0.000058  loss: 0.5641 (0.5261)  time: 4.2116  data: 0.0205  max mem: 9189
Epoch: [9]  [30/45]  eta: 0:01:03  lr: 0.000058  loss: 0.4113 (0.5314)  time: 4.2281  data: 0.0207  max mem: 9189
Epoch: [9]  [35/45]  eta: 0:00:42  lr: 0.000057  loss: 0.7330 (0.5427)  time: 4.2175  data: 0.0219  max mem: 9189
Epoch: [9]  [40/45]  eta: 0:00:21  lr: 0.000057  loss: 0.5519 (0.5447)  time: 4.2287  data: 0.0206  max mem: 9189
Epoch: [9] Total time: 0:03:10
Test:  [ 0/91]  eta: 0:04:56    time: 3.2554  data: 0.9209  max mem: 9189
Test:  [10/91]  eta: 0:01:25    time: 1.0609  data: 0.1050  max mem: 9189
Test:  [20/91]  eta: 0:01:12    time: 0.9021  data: 0.0267  max mem: 9189
Test:  [30/91]  eta: 0:01:00    time: 0.9560  data: 0.0275  max mem: 9189
Test:  [40/91]  eta: 0:00:49    time: 0.9427  data: 0.0252  max mem: 9189
Test:  [50/91]  eta: 0:00:39    time: 0.9191  data: 0.0255  max mem: 9189
Test:  [60/91]  eta: 0:00:29    time: 0.9008  data: 0.0259  max mem: 9189
Test:  [70/91]  eta: 0:00:20    time: 1.0259  data: 0.0302  max mem: 9189
Test:  [80/91]  eta: 0:00:10    time: 1.0107  data: 0.0290  max mem: 9189
Test:  [90/91]  eta: 0:00:00    time: 0.8820  data: 0.0239  max mem: 9189
Test: Total time: 0:01:27
global correct: 93.7
average row correct: ['97.1', '91.5', '73.6', '86.0', '80.7', '68.1', '93.2', '87.1', '91.9', '59.4', '79.9', '62.4', '83.6', '84.7', '87.7', '93.8', '66.0', '86.2', '67.0', '86.9', '84.1']
IoU: ['93.5', '85.3', '38.1', '79.3', '69.5', '62.4', '88.7', '76.8', '81.2', '42.2', '74.2', '53.2', '73.2', '75.8', '78.7', '87.6', '56.4', '75.2', '50.7', '83.3', '75.0']
mean IoU: 71.4
Epoch: [10]  [ 0/45]  eta: 0:03:52  lr: 0.000056  loss: 0.4245 (0.4245)  time: 5.1659  data: 1.0809  max mem: 9189
Epoch: [10]  [ 5/45]  eta: 0:02:49  lr: 0.000055  loss: 0.3719 (0.4267)  time: 4.2478  data: 0.1972  max mem: 9189
Epoch: [10]  [10/45]  eta: 0:02:32  lr: 0.000055  loss: 0.6266 (0.4588)  time: 4.3638  data: 0.1191  max mem: 9189
Epoch: [10]  [15/45]  eta: 0:02:07  lr: 0.000054  loss: 0.5912 (0.5411)  time: 4.2526  data: 0.0880  max mem: 9189
Epoch: [10]  [20/45]  eta: 0:01:47  lr: 0.000054  loss: 0.3342 (0.5222)  time: 4.2393  data: 0.0211  max mem: 9189
Epoch: [10]  [25/45]  eta: 0:01:24  lr: 0.000053  loss: 0.5827 (0.5336)  time: 4.2291  data: 0.0210  max mem: 9189
Epoch: [10]  [30/45]  eta: 0:01:03  lr: 0.000053  loss: 0.4462 (0.5255)  time: 4.2045  data: 0.0210  max mem: 9189
Epoch: [10]  [35/45]  eta: 0:00:42  lr: 0.000052  loss: 0.5035 (0.5403)  time: 4.2147  data: 0.0209  max mem: 9189
Epoch: [10]  [40/45]  eta: 0:00:21  lr: 0.000051  loss: 0.9202 (0.5296)  time: 4.2340  data: 0.0211  max mem: 9189
Epoch: [10] Total time: 0:03:10
Test:  [ 0/91]  eta: 0:03:13    time: 2.1279  data: 1.0579  max mem: 9189
Test:  [10/91]  eta: 0:01:18    time: 0.9659  data: 0.1186  max mem: 9189
Test:  [20/91]  eta: 0:01:08    time: 0.9056  data: 0.0245  max mem: 9189
Test:  [30/91]  eta: 0:00:58    time: 0.9615  data: 0.0250  max mem: 9189
Test:  [40/91]  eta: 0:00:48    time: 0.9540  data: 0.0265  max mem: 9189
Test:  [50/91]  eta: 0:00:38    time: 0.9277  data: 0.0263  max mem: 9189
Test:  [60/91]  eta: 0:00:29    time: 0.9066  data: 0.0247  max mem: 9189
Test:  [70/91]  eta: 0:00:20    time: 1.0227  data: 0.0248  max mem: 9189
Test:  [80/91]  eta: 0:00:10    time: 1.0058  data: 0.0249  max mem: 9189
Test:  [90/91]  eta: 0:00:00    time: 0.8755  data: 0.0239  max mem: 9189
Test: Total time: 0:01:26
global correct: 93.7
average row correct: ['97.2', '89.9', '72.8', '86.3', '80.4', '68.7', '93.7', '87.0', '92.2', '56.1', '79.5', '61.2', '82.6', '86.9', '87.0', '93.8', '65.6', '86.3', '67.7', '88.3', '84.4']
IoU: ['93.5', '85.6', '37.9', '79.7', '70.0', '63.0', '88.9', '76.8', '81.1', '41.7', '74.3', '52.8', '73.4', '75.4', '78.9', '87.5', '56.3', '75.4', '50.7', '84.4', '76.2']
mean IoU: 71.6
Epoch: [11]  [ 0/45]  eta: 0:03:50  lr: 0.000051  loss: 0.2427 (0.2427)  time: 5.1289  data: 1.0858  max mem: 9189
Epoch: [11]  [ 5/45]  eta: 0:03:01  lr: 0.000050  loss: 0.5829 (0.4995)  time: 4.5473  data: 0.1981  max mem: 9189
Epoch: [11]  [10/45]  eta: 0:02:29  lr: 0.000050  loss: 0.6107 (0.4922)  time: 4.2657  data: 0.1172  max mem: 9189
Epoch: [11]  [15/45]  eta: 0:02:09  lr: 0.000049  loss: 0.8078 (0.4829)  time: 4.3044  data: 0.0868  max mem: 9189
Epoch: [11]  [20/45]  eta: 0:01:46  lr: 0.000049  loss: 0.3673 (0.4729)  time: 4.2005  data: 0.0202  max mem: 9189
Epoch: [11]  [25/45]  eta: 0:01:25  lr: 0.000048  loss: 0.5940 (0.4720)  time: 4.1990  data: 0.0219  max mem: 9189
Epoch: [11]  [30/45]  eta: 0:01:03  lr: 0.000048  loss: 0.4266 (0.4638)  time: 4.2259  data: 0.0209  max mem: 9189
Epoch: [11]  [35/45]  eta: 0:00:42  lr: 0.000047  loss: 0.4723 (0.4581)  time: 4.2127  data: 0.0205  max mem: 9189
Epoch: [11]  [40/45]  eta: 0:00:21  lr: 0.000046  loss: 0.4090 (0.4595)  time: 4.2017  data: 0.0213  max mem: 9189
Epoch: [11] Total time: 0:03:11
Test:  [ 0/91]  eta: 0:03:03    time: 2.0156  data: 0.9670  max mem: 9189
Test:  [10/91]  eta: 0:01:17    time: 0.9509  data: 0.1095  max mem: 9189
Test:  [20/91]  eta: 0:01:07    time: 0.9031  data: 0.0248  max mem: 9189
Test:  [30/91]  eta: 0:00:58    time: 0.9559  data: 0.0268  max mem: 9189
Test:  [40/91]  eta: 0:00:48    time: 0.9452  data: 0.0280  max mem: 9189
Test:  [50/91]  eta: 0:00:38    time: 0.9274  data: 0.0280  max mem: 9189
Test:  [60/91]  eta: 0:00:29    time: 0.9085  data: 0.0263  max mem: 9189
Test:  [70/91]  eta: 0:00:20    time: 1.0304  data: 0.0286  max mem: 9189
Test:  [80/91]  eta: 0:00:10    time: 1.0215  data: 0.0279  max mem: 9189
Test:  [90/91]  eta: 0:00:00    time: 0.8870  data: 0.0228  max mem: 9189
Test: Total time: 0:01:26
global correct: 93.7
average row correct: ['97.1', '90.1', '74.7', '86.4', '81.1', '69.6', '93.2', '87.4', '91.9', '59.1', '82.9', '61.5', '81.6', '86.8', '87.6', '93.5', '66.4', '85.6', '66.7', '84.5', '85.2']
IoU: ['93.5', '86.0', '38.6', '79.5', '68.9', '63.5', '88.2', '76.7', '80.9', '41.8', '75.3', '53.1', '73.5', '75.7', '78.9', '87.6', '56.7', '75.6', '50.3', '82.0', '74.9']
mean IoU: 71.5
Epoch: [12]  [ 0/45]  eta: 0:03:56  lr: 0.000046  loss: 0.2789 (0.2789)  time: 5.2611  data: 1.0879  max mem: 9189
Epoch: [12]  [ 5/45]  eta: 0:02:51  lr: 0.000045  loss: 0.4869 (0.5008)  time: 4.2781  data: 0.1983  max mem: 9189
Epoch: [12]  [10/45]  eta: 0:02:30  lr: 0.000045  loss: 0.6891 (0.5033)  time: 4.3129  data: 0.1173  max mem: 9189
Epoch: [12]  [15/45]  eta: 0:02:06  lr: 0.000044  loss: 0.4863 (0.4905)  time: 4.2087  data: 0.0868  max mem: 9189
Epoch: [12]  [20/45]  eta: 0:01:45  lr: 0.000043  loss: 0.5481 (0.4946)  time: 4.1678  data: 0.0193  max mem: 9189
Epoch: [12]  [25/45]  eta: 0:01:23  lr: 0.000043  loss: 0.2444 (0.4886)  time: 4.1344  data: 0.0182  max mem: 9189
Epoch: [12]  [30/45]  eta: 0:01:03  lr: 0.000042  loss: 0.5233 (0.5042)  time: 4.1504  data: 0.0185  max mem: 9189
Epoch: [12]  [35/45]  eta: 0:00:41  lr: 0.000042  loss: 0.2552 (0.4968)  time: 4.1634  data: 0.0183  max mem: 9189
Epoch: [12]  [40/45]  eta: 0:00:21  lr: 0.000041  loss: 0.6991 (0.4976)  time: 4.1978  data: 0.0196  max mem: 9189
Epoch: [12] Total time: 0:03:08
Test:  [ 0/91]  eta: 0:03:01    time: 1.9907  data: 0.9137  max mem: 9189
Test:  [10/91]  eta: 0:01:16    time: 0.9423  data: 0.1054  max mem: 9189
Test:  [20/91]  eta: 0:01:07    time: 0.8982  data: 0.0261  max mem: 9189
Test:  [30/91]  eta: 0:00:58    time: 0.9584  data: 0.0279  max mem: 9189
Test:  [40/91]  eta: 0:00:48    time: 0.9508  data: 0.0282  max mem: 9189
Test:  [50/91]  eta: 0:00:38    time: 0.9249  data: 0.0258  max mem: 9189
Test:  [60/91]  eta: 0:00:28    time: 0.9012  data: 0.0241  max mem: 9189
Test:  [70/91]  eta: 0:00:20    time: 1.0327  data: 0.0303  max mem: 9189
Test:  [80/91]  eta: 0:00:10    time: 1.0252  data: 0.0306  max mem: 9189
Test:  [90/91]  eta: 0:00:00    time: 0.8878  data: 0.0239  max mem: 9189
Test: Total time: 0:01:26
global correct: 93.7
average row correct: ['97.0', '92.2', '74.7', '87.4', '80.3', '70.7', '92.8', '87.9', '93.0', '58.8', '83.5', '61.8', '82.6', '84.3', '86.4', '94.0', '67.3', '85.4', '67.7', '88.3', '85.8']
IoU: ['93.5', '85.6', '38.5', '78.8', '70.5', '64.4', '88.9', '76.8', '80.9', '42.1', '75.6', '53.2', '73.5', '76.1', '79.0', '87.6', '56.9', '75.7', '50.4', '83.9', '74.5']
mean IoU: 71.7
Epoch: [13]  [ 0/45]  eta: 0:03:38  lr: 0.000041  loss: 0.3557 (0.3557)  time: 4.8645  data: 0.8818  max mem: 9189
Epoch: [13]  [ 5/45]  eta: 0:02:57  lr: 0.000040  loss: 0.6598 (0.4843)  time: 4.4473  data: 0.1638  max mem: 9189
Epoch: [13]  [10/45]  eta: 0:02:29  lr: 0.000039  loss: 0.5452 (0.4975)  time: 4.2641  data: 0.0998  max mem: 9189
Epoch: [13]  [15/45]  eta: 0:02:08  lr: 0.000039  loss: 0.2927 (0.4387)  time: 4.2851  data: 0.0754  max mem: 9189
Epoch: [13]  [20/45]  eta: 0:01:45  lr: 0.000038  loss: 0.2879 (0.4127)  time: 4.1804  data: 0.0220  max mem: 9189
Epoch: [13]  [25/45]  eta: 0:01:24  lr: 0.000038  loss: 0.3756 (0.4476)  time: 4.1871  data: 0.0222  max mem: 9189
Epoch: [13]  [30/45]  eta: 0:01:03  lr: 0.000037  loss: 0.2665 (0.4497)  time: 4.1823  data: 0.0215  max mem: 9189
Epoch: [13]  [35/45]  eta: 0:00:42  lr: 0.000036  loss: 0.3927 (0.4601)  time: 4.2080  data: 0.0218  max mem: 9189
Epoch: [13]  [40/45]  eta: 0:00:21  lr: 0.000036  loss: 0.6463 (0.4617)  time: 4.2193  data: 0.0202  max mem: 9189
Epoch: [13] Total time: 0:03:11
Test:  [ 0/91]  eta: 0:03:12    time: 2.1176  data: 1.0678  max mem: 9189
Test:  [10/91]  eta: 0:01:17    time: 0.9554  data: 0.1165  max mem: 9189
Test:  [20/91]  eta: 0:01:08    time: 0.9030  data: 0.0229  max mem: 9189
Test:  [30/91]  eta: 0:00:58    time: 0.9626  data: 0.0267  max mem: 9189
Test:  [40/91]  eta: 0:00:48    time: 0.9502  data: 0.0288  max mem: 9189
Test:  [50/91]  eta: 0:00:38    time: 0.9260  data: 0.0272  max mem: 9189
Test:  [60/91]  eta: 0:00:29    time: 0.9098  data: 0.0252  max mem: 9189
Test:  [70/91]  eta: 0:00:20    time: 1.0346  data: 0.0274  max mem: 9189
Test:  [80/91]  eta: 0:00:10    time: 1.0211  data: 0.0288  max mem: 9189
Test:  [90/91]  eta: 0:00:00    time: 0.8908  data: 0.0260  max mem: 9189
Test: Total time: 0:01:26
global correct: 93.7
average row correct: ['97.1', '90.3', '73.8', '86.6', '80.7', '70.1', '92.4', '87.4', '93.2', '58.5', '83.4', '61.5', '81.9', '85.7', '86.9', '93.7', '66.4', '84.8', '67.1', '88.3', '85.2']
IoU: ['93.5', '85.7', '38.2', '79.5', '69.6', '63.9', '88.9', '77.3', '80.8', '42.0', '75.5', '53.0', '73.4', '76.1', '78.9', '87.6', '56.7', '75.9', '50.6', '84.0', '75.3']
mean IoU: 71.7
Epoch: [14]  [ 0/45]  eta: 0:03:51  lr: 0.000035  loss: 0.5809 (0.5809)  time: 5.1429  data: 1.1756  max mem: 9189
Epoch: [14]  [ 5/45]  eta: 0:02:55  lr: 0.000035  loss: 0.4400 (0.5063)  time: 4.3948  data: 0.2117  max mem: 9189
Epoch: [14]  [10/45]  eta: 0:02:30  lr: 0.000034  loss: 0.4894 (0.4747)  time: 4.3015  data: 0.1249  max mem: 9189
Epoch: [14]  [15/45]  eta: 0:02:07  lr: 0.000034  loss: 0.4358 (0.4749)  time: 4.2649  data: 0.0935  max mem: 9189
Epoch: [14]  [20/45]  eta: 0:01:46  lr: 0.000033  loss: 0.6132 (0.4808)  time: 4.2017  data: 0.0215  max mem: 9189
Epoch: [14]  [25/45]  eta: 0:01:24  lr: 0.000032  loss: 0.5364 (0.4619)  time: 4.1736  data: 0.0225  max mem: 9189
Epoch: [14]  [30/45]  eta: 0:01:03  lr: 0.000032  loss: 0.5986 (0.4726)  time: 4.1519  data: 0.0217  max mem: 9189
Epoch: [14]  [35/45]  eta: 0:00:42  lr: 0.000031  loss: 0.4680 (0.4789)  time: 4.1817  data: 0.0202  max mem: 9189
Epoch: [14]  [40/45]  eta: 0:00:21  lr: 0.000031  loss: 0.3416 (0.4717)  time: 4.1800  data: 0.0209  max mem: 9189
Epoch: [14] Total time: 0:03:08
Test:  [ 0/91]  eta: 0:05:08    time: 3.3927  data: 1.1389  max mem: 9189
Test:  [10/91]  eta: 0:01:27    time: 1.0860  data: 0.1251  max mem: 9189
Test:  [20/91]  eta: 0:01:12    time: 0.9093  data: 0.0236  max mem: 9189
Test:  [30/91]  eta: 0:01:01    time: 0.9641  data: 0.0272  max mem: 9189
Test:  [40/91]  eta: 0:00:50    time: 0.9505  data: 0.0288  max mem: 9189
Test:  [50/91]  eta: 0:00:39    time: 0.9217  data: 0.0254  max mem: 9189
Test:  [60/91]  eta: 0:00:29    time: 0.9020  data: 0.0221  max mem: 9189
Test:  [70/91]  eta: 0:00:20    time: 1.0298  data: 0.0265  max mem: 9189
Test:  [80/91]  eta: 0:00:10    time: 1.0214  data: 0.0288  max mem: 9189
Test:  [90/91]  eta: 0:00:00    time: 0.8860  data: 0.0235  max mem: 9189
Test: Total time: 0:01:28
global correct: 93.7
average row correct: ['97.0', '90.7', '72.8', '87.1', '80.5', '71.0', '93.6', '87.4', '92.7', '59.1', '77.9', '62.7', '82.6', '87.4', '87.3', '93.9', '67.4', '86.0', '67.4', '89.4', '85.3']
IoU: ['93.6', '85.9', '38.0', '78.8', '70.2', '64.4', '88.9', '77.3', '81.0', '42.1', '73.6', '53.6', '73.3', '75.4', '79.1', '87.6', '57.4', '75.8', '50.5', '84.7', '74.9']
mean IoU: 71.7
Epoch: [15]  [ 0/45]  eta: 0:03:55  lr: 0.000030  loss: 0.6311 (0.6311)  time: 5.2301  data: 1.1024  max mem: 9189
Epoch: [15]  [ 5/45]  eta: 0:02:56  lr: 0.000029  loss: 0.4479 (0.4422)  time: 4.4151  data: 0.2018  max mem: 9189
Epoch: [15]  [10/45]  eta: 0:02:33  lr: 0.000029  loss: 1.0166 (0.5571)  time: 4.3775  data: 0.1199  max mem: 9189
Epoch: [15]  [15/45]  eta: 0:02:09  lr: 0.000028  loss: 0.3405 (0.4978)  time: 4.3321  data: 0.0888  max mem: 9189
Epoch: [15]  [20/45]  eta: 0:01:47  lr: 0.000028  loss: 0.5879 (0.5054)  time: 4.2696  data: 0.0213  max mem: 9189
Epoch: [15]  [25/45]  eta: 0:01:25  lr: 0.000027  loss: 0.4939 (0.4977)  time: 4.2543  data: 0.0213  max mem: 9189
Epoch: [15]  [30/45]  eta: 0:01:03  lr: 0.000026  loss: 0.6273 (0.4920)  time: 4.2008  data: 0.0215  max mem: 9189
Epoch: [15]  [35/45]  eta: 0:00:42  lr: 0.000026  loss: 0.3688 (0.4940)  time: 4.1846  data: 0.0223  max mem: 9189
Epoch: [15]  [40/45]  eta: 0:00:21  lr: 0.000025  loss: 0.2341 (0.4745)  time: 4.1704  data: 0.0220  max mem: 9189
Epoch: [15] Total time: 0:03:11
Test:  [ 0/91]  eta: 0:03:05    time: 2.0355  data: 0.9527  max mem: 9189
Test:  [10/91]  eta: 0:01:17    time: 0.9601  data: 0.1125  max mem: 9189
Test:  [20/91]  eta: 0:01:08    time: 0.9061  data: 0.0263  max mem: 9189
Test:  [30/91]  eta: 0:00:58    time: 0.9669  data: 0.0272  max mem: 9189
Test:  [40/91]  eta: 0:00:48    time: 0.9592  data: 0.0292  max mem: 9189
Test:  [50/91]  eta: 0:00:38    time: 0.9215  data: 0.0262  max mem: 9189
Test:  [60/91]  eta: 0:00:29    time: 0.8970  data: 0.0235  max mem: 9189
Test:  [70/91]  eta: 0:00:20    time: 1.0322  data: 0.0272  max mem: 9189
Test:  [80/91]  eta: 0:00:10    time: 1.0257  data: 0.0276  max mem: 9189
Test:  [90/91]  eta: 0:00:00    time: 0.8830  data: 0.0221  max mem: 9189
Test: Total time: 0:01:26
global correct: 93.6
average row correct: ['96.9', '90.9', '74.4', '86.8', '81.2', '70.4', '93.0', '87.8', '94.0', '59.2', '76.9', '62.3', '81.1', '83.9', '87.2', '93.7', '67.9', '87.3', '68.7', '87.6', '86.0']
IoU: ['93.5', '85.9', '38.4', '79.3', '70.1', '64.2', '88.8', '76.8', '79.5', '42.0', '72.3', '53.4', '71.1', '75.0', '79.0', '87.8', '57.0', '73.6', '50.7', '83.7', '74.6']
mean IoU: 71.3
Epoch: [16]  [ 0/45]  eta: 0:03:54  lr: 0.000024  loss: 0.2461 (0.2461)  time: 5.2041  data: 1.1539  max mem: 9189
Epoch: [16]  [ 5/45]  eta: 0:02:55  lr: 0.000024  loss: 0.3089 (0.4366)  time: 4.3878  data: 0.2119  max mem: 9189
Epoch: [16]  [10/45]  eta: 0:02:28  lr: 0.000023  loss: 0.4023 (0.4132)  time: 4.2429  data: 0.1242  max mem: 9189
Epoch: [16]  [15/45]  eta: 0:02:06  lr: 0.000023  loss: 0.5119 (0.4723)  time: 4.2327  data: 0.0914  max mem: 9189
Epoch: [16]  [20/45]  eta: 0:01:45  lr: 0.000022  loss: 0.4623 (0.4745)  time: 4.1762  data: 0.0210  max mem: 9189
Epoch: [16]  [25/45]  eta: 0:01:24  lr: 0.000021  loss: 0.2667 (0.4658)  time: 4.1835  data: 0.0209  max mem: 9189
Epoch: [16]  [30/45]  eta: 0:01:03  lr: 0.000021  loss: 0.4540 (0.4697)  time: 4.2153  data: 0.0214  max mem: 9189
Epoch: [16]  [35/45]  eta: 0:00:42  lr: 0.000020  loss: 0.3697 (0.4838)  time: 4.2414  data: 0.0215  max mem: 9189
Epoch: [16]  [40/45]  eta: 0:00:21  lr: 0.000019  loss: 0.4939 (0.4816)  time: 4.2453  data: 0.0205  max mem: 9189
Epoch: [16] Total time: 0:03:11
Test:  [ 0/91]  eta: 0:03:08    time: 2.0669  data: 1.0266  max mem: 9189
Test:  [10/91]  eta: 0:01:17    time: 0.9588  data: 0.1139  max mem: 9189
Test:  [20/91]  eta: 0:01:08    time: 0.9115  data: 0.0243  max mem: 9189
Test:  [30/91]  eta: 0:00:58    time: 0.9699  data: 0.0278  max mem: 9189
Test:  [40/91]  eta: 0:00:48    time: 0.9522  data: 0.0290  max mem: 9189
Test:  [50/91]  eta: 0:00:38    time: 0.9220  data: 0.0268  max mem: 9189
Test:  [60/91]  eta: 0:00:29    time: 0.9034  data: 0.0243  max mem: 9189
Test:  [70/91]  eta: 0:00:20    time: 1.0337  data: 0.0276  max mem: 9189
Test:  [80/91]  eta: 0:00:10    time: 1.0269  data: 0.0284  max mem: 9189
Test:  [90/91]  eta: 0:00:00    time: 0.8889  data: 0.0244  max mem: 9189
Test: Total time: 0:01:26
global correct: 93.7
average row correct: ['97.0', '90.8', '73.3', '86.3', '81.7', '71.6', '93.1', '87.8', '92.2', '58.4', '81.9', '62.0', '83.8', '83.8', '87.5', '93.8', '66.9', '86.7', '67.6', '87.6', '85.7']
IoU: ['93.6', '85.9', '38.2', '79.1', '70.1', '65.1', '88.9', '77.2', '81.3', '41.9', '75.0', '53.3', '73.0', '76.0', '78.8', '87.7', '56.8', '74.8', '50.7', '83.7', '75.2']
mean IoU: 71.7
Epoch: [17]  [ 0/45]  eta: 0:03:45  lr: 0.000019  loss: 0.2268 (0.2268)  time: 5.0056  data: 1.0663  max mem: 9189
Epoch: [17]  [ 5/45]  eta: 0:02:55  lr: 0.000018  loss: 0.5826 (0.4161)  time: 4.3805  data: 0.1961  max mem: 9189
Epoch: [17]  [10/45]  eta: 0:02:31  lr: 0.000018  loss: 0.4046 (0.4408)  time: 4.3168  data: 0.1152  max mem: 9189
Epoch: [17]  [15/45]  eta: 0:02:07  lr: 0.000017  loss: 0.4055 (0.4208)  time: 4.2660  data: 0.0841  max mem: 9189
Epoch: [17]  [20/45]  eta: 0:01:46  lr: 0.000016  loss: 0.2291 (0.4169)  time: 4.2249  data: 0.0189  max mem: 9189
Epoch: [17]  [25/45]  eta: 0:01:25  lr: 0.000016  loss: 0.6301 (0.4457)  time: 4.2115  data: 0.0180  max mem: 9189
Epoch: [17]  [30/45]  eta: 0:01:03  lr: 0.000015  loss: 0.3292 (0.4394)  time: 4.2158  data: 0.0183  max mem: 9189
Epoch: [17]  [35/45]  eta: 0:00:42  lr: 0.000014  loss: 0.5351 (0.4450)  time: 4.2351  data: 0.0194  max mem: 9189
Epoch: [17]  [40/45]  eta: 0:00:21  lr: 0.000014  loss: 0.8638 (0.4679)  time: 4.2381  data: 0.0198  max mem: 9189
Epoch: [17] Total time: 0:03:11
Test:  [ 0/91]  eta: 0:03:03    time: 2.0197  data: 0.9726  max mem: 9189
Test:  [10/91]  eta: 0:01:17    time: 0.9512  data: 0.1123  max mem: 9189
Test:  [20/91]  eta: 0:01:07    time: 0.9023  data: 0.0278  max mem: 9189
Test:  [30/91]  eta: 0:00:58    time: 0.9573  data: 0.0275  max mem: 9189
Test:  [40/91]  eta: 0:00:48    time: 0.9486  data: 0.0269  max mem: 9189
Test:  [50/91]  eta: 0:00:38    time: 0.9224  data: 0.0265  max mem: 9189
Test:  [60/91]  eta: 0:00:29    time: 0.9034  data: 0.0272  max mem: 9189
Test:  [70/91]  eta: 0:00:20    time: 1.0294  data: 0.0286  max mem: 9189
Test:  [80/91]  eta: 0:00:10    time: 1.0156  data: 0.0267  max mem: 9189
Test:  [90/91]  eta: 0:00:00    time: 0.8832  data: 0.0250  max mem: 9189
Test: Total time: 0:01:26
global correct: 93.7
average row correct: ['96.9', '91.0', '73.7', '86.2', '82.3', '73.3', '93.8', '87.9', '93.7', '59.4', '80.5', '61.5', '82.5', '86.8', '86.8', '93.9', '68.4', '84.9', '67.1', '87.3', '85.6']
IoU: ['93.6', '86.2', '38.3', '79.8', '69.4', '66.1', '88.8', '77.2', '80.5', '41.8', '74.4', '52.9', '72.6', '75.6', '79.1', '87.7', '56.8', '75.7', '50.5', '83.7', '74.8']
mean IoU: 71.7
Epoch: [18]  [ 0/45]  eta: 0:03:54  lr: 0.000013  loss: 0.8666 (0.8666)  time: 5.2068  data: 1.1344  max mem: 9189
Epoch: [18]  [ 5/45]  eta: 0:02:54  lr: 0.000012  loss: 0.2256 (0.4884)  time: 4.3549  data: 0.2046  max mem: 9189
Epoch: [18]  [10/45]  eta: 0:02:30  lr: 0.000012  loss: 0.3497 (0.4783)  time: 4.2931  data: 0.1192  max mem: 9189
Epoch: [18]  [15/45]  eta: 0:02:08  lr: 0.000011  loss: 0.4230 (0.4894)  time: 4.2733  data: 0.0882  max mem: 9189
Epoch: [18]  [20/45]  eta: 0:01:46  lr: 0.000010  loss: 0.4432 (0.4849)  time: 4.2024  data: 0.0192  max mem: 9189
Epoch: [18]  [25/45]  eta: 0:01:24  lr: 0.000010  loss: 0.3610 (0.4792)  time: 4.1978  data: 0.0201  max mem: 9189
Epoch: [18]  [30/45]  eta: 0:01:03  lr: 0.000009  loss: 0.2934 (0.4906)  time: 4.1910  data: 0.0213  max mem: 9189
Epoch: [18]  [35/45]  eta: 0:00:42  lr: 0.000008  loss: 0.4885 (0.4743)  time: 4.1778  data: 0.0223  max mem: 9189
Epoch: [18]  [40/45]  eta: 0:00:21  lr: 0.000008  loss: 0.3354 (0.4637)  time: 4.1859  data: 0.0229  max mem: 9189
Epoch: [18] Total time: 0:03:10
Test:  [ 0/91]  eta: 0:03:16    time: 2.1571  data: 1.0957  max mem: 9189
Test:  [10/91]  eta: 0:01:19    time: 0.9774  data: 0.1254  max mem: 9189
Test:  [20/91]  eta: 0:01:08    time: 0.9125  data: 0.0258  max mem: 9189
Test:  [30/91]  eta: 0:00:58    time: 0.9605  data: 0.0242  max mem: 9189
Test:  [40/91]  eta: 0:00:48    time: 0.9429  data: 0.0256  max mem: 9189
Test:  [50/91]  eta: 0:00:38    time: 0.9166  data: 0.0268  max mem: 9189
Test:  [60/91]  eta: 0:00:29    time: 0.9032  data: 0.0277  max mem: 9189
Test:  [70/91]  eta: 0:00:20    time: 1.0337  data: 0.0304  max mem: 9189
Test:  [80/91]  eta: 0:00:10    time: 1.0220  data: 0.0306  max mem: 9189
Test:  [90/91]  eta: 0:00:00    time: 0.8826  data: 0.0238  max mem: 9189
Test: Total time: 0:01:26
global correct: 93.7
average row correct: ['97.0', '90.6', '73.2', '86.5', '81.1', '70.8', '93.1', '88.1', '92.5', '59.4', '82.9', '62.1', '82.3', '85.0', '87.3', '93.6', '66.8', '86.3', '67.9', '90.3', '85.7']
IoU: ['93.6', '86.3', '38.2', '79.3', '70.4', '64.4', '89.0', '77.1', '81.0', '42.0', '75.4', '53.4', '73.0', '76.0', '79.0', '87.7', '57.0', '75.0', '50.6', '84.8', '75.2']
mean IoU: 71.8
Epoch: [19]  [ 0/45]  eta: 0:03:55  lr: 0.000007  loss: 0.4493 (0.4493)  time: 5.2347  data: 1.1376  max mem: 9189
Epoch: [19]  [ 5/45]  eta: 0:03:03  lr: 0.000006  loss: 0.3807 (0.4907)  time: 4.5856  data: 0.2086  max mem: 9189
Epoch: [19]  [10/45]  eta: 0:02:31  lr: 0.000005  loss: 0.6956 (0.5394)  time: 4.3189  data: 0.1227  max mem: 9189
Epoch: [19]  [15/45]  eta: 0:02:09  lr: 0.000005  loss: 0.5180 (0.5273)  time: 4.3319  data: 0.0906  max mem: 9189
Epoch: [19]  [20/45]  eta: 0:01:46  lr: 0.000004  loss: 0.1834 (0.4833)  time: 4.1967  data: 0.0199  max mem: 9189
Epoch: [19]  [25/45]  eta: 0:01:25  lr: 0.000003  loss: 0.2714 (0.4601)  time: 4.1751  data: 0.0185  max mem: 9189
Epoch: [19]  [30/45]  eta: 0:01:03  lr: 0.000002  loss: 0.2488 (0.4371)  time: 4.1933  data: 0.0186  max mem: 9189
Epoch: [19]  [35/45]  eta: 0:00:42  lr: 0.000002  loss: 0.2470 (0.4389)  time: 4.1961  data: 0.0184  max mem: 9189
Epoch: [19]  [40/45]  eta: 0:00:21  lr: 0.000001  loss: 0.3120 (0.4388)  time: 4.1910  data: 0.0193  max mem: 9189
Epoch: [19] Total time: 0:03:10
Test:  [ 0/91]  eta: 0:04:44    time: 3.1294  data: 0.9282  max mem: 9189
Test:  [10/91]  eta: 0:01:24    time: 1.0465  data: 0.1038  max mem: 9189
Test:  [20/91]  eta: 0:01:10    time: 0.8932  data: 0.0224  max mem: 9189
Test:  [30/91]  eta: 0:01:00    time: 0.9536  data: 0.0245  max mem: 9189
Test:  [40/91]  eta: 0:00:49    time: 0.9443  data: 0.0255  max mem: 9189
Test:  [50/91]  eta: 0:00:39    time: 0.9199  data: 0.0266  max mem: 9189
Test:  [60/91]  eta: 0:00:29    time: 0.9029  data: 0.0246  max mem: 9189
Test:  [70/91]  eta: 0:00:20    time: 1.0262  data: 0.0265  max mem: 9189
Test:  [80/91]  eta: 0:00:10    time: 1.0209  data: 0.0300  max mem: 9189
Test:  [90/91]  eta: 0:00:00    time: 0.8826  data: 0.0259  max mem: 9189
Test: Total time: 0:01:27
global correct: 93.7
average row correct: ['97.0', '91.2', '73.1', '87.6', '80.5', '71.6', '93.2', '88.0', '93.5', '58.6', '85.5', '62.3', '81.4', '84.0', '86.0', '93.8', '68.1', '84.2', '67.4', '89.0', '85.8']
IoU: ['93.6', '86.2', '38.2', '79.3', '70.5', '64.9', '88.9', '76.7', '80.5', '42.0', '75.8', '53.3', '73.1', '76.7', '79.1', '87.7', '57.4', '75.3', '50.6', '84.4', '74.6']
mean IoU: 71.9
Training time 1:33:32
WARNING: The shape inference of prim::Constant type is missing, so it may result in wrong shape inference for the exported graph. Please consider adding it in symbolic function.
WARNING: The shape inference of prim::Constant type is missing, so it may result in wrong shape inference for the exported graph. Please consider adding it in symbolic function.
WARNING: The shape inference of prim::Constant type is missing, so it may result in wrong shape inference for the exported graph. Please consider adding it in symbolic function.
WARNING: The shape inference of prim::Constant type is missing, so it may result in wrong shape inference for the exported graph. Please consider adding it in symbolic function.
WARNING: The shape inference of prim::Constant type is missing, so it may result in wrong shape inference for the exported graph. Please consider adding it in symbolic function.
WARNING: The shape inference of prim::Constant type is missing, so it may result in wrong shape inference for the exported graph. Please consider adding it in symbolic function.
WARNING: The shape inference of prim::Constant type is missing, so it may result in wrong shape inference for the exported graph. Please consider adding it in symbolic function.
WARNING: The shape inference of prim::Constant type is missing, so it may result in wrong shape inference for the exported graph. Please consider adding it in symbolic function.
WARNING: The shape inference of prim::Constant type is missing, so it may result in wrong shape inference for the exported graph. Please consider adding it in symbolic function.
WARNING: The shape inference of prim::Constant type is missing, so it may result in wrong shape inference for the exported graph. Please consider adding it in symbolic function.
WARNING: The shape inference of prim::Constant type is missing, so it may result in wrong shape inference for the exported graph. Please consider adding it in symbolic function.
WARNING: The shape inference of prim::Constant type is missing, so it may result in wrong shape inference for the exported graph. Please consider adding it in symbolic function.
wandb: Waiting for W&B process to finish... (success).
wandb: - 5160.741 MB of 5532.048 MB uploaded (0.000 MB deduped)wandb: \ 5165.281 MB of 5532.654 MB uploaded (0.000 MB deduped)wandb: | 5172.878 MB of 5532.654 MB uploaded (0.000 MB deduped)wandb: / 5182.050 MB of 5532.654 MB uploaded (0.000 MB deduped)wandb: - 5190.605 MB of 5532.654 MB uploaded (0.000 MB deduped)wandb: \ 5197.464 MB of 5532.654 MB uploaded (0.000 MB deduped)wandb: | 5203.737 MB of 5532.654 MB uploaded (0.000 MB deduped)wandb: / 5207.269 MB of 5532.654 MB uploaded (0.000 MB deduped)wandb: - 5208.941 MB of 5532.654 MB uploaded (0.000 MB deduped)wandb: \ 5213.784 MB of 5532.654 MB uploaded (0.000 MB deduped)wandb: | 5216.878 MB of 5532.654 MB uploaded (0.000 MB deduped)wandb: / 5219.355 MB of 5532.654 MB uploaded (0.000 MB deduped)wandb: - 5222.456 MB of 5532.654 MB uploaded (0.000 MB deduped)wandb: \ 5225.683 MB of 5532.654 MB uploaded (0.000 MB deduped)wandb: | 5228.214 MB of 5532.654 MB uploaded (0.000 MB deduped)wandb: / 5231.378 MB of 5532.654 MB uploaded (0.000 MB deduped)wandb: - 5235.159 MB of 5532.654 MB uploaded (0.000 MB deduped)wandb: \ 5238.441 MB of 5532.654 MB uploaded (0.000 MB deduped)wandb: | 5242.964 MB of 5532.654 MB uploaded (0.000 MB deduped)wandb: / 5246.316 MB of 5532.654 MB uploaded (0.000 MB deduped)wandb: - 5250.964 MB of 5532.654 MB uploaded (0.000 MB deduped)wandb: \ 5256.292 MB of 5532.654 MB uploaded (0.000 MB deduped)wandb: | 5261.003 MB of 5532.654 MB uploaded (0.000 MB deduped)wandb: / 5268.191 MB of 5532.654 MB uploaded (0.000 MB deduped)wandb: - 5274.823 MB of 5532.654 MB uploaded (0.000 MB deduped)wandb: \ 5282.941 MB of 5532.654 MB uploaded (0.000 MB deduped)wandb: | 5287.527 MB of 5532.654 MB uploaded (0.000 MB deduped)wandb: / 5287.527 MB of 5532.654 MB uploaded (0.000 MB deduped)wandb: - 5287.527 MB of 5532.654 MB uploaded (0.000 MB deduped)wandb: \ 5287.527 MB of 5532.654 MB uploaded (0.000 MB deduped)wandb: | 5287.527 MB of 5532.654 MB uploaded (0.000 MB deduped)wandb: / 5288.206 MB of 5532.654 MB uploaded (0.000 MB deduped)wandb: - 5288.206 MB of 5532.654 MB uploaded (0.000 MB deduped)wandb: \ 5289.573 MB of 5532.654 MB uploaded (0.000 MB deduped)wandb: | 5290.253 MB of 5532.654 MB uploaded (0.000 MB deduped)wandb: / 5291.612 MB of 5532.654 MB uploaded (0.000 MB deduped)wandb: - 5292.300 MB of 5532.654 MB uploaded (0.000 MB deduped)wandb: \ 5294.339 MB of 5532.654 MB uploaded (0.000 MB deduped)wandb: | 5295.706 MB of 5532.654 MB uploaded (0.000 MB deduped)wandb: / 5297.691 MB of 5532.654 MB uploaded (0.000 MB deduped)wandb: - 5298.370 MB of 5532.654 MB uploaded (0.000 MB deduped)wandb: \ 5300.480 MB of 5532.654 MB uploaded (0.000 MB deduped)wandb: | 5302.527 MB of 5532.654 MB uploaded (0.000 MB deduped)wandb: / 5304.566 MB of 5532.654 MB uploaded (0.000 MB deduped)wandb: - 5306.675 MB of 5532.654 MB uploaded (0.000 MB deduped)wandb: \ 5308.722 MB of 5532.654 MB uploaded (0.000 MB deduped)wandb: | 5311.448 MB of 5532.654 MB uploaded (0.000 MB deduped)wandb: / 5313.558 MB of 5532.654 MB uploaded (0.000 MB deduped)wandb: - 5315.784 MB of 5532.654 MB uploaded (0.000 MB deduped)wandb: \ 5316.527 MB of 5532.654 MB uploaded (0.000 MB deduped)wandb: | 5318.761 MB of 5532.654 MB uploaded (0.000 MB deduped)wandb: / 5320.245 MB of 5532.654 MB uploaded (0.000 MB deduped)wandb: - 5321.800 MB of 5532.654 MB uploaded (0.000 MB deduped)wandb: \ 5323.284 MB of 5532.654 MB uploaded (0.000 MB deduped)wandb: | 5324.769 MB of 5532.654 MB uploaded (0.000 MB deduped)wandb: / 5325.519 MB of 5532.654 MB uploaded (0.000 MB deduped)wandb: - 5327.566 MB of 5532.654 MB uploaded (0.000 MB deduped)wandb: \ 5330.355 MB of 5532.654 MB uploaded (0.000 MB deduped)wandb: | 5332.394 MB of 5532.654 MB uploaded (0.000 MB deduped)wandb: / 5334.448 MB of 5532.654 MB uploaded (0.000 MB deduped)wandb: - 5338.097 MB of 5532.654 MB uploaded (0.000 MB deduped)wandb: \ 5340.144 MB of 5532.654 MB uploaded (0.000 MB deduped)wandb: | 5344.300 MB of 5532.654 MB uploaded (0.000 MB deduped)wandb: / 5347.277 MB of 5532.654 MB uploaded (0.000 MB deduped)wandb: - 5351.949 MB of 5532.654 MB uploaded (0.000 MB deduped)wandb: \ 5354.558 MB of 5532.654 MB uploaded (0.000 MB deduped)wandb: | 5357.097 MB of 5532.654 MB uploaded (0.000 MB deduped)wandb: / 5359.699 MB of 5532.654 MB uploaded (0.000 MB deduped)wandb: - 5361.004 MB of 5532.654 MB uploaded (0.000 MB deduped)wandb: \ 5364.902 MB of 5532.654 MB uploaded (0.000 MB deduped)wandb: | 5366.207 MB of 5532.654 MB uploaded (0.000 MB deduped)wandb: / 5370.113 MB of 5532.654 MB uploaded (0.000 MB deduped)wandb: - 5371.410 MB of 5532.654 MB uploaded (0.000 MB deduped)wandb: \ 5374.074 MB of 5532.654 MB uploaded (0.000 MB deduped)wandb: | 5376.621 MB of 5532.654 MB uploaded (0.000 MB deduped)wandb: / 5379.222 MB of 5532.654 MB uploaded (0.000 MB deduped)wandb: - 5383.066 MB of 5532.654 MB uploaded (0.000 MB deduped)wandb: \ 5384.425 MB of 5532.654 MB uploaded (0.000 MB deduped)wandb: | 5387.027 MB of 5532.654 MB uploaded (0.000 MB deduped)wandb: / 5389.636 MB of 5532.654 MB uploaded (0.000 MB deduped)wandb: - 5392.238 MB of 5532.654 MB uploaded (0.000 MB deduped)wandb: \ 5394.839 MB of 5532.654 MB uploaded (0.000 MB deduped)wandb: | 5396.144 MB of 5532.654 MB uploaded (0.000 MB deduped)wandb: / 5398.746 MB of 5532.654 MB uploaded (0.000 MB deduped)wandb: - 5400.043 MB of 5532.654 MB uploaded (0.000 MB deduped)wandb: \ 5402.652 MB of 5532.654 MB uploaded (0.000 MB deduped)wandb: | 5403.949 MB of 5532.654 MB uploaded (0.000 MB deduped)wandb: / 5405.254 MB of 5532.654 MB uploaded (0.000 MB deduped)wandb: - 5406.550 MB of 5532.654 MB uploaded (0.000 MB deduped)wandb: \ 5407.855 MB of 5532.654 MB uploaded (0.000 MB deduped)wandb: | 5409.152 MB of 5532.654 MB uploaded (0.000 MB deduped)wandb: / 5410.457 MB of 5532.654 MB uploaded (0.000 MB deduped)wandb: - 5411.761 MB of 5532.654 MB uploaded (0.000 MB deduped)wandb: \ 5412.996 MB of 5532.654 MB uploaded (0.000 MB deduped)wandb: | 5412.996 MB of 5532.654 MB uploaded (0.000 MB deduped)wandb: / 5414.300 MB of 5532.654 MB uploaded (0.000 MB deduped)wandb: - 5415.597 MB of 5532.654 MB uploaded (0.000 MB deduped)wandb: \ 5416.902 MB of 5532.654 MB uploaded (0.000 MB deduped)wandb: | 5416.902 MB of 5532.654 MB uploaded (0.000 MB deduped)wandb: / 5418.207 MB of 5532.654 MB uploaded (0.000 MB deduped)wandb: - 5418.207 MB of 5532.654 MB uploaded (0.000 MB deduped)wandb: \ 5419.566 MB of 5532.654 MB uploaded (0.000 MB deduped)wandb: | 5420.871 MB of 5532.654 MB uploaded (0.000 MB deduped)wandb: / 5420.871 MB of 5532.654 MB uploaded (0.000 MB deduped)wandb: - 5420.871 MB of 5532.654 MB uploaded (0.000 MB deduped)wandb: \ 5422.168 MB of 5532.654 MB uploaded (0.000 MB deduped)wandb: | 5423.472 MB of 5532.654 MB uploaded (0.000 MB deduped)wandb: / 5424.777 MB of 5532.654 MB uploaded (0.000 MB deduped)wandb: - 5426.011 MB of 5532.654 MB uploaded (0.000 MB deduped)wandb: \ 5427.316 MB of 5532.654 MB uploaded (0.000 MB deduped)wandb: | 5429.918 MB of 5532.654 MB uploaded (0.000 MB deduped)wandb: / 5431.222 MB of 5532.654 MB uploaded (0.000 MB deduped)wandb: - 5433.824 MB of 5532.654 MB uploaded (0.000 MB deduped)wandb: \ 5436.425 MB of 5532.654 MB uploaded (0.000 MB deduped)wandb: | 5438.964 MB of 5532.654 MB uploaded (0.000 MB deduped)wandb: / 5441.566 MB of 5532.654 MB uploaded (0.000 MB deduped)wandb: - 5445.472 MB of 5532.654 MB uploaded (0.000 MB deduped)wandb: \ 5448.074 MB of 5532.654 MB uploaded (0.000 MB deduped)wandb: | 5451.980 MB of 5532.654 MB uploaded (0.000 MB deduped)wandb: / 5454.582 MB of 5532.654 MB uploaded (0.000 MB deduped)wandb: - 5458.550 MB of 5532.654 MB uploaded (0.000 MB deduped)wandb: \ 5461.152 MB of 5532.654 MB uploaded (0.000 MB deduped)wandb: | 5465.058 MB of 5532.654 MB uploaded (0.000 MB deduped)wandb: / 5468.964 MB of 5532.654 MB uploaded (0.000 MB deduped)wandb: - 5471.691 MB of 5532.654 MB uploaded (0.000 MB deduped)wandb: \ 5474.293 MB of 5532.654 MB uploaded (0.000 MB deduped)wandb: | 5476.894 MB of 5532.654 MB uploaded (0.000 MB deduped)wandb: / 5478.199 MB of 5532.654 MB uploaded (0.000 MB deduped)wandb: - 5480.738 MB of 5532.654 MB uploaded (0.000 MB deduped)wandb: \ 5483.339 MB of 5532.654 MB uploaded (0.000 MB deduped)wandb: | 5485.879 MB of 5532.654 MB uploaded (0.000 MB deduped)wandb: / 5487.183 MB of 5532.654 MB uploaded (0.000 MB deduped)wandb: - 5487.183 MB of 5532.654 MB uploaded (0.000 MB deduped)wandb: \ 5487.183 MB of 5532.654 MB uploaded (0.000 MB deduped)wandb: | 5487.183 MB of 5532.654 MB uploaded (0.000 MB deduped)wandb: / 5487.183 MB of 5532.654 MB uploaded (0.000 MB deduped)wandb: - 5487.183 MB of 5532.654 MB uploaded (0.000 MB deduped)wandb: \ 5487.183 MB of 5532.654 MB uploaded (0.000 MB deduped)wandb: | 5487.183 MB of 5532.654 MB uploaded (0.000 MB deduped)wandb: / 5487.183 MB of 5532.654 MB uploaded (0.000 MB deduped)wandb: - 5487.183 MB of 5532.654 MB uploaded (0.000 MB deduped)wandb: \ 5487.183 MB of 5532.654 MB uploaded (0.000 MB deduped)wandb: | 5487.183 MB of 5532.654 MB uploaded (0.000 MB deduped)wandb: / 5487.183 MB of 5532.654 MB uploaded (0.000 MB deduped)wandb: - 5487.183 MB of 5532.654 MB uploaded (0.000 MB deduped)wandb: \ 5487.183 MB of 5532.654 MB uploaded (0.000 MB deduped)wandb: | 5487.183 MB of 5532.654 MB uploaded (0.000 MB deduped)wandb: / 5487.183 MB of 5532.654 MB uploaded (0.000 MB deduped)wandb: - 5487.183 MB of 5532.654 MB uploaded (0.000 MB deduped)wandb: \ 5487.183 MB of 5532.654 MB uploaded (0.000 MB deduped)wandb: | 5487.183 MB of 5532.654 MB uploaded (0.000 MB deduped)wandb: / 5487.183 MB of 5532.654 MB uploaded (0.000 MB deduped)wandb: - 5487.183 MB of 5532.654 MB uploaded (0.000 MB deduped)wandb: \ 5487.183 MB of 5532.654 MB uploaded (0.000 MB deduped)wandb: | 5487.183 MB of 5532.654 MB uploaded (0.000 MB deduped)wandb: / 5487.183 MB of 5532.654 MB uploaded (0.000 MB deduped)wandb: - 5487.183 MB of 5532.654 MB uploaded (0.000 MB deduped)wandb: \ 5487.183 MB of 5532.654 MB uploaded (0.000 MB deduped)wandb: | 5487.183 MB of 5532.654 MB uploaded (0.000 MB deduped)wandb: / 5488.480 MB of 5532.654 MB uploaded (0.000 MB deduped)wandb: - 5488.480 MB of 5532.654 MB uploaded (0.000 MB deduped)wandb: \ 5488.480 MB of 5532.654 MB uploaded (0.000 MB deduped)wandb: | 5488.480 MB of 5532.654 MB uploaded (0.000 MB deduped)wandb: / 5488.480 MB of 5532.654 MB uploaded (0.000 MB deduped)wandb: - 5488.480 MB of 5532.654 MB uploaded (0.000 MB deduped)wandb: \ 5489.785 MB of 5532.654 MB uploaded (0.000 MB deduped)wandb: | 5489.785 MB of 5532.654 MB uploaded (0.000 MB deduped)wandb: / 5489.785 MB of 5532.654 MB uploaded (0.000 MB deduped)wandb: - 5489.785 MB of 5532.654 MB uploaded (0.000 MB deduped)wandb: \ 5489.785 MB of 5532.654 MB uploaded (0.000 MB deduped)wandb: | 5489.785 MB of 5532.654 MB uploaded (0.000 MB deduped)wandb: / 5489.785 MB of 5532.654 MB uploaded (0.000 MB deduped)wandb: - 5489.785 MB of 5532.654 MB uploaded (0.000 MB deduped)wandb: \ 5489.785 MB of 5532.654 MB uploaded (0.000 MB deduped)wandb: | 5489.785 MB of 5532.654 MB uploaded (0.000 MB deduped)wandb: / 5489.785 MB of 5532.654 MB uploaded (0.000 MB deduped)wandb: - 5489.785 MB of 5532.654 MB uploaded (0.000 MB deduped)wandb: \ 5489.785 MB of 5532.654 MB uploaded (0.000 MB deduped)wandb: | 5489.785 MB of 5532.654 MB uploaded (0.000 MB deduped)wandb: / 5489.785 MB of 5532.654 MB uploaded (0.000 MB deduped)wandb: - 5489.785 MB of 5532.654 MB uploaded (0.000 MB deduped)wandb: \ 5489.785 MB of 5532.654 MB uploaded (0.000 MB deduped)wandb: | 5489.785 MB of 5532.654 MB uploaded (0.000 MB deduped)wandb: / 5489.785 MB of 5532.654 MB uploaded (0.000 MB deduped)wandb: - 5489.785 MB of 5532.654 MB uploaded (0.000 MB deduped)wandb: \ 5489.785 MB of 5532.654 MB uploaded (0.000 MB deduped)wandb: | 5489.785 MB of 5532.654 MB uploaded (0.000 MB deduped)wandb: / 5489.785 MB of 5532.654 MB uploaded (0.000 MB deduped)wandb: - 5489.785 MB of 5532.654 MB uploaded (0.000 MB deduped)wandb: \ 5489.785 MB of 5532.654 MB uploaded (0.000 MB deduped)wandb: | 5489.785 MB of 5532.654 MB uploaded (0.000 MB deduped)wandb: / 5489.785 MB of 5532.654 MB uploaded (0.000 MB deduped)wandb: - 5489.785 MB of 5532.654 MB uploaded (0.000 MB deduped)wandb: \ 5489.785 MB of 5532.654 MB uploaded (0.000 MB deduped)wandb: | 5489.785 MB of 5532.654 MB uploaded (0.000 MB deduped)wandb: / 5489.785 MB of 5532.654 MB uploaded (0.000 MB deduped)wandb: - 5489.785 MB of 5532.654 MB uploaded (0.000 MB deduped)wandb: \ 5491.089 MB of 5532.654 MB uploaded (0.000 MB deduped)wandb: | 5491.089 MB of 5532.654 MB uploaded (0.000 MB deduped)wandb: / 5491.089 MB of 5532.654 MB uploaded (0.000 MB deduped)wandb: - 5491.089 MB of 5532.654 MB uploaded (0.000 MB deduped)wandb: \ 5491.089 MB of 5532.654 MB uploaded (0.000 MB deduped)wandb: | 5491.089 MB of 5532.654 MB uploaded (0.000 MB deduped)wandb: / 5491.089 MB of 5532.654 MB uploaded (0.000 MB deduped)wandb: - 5491.089 MB of 5532.654 MB uploaded (0.000 MB deduped)wandb: \ 5491.089 MB of 5532.654 MB uploaded (0.000 MB deduped)wandb: | 5491.089 MB of 5532.654 MB uploaded (0.000 MB deduped)wandb: / 5491.089 MB of 5532.654 MB uploaded (0.000 MB deduped)wandb: - 5491.089 MB of 5532.654 MB uploaded (0.000 MB deduped)wandb: \ 5491.089 MB of 5532.654 MB uploaded (0.000 MB deduped)wandb: | 5491.089 MB of 5532.654 MB uploaded (0.000 MB deduped)wandb: / 5491.089 MB of 5532.654 MB uploaded (0.000 MB deduped)wandb: - 5491.089 MB of 5532.654 MB uploaded (0.000 MB deduped)wandb: \ 5491.089 MB of 5532.654 MB uploaded (0.000 MB deduped)wandb: | 5491.089 MB of 5532.654 MB uploaded (0.000 MB deduped)wandb: / 5491.089 MB of 5532.654 MB uploaded (0.000 MB deduped)wandb: - 5491.089 MB of 5532.654 MB uploaded (0.000 MB deduped)wandb: \ 5491.089 MB of 5532.654 MB uploaded (0.000 MB deduped)wandb: | 5491.089 MB of 5532.654 MB uploaded (0.000 MB deduped)wandb: / 5491.089 MB of 5532.654 MB uploaded (0.000 MB deduped)wandb: - 5491.089 MB of 5532.654 MB uploaded (0.000 MB deduped)wandb: \ 5491.089 MB of 5532.654 MB uploaded (0.000 MB deduped)wandb: | 5491.089 MB of 5532.654 MB uploaded (0.000 MB deduped)wandb: / 5491.089 MB of 5532.654 MB uploaded (0.000 MB deduped)wandb: - 5492.386 MB of 5532.654 MB uploaded (0.000 MB deduped)wandb: \ 5492.386 MB of 5532.654 MB uploaded (0.000 MB deduped)wandb: | 5493.691 MB of 5532.654 MB uploaded (0.000 MB deduped)wandb: / 5493.691 MB of 5532.654 MB uploaded (0.000 MB deduped)wandb: - 5496.293 MB of 5532.654 MB uploaded (0.000 MB deduped)wandb: \ 5498.894 MB of 5532.654 MB uploaded (0.000 MB deduped)wandb: | 5501.433 MB of 5532.654 MB uploaded (0.000 MB deduped)wandb: / 5505.277 MB of 5532.654 MB uploaded (0.000 MB deduped)wandb: - 5510.488 MB of 5532.654 MB uploaded (0.000 MB deduped)wandb: \ 5515.691 MB of 5532.654 MB uploaded (0.000 MB deduped)wandb: | 5522.136 MB of 5532.654 MB uploaded (0.000 MB deduped)wandb: / 5528.832 MB of 5532.654 MB uploaded (0.000 MB deduped)wandb: - 5532.654 MB of 5532.654 MB uploaded (0.000 MB deduped)wandb: \ 5532.654 MB of 5532.654 MB uploaded (0.000 MB deduped)wandb: | 5532.654 MB of 5532.654 MB uploaded (0.000 MB deduped)wandb: 
wandb: Run history:
wandb: acc_global ▁▃▄▅▅▅▅▆▅▇█▇▇██▆█▇██
wandb:         lr ██▇▇▇▆▆▆▅▅▅▄▄▃▃▃▂▂▁▁
wandb:       mIOU ▁▃▄▅▅▅▆▇▆▇▇▇███▆████
wandb:  mean_loss ▇█▅▄█▅▃▄▄▆▅▂▄▂▂▂▃▂▁▁
wandb: 
wandb: Run summary:
wandb: acc_global 0.93731
wandb:         lr 0.0
wandb:       mIOU 71.85647
wandb:  mean_loss 0.44652
wandb: 
wandb: Synced glorious-lake-40: https://wandb.ai/dekun/fcn/runs/5cr2syqp
wandb: Synced 7 W&B file(s), 0 media file(s), 0 artifact file(s) and 24 other file(s)
wandb: Find logs at: ./wandb/run-20221112_215512-5cr2syqp/logs
