WARNING:torch.distributed.run:
*****************************************
Setting OMP_NUM_THREADS environment variable for each process to be 1 in default, to avoid your system being overloaded, please further tune the variable for optimal performance in your application as needed. 
*****************************************
| distributed init (rank 0): env://
| distributed init (rank 1): env://
Namespace(data_path='../../../input/pascal', device='cuda', num_classes=20, batch_size=16, batch_size_val=8, aux=True, start_epoch=0, epochs=20, sync_bn=True, workers=4, lr=0.0001, momentum=0.9, weight_decay=0.0001, print_freq=5, output_dir='./multi_train', resume='', test_only=False, world_size=2, dist_url='env://', amp=True, seed=304, result_save='./experiment/result/results20221112-201447', wandb=True, wandb_model='run', rank=0, gpu=0, distributed=True, dist_backend='nccl')
Creating data loaders
Creating model
wandb: Currently logged in as: dekun. Use `wandb login --relogin` to force relogin
wandb: - Waiting for wandb.init()...wandb: \ Waiting for wandb.init()...wandb: wandb version 0.13.5 is available!  To upgrade, please run:
wandb:  $ pip install wandb --upgrade
wandb: Tracking run with wandb version 0.13.4
wandb: Run data is saved locally in /home/zk/GIT/working/DCNet/fcn/wandb/run-20221112_201503-1e8mwyua
wandb: Run `wandb offline` to turn off syncing.
wandb: Syncing run cosmic-morning-39
wandb: ⭐️ View project at https://wandb.ai/dekun/fcn
wandb: 🚀 View run at https://wandb.ai/dekun/fcn/runs/1e8mwyua
Start training
Epoch: [0]  [ 0/45]  eta: 0:08:09  lr: 0.000002  loss: 0.4819 (0.4819)  time: 10.8724  data: 1.0416  max mem: 8911
Epoch: [0]  [ 5/45]  eta: 0:03:24  lr: 0.000013  loss: 0.4926 (0.5037)  time: 5.1162  data: 0.1936  max mem: 9189
Epoch: [0]  [10/45]  eta: 0:02:48  lr: 0.000025  loss: 0.2550 (0.4732)  time: 4.8208  data: 0.1145  max mem: 9189
Epoch: [0]  [15/45]  eta: 0:02:17  lr: 0.000036  loss: 0.4460 (0.5233)  time: 4.5806  data: 0.0856  max mem: 9189
Epoch: [0]  [20/45]  eta: 0:01:53  lr: 0.000047  loss: 0.4351 (0.5325)  time: 4.2430  data: 0.0205  max mem: 9189
Epoch: [0]  [25/45]  eta: 0:01:29  lr: 0.000058  loss: 0.4861 (0.5286)  time: 4.2775  data: 0.0199  max mem: 9189
Epoch: [0]  [30/45]  eta: 0:01:07  lr: 0.000069  loss: 0.2650 (0.5458)  time: 4.2901  data: 0.0195  max mem: 9189
Epoch: [0]  [35/45]  eta: 0:00:44  lr: 0.000080  loss: 0.5950 (0.5753)  time: 4.3153  data: 0.0199  max mem: 9189
Epoch: [0]  [40/45]  eta: 0:00:22  lr: 0.000091  loss: 0.6370 (0.5559)  time: 4.3191  data: 0.0213  max mem: 9189
Epoch: [0] Total time: 0:03:18
Test:  [ 0/91]  eta: 0:05:40    time: 3.7462  data: 0.8804  max mem: 9189
Test:  [10/91]  eta: 0:01:29    time: 1.1049  data: 0.1018  max mem: 9189
Test:  [20/91]  eta: 0:01:13    time: 0.8961  data: 0.0234  max mem: 9189
Test:  [30/91]  eta: 0:01:01    time: 0.9565  data: 0.0243  max mem: 9189
Test:  [40/91]  eta: 0:00:50    time: 0.9507  data: 0.0283  max mem: 9189
Test:  [50/91]  eta: 0:00:39    time: 0.9232  data: 0.0276  max mem: 9189
Test:  [60/91]  eta: 0:00:29    time: 0.9019  data: 0.0243  max mem: 9189
Test:  [70/91]  eta: 0:00:21    time: 1.0673  data: 0.0272  max mem: 9189
Test:  [80/91]  eta: 0:00:10    time: 1.0615  data: 0.0276  max mem: 9189
Test:  [90/91]  eta: 0:00:00    time: 0.8874  data: 0.0241  max mem: 9189
Test: Total time: 0:01:28
global correct: 93.3
average row correct: ['97.8', '88.4', '73.8', '81.6', '71.4', '47.0', '92.0', '77.0', '89.0', '47.9', '84.1', '56.7', '82.6', '80.9', '85.9', '94.5', '55.8', '84.2', '61.9', '85.7', '76.4']
IoU: ['92.8', '84.6', '37.7', '78.0', '65.6', '45.6', '88.9', '71.7', '81.8', '38.6', '75.7', '49.6', '73.7', '76.4', '78.3', '86.6', '51.4', '75.4', '49.3', '82.2', '72.7']
mean IoU: 69.4
Epoch: [1]  [ 0/45]  eta: 0:04:01  lr: 0.000100  loss: 0.8694 (0.8694)  time: 5.3717  data: 1.1259  max mem: 9189
Epoch: [1]  [ 5/45]  eta: 0:03:04  lr: 0.000099  loss: 0.3525 (0.4574)  time: 4.6074  data: 0.2050  max mem: 9189
Epoch: [1]  [10/45]  eta: 0:02:33  lr: 0.000099  loss: 0.4647 (0.5011)  time: 4.3825  data: 0.1222  max mem: 9189
Epoch: [1]  [15/45]  eta: 0:02:12  lr: 0.000098  loss: 0.5559 (0.5984)  time: 4.4200  data: 0.0891  max mem: 9189
Epoch: [1]  [20/45]  eta: 0:01:48  lr: 0.000098  loss: 0.4957 (0.5764)  time: 4.2984  data: 0.0202  max mem: 9189
Epoch: [1]  [25/45]  eta: 0:01:27  lr: 0.000097  loss: 0.4142 (0.5644)  time: 4.3064  data: 0.0201  max mem: 9189
Epoch: [1]  [30/45]  eta: 0:01:05  lr: 0.000097  loss: 0.3117 (0.5884)  time: 4.3155  data: 0.0198  max mem: 9189
Epoch: [1]  [35/45]  eta: 0:00:43  lr: 0.000096  loss: 0.3579 (0.5962)  time: 4.3248  data: 0.0210  max mem: 9189
Epoch: [1]  [40/45]  eta: 0:00:21  lr: 0.000096  loss: 0.7051 (0.5903)  time: 4.3249  data: 0.0202  max mem: 9189
Epoch: [1] Total time: 0:03:16
Test:  [ 0/91]  eta: 0:03:03    time: 2.0135  data: 0.9691  max mem: 9189
Test:  [10/91]  eta: 0:01:17    time: 0.9563  data: 0.1087  max mem: 9189
Test:  [20/91]  eta: 0:01:07    time: 0.9010  data: 0.0221  max mem: 9189
Test:  [30/91]  eta: 0:00:58    time: 0.9596  data: 0.0244  max mem: 9189
Test:  [40/91]  eta: 0:00:48    time: 0.9559  data: 0.0276  max mem: 9189
Test:  [50/91]  eta: 0:00:38    time: 0.9229  data: 0.0251  max mem: 9189
Test:  [60/91]  eta: 0:00:29    time: 0.9091  data: 0.0262  max mem: 9189
Test:  [70/91]  eta: 0:00:20    time: 1.0547  data: 0.0292  max mem: 9189
Test:  [80/91]  eta: 0:00:10    time: 1.0298  data: 0.0253  max mem: 9189
Test:  [90/91]  eta: 0:00:00    time: 0.8760  data: 0.0221  max mem: 9189
Test: Total time: 0:01:26
global correct: 93.4
average row correct: ['97.6', '89.8', '73.6', '83.9', '73.4', '50.5', '92.3', '81.7', '91.1', '51.0', '83.9', '57.3', '82.0', '83.5', '86.7', '94.2', '58.3', '84.7', '64.1', '86.6', '78.0']
IoU: ['93.1', '84.8', '37.7', '79.4', '66.6', '48.8', '89.0', '73.8', '81.7', '39.7', '76.0', '50.1', '73.5', '76.8', '77.9', '87.1', '52.7', '75.8', '50.1', '82.9', '73.5']
mean IoU: 70.1
Epoch: [2]  [ 0/45]  eta: 0:03:57  lr: 0.000095  loss: 0.3704 (0.3704)  time: 5.2815  data: 0.9811  max mem: 9189
Epoch: [2]  [ 5/45]  eta: 0:02:54  lr: 0.000095  loss: 0.1914 (0.3472)  time: 4.3601  data: 0.1755  max mem: 9189
Epoch: [2]  [10/45]  eta: 0:02:34  lr: 0.000094  loss: 0.9552 (0.4574)  time: 4.4200  data: 0.1030  max mem: 9189
Epoch: [2]  [15/45]  eta: 0:02:10  lr: 0.000094  loss: 0.6619 (0.4752)  time: 4.3414  data: 0.0771  max mem: 9189
Epoch: [2]  [20/45]  eta: 0:01:49  lr: 0.000093  loss: 1.1094 (0.5172)  time: 4.3429  data: 0.0185  max mem: 9189
Epoch: [2]  [25/45]  eta: 0:01:26  lr: 0.000092  loss: 0.5050 (0.5256)  time: 4.3238  data: 0.0200  max mem: 9189
Epoch: [2]  [30/45]  eta: 0:01:05  lr: 0.000092  loss: 0.4773 (0.5420)  time: 4.3253  data: 0.0213  max mem: 9189
Epoch: [2]  [35/45]  eta: 0:00:43  lr: 0.000091  loss: 0.8228 (0.5387)  time: 4.3239  data: 0.0211  max mem: 9189
Epoch: [2]  [40/45]  eta: 0:00:21  lr: 0.000091  loss: 0.5257 (0.5370)  time: 4.3229  data: 0.0198  max mem: 9189
Epoch: [2] Total time: 0:03:15
Test:  [ 0/91]  eta: 0:02:58    time: 1.9567  data: 0.8930  max mem: 9189
Test:  [10/91]  eta: 0:01:16    time: 0.9473  data: 0.1013  max mem: 9189
Test:  [20/91]  eta: 0:01:07    time: 0.9023  data: 0.0243  max mem: 9189
Test:  [30/91]  eta: 0:00:58    time: 0.9581  data: 0.0252  max mem: 9189
Test:  [40/91]  eta: 0:00:48    time: 0.9435  data: 0.0245  max mem: 9189
Test:  [50/91]  eta: 0:00:38    time: 0.9200  data: 0.0264  max mem: 9189
Test:  [60/91]  eta: 0:00:29    time: 0.9106  data: 0.0275  max mem: 9189
Test:  [70/91]  eta: 0:00:20    time: 1.0678  data: 0.0275  max mem: 9189
Test:  [80/91]  eta: 0:00:10    time: 1.0523  data: 0.0256  max mem: 9189
Test:  [90/91]  eta: 0:00:00    time: 0.8848  data: 0.0223  max mem: 9189
Test: Total time: 0:01:27
global correct: 93.5
average row correct: ['97.4', '90.3', '72.8', '85.6', '75.3', '56.1', '92.9', '82.8', '92.6', '53.3', '79.3', '58.3', '81.8', '85.6', '86.5', '94.3', '60.7', '85.1', '65.1', '86.0', '79.9']
IoU: ['93.2', '84.8', '37.3', '79.5', '67.9', '53.5', '88.9', '74.3', '81.1', '40.8', '74.2', '50.8', '72.7', '76.1', '78.0', '87.1', '54.2', '75.5', '50.6', '82.6', '73.4']
mean IoU: 70.3
Epoch: [3]  [ 0/45]  eta: 0:04:03  lr: 0.000090  loss: 0.6344 (0.6344)  time: 5.4004  data: 1.1513  max mem: 9189
Epoch: [3]  [ 5/45]  eta: 0:03:05  lr: 0.000090  loss: 0.7612 (0.5107)  time: 4.6476  data: 0.2095  max mem: 9189
Epoch: [3]  [10/45]  eta: 0:02:35  lr: 0.000089  loss: 0.6943 (0.5426)  time: 4.4338  data: 0.1219  max mem: 9189
Epoch: [3]  [15/45]  eta: 0:02:12  lr: 0.000089  loss: 0.8327 (0.5347)  time: 4.4051  data: 0.0913  max mem: 9189
Epoch: [3]  [20/45]  eta: 0:01:47  lr: 0.000088  loss: 0.7514 (0.5528)  time: 4.2620  data: 0.0203  max mem: 9189
Epoch: [3]  [25/45]  eta: 0:01:26  lr: 0.000088  loss: 0.7358 (0.5477)  time: 4.2499  data: 0.0201  max mem: 9189
Epoch: [3]  [30/45]  eta: 0:01:04  lr: 0.000087  loss: 0.2523 (0.5261)  time: 4.2026  data: 0.0203  max mem: 9189
Epoch: [3]  [35/45]  eta: 0:00:43  lr: 0.000087  loss: 0.4090 (0.5195)  time: 4.2282  data: 0.0192  max mem: 9189
Epoch: [3]  [40/45]  eta: 0:00:21  lr: 0.000086  loss: 0.4428 (0.4991)  time: 4.2245  data: 0.0193  max mem: 9189
Epoch: [3] Total time: 0:03:13
Test:  [ 0/91]  eta: 0:03:01    time: 1.9910  data: 0.9324  max mem: 9189
Test:  [10/91]  eta: 0:01:18    time: 0.9685  data: 0.1059  max mem: 9189
Test:  [20/91]  eta: 0:01:09    time: 0.9252  data: 0.0230  max mem: 9189
Test:  [30/91]  eta: 0:00:59    time: 0.9796  data: 0.0249  max mem: 9189
Test:  [40/91]  eta: 0:00:49    time: 0.9609  data: 0.0271  max mem: 9189
Test:  [50/91]  eta: 0:00:39    time: 0.9391  data: 0.0266  max mem: 9189
Test:  [60/91]  eta: 0:00:29    time: 0.9278  data: 0.0268  max mem: 9189
Test:  [70/91]  eta: 0:00:20    time: 1.0806  data: 0.0310  max mem: 9189
Test:  [80/91]  eta: 0:00:10    time: 1.0670  data: 0.0298  max mem: 9189
Test:  [90/91]  eta: 0:00:00    time: 0.8942  data: 0.0248  max mem: 9189
Test: Total time: 0:01:28
global correct: 93.5
average row correct: ['97.2', '89.7', '74.8', '85.8', '76.8', '57.5', '92.8', '85.1', '92.3', '55.0', '80.4', '58.5', '81.7', '85.3', '87.3', '94.2', '62.7', '85.4', '67.4', '89.3', '81.4']
IoU: ['93.3', '85.5', '38.2', '79.3', '69.1', '54.5', '88.9', '75.1', '81.1', '41.6', '74.9', '51.0', '73.0', '76.6', '78.5', '87.2', '54.9', '75.5', '51.0', '84.0', '73.7']
mean IoU: 70.8
Epoch: [4]  [ 0/45]  eta: 0:04:08  lr: 0.000086  loss: 0.4358 (0.4358)  time: 5.5199  data: 1.1453  max mem: 9189
Epoch: [4]  [ 5/45]  eta: 0:02:58  lr: 0.000085  loss: 0.4388 (0.4705)  time: 4.4640  data: 0.2085  max mem: 9189
Epoch: [4]  [10/45]  eta: 0:02:30  lr: 0.000084  loss: 0.8174 (0.4848)  time: 4.3126  data: 0.1228  max mem: 9189
Epoch: [4]  [15/45]  eta: 0:02:08  lr: 0.000084  loss: 0.4635 (0.4803)  time: 4.2981  data: 0.0898  max mem: 9189
Epoch: [4]  [20/45]  eta: 0:01:46  lr: 0.000083  loss: 0.4526 (0.4951)  time: 4.2075  data: 0.0200  max mem: 9189
Epoch: [4]  [25/45]  eta: 0:01:25  lr: 0.000083  loss: 1.0873 (0.5663)  time: 4.2019  data: 0.0195  max mem: 9189
Epoch: [4]  [30/45]  eta: 0:01:03  lr: 0.000082  loss: 0.6869 (0.6280)  time: 4.2162  data: 0.0191  max mem: 9189
Epoch: [4]  [35/45]  eta: 0:00:42  lr: 0.000082  loss: 0.3090 (0.6246)  time: 4.1922  data: 0.0196  max mem: 9189
Epoch: [4]  [40/45]  eta: 0:00:21  lr: 0.000081  loss: 0.3888 (0.5971)  time: 4.1818  data: 0.0191  max mem: 9189
Epoch: [4] Total time: 0:03:09
Test:  [ 0/91]  eta: 0:04:43    time: 3.1109  data: 0.8756  max mem: 9189
Test:  [10/91]  eta: 0:01:24    time: 1.0452  data: 0.0974  max mem: 9189
Test:  [20/91]  eta: 0:01:11    time: 0.9042  data: 0.0250  max mem: 9189
Test:  [30/91]  eta: 0:01:00    time: 0.9620  data: 0.0254  max mem: 9189
Test:  [40/91]  eta: 0:00:49    time: 0.9459  data: 0.0244  max mem: 9189
Test:  [50/91]  eta: 0:00:39    time: 0.9200  data: 0.0271  max mem: 9189
Test:  [60/91]  eta: 0:00:29    time: 0.8993  data: 0.0246  max mem: 9189
Test:  [70/91]  eta: 0:00:20    time: 1.0211  data: 0.0261  max mem: 9189
Test:  [80/91]  eta: 0:00:10    time: 1.0146  data: 0.0251  max mem: 9189
Test:  [90/91]  eta: 0:00:00    time: 0.8873  data: 0.0220  max mem: 9189
Test: Total time: 0:01:27
global correct: 93.5
average row correct: ['97.1', '89.0', '74.1', '85.6', '78.0', '61.8', '90.7', '86.6', '93.0', '56.6', '83.5', '59.1', '81.3', '84.5', '87.3', '94.0', '63.1', '84.7', '67.7', '89.8', '81.3']
IoU: ['93.3', '85.5', '37.9', '79.4', '68.7', '57.7', '88.1', '75.1', '80.5', '41.7', '75.6', '51.1', '72.7', '76.6', '78.6', '87.2', '55.0', '75.3', '50.7', '83.6', '73.2']
mean IoU: 70.8
Epoch: [5]  [ 0/45]  eta: 0:03:46  lr: 0.000081  loss: 0.4327 (0.4327)  time: 5.0292  data: 0.9602  max mem: 9189
Epoch: [5]  [ 5/45]  eta: 0:02:50  lr: 0.000080  loss: 0.4747 (0.5254)  time: 4.2725  data: 0.1784  max mem: 9189
Epoch: [5]  [10/45]  eta: 0:02:29  lr: 0.000080  loss: 0.4388 (0.4881)  time: 4.2655  data: 0.1067  max mem: 9189
Epoch: [5]  [15/45]  eta: 0:02:07  lr: 0.000079  loss: 0.4191 (0.4975)  time: 4.2417  data: 0.0801  max mem: 9189
Epoch: [5]  [20/45]  eta: 0:01:46  lr: 0.000079  loss: 0.5152 (0.5388)  time: 4.2099  data: 0.0203  max mem: 9189
Epoch: [5]  [25/45]  eta: 0:01:24  lr: 0.000078  loss: 0.2615 (0.5416)  time: 4.2392  data: 0.0202  max mem: 9189
Epoch: [5]  [30/45]  eta: 0:01:03  lr: 0.000077  loss: 0.3547 (0.5304)  time: 4.2277  data: 0.0196  max mem: 9189
Epoch: [5]  [35/45]  eta: 0:00:42  lr: 0.000077  loss: 1.1572 (0.5289)  time: 4.2465  data: 0.0186  max mem: 9189
Epoch: [5]  [40/45]  eta: 0:00:21  lr: 0.000076  loss: 0.6887 (0.5331)  time: 4.2441  data: 0.0188  max mem: 9189
Epoch: [5] Total time: 0:03:10
Test:  [ 0/91]  eta: 0:02:58    time: 1.9651  data: 0.9105  max mem: 9189
Test:  [10/91]  eta: 0:01:16    time: 0.9470  data: 0.1048  max mem: 9189
Test:  [20/91]  eta: 0:01:07    time: 0.8983  data: 0.0227  max mem: 9189
Test:  [30/91]  eta: 0:00:57    time: 0.9515  data: 0.0219  max mem: 9189
Test:  [40/91]  eta: 0:00:48    time: 0.9442  data: 0.0253  max mem: 9189
Test:  [50/91]  eta: 0:00:38    time: 0.9157  data: 0.0282  max mem: 9189
Test:  [60/91]  eta: 0:00:28    time: 0.8985  data: 0.0264  max mem: 9189
Test:  [70/91]  eta: 0:00:20    time: 1.0298  data: 0.0278  max mem: 9189
Test:  [80/91]  eta: 0:00:10    time: 1.0142  data: 0.0270  max mem: 9189
Test:  [90/91]  eta: 0:00:00    time: 0.8814  data: 0.0227  max mem: 9189
Test: Total time: 0:01:26
global correct: 93.5
average row correct: ['97.0', '90.8', '74.4', '86.1', '81.1', '62.8', '91.4', '86.7', '92.9', '57.2', '78.3', '59.6', '82.1', '86.2', '87.7', '94.0', '64.2', '87.3', '67.1', '89.7', '82.6']
IoU: ['93.4', '85.6', '38.1', '79.4', '69.1', '58.6', '88.5', '75.8', '80.8', '41.8', '73.5', '51.8', '72.6', '75.5', '78.5', '87.4', '55.0', '73.7', '50.6', '83.7', '73.9']
mean IoU: 70.8
Epoch: [6]  [ 0/45]  eta: 0:03:52  lr: 0.000076  loss: 0.8274 (0.8274)  time: 5.1569  data: 1.1396  max mem: 9189
Epoch: [6]  [ 5/45]  eta: 0:02:55  lr: 0.000075  loss: 0.6116 (0.6449)  time: 4.3949  data: 0.2025  max mem: 9189
Epoch: [6]  [10/45]  eta: 0:02:30  lr: 0.000075  loss: 0.3554 (0.6053)  time: 4.3064  data: 0.1184  max mem: 9189
Epoch: [6]  [15/45]  eta: 0:02:08  lr: 0.000074  loss: 0.6220 (0.5581)  time: 4.2872  data: 0.0872  max mem: 9189
Epoch: [6]  [20/45]  eta: 0:01:46  lr: 0.000074  loss: 0.5339 (0.5488)  time: 4.2306  data: 0.0176  max mem: 9189
Epoch: [6]  [25/45]  eta: 0:01:25  lr: 0.000073  loss: 0.4193 (0.5344)  time: 4.2354  data: 0.0187  max mem: 9189
Epoch: [6]  [30/45]  eta: 0:01:04  lr: 0.000073  loss: 0.5554 (0.5180)  time: 4.2499  data: 0.0191  max mem: 9189
Epoch: [6]  [35/45]  eta: 0:00:42  lr: 0.000072  loss: 0.2519 (0.5034)  time: 4.2354  data: 0.0189  max mem: 9189
Epoch: [6]  [40/45]  eta: 0:00:21  lr: 0.000072  loss: 0.3611 (0.4951)  time: 4.2264  data: 0.0190  max mem: 9189
Epoch: [6] Total time: 0:03:11
Test:  [ 0/91]  eta: 0:03:05    time: 2.0378  data: 0.9658  max mem: 9189
Test:  [10/91]  eta: 0:01:16    time: 0.9503  data: 0.1094  max mem: 9189
Test:  [20/91]  eta: 0:01:07    time: 0.9022  data: 0.0252  max mem: 9189
Test:  [30/91]  eta: 0:00:58    time: 0.9605  data: 0.0266  max mem: 9189
Test:  [40/91]  eta: 0:00:48    time: 0.9491  data: 0.0271  max mem: 9189
Test:  [50/91]  eta: 0:00:38    time: 0.9223  data: 0.0261  max mem: 9189
Test:  [60/91]  eta: 0:00:29    time: 0.9070  data: 0.0262  max mem: 9189
Test:  [70/91]  eta: 0:00:20    time: 1.0303  data: 0.0297  max mem: 9189
Test:  [80/91]  eta: 0:00:10    time: 1.0192  data: 0.0271  max mem: 9189
Test:  [90/91]  eta: 0:00:00    time: 0.8913  data: 0.0243  max mem: 9189
Test: Total time: 0:01:26
global correct: 93.5
average row correct: ['97.0', '90.1', '73.3', '87.0', '80.0', '65.3', '91.9', '86.7', '93.4', '58.6', '78.7', '59.2', '81.4', '86.4', '87.2', '94.0', '65.6', '85.7', '68.4', '90.3', '83.2']
IoU: ['93.4', '85.8', '37.8', '79.4', '69.1', '60.5', '88.8', '76.3', '80.1', '41.7', '73.6', '51.3', '72.4', '75.6', '78.6', '87.3', '55.4', '75.0', '50.7', '84.0', '74.2']
mean IoU: 71.0
Epoch: [7]  [ 0/45]  eta: 0:03:51  lr: 0.000071  loss: 0.6590 (0.6590)  time: 5.1538  data: 1.0215  max mem: 9189
Epoch: [7]  [ 5/45]  eta: 0:02:52  lr: 0.000070  loss: 0.3423 (0.5116)  time: 4.3197  data: 0.1881  max mem: 9189
Epoch: [7]  [10/45]  eta: 0:02:30  lr: 0.000070  loss: 0.9957 (0.5863)  time: 4.3078  data: 0.1107  max mem: 9189
Epoch: [7]  [15/45]  eta: 0:02:08  lr: 0.000069  loss: 0.7479 (0.5420)  time: 4.2854  data: 0.0813  max mem: 9189
Epoch: [7]  [20/45]  eta: 0:01:47  lr: 0.000069  loss: 0.2223 (0.5359)  time: 4.2386  data: 0.0184  max mem: 9189
Epoch: [7]  [25/45]  eta: 0:01:24  lr: 0.000068  loss: 0.4097 (0.5242)  time: 4.2290  data: 0.0184  max mem: 9189
wandb: Network error (TransientError), entering retry loop.
Epoch: [7]  [30/45]  eta: 0:01:03  lr: 0.000068  loss: 0.5505 (0.5116)  time: 4.2008  data: 0.0194  max mem: 9189
Epoch: [7]  [35/45]  eta: 0:00:42  lr: 0.000067  loss: 0.6015 (0.5107)  time: 4.1980  data: 0.0195  max mem: 9189
Epoch: [7]  [40/45]  eta: 0:00:21  lr: 0.000067  loss: 0.4315 (0.5014)  time: 4.1704  data: 0.0206  max mem: 9189
Epoch: [7] Total time: 0:03:10
Test:  [ 0/91]  eta: 0:02:42    time: 1.7825  data: 0.7431  max mem: 9189
Test:  [10/91]  eta: 0:01:14    time: 0.9255  data: 0.0867  max mem: 9189
Test:  [20/91]  eta: 0:01:06    time: 0.9016  data: 0.0210  max mem: 9189
Test:  [30/91]  eta: 0:00:57    time: 0.9589  data: 0.0231  max mem: 9189
Test:  [40/91]  eta: 0:00:48    time: 0.9405  data: 0.0248  max mem: 9189
Test:  [50/91]  eta: 0:00:38    time: 0.9157  data: 0.0255  max mem: 9189
Test:  [60/91]  eta: 0:00:28    time: 0.9063  data: 0.0252  max mem: 9189
Test:  [70/91]  eta: 0:00:20    time: 1.0338  data: 0.0278  max mem: 9189
Test:  [80/91]  eta: 0:00:10    time: 1.0190  data: 0.0283  max mem: 9189
Test:  [90/91]  eta: 0:00:00    time: 0.8890  data: 0.0230  max mem: 9189
Test: Total time: 0:01:26
global correct: 93.6
average row correct: ['97.1', '91.0', '73.9', '87.1', '80.8', '65.2', '93.8', '85.9', '92.0', '58.5', '80.9', '60.0', '82.2', '87.0', '87.6', '93.8', '65.9', '85.6', '67.9', '87.3', '83.5']
IoU: ['93.4', '85.6', '38.0', '78.6', '69.3', '60.2', '88.6', '76.5', '81.2', '42.3', '75.1', '52.3', '73.8', '75.6', '78.6', '87.5', '56.7', '76.2', '50.7', '83.6', '74.4']
mean IoU: 71.3
Epoch: [8]  [ 0/45]  eta: 0:03:59  lr: 0.000066  loss: 0.4977 (0.4977)  time: 5.3163  data: 1.1178  max mem: 9189
Epoch: [8]  [ 5/45]  eta: 0:02:56  lr: 0.000065  loss: 0.7013 (0.5638)  time: 4.4144  data: 0.2039  max mem: 9189
Epoch: [8]  [10/45]  eta: 0:02:30  lr: 0.000065  loss: 0.6275 (0.6301)  time: 4.2983  data: 0.1183  max mem: 9189
Epoch: [8]  [15/45]  eta: 0:02:08  lr: 0.000064  loss: 0.4660 (0.5753)  time: 4.2773  data: 0.0890  max mem: 9189
Epoch: [8]  [20/45]  eta: 0:01:46  lr: 0.000064  loss: 0.3058 (0.5433)  time: 4.2057  data: 0.0201  max mem: 9189
Epoch: [8]  [25/45]  eta: 0:01:24  lr: 0.000063  loss: 0.2319 (0.5072)  time: 4.1945  data: 0.0204  max mem: 9189
Epoch: [8]  [30/45]  eta: 0:01:03  lr: 0.000063  loss: 0.6622 (0.5008)  time: 4.2237  data: 0.0212  max mem: 9189
Epoch: [8]  [35/45]  eta: 0:00:42  lr: 0.000062  loss: 0.3502 (0.4920)  time: 4.2233  data: 0.0196  max mem: 9189
Epoch: [8]  [40/45]  eta: 0:00:21  lr: 0.000062  loss: 0.3935 (0.5015)  time: 4.2035  data: 0.0200  max mem: 9189
Epoch: [8] Total time: 0:03:10
Test:  [ 0/91]  eta: 0:02:55    time: 1.9313  data: 0.8992  max mem: 9189
Test:  [10/91]  eta: 0:01:16    time: 0.9451  data: 0.1044  max mem: 9189
Test:  [20/91]  eta: 0:01:07    time: 0.9013  data: 0.0256  max mem: 9189
Test:  [30/91]  eta: 0:00:57    time: 0.9540  data: 0.0258  max mem: 9189
Test:  [40/91]  eta: 0:00:48    time: 0.9483  data: 0.0262  max mem: 9189
Test:  [50/91]  eta: 0:00:38    time: 0.9268  data: 0.0265  max mem: 9189
Test:  [60/91]  eta: 0:00:28    time: 0.9034  data: 0.0246  max mem: 9189
Test:  [70/91]  eta: 0:00:20    time: 1.0350  data: 0.0279  max mem: 9189
Test:  [80/91]  eta: 0:00:10    time: 1.0224  data: 0.0288  max mem: 9189
Test:  [90/91]  eta: 0:00:00    time: 0.8830  data: 0.0240  max mem: 9189
Test: Total time: 0:01:26
global correct: 93.6
average row correct: ['96.9', '90.9', '74.4', '86.8', '80.7', '67.1', '93.5', '87.1', '92.8', '59.4', '73.9', '60.7', '82.8', '88.4', '87.0', '93.9', '66.2', '85.8', '68.3', '89.6', '84.3']
IoU: ['93.4', '85.9', '38.2', '78.8', '70.0', '61.6', '88.8', '76.4', '80.9', '42.0', '70.7', '52.3', '72.7', '73.9', '78.9', '87.5', '56.6', '75.3', '50.3', '84.7', '74.4']
mean IoU: 71.1
Epoch: [9]  [ 0/45]  eta: 0:03:49  lr: 0.000061  loss: 0.6686 (0.6686)  time: 5.0908  data: 1.0975  max mem: 9189
Epoch: [9]  [ 5/45]  eta: 0:03:01  lr: 0.000060  loss: 0.4876 (0.5864)  time: 4.5259  data: 0.1960  max mem: 9189
Epoch: [9]  [10/45]  eta: 0:02:29  lr: 0.000060  loss: 1.0314 (0.5730)  time: 4.2814  data: 0.1162  max mem: 9189
Epoch: [9]  [15/45]  eta: 0:02:10  lr: 0.000059  loss: 0.2949 (0.5303)  time: 4.3367  data: 0.0856  max mem: 9189
Epoch: [9]  [20/45]  eta: 0:01:46  lr: 0.000059  loss: 0.3361 (0.5305)  time: 4.2178  data: 0.0176  max mem: 9189
Epoch: [9]  [25/45]  eta: 0:01:25  lr: 0.000058  loss: 0.5643 (0.5261)  time: 4.2219  data: 0.0180  max mem: 9189
Epoch: [9]  [30/45]  eta: 0:01:03  lr: 0.000058  loss: 0.4115 (0.5314)  time: 4.2355  data: 0.0183  max mem: 9189
Epoch: [9]  [35/45]  eta: 0:00:42  lr: 0.000057  loss: 0.7326 (0.5427)  time: 4.2131  data: 0.0190  max mem: 9189
Epoch: [9]  [40/45]  eta: 0:00:21  lr: 0.000057  loss: 0.5520 (0.5447)  time: 4.2201  data: 0.0201  max mem: 9189
Epoch: [9] Total time: 0:03:10
Test:  [ 0/91]  eta: 0:04:45    time: 3.1374  data: 0.9507  max mem: 9189
Test:  [10/91]  eta: 0:01:24    time: 1.0452  data: 0.1051  max mem: 9189
Test:  [20/91]  eta: 0:01:11    time: 0.8985  data: 0.0237  max mem: 9189
Test:  [30/91]  eta: 0:01:00    time: 0.9627  data: 0.0275  max mem: 9189
Test:  [40/91]  eta: 0:00:49    time: 0.9481  data: 0.0251  max mem: 9189
Test:  [50/91]  eta: 0:00:39    time: 0.9249  data: 0.0243  max mem: 9189
Test:  [60/91]  eta: 0:00:29    time: 0.9152  data: 0.0250  max mem: 9189
Test:  [70/91]  eta: 0:00:20    time: 1.0342  data: 0.0271  max mem: 9189
Test:  [80/91]  eta: 0:00:10    time: 1.0128  data: 0.0271  max mem: 9189
Test:  [90/91]  eta: 0:00:00    time: 0.8820  data: 0.0254  max mem: 9189
Test: Total time: 0:01:27
global correct: 93.7
average row correct: ['97.1', '91.5', '73.6', '86.0', '80.7', '68.1', '93.2', '87.1', '91.9', '59.3', '79.9', '62.4', '83.6', '84.7', '87.7', '93.8', '66.0', '86.2', '67.0', '86.9', '84.1']
IoU: ['93.5', '85.3', '38.1', '79.3', '69.5', '62.4', '88.7', '76.8', '81.2', '42.2', '74.2', '53.2', '73.2', '75.8', '78.7', '87.6', '56.4', '75.2', '50.7', '83.3', '75.0']
mean IoU: 71.4
Epoch: [10]  [ 0/45]  eta: 0:03:48  lr: 0.000056  loss: 0.4243 (0.4243)  time: 5.0668  data: 0.9740  max mem: 9189
Epoch: [10]  [ 5/45]  eta: 0:02:49  lr: 0.000055  loss: 0.3720 (0.4267)  time: 4.2255  data: 0.1768  max mem: 9189
Epoch: [10]  [10/45]  eta: 0:02:30  lr: 0.000055  loss: 0.6262 (0.4587)  time: 4.3071  data: 0.1061  max mem: 9189
Epoch: [10]  [15/45]  eta: 0:02:06  lr: 0.000054  loss: 0.5912 (0.5409)  time: 4.2225  data: 0.0797  max mem: 9189
Epoch: [10]  [20/45]  eta: 0:01:46  lr: 0.000054  loss: 0.3341 (0.5220)  time: 4.2345  data: 0.0199  max mem: 9189
Epoch: [10]  [25/45]  eta: 0:01:24  lr: 0.000053  loss: 0.5826 (0.5335)  time: 4.2280  data: 0.0202  max mem: 9189
Epoch: [10]  [30/45]  eta: 0:01:03  lr: 0.000053  loss: 0.4462 (0.5254)  time: 4.2224  data: 0.0199  max mem: 9189
Epoch: [10]  [35/45]  eta: 0:00:42  lr: 0.000052  loss: 0.5038 (0.5402)  time: 4.2274  data: 0.0193  max mem: 9189
Epoch: [10]  [40/45]  eta: 0:00:21  lr: 0.000051  loss: 0.9209 (0.5296)  time: 4.2539  data: 0.0193  max mem: 9189
Epoch: [10] Total time: 0:03:11
Test:  [ 0/91]  eta: 0:03:08    time: 2.0720  data: 0.9809  max mem: 9189
Test:  [10/91]  eta: 0:01:17    time: 0.9540  data: 0.1100  max mem: 9189
Test:  [20/91]  eta: 0:01:07    time: 0.9002  data: 0.0234  max mem: 9189
Test:  [30/91]  eta: 0:00:58    time: 0.9548  data: 0.0241  max mem: 9189
Test:  [40/91]  eta: 0:00:48    time: 0.9427  data: 0.0259  max mem: 9189
Test:  [50/91]  eta: 0:00:38    time: 0.9191  data: 0.0252  max mem: 9189
Test:  [60/91]  eta: 0:00:29    time: 0.9085  data: 0.0240  max mem: 9189
Test:  [70/91]  eta: 0:00:20    time: 1.0336  data: 0.0288  max mem: 9189
Test:  [80/91]  eta: 0:00:10    time: 1.0176  data: 0.0284  max mem: 9189
Test:  [90/91]  eta: 0:00:00    time: 0.8821  data: 0.0239  max mem: 9189
Test: Total time: 0:01:26
global correct: 93.7
average row correct: ['97.2', '89.9', '72.8', '86.3', '80.4', '68.7', '93.7', '87.0', '92.2', '56.1', '79.5', '61.2', '82.6', '86.9', '87.0', '93.8', '65.6', '86.3', '67.7', '88.3', '84.4']
IoU: ['93.5', '85.6', '37.9', '79.7', '70.0', '63.0', '88.9', '76.8', '81.1', '41.7', '74.2', '52.8', '73.4', '75.4', '78.9', '87.5', '56.3', '75.4', '50.7', '84.4', '76.2']
mean IoU: 71.6
Epoch: [11]  [ 0/45]  eta: 0:03:53  lr: 0.000051  loss: 0.2426 (0.2426)  time: 5.1967  data: 1.1501  max mem: 9189
Epoch: [11]  [ 5/45]  eta: 0:03:01  lr: 0.000050  loss: 0.5830 (0.4995)  time: 4.5454  data: 0.2081  max mem: 9189
Epoch: [11]  [10/45]  eta: 0:02:29  lr: 0.000050  loss: 0.6110 (0.4921)  time: 4.2749  data: 0.1233  max mem: 9189
Epoch: [11]  [15/45]  eta: 0:02:10  lr: 0.000049  loss: 0.8076 (0.4829)  time: 4.3358  data: 0.0912  max mem: 9189
Epoch: [11]  [20/45]  eta: 0:01:46  lr: 0.000049  loss: 0.3674 (0.4729)  time: 4.2255  data: 0.0208  max mem: 9189
Epoch: [11]  [25/45]  eta: 0:01:25  lr: 0.000048  loss: 0.5939 (0.4719)  time: 4.2144  data: 0.0207  max mem: 9189
Epoch: [11]  [30/45]  eta: 0:01:03  lr: 0.000048  loss: 0.4266 (0.4638)  time: 4.2392  data: 0.0204  max mem: 9189
Epoch: [11]  [35/45]  eta: 0:00:42  lr: 0.000047  loss: 0.4723 (0.4581)  time: 4.2295  data: 0.0236  max mem: 9189
Epoch: [11]  [40/45]  eta: 0:00:21  lr: 0.000046  loss: 0.4090 (0.4595)  time: 4.2192  data: 0.0235  max mem: 9189
Epoch: [11] Total time: 0:03:12
Test:  [ 0/91]  eta: 0:03:02    time: 2.0014  data: 0.9437  max mem: 9189
Test:  [10/91]  eta: 0:01:16    time: 0.9493  data: 0.1099  max mem: 9189
Test:  [20/91]  eta: 0:01:07    time: 0.9020  data: 0.0257  max mem: 9189
Test:  [30/91]  eta: 0:00:58    time: 0.9611  data: 0.0265  max mem: 9189
Test:  [40/91]  eta: 0:00:48    time: 0.9544  data: 0.0257  max mem: 9189
Test:  [50/91]  eta: 0:00:38    time: 0.9231  data: 0.0225  max mem: 9189
Test:  [60/91]  eta: 0:00:29    time: 0.9080  data: 0.0250  max mem: 9189
Test:  [70/91]  eta: 0:00:20    time: 1.0355  data: 0.0287  max mem: 9189
Test:  [80/91]  eta: 0:00:10    time: 1.0167  data: 0.0289  max mem: 9189
Test:  [90/91]  eta: 0:00:00    time: 0.8820  data: 0.0255  max mem: 9189
Test: Total time: 0:01:26
global correct: 93.7
average row correct: ['97.1', '90.1', '74.7', '86.4', '81.2', '69.6', '93.2', '87.4', '91.9', '59.1', '82.9', '61.5', '81.6', '86.8', '87.6', '93.5', '66.4', '85.6', '66.7', '84.5', '85.2']
IoU: ['93.5', '86.0', '38.6', '79.5', '68.9', '63.5', '88.2', '76.7', '80.9', '41.8', '75.3', '53.1', '73.5', '75.7', '78.9', '87.6', '56.7', '75.6', '50.3', '82.0', '74.9']
mean IoU: 71.5
Epoch: [12]  [ 0/45]  eta: 0:03:54  lr: 0.000046  loss: 0.2787 (0.2787)  time: 5.2060  data: 1.0224  max mem: 9189
Epoch: [12]  [ 5/45]  eta: 0:02:51  lr: 0.000045  loss: 0.4870 (0.5005)  time: 4.2777  data: 0.1869  max mem: 9189
Epoch: [12]  [10/45]  eta: 0:02:31  lr: 0.000045  loss: 0.6902 (0.5032)  time: 4.3299  data: 0.1112  max mem: 9189
Epoch: [12]  [15/45]  eta: 0:02:06  lr: 0.000044  loss: 0.4862 (0.4905)  time: 4.2219  data: 0.0826  max mem: 9189
Epoch: [12]  [20/45]  eta: 0:01:46  lr: 0.000043  loss: 0.5480 (0.4946)  time: 4.2076  data: 0.0197  max mem: 9189
Epoch: [12]  [25/45]  eta: 0:01:23  lr: 0.000043  loss: 0.2441 (0.4885)  time: 4.1740  data: 0.0195  max mem: 9189
Epoch: [12]  [30/45]  eta: 0:01:03  lr: 0.000042  loss: 0.5234 (0.5042)  time: 4.1781  data: 0.0190  max mem: 9189
Epoch: [12]  [35/45]  eta: 0:00:42  lr: 0.000042  loss: 0.2552 (0.4968)  time: 4.1923  data: 0.0197  max mem: 9189
Epoch: [12]  [40/45]  eta: 0:00:21  lr: 0.000041  loss: 0.6991 (0.4976)  time: 4.1974  data: 0.0198  max mem: 9189
Epoch: [12] Total time: 0:03:09
Test:  [ 0/91]  eta: 0:02:54    time: 1.9175  data: 0.8459  max mem: 9189
Test:  [10/91]  eta: 0:01:16    time: 0.9436  data: 0.0967  max mem: 9189
Test:  [20/91]  eta: 0:01:07    time: 0.9014  data: 0.0222  max mem: 9189
Test:  [30/91]  eta: 0:00:58    time: 0.9661  data: 0.0234  max mem: 9189
Test:  [40/91]  eta: 0:00:48    time: 0.9542  data: 0.0253  max mem: 9189
Test:  [50/91]  eta: 0:00:38    time: 0.9140  data: 0.0247  max mem: 9189
Test:  [60/91]  eta: 0:00:29    time: 0.9037  data: 0.0223  max mem: 9189
Test:  [70/91]  eta: 0:00:20    time: 1.0365  data: 0.0255  max mem: 9189
Test:  [80/91]  eta: 0:00:10    time: 1.0216  data: 0.0286  max mem: 9189
Test:  [90/91]  eta: 0:00:00    time: 0.8845  data: 0.0245  max mem: 9189
Test: Total time: 0:01:26
global correct: 93.7
average row correct: ['97.0', '92.2', '74.7', '87.4', '80.3', '70.8', '92.8', '87.9', '93.0', '58.8', '83.5', '61.8', '82.5', '84.4', '86.4', '94.0', '67.4', '85.4', '67.7', '88.3', '85.8']
IoU: ['93.5', '85.6', '38.5', '78.8', '70.5', '64.4', '88.9', '76.8', '80.9', '42.1', '75.6', '53.2', '73.4', '76.1', '79.0', '87.6', '56.9', '75.7', '50.4', '83.9', '74.5']
mean IoU: 71.7
Epoch: [13]  [ 0/45]  eta: 0:03:41  lr: 0.000041  loss: 0.3557 (0.3557)  time: 4.9183  data: 0.9638  max mem: 9189
Epoch: [13]  [ 5/45]  eta: 0:03:01  lr: 0.000040  loss: 0.6599 (0.4842)  time: 4.5366  data: 0.1794  max mem: 9189
Epoch: [13]  [10/45]  eta: 0:02:31  lr: 0.000039  loss: 0.5451 (0.4974)  time: 4.3226  data: 0.1069  max mem: 9189
Epoch: [13]  [15/45]  eta: 0:02:10  lr: 0.000039  loss: 0.2926 (0.4387)  time: 4.3448  data: 0.0800  max mem: 9189
Epoch: [13]  [20/45]  eta: 0:01:46  lr: 0.000038  loss: 0.2878 (0.4127)  time: 4.2269  data: 0.0204  max mem: 9189
Epoch: [13]  [25/45]  eta: 0:01:25  lr: 0.000038  loss: 0.3756 (0.4476)  time: 4.2224  data: 0.0203  max mem: 9189
Epoch: [13]  [30/45]  eta: 0:01:03  lr: 0.000037  loss: 0.2665 (0.4497)  time: 4.2185  data: 0.0195  max mem: 9189
Epoch: [13]  [35/45]  eta: 0:00:42  lr: 0.000036  loss: 0.3929 (0.4600)  time: 4.2436  data: 0.0192  max mem: 9189
Epoch: [13]  [40/45]  eta: 0:00:21  lr: 0.000036  loss: 0.6463 (0.4616)  time: 4.2561  data: 0.0195  max mem: 9189
Epoch: [13] Total time: 0:03:13
Test:  [ 0/91]  eta: 0:03:02    time: 2.0058  data: 0.9461  max mem: 9189
Test:  [10/91]  eta: 0:01:18    time: 0.9645  data: 0.1140  max mem: 9189
Test:  [20/91]  eta: 0:01:08    time: 0.9148  data: 0.0280  max mem: 9189
Test:  [30/91]  eta: 0:00:59    time: 0.9692  data: 0.0270  max mem: 9189
Test:  [40/91]  eta: 0:00:48    time: 0.9538  data: 0.0258  max mem: 9189
Test:  [50/91]  eta: 0:00:38    time: 0.9223  data: 0.0248  max mem: 9189
Test:  [60/91]  eta: 0:00:29    time: 0.9068  data: 0.0282  max mem: 9189
Test:  [70/91]  eta: 0:00:20    time: 1.0377  data: 0.0329  max mem: 9189
Test:  [80/91]  eta: 0:00:10    time: 1.0254  data: 0.0292  max mem: 9189
Test:  [90/91]  eta: 0:00:00    time: 0.8907  data: 0.0245  max mem: 9189
Test: Total time: 0:01:27
global correct: 93.7
average row correct: ['97.1', '90.3', '73.8', '86.6', '80.6', '70.1', '92.4', '87.4', '93.2', '58.5', '83.4', '61.5', '81.9', '85.7', '86.9', '93.7', '66.4', '84.8', '67.1', '88.3', '85.2']
IoU: ['93.5', '85.7', '38.2', '79.6', '69.6', '63.9', '88.9', '77.3', '80.8', '42.0', '75.5', '53.0', '73.4', '76.1', '78.9', '87.6', '56.7', '75.9', '50.7', '84.0', '75.3']
mean IoU: 71.7
Epoch: [14]  [ 0/45]  eta: 0:03:42  lr: 0.000035  loss: 0.5805 (0.5805)  time: 4.9416  data: 0.9935  max mem: 9189
Epoch: [14]  [ 5/45]  eta: 0:02:54  lr: 0.000035  loss: 0.4400 (0.5062)  time: 4.3512  data: 0.1798  max mem: 9189
Epoch: [14]  [10/45]  eta: 0:02:29  lr: 0.000034  loss: 0.4897 (0.4747)  time: 4.2712  data: 0.1051  max mem: 9189
Epoch: [14]  [15/45]  eta: 0:02:07  lr: 0.000034  loss: 0.4359 (0.4749)  time: 4.2506  data: 0.0776  max mem: 9189
Epoch: [14]  [20/45]  eta: 0:01:45  lr: 0.000033  loss: 0.6132 (0.4808)  time: 4.1947  data: 0.0171  max mem: 9189
Epoch: [14]  [25/45]  eta: 0:01:24  lr: 0.000032  loss: 0.5364 (0.4619)  time: 4.1724  data: 0.0171  max mem: 9189
Epoch: [14]  [30/45]  eta: 0:01:03  lr: 0.000032  loss: 0.5987 (0.4726)  time: 4.1633  data: 0.0180  max mem: 9189
Epoch: [14]  [35/45]  eta: 0:00:42  lr: 0.000031  loss: 0.4678 (0.4789)  time: 4.1882  data: 0.0187  max mem: 9189
Epoch: [14]  [40/45]  eta: 0:00:21  lr: 0.000031  loss: 0.3416 (0.4717)  time: 4.1806  data: 0.0192  max mem: 9189
Epoch: [14] Total time: 0:03:08
Test:  [ 0/91]  eta: 0:04:35    time: 3.0232  data: 0.8474  max mem: 9189
Test:  [10/91]  eta: 0:01:25    time: 1.0504  data: 0.0946  max mem: 9189
Test:  [20/91]  eta: 0:01:11    time: 0.9034  data: 0.0213  max mem: 9189
Test:  [30/91]  eta: 0:01:00    time: 0.9540  data: 0.0230  max mem: 9189
Test:  [40/91]  eta: 0:00:49    time: 0.9450  data: 0.0232  max mem: 9189
Test:  [50/91]  eta: 0:00:39    time: 0.9218  data: 0.0239  max mem: 9189
Test:  [60/91]  eta: 0:00:29    time: 0.9097  data: 0.0247  max mem: 9189
Test:  [70/91]  eta: 0:00:20    time: 1.0348  data: 0.0276  max mem: 9189
Test:  [80/91]  eta: 0:00:10    time: 1.0186  data: 0.0266  max mem: 9189
Test:  [90/91]  eta: 0:00:00    time: 0.8820  data: 0.0224  max mem: 9189
Test: Total time: 0:01:27
global correct: 93.7
average row correct: ['97.0', '90.7', '72.8', '87.1', '80.5', '71.0', '93.6', '87.4', '92.7', '59.1', '77.9', '62.7', '82.6', '87.4', '87.3', '93.9', '67.4', '86.0', '67.4', '89.4', '85.3']
IoU: ['93.6', '85.9', '38.0', '78.8', '70.2', '64.4', '88.9', '77.3', '81.0', '42.1', '73.6', '53.6', '73.3', '75.4', '79.1', '87.6', '57.4', '75.8', '50.5', '84.7', '74.8']
mean IoU: 71.7
Epoch: [15]  [ 0/45]  eta: 0:03:52  lr: 0.000030  loss: 0.6314 (0.6314)  time: 5.1667  data: 1.0742  max mem: 9189
Epoch: [15]  [ 5/45]  eta: 0:02:54  lr: 0.000029  loss: 0.4479 (0.4423)  time: 4.3698  data: 0.1905  max mem: 9189
Epoch: [15]  [10/45]  eta: 0:02:32  lr: 0.000029  loss: 1.0165 (0.5570)  time: 4.3530  data: 0.1109  max mem: 9189
Epoch: [15]  [15/45]  eta: 0:02:09  lr: 0.000028  loss: 0.3406 (0.4978)  time: 4.3245  data: 0.0811  max mem: 9189
Epoch: [15]  [20/45]  eta: 0:01:47  lr: 0.000028  loss: 0.5879 (0.5054)  time: 4.2634  data: 0.0156  max mem: 9189
Epoch: [15]  [25/45]  eta: 0:01:25  lr: 0.000027  loss: 0.4939 (0.4976)  time: 4.2516  data: 0.0170  max mem: 9189
Epoch: [15]  [30/45]  eta: 0:01:03  lr: 0.000026  loss: 0.6271 (0.4919)  time: 4.2055  data: 0.0184  max mem: 9189
Epoch: [15]  [35/45]  eta: 0:00:42  lr: 0.000026  loss: 0.3689 (0.4940)  time: 4.1856  data: 0.0205  max mem: 9189
Epoch: [15]  [40/45]  eta: 0:00:21  lr: 0.000025  loss: 0.2340 (0.4745)  time: 4.1786  data: 0.0211  max mem: 9189
Epoch: [15] Total time: 0:03:11
Test:  [ 0/91]  eta: 0:03:05    time: 2.0341  data: 0.9790  max mem: 9189
Test:  [10/91]  eta: 0:01:17    time: 0.9554  data: 0.1125  max mem: 9189
Test:  [20/91]  eta: 0:01:07    time: 0.8992  data: 0.0249  max mem: 9189
Test:  [30/91]  eta: 0:00:58    time: 0.9580  data: 0.0237  max mem: 9189
Test:  [40/91]  eta: 0:00:48    time: 0.9578  data: 0.0261  max mem: 9189
Test:  [50/91]  eta: 0:00:38    time: 0.9277  data: 0.0266  max mem: 9189
Test:  [60/91]  eta: 0:00:29    time: 0.8972  data: 0.0236  max mem: 9189
Test:  [70/91]  eta: 0:00:20    time: 1.0242  data: 0.0263  max mem: 9189
Test:  [80/91]  eta: 0:00:10    time: 1.0199  data: 0.0269  max mem: 9189
Test:  [90/91]  eta: 0:00:00    time: 0.8824  data: 0.0223  max mem: 9189
Test: Total time: 0:01:26
global correct: 93.6
average row correct: ['96.9', '90.9', '74.4', '86.8', '81.2', '70.4', '93.0', '87.8', '94.0', '59.2', '76.9', '62.3', '81.1', '83.9', '87.2', '93.7', '67.9', '87.3', '68.7', '87.6', '86.0']
IoU: ['93.5', '85.9', '38.4', '79.3', '70.1', '64.2', '88.8', '76.8', '79.5', '42.0', '72.3', '53.4', '71.1', '75.0', '79.0', '87.8', '57.0', '73.6', '50.7', '83.7', '74.6']
mean IoU: 71.3
Epoch: [16]  [ 0/45]  eta: 0:03:48  lr: 0.000024  loss: 0.2462 (0.2462)  time: 5.0706  data: 1.0359  max mem: 9189
Epoch: [16]  [ 5/45]  eta: 0:02:53  lr: 0.000024  loss: 0.3088 (0.4366)  time: 4.3432  data: 0.1886  max mem: 9189
Epoch: [16]  [10/45]  eta: 0:02:27  lr: 0.000023  loss: 0.4022 (0.4132)  time: 4.2218  data: 0.1109  max mem: 9189
Epoch: [16]  [15/45]  eta: 0:02:06  lr: 0.000023  loss: 0.5118 (0.4723)  time: 4.2284  data: 0.0833  max mem: 9189
Epoch: [16]  [20/45]  eta: 0:01:45  lr: 0.000022  loss: 0.4623 (0.4745)  time: 4.1782  data: 0.0190  max mem: 9189
Epoch: [16]  [25/45]  eta: 0:01:24  lr: 0.000021  loss: 0.2667 (0.4658)  time: 4.1965  data: 0.0192  max mem: 9189
Epoch: [16]  [30/45]  eta: 0:01:03  lr: 0.000021  loss: 0.4540 (0.4698)  time: 4.2271  data: 0.0180  max mem: 9189
Epoch: [16]  [35/45]  eta: 0:00:42  lr: 0.000020  loss: 0.3698 (0.4838)  time: 4.2394  data: 0.0170  max mem: 9189
Epoch: [16]  [40/45]  eta: 0:00:21  lr: 0.000019  loss: 0.4942 (0.4816)  time: 4.2618  data: 0.0181  max mem: 9189
Epoch: [16] Total time: 0:03:11
Test:  [ 0/91]  eta: 0:02:52    time: 1.8951  data: 0.8499  max mem: 9189
Test:  [10/91]  eta: 0:01:16    time: 0.9390  data: 0.0990  max mem: 9189
Test:  [20/91]  eta: 0:01:07    time: 0.8996  data: 0.0244  max mem: 9189
Test:  [30/91]  eta: 0:00:57    time: 0.9540  data: 0.0244  max mem: 9189
Test:  [40/91]  eta: 0:00:48    time: 0.9442  data: 0.0225  max mem: 9189
Test:  [50/91]  eta: 0:00:38    time: 0.9223  data: 0.0254  max mem: 9189
Test:  [60/91]  eta: 0:00:28    time: 0.9030  data: 0.0260  max mem: 9189
Test:  [70/91]  eta: 0:00:20    time: 1.0295  data: 0.0263  max mem: 9189
Test:  [80/91]  eta: 0:00:10    time: 1.0169  data: 0.0257  max mem: 9189
Test:  [90/91]  eta: 0:00:00    time: 0.8832  data: 0.0213  max mem: 9189
Test: Total time: 0:01:26
global correct: 93.7
average row correct: ['97.0', '90.8', '73.3', '86.3', '81.7', '71.6', '93.1', '87.8', '92.2', '58.4', '82.0', '62.0', '83.8', '83.8', '87.5', '93.8', '66.9', '86.7', '67.6', '87.6', '85.7']
IoU: ['93.6', '85.9', '38.2', '79.1', '70.2', '65.1', '88.9', '77.2', '81.3', '41.9', '75.0', '53.3', '73.0', '76.0', '78.8', '87.7', '56.8', '74.8', '50.7', '83.7', '75.2']
mean IoU: 71.7
Epoch: [17]  [ 0/45]  eta: 0:03:45  lr: 0.000019  loss: 0.2267 (0.2267)  time: 5.0005  data: 1.0665  max mem: 9189
Epoch: [17]  [ 5/45]  eta: 0:02:56  lr: 0.000018  loss: 0.5825 (0.4160)  time: 4.4069  data: 0.1922  max mem: 9189
Epoch: [17]  [10/45]  eta: 0:02:31  lr: 0.000018  loss: 0.4045 (0.4407)  time: 4.3354  data: 0.1158  max mem: 9189
Epoch: [17]  [15/45]  eta: 0:02:08  lr: 0.000017  loss: 0.4056 (0.4208)  time: 4.2872  data: 0.0859  max mem: 9189
Epoch: [17]  [20/45]  eta: 0:01:46  lr: 0.000016  loss: 0.2291 (0.4169)  time: 4.2431  data: 0.0208  max mem: 9189
Epoch: [17]  [25/45]  eta: 0:01:25  lr: 0.000016  loss: 0.6299 (0.4457)  time: 4.2224  data: 0.0206  max mem: 9189
Epoch: [17]  [30/45]  eta: 0:01:03  lr: 0.000015  loss: 0.3292 (0.4393)  time: 4.2261  data: 0.0192  max mem: 9189
Epoch: [17]  [35/45]  eta: 0:00:42  lr: 0.000014  loss: 0.5352 (0.4450)  time: 4.2504  data: 0.0196  max mem: 9189
Epoch: [17]  [40/45]  eta: 0:00:21  lr: 0.000014  loss: 0.8643 (0.4679)  time: 4.2494  data: 0.0190  max mem: 9189
Epoch: [17] Total time: 0:03:11
Test:  [ 0/91]  eta: 0:03:05    time: 2.0429  data: 0.9875  max mem: 9189
Test:  [10/91]  eta: 0:01:17    time: 0.9553  data: 0.1125  max mem: 9189
Test:  [20/91]  eta: 0:01:07    time: 0.8949  data: 0.0242  max mem: 9189
wandb: Network error (TransientError), entering retry loop.
Test:  [30/91]  eta: 0:00:58    time: 0.9508  data: 0.0232  max mem: 9189
Test:  [40/91]  eta: 0:00:48    time: 0.9426  data: 0.0228  max mem: 9189
Test:  [50/91]  eta: 0:00:38    time: 0.9249  data: 0.0239  max mem: 9189
Test:  [60/91]  eta: 0:00:28    time: 0.9110  data: 0.0239  max mem: 9189
Test:  [70/91]  eta: 0:00:20    time: 1.0244  data: 0.0244  max mem: 9189
Test:  [80/91]  eta: 0:00:10    time: 1.0150  data: 0.0253  max mem: 9189
Test:  [90/91]  eta: 0:00:00    time: 0.8915  data: 0.0237  max mem: 9189
Test: Total time: 0:01:26
global correct: 93.7
average row correct: ['96.9', '91.0', '73.7', '86.2', '82.3', '73.2', '93.8', '87.9', '93.7', '59.4', '80.5', '61.5', '82.5', '86.8', '86.8', '93.9', '68.4', '84.9', '67.1', '87.3', '85.6']
IoU: ['93.6', '86.2', '38.3', '79.8', '69.4', '66.1', '88.8', '77.2', '80.5', '41.8', '74.4', '52.9', '72.6', '75.6', '79.1', '87.7', '56.8', '75.7', '50.5', '83.7', '74.8']
mean IoU: 71.7
Epoch: [18]  [ 0/45]  eta: 0:03:53  lr: 0.000013  loss: 0.8664 (0.8664)  time: 5.1927  data: 1.1072  max mem: 9189
Epoch: [18]  [ 5/45]  eta: 0:02:54  lr: 0.000012  loss: 0.2255 (0.4884)  time: 4.3664  data: 0.1977  max mem: 9189
Epoch: [18]  [10/45]  eta: 0:02:30  lr: 0.000012  loss: 0.3496 (0.4783)  time: 4.3017  data: 0.1175  max mem: 9189
wandb: Network error (TransientError), entering retry loop.
Epoch: [18]  [15/45]  eta: 0:02:08  lr: 0.000011  loss: 0.4228 (0.4894)  time: 4.2839  data: 0.0859  max mem: 9189
Epoch: [18]  [20/45]  eta: 0:01:46  lr: 0.000010  loss: 0.4431 (0.4849)  time: 4.2243  data: 0.0182  max mem: 9189
Epoch: [18]  [25/45]  eta: 0:01:25  lr: 0.000010  loss: 0.3610 (0.4791)  time: 4.2169  data: 0.0197  max mem: 9189
Epoch: [18]  [30/45]  eta: 0:01:03  lr: 0.000009  loss: 0.2935 (0.4905)  time: 4.2337  data: 0.0189  max mem: 9189
Epoch: [18]  [35/45]  eta: 0:00:42  lr: 0.000008  loss: 0.4885 (0.4743)  time: 4.2188  data: 0.0197  max mem: 9189
Epoch: [18]  [40/45]  eta: 0:00:21  lr: 0.000008  loss: 0.3357 (0.4637)  time: 4.2391  data: 0.0194  max mem: 9189
Epoch: [18] Total time: 0:03:11
Test:  [ 0/91]  eta: 0:03:01    time: 1.9912  data: 0.9262  max mem: 9189
Test:  [10/91]  eta: 0:01:17    time: 0.9526  data: 0.1061  max mem: 9189
Test:  [20/91]  eta: 0:01:08    time: 0.9061  data: 0.0242  max mem: 9189
Test:  [30/91]  eta: 0:00:58    time: 0.9580  data: 0.0238  max mem: 9189
Test:  [40/91]  eta: 0:00:48    time: 0.9401  data: 0.0222  max mem: 9189
Test:  [50/91]  eta: 0:00:38    time: 0.9115  data: 0.0221  max mem: 9189
Test:  [60/91]  eta: 0:00:28    time: 0.9046  data: 0.0248  max mem: 9189
Test:  [70/91]  eta: 0:00:20    time: 1.0420  data: 0.0303  max mem: 9189
Test:  [80/91]  eta: 0:00:10    time: 1.0220  data: 0.0286  max mem: 9189
Test:  [90/91]  eta: 0:00:00    time: 0.8828  data: 0.0229  max mem: 9189
Test: Total time: 0:01:26
global correct: 93.7
average row correct: ['97.0', '90.6', '73.2', '86.5', '81.1', '70.8', '93.1', '88.1', '92.5', '59.4', '82.9', '62.1', '82.3', '85.0', '87.3', '93.6', '66.8', '86.3', '67.9', '90.3', '85.7']
IoU: ['93.6', '86.3', '38.2', '79.3', '70.4', '64.4', '89.0', '77.1', '81.0', '42.0', '75.4', '53.4', '73.0', '76.0', '79.0', '87.7', '57.0', '75.0', '50.6', '84.8', '75.2']
mean IoU: 71.8
Epoch: [19]  [ 0/45]  eta: 0:03:49  lr: 0.000007  loss: 0.4494 (0.4494)  time: 5.1109  data: 0.9854  max mem: 9189
Epoch: [19]  [ 5/45]  eta: 0:03:02  lr: 0.000006  loss: 0.3805 (0.4906)  time: 4.5612  data: 0.1796  max mem: 9189
Epoch: [19]  [10/45]  eta: 0:02:31  lr: 0.000005  loss: 0.6957 (0.5393)  time: 4.3154  data: 0.1062  max mem: 9189
Epoch: [19]  [15/45]  eta: 0:02:10  lr: 0.000005  loss: 0.5175 (0.5272)  time: 4.3359  data: 0.0787  max mem: 9189
Epoch: [19]  [20/45]  eta: 0:01:46  lr: 0.000004  loss: 0.1834 (0.4832)  time: 4.2079  data: 0.0176  max mem: 9189
Epoch: [19]  [25/45]  eta: 0:01:25  lr: 0.000003  loss: 0.2713 (0.4600)  time: 4.1920  data: 0.0179  max mem: 9189
Epoch: [19]  [30/45]  eta: 0:01:03  lr: 0.000002  loss: 0.2488 (0.4370)  time: 4.2026  data: 0.0177  max mem: 9189
Epoch: [19]  [35/45]  eta: 0:00:42  lr: 0.000002  loss: 0.2471 (0.4388)  time: 4.2076  data: 0.0179  max mem: 9189
Epoch: [19]  [40/45]  eta: 0:00:21  lr: 0.000001  loss: 0.3122 (0.4387)  time: 4.2015  data: 0.0190  max mem: 9189
Epoch: [19] Total time: 0:03:10
Test:  [ 0/91]  eta: 0:04:48    time: 3.1676  data: 0.9344  max mem: 9189
Test:  [10/91]  eta: 0:01:26    time: 1.0661  data: 0.1084  max mem: 9189
Test:  [20/91]  eta: 0:01:12    time: 0.9076  data: 0.0244  max mem: 9189
Test:  [30/91]  eta: 0:01:00    time: 0.9529  data: 0.0232  max mem: 9189
Test:  [40/91]  eta: 0:00:49    time: 0.9353  data: 0.0232  max mem: 9189
Test:  [50/91]  eta: 0:00:39    time: 0.9164  data: 0.0244  max mem: 9189
Test:  [60/91]  eta: 0:00:29    time: 0.9068  data: 0.0245  max mem: 9189
Test:  [70/91]  eta: 0:00:20    time: 1.0247  data: 0.0242  max mem: 9189
Test:  [80/91]  eta: 0:00:10    time: 1.0087  data: 0.0247  max mem: 9189
Test:  [90/91]  eta: 0:00:00    time: 0.8823  data: 0.0237  max mem: 9189
Test: Total time: 0:01:27
global correct: 93.7
average row correct: ['97.0', '91.2', '73.1', '87.6', '80.5', '71.6', '93.2', '88.0', '93.5', '58.6', '85.5', '62.3', '81.4', '84.0', '86.0', '93.8', '68.2', '84.1', '67.4', '89.0', '85.8']
IoU: ['93.6', '86.2', '38.2', '79.3', '70.5', '64.9', '88.9', '76.7', '80.5', '42.0', '75.8', '53.3', '73.1', '76.7', '79.1', '87.7', '57.4', '75.3', '50.6', '84.4', '74.6']
mean IoU: 71.9
Training time 1:33:44
WARNING: The shape inference of prim::Constant type is missing, so it may result in wrong shape inference for the exported graph. Please consider adding it in symbolic function.
WARNING: The shape inference of prim::Constant type is missing, so it may result in wrong shape inference for the exported graph. Please consider adding it in symbolic function.
WARNING: The shape inference of prim::Constant type is missing, so it may result in wrong shape inference for the exported graph. Please consider adding it in symbolic function.
WARNING: The shape inference of prim::Constant type is missing, so it may result in wrong shape inference for the exported graph. Please consider adding it in symbolic function.
WARNING: The shape inference of prim::Constant type is missing, so it may result in wrong shape inference for the exported graph. Please consider adding it in symbolic function.
WARNING: The shape inference of prim::Constant type is missing, so it may result in wrong shape inference for the exported graph. Please consider adding it in symbolic function.
WARNING: The shape inference of prim::Constant type is missing, so it may result in wrong shape inference for the exported graph. Please consider adding it in symbolic function.
WARNING: The shape inference of prim::Constant type is missing, so it may result in wrong shape inference for the exported graph. Please consider adding it in symbolic function.
WARNING: The shape inference of prim::Constant type is missing, so it may result in wrong shape inference for the exported graph. Please consider adding it in symbolic function.
WARNING: The shape inference of prim::Constant type is missing, so it may result in wrong shape inference for the exported graph. Please consider adding it in symbolic function.
WARNING: The shape inference of prim::Constant type is missing, so it may result in wrong shape inference for the exported graph. Please consider adding it in symbolic function.
WARNING: The shape inference of prim::Constant type is missing, so it may result in wrong shape inference for the exported graph. Please consider adding it in symbolic function.
wandb: Waiting for W&B process to finish... (success).
wandb: 
wandb: Run history:
wandb: acc_global ▁▃▄▅▅▅▅▆▅▇█▇▇██▆█▇██
wandb:         lr ██▇▇▇▆▆▆▅▅▅▄▄▃▃▃▂▂▁▁
wandb:       mIOU ▁▃▄▅▅▅▆▇▆▇▇▇███▆████
wandb:  mean_loss ▇█▅▄█▅▃▄▄▆▅▂▄▂▂▂▃▂▁▁
wandb: 
wandb: Run summary:
wandb: acc_global 0.93731
wandb:         lr 0.0
wandb:       mIOU 71.85709
wandb:  mean_loss 0.44645
wandb: 
wandb: Synced cosmic-morning-39: https://wandb.ai/dekun/fcn/runs/1e8mwyua
wandb: Synced 7 W&B file(s), 0 media file(s), 0 artifact file(s) and 24 other file(s)
wandb: Find logs at: ./wandb/run-20221112_201503-1e8mwyua/logs
