| distributed init (rank 0): env://
Namespace(amp=True, batch_size=16, data_path='../../../input/drive', device='cuda', dist_backend='nccl', dist_url='env://', distributed=True, epochs=200, gpu=0, lr=0.01, momentum=0.9, num_classes=1, output_dir='./multi_train', print_freq=1, rank=0, resume='', save_best=True, start_epoch=0, sync_bn=False, test_only=False, weight_decay=0.0001, workers=4, world_size=1)
Creating data loaders
/usr/local/lib/python3.7/dist-packages/torch/utils/data/dataloader.py:566: UserWarning: This DataLoader will create 4 worker processes in total. Our suggested max number of worker in current system is 2, which is smaller than what this DataLoader is going to create. Please be aware that excessive worker creation might get DataLoader running slow or even freeze, lower the worker number to avoid potential slowness/freeze if necessary.
  cpuset_checked))
Creating model
Start training
Epoch: [0]  [0/1]  eta: 0:00:07  lr: 0.010000  loss: 1.3554 (1.3554)  time: 7.4771  data: 0.7759  max mem: 5187
Epoch: [0] Total time: 0:00:07
Test:  [ 0/20]  eta: 0:00:07    time: 0.3638  data: 0.3144  max mem: 5187
Test: Total time: 0:00:01
global correct: 86.7
average row correct: ['99.3', '0.3']
IoU: ['86.7', '0.3']
mean IoU: 43.5
dice coefficient: 0.005
Epoch: [1]  [0/1]  eta: 0:00:01  lr: 0.009955  loss: 1.3544 (1.3544)  time: 1.2992  data: 0.7780  max mem: 5222
Epoch: [1] Total time: 0:00:01
Test:  [ 0/20]  eta: 0:00:06    time: 0.3229  data: 0.2783  max mem: 5222
Test: Total time: 0:00:01
global correct: 87.2
average row correct: ['99.9', '0.0']
IoU: ['87.2', '0.0']
mean IoU: 43.6
dice coefficient: 0.000
Epoch: [2]  [0/1]  eta: 0:00:01  lr: 0.009910  loss: 1.1856 (1.1856)  time: 1.2869  data: 0.7671  max mem: 5222
Epoch: [2] Total time: 0:00:01
Test:  [ 0/20]  eta: 0:00:07    time: 0.3622  data: 0.3244  max mem: 5222
Test: Total time: 0:00:01
global correct: 87.3
average row correct: ['100.0', '0.0']
IoU: ['87.3', '0.0']
mean IoU: 43.6
dice coefficient: 0.000
Epoch: [3]  [0/1]  eta: 0:00:01  lr: 0.009864  loss: 1.0811 (1.0811)  time: 1.2777  data: 0.7604  max mem: 5222
Epoch: [3] Total time: 0:00:01
Test:  [ 0/20]  eta: 0:00:04    time: 0.2333  data: 0.1945  max mem: 5222
Test: Total time: 0:00:01
global correct: 87.3
average row correct: ['100.0', '0.0']
IoU: ['87.3', '0.0']
mean IoU: 43.6
dice coefficient: 0.000
Epoch: [4]  [0/1]  eta: 0:00:01  lr: 0.009819  loss: 1.0763 (1.0763)  time: 1.3038  data: 0.7792  max mem: 5222
Epoch: [4] Total time: 0:00:01
Test:  [ 0/20]  eta: 0:00:06    time: 0.3160  data: 0.2681  max mem: 5222
Test: Total time: 0:00:01
global correct: 87.3
average row correct: ['100.0', '0.0']
IoU: ['87.3', '0.0']
mean IoU: 43.6
dice coefficient: 0.000
Epoch: [5]  [0/1]  eta: 0:00:01  lr: 0.009774  loss: 1.0239 (1.0239)  time: 1.2920  data: 0.7692  max mem: 5222
Epoch: [5] Total time: 0:00:01
Test:  [ 0/20]  eta: 0:00:05    time: 0.2665  data: 0.2281  max mem: 5222
Test: Total time: 0:00:01
global correct: 87.3
average row correct: ['100.0', '0.0']
IoU: ['87.3', '0.0']
mean IoU: 43.6
dice coefficient: 0.000
Epoch: [6]  [0/1]  eta: 0:00:01  lr: 0.009728  loss: 1.0133 (1.0133)  time: 1.3422  data: 0.8207  max mem: 5222
Epoch: [6] Total time: 0:00:01
Test:  [ 0/20]  eta: 0:00:06    time: 0.3161  data: 0.2772  max mem: 5222
Test: Total time: 0:00:01
global correct: 87.3
average row correct: ['100.0', '0.0']
IoU: ['87.3', '0.0']
mean IoU: 43.6
dice coefficient: 0.000
Epoch: [7]  [0/1]  eta: 0:00:01  lr: 0.009683  loss: 0.9961 (0.9961)  time: 1.3058  data: 0.7894  max mem: 5222
Epoch: [7] Total time: 0:00:01
Test:  [ 0/20]  eta: 0:00:07    time: 0.3521  data: 0.3022  max mem: 5222
Test: Total time: 0:00:01
global correct: 87.3
average row correct: ['100.0', '0.0']
IoU: ['87.3', '0.0']
mean IoU: 43.6
dice coefficient: 0.000
Epoch: [8]  [0/1]  eta: 0:00:01  lr: 0.009637  loss: 0.9734 (0.9734)  time: 1.2818  data: 0.7621  max mem: 5222
Epoch: [8] Total time: 0:00:01
Test:  [ 0/20]  eta: 0:00:05    time: 0.2863  data: 0.2507  max mem: 5222
Test: Total time: 0:00:01
global correct: 87.3
average row correct: ['100.0', '0.0']
IoU: ['87.3', '0.0']
mean IoU: 43.6
dice coefficient: 0.000
Epoch: [9]  [0/1]  eta: 0:00:01  lr: 0.009592  loss: 0.9683 (0.9683)  time: 1.2798  data: 0.7618  max mem: 5222
Epoch: [9] Total time: 0:00:01
Test:  [ 0/20]  eta: 0:00:07    time: 0.3669  data: 0.3254  max mem: 5222
Test: Total time: 0:00:01
global correct: 87.3
average row correct: ['100.0', '0.0']
IoU: ['87.3', '0.0']
mean IoU: 43.6
dice coefficient: 0.000
Epoch: [10]  [0/1]  eta: 0:00:01  lr: 0.009547  loss: 0.9184 (0.9184)  time: 1.2902  data: 0.7724  max mem: 5222
Epoch: [10] Total time: 0:00:01
Test:  [ 0/20]  eta: 0:00:04    time: 0.2410  data: 0.2026  max mem: 5222
Test: Total time: 0:00:01
global correct: 87.3
average row correct: ['100.0', '0.0']
IoU: ['87.3', '0.0']
mean IoU: 43.6
dice coefficient: 0.000
Epoch: [11]  [0/1]  eta: 0:00:01  lr: 0.009501  loss: 0.9074 (0.9074)  time: 1.2742  data: 0.7582  max mem: 5222
Epoch: [11] Total time: 0:00:01
Test:  [ 0/20]  eta: 0:00:06    time: 0.3235  data: 0.2808  max mem: 5222
Test: Total time: 0:00:01
global correct: 87.3
average row correct: ['100.0', '0.0']
IoU: ['87.3', '0.0']
mean IoU: 43.6
dice coefficient: 0.000
Epoch: [12]  [0/1]  eta: 0:00:01  lr: 0.009456  loss: 0.8552 (0.8552)  time: 1.2692  data: 0.7500  max mem: 5222
Epoch: [12] Total time: 0:00:01
Test:  [ 0/20]  eta: 0:00:06    time: 0.3351  data: 0.2858  max mem: 5222
Test: Total time: 0:00:01
global correct: 87.3
average row correct: ['100.0', '0.0']
IoU: ['87.3', '0.0']
mean IoU: 43.6
dice coefficient: 0.000
Epoch: [13]  [0/1]  eta: 0:00:01  lr: 0.009410  loss: 0.8551 (0.8551)  time: 1.2889  data: 0.7642  max mem: 5222
Epoch: [13] Total time: 0:00:01
Test:  [ 0/20]  eta: 0:00:05    time: 0.2671  data: 0.2286  max mem: 5222
Test: Total time: 0:00:01
global correct: 87.3
average row correct: ['100.0', '0.0']
IoU: ['87.3', '0.0']
mean IoU: 43.6
dice coefficient: 0.000
Epoch: [14]  [0/1]  eta: 0:00:01  lr: 0.009365  loss: 0.8084 (0.8084)  time: 1.2704  data: 0.7475  max mem: 5222
Epoch: [14] Total time: 0:00:01
Test:  [ 0/20]  eta: 0:00:04    time: 0.2195  data: 0.1839  max mem: 5222
Test: Total time: 0:00:01
global correct: 87.3
average row correct: ['100.0', '0.0']
IoU: ['87.3', '0.0']
mean IoU: 43.6
dice coefficient: 0.000
Epoch: [15]  [0/1]  eta: 0:00:01  lr: 0.009319  loss: 0.7987 (0.7987)  time: 1.2997  data: 0.7837  max mem: 5222
Epoch: [15] Total time: 0:00:01
Test:  [ 0/20]  eta: 0:00:06    time: 0.3366  data: 0.2877  max mem: 5222
Test: Total time: 0:00:01
global correct: 87.3
average row correct: ['100.0', '0.0']
IoU: ['87.3', '0.0']
mean IoU: 43.6
dice coefficient: 0.000
Epoch: [16]  [0/1]  eta: 0:00:01  lr: 0.009273  loss: 0.7475 (0.7475)  time: 1.2681  data: 0.7534  max mem: 5222
Epoch: [16] Total time: 0:00:01
Test:  [ 0/20]  eta: 0:00:06    time: 0.3184  data: 0.2789  max mem: 5222
Test: Total time: 0:00:01
global correct: 87.2
average row correct: ['99.9', '0.2']
IoU: ['87.2', '0.2']
mean IoU: 43.7
dice coefficient: 0.005
Epoch: [17]  [0/1]  eta: 0:00:01  lr: 0.009228  loss: 0.7604 (0.7604)  time: 1.2842  data: 0.7674  max mem: 5222
Epoch: [17] Total time: 0:00:01
Test:  [ 0/20]  eta: 0:00:06    time: 0.3312  data: 0.2821  max mem: 5222
Test: Total time: 0:00:01
global correct: 87.2
average row correct: ['99.9', '0.2']
IoU: ['87.2', '0.2']
mean IoU: 43.7
dice coefficient: 0.005
Epoch: [18]  [0/1]  eta: 0:00:01  lr: 0.009182  loss: 0.7383 (0.7383)  time: 1.3160  data: 0.7923  max mem: 5222
Epoch: [18] Total time: 0:00:01
Test:  [ 0/20]  eta: 0:00:06    time: 0.3293  data: 0.2669  max mem: 5222
Test: Total time: 0:00:01
global correct: 87.1
average row correct: ['99.7', '0.4']
IoU: ['87.0', '0.4']
mean IoU: 43.7
dice coefficient: 0.008
Epoch: [19]  [0/1]  eta: 0:00:01  lr: 0.009136  loss: 0.7208 (0.7208)  time: 1.3024  data: 0.7791  max mem: 5222
Epoch: [19] Total time: 0:00:01
Test:  [ 0/20]  eta: 0:00:06    time: 0.3022  data: 0.2471  max mem: 5222
Test: Total time: 0:00:01
global correct: 87.1
average row correct: ['99.4', '2.9']
IoU: ['87.1', '2.8']
mean IoU: 44.9
dice coefficient: 0.053
Epoch: [20]  [0/1]  eta: 0:00:01  lr: 0.009091  loss: 0.6413 (0.6413)  time: 1.2811  data: 0.7636  max mem: 5222
Epoch: [20] Total time: 0:00:01
Test:  [ 0/20]  eta: 0:00:07    time: 0.3660  data: 0.3070  max mem: 5222
Test: Total time: 0:00:01
global correct: 87.9
average row correct: ['99.2', '10.6']
IoU: ['87.7', '10.0']
mean IoU: 48.9
dice coefficient: 0.171
Epoch: [21]  [0/1]  eta: 0:00:01  lr: 0.009045  loss: 0.6762 (0.6762)  time: 1.2948  data: 0.7743  max mem: 5222
Epoch: [21] Total time: 0:00:01
Test:  [ 0/20]  eta: 0:00:05    time: 0.2823  data: 0.2277  max mem: 5222
Test: Total time: 0:00:01
global correct: 88.3
average row correct: ['98.5', '18.1']
IoU: ['88.0', '16.5']
mean IoU: 52.3
dice coefficient: 0.259
Epoch: [22]  [0/1]  eta: 0:00:01  lr: 0.008999  loss: 0.6794 (0.6794)  time: 1.3456  data: 0.8166  max mem: 5222
Epoch: [22] Total time: 0:00:01
Test:  [ 0/20]  eta: 0:00:08    time: 0.4402  data: 0.3917  max mem: 5222
Test: Total time: 0:00:01
global correct: 87.3
average row correct: ['96.7', '23.2']
IoU: ['87.0', '18.9']
mean IoU: 52.9
dice coefficient: 0.299
Epoch: [23]  [0/1]  eta: 0:00:01  lr: 0.008954  loss: 0.6411 (0.6411)  time: 1.3345  data: 0.8110  max mem: 5222
Epoch: [23] Total time: 0:00:01
Test:  [ 0/20]  eta: 0:00:08    time: 0.4302  data: 0.3897  max mem: 5222
Test: Total time: 0:00:01
global correct: 88.5
average row correct: ['98.0', '23.9']
IoU: ['88.2', '21.0']
mean IoU: 54.6
dice coefficient: 0.326
Epoch: [24]  [0/1]  eta: 0:00:01  lr: 0.008908  loss: 0.6153 (0.6153)  time: 1.3051  data: 0.7793  max mem: 5222
Epoch: [24] Total time: 0:00:01
Test:  [ 0/20]  eta: 0:00:06    time: 0.3175  data: 0.2581  max mem: 5222
Test: Total time: 0:00:01
global correct: 89.4
average row correct: ['98.6', '26.4']
IoU: ['89.1', '24.2']
mean IoU: 56.6
dice coefficient: 0.373
Epoch: [25]  [0/1]  eta: 0:00:01  lr: 0.008862  loss: 0.5844 (0.5844)  time: 1.2800  data: 0.7559  max mem: 5222
Epoch: [25] Total time: 0:00:01
Test:  [ 0/20]  eta: 0:00:06    time: 0.3035  data: 0.2603  max mem: 5222
Test: Total time: 0:00:01
global correct: 90.1
average row correct: ['98.6', '32.0']
IoU: ['89.7', '29.2']
mean IoU: 59.4
dice coefficient: 0.435
Epoch: [26]  [0/1]  eta: 0:00:01  lr: 0.008816  loss: 0.5530 (0.5530)  time: 1.2799  data: 0.7612  max mem: 5222
Epoch: [26] Total time: 0:00:01
Test:  [ 0/20]  eta: 0:00:07    time: 0.3565  data: 0.3151  max mem: 5222
Test: Total time: 0:00:01
global correct: 90.4
average row correct: ['98.1', '37.9']
IoU: ['90.0', '33.5']
mean IoU: 61.8
dice coefficient: 0.485
Epoch: [27]  [0/1]  eta: 0:00:01  lr: 0.008770  loss: 0.5868 (0.5868)  time: 1.2972  data: 0.7712  max mem: 5222
Epoch: [27] Total time: 0:00:01
Test:  [ 0/20]  eta: 0:00:04    time: 0.2222  data: 0.1862  max mem: 5222
Test: Total time: 0:00:01
global correct: 90.4
average row correct: ['97.3', '43.1']
IoU: ['89.8', '36.4']
mean IoU: 63.1
dice coefficient: 0.523
Epoch: [28]  [0/1]  eta: 0:00:01  lr: 0.008724  loss: 0.5985 (0.5985)  time: 1.3004  data: 0.7752  max mem: 5222
Epoch: [28] Total time: 0:00:01
Test:  [ 0/20]  eta: 0:00:04    time: 0.2479  data: 0.1953  max mem: 5222
Test: Total time: 0:00:01
global correct: 91.2
average row correct: ['98.3', '42.7']
IoU: ['90.7', '38.3']
mean IoU: 64.5
dice coefficient: 0.544
Epoch: [29]  [0/1]  eta: 0:00:01  lr: 0.008678  loss: 0.5315 (0.5315)  time: 1.2908  data: 0.7705  max mem: 5222
Epoch: [29] Total time: 0:00:01
Test:  [ 0/20]  eta: 0:00:07    time: 0.3766  data: 0.3380  max mem: 5222
Test: Total time: 0:00:01
global correct: 90.9
average row correct: ['98.8', '37.2']
IoU: ['90.5', '34.3']
mean IoU: 62.4
dice coefficient: 0.501
Epoch: [30]  [0/1]  eta: 0:00:01  lr: 0.008632  loss: 0.5374 (0.5374)  time: 1.2889  data: 0.7648  max mem: 5222
Epoch: [30] Total time: 0:00:01
Test:  [ 0/20]  eta: 0:00:06    time: 0.3489  data: 0.3110  max mem: 5222
Test: Total time: 0:00:01
global correct: 91.1
average row correct: ['98.8', '38.5']
IoU: ['90.7', '35.6']
mean IoU: 63.1
dice coefficient: 0.514
Epoch: [31]  [0/1]  eta: 0:00:01  lr: 0.008586  loss: 0.5512 (0.5512)  time: 1.2857  data: 0.7653  max mem: 5222
Epoch: [31] Total time: 0:00:01
Test:  [ 0/20]  eta: 0:00:07    time: 0.3529  data: 0.3006  max mem: 5222
Test: Total time: 0:00:01
global correct: 91.9
average row correct: ['98.9', '44.1']
IoU: ['91.4', '41.0']
mean IoU: 66.2
dice coefficient: 0.573
Epoch: [32]  [0/1]  eta: 0:00:01  lr: 0.008540  loss: 0.5204 (0.5204)  time: 1.3025  data: 0.7752  max mem: 5222
Epoch: [32] Total time: 0:00:01
Test:  [ 0/20]  eta: 0:00:06    time: 0.3057  data: 0.2634  max mem: 5222
Test: Total time: 0:00:01
global correct: 92.7
average row correct: ['98.8', '50.4']
IoU: ['92.2', '46.6']
mean IoU: 69.4
dice coefficient: 0.630
Epoch: [33]  [0/1]  eta: 0:00:01  lr: 0.008494  loss: 0.5371 (0.5371)  time: 1.3109  data: 0.7870  max mem: 5222
Epoch: [33] Total time: 0:00:01
Test:  [ 0/20]  eta: 0:00:04    time: 0.2386  data: 0.1966  max mem: 5222
Test: Total time: 0:00:01
global correct: 93.0
average row correct: ['97.7', '60.9']
IoU: ['92.4', '52.6']
mean IoU: 72.5
dice coefficient: 0.689
Epoch: [34]  [0/1]  eta: 0:00:01  lr: 0.008448  loss: 0.5292 (0.5292)  time: 1.2876  data: 0.7629  max mem: 5222
Epoch: [34] Total time: 0:00:01
Test:  [ 0/20]  eta: 0:00:06    time: 0.3036  data: 0.2492  max mem: 5222
Test: Total time: 0:00:01
global correct: 93.1
average row correct: ['96.9', '66.4']
IoU: ['92.4', '54.9']
mean IoU: 73.7
dice coefficient: 0.709
Epoch: [35]  [0/1]  eta: 0:00:01  lr: 0.008402  loss: 0.5189 (0.5189)  time: 1.3066  data: 0.7794  max mem: 5222
Epoch: [35] Total time: 0:00:01
Test:  [ 0/20]  eta: 0:00:06    time: 0.3133  data: 0.2641  max mem: 5222
Test: Total time: 0:00:01
global correct: 92.7
average row correct: ['96.1', '69.4']
IoU: ['92.0', '54.9']
mean IoU: 73.5
dice coefficient: 0.718
Epoch: [36]  [0/1]  eta: 0:00:01  lr: 0.008356  loss: 0.5063 (0.5063)  time: 1.2863  data: 0.7663  max mem: 5222
Epoch: [36] Total time: 0:00:01
Test:  [ 0/20]  eta: 0:00:04    time: 0.2429  data: 0.2044  max mem: 5222
Test: Total time: 0:00:01
global correct: 92.1
average row correct: ['95.3', '69.9']
IoU: ['91.3', '52.9']
mean IoU: 72.1
dice coefficient: 0.705
Epoch: [37]  [0/1]  eta: 0:00:01  lr: 0.008310  loss: 0.5019 (0.5019)  time: 1.3011  data: 0.7778  max mem: 5222
Epoch: [37] Total time: 0:00:01
Test:  [ 0/20]  eta: 0:00:04    time: 0.2430  data: 0.2054  max mem: 5222
Test: Total time: 0:00:01
global correct: 93.7
average row correct: ['97.4', '68.4']
IoU: ['93.1', '57.9']
mean IoU: 75.5
dice coefficient: 0.730
Epoch: [38]  [0/1]  eta: 0:00:01  lr: 0.008264  loss: 0.4954 (0.4954)  time: 1.2975  data: 0.7739  max mem: 5222
Epoch: [38] Total time: 0:00:01
Test:  [ 0/20]  eta: 0:00:06    time: 0.3355  data: 0.2814  max mem: 5222
Test: Total time: 0:00:01
global correct: 93.8
average row correct: ['97.7', '66.7']
IoU: ['93.2', '57.6']
mean IoU: 75.4
dice coefficient: 0.726
Epoch: [39]  [0/1]  eta: 0:00:01  lr: 0.008218  loss: 0.4875 (0.4875)  time: 1.2908  data: 0.7620  max mem: 5222
Epoch: [39] Total time: 0:00:01
Test:  [ 0/20]  eta: 0:00:05    time: 0.2700  data: 0.2310  max mem: 5222
Test: Total time: 0:00:01
global correct: 93.6
average row correct: ['97.7', '65.5']
IoU: ['93.0', '56.5']
mean IoU: 74.8
dice coefficient: 0.715
Epoch: [40]  [0/1]  eta: 0:00:01  lr: 0.008171  loss: 0.5118 (0.5118)  time: 1.3014  data: 0.7807  max mem: 5222
Epoch: [40] Total time: 0:00:01
Test:  [ 0/20]  eta: 0:00:07    time: 0.3508  data: 0.3126  max mem: 5222
Test: Total time: 0:00:01
global correct: 93.5
average row correct: ['96.8', '71.2']
IoU: ['92.9', '58.3']
mean IoU: 75.6
dice coefficient: 0.733
Epoch: [41]  [0/1]  eta: 0:00:01  lr: 0.008125  loss: 0.4900 (0.4900)  time: 1.3175  data: 0.7915  max mem: 5222
Epoch: [41] Total time: 0:00:01
Test:  [ 0/20]  eta: 0:00:06    time: 0.3103  data: 0.2642  max mem: 5222
Test: Total time: 0:00:01
global correct: 93.1
average row correct: ['95.6', '76.1']
IoU: ['92.4', '58.5']
mean IoU: 75.5
dice coefficient: 0.737
Epoch: [42]  [0/1]  eta: 0:00:01  lr: 0.008079  loss: 0.5125 (0.5125)  time: 1.3053  data: 0.7778  max mem: 5222
Epoch: [42] Total time: 0:00:01
Test:  [ 0/20]  eta: 0:00:06    time: 0.3259  data: 0.2871  max mem: 5222
Test: Total time: 0:00:01
global correct: 92.9
average row correct: ['95.0', '77.9']
IoU: ['92.1', '58.1']
mean IoU: 75.1
dice coefficient: 0.735
Epoch: [43]  [0/1]  eta: 0:00:01  lr: 0.008032  loss: 0.4916 (0.4916)  time: 1.2919  data: 0.7675  max mem: 5222
Epoch: [43] Total time: 0:00:01
Test:  [ 0/20]  eta: 0:00:06    time: 0.3228  data: 0.2810  max mem: 5222
Test: Total time: 0:00:01
global correct: 93.1
average row correct: ['95.5', '76.6']
IoU: ['92.3', '58.5']
mean IoU: 75.4
dice coefficient: 0.736
Epoch: [44]  [0/1]  eta: 0:00:01  lr: 0.007986  loss: 0.4759 (0.4759)  time: 1.3188  data: 0.7975  max mem: 5222
Epoch: [44] Total time: 0:00:01
Test:  [ 0/20]  eta: 0:00:07    time: 0.3555  data: 0.3066  max mem: 5222
Test: Total time: 0:00:01
global correct: 93.7
average row correct: ['96.5', '74.5']
IoU: ['93.0', '60.0']
mean IoU: 76.5
dice coefficient: 0.748
Epoch: [45]  [0/1]  eta: 0:00:01  lr: 0.007940  loss: 0.4778 (0.4778)  time: 1.3069  data: 0.7826  max mem: 5222
Epoch: [45] Total time: 0:00:01
Test:  [ 0/20]  eta: 0:00:04    time: 0.2442  data: 0.2073  max mem: 5222
Test: Total time: 0:00:01
global correct: 93.8
average row correct: ['96.7', '73.7']
IoU: ['93.2', '60.2']
mean IoU: 76.7
dice coefficient: 0.750
Epoch: [46]  [0/1]  eta: 0:00:01  lr: 0.007893  loss: 0.4640 (0.4640)  time: 1.2985  data: 0.7728  max mem: 5222
Epoch: [46] Total time: 0:00:01
Test:  [ 0/20]  eta: 0:00:06    time: 0.3331  data: 0.2868  max mem: 5222
Test: Total time: 0:00:01
global correct: 93.7
average row correct: ['96.5', '74.6']
IoU: ['93.1', '60.2']
mean IoU: 76.7
dice coefficient: 0.750
Epoch: [47]  [0/1]  eta: 0:00:01  lr: 0.007847  loss: 0.4588 (0.4588)  time: 1.2962  data: 0.7725  max mem: 5222
Epoch: [47] Total time: 0:00:01
Test:  [ 0/20]  eta: 0:00:06    time: 0.3324  data: 0.2947  max mem: 5222
Test: Total time: 0:00:01
global correct: 93.6
average row correct: ['96.1', '76.1']
IoU: ['92.9', '60.1']
mean IoU: 76.5
dice coefficient: 0.748
Epoch: [48]  [0/1]  eta: 0:00:01  lr: 0.007800  loss: 0.4680 (0.4680)  time: 1.2955  data: 0.7639  max mem: 5222
Epoch: [48] Total time: 0:00:01
Test:  [ 0/20]  eta: 0:00:07    time: 0.3725  data: 0.3307  max mem: 5222
Test: Total time: 0:00:01
global correct: 93.4
average row correct: ['95.7', '77.6']
IoU: ['92.6', '59.8']
mean IoU: 76.2
dice coefficient: 0.746
Epoch: [49]  [0/1]  eta: 0:00:01  lr: 0.007754  loss: 0.4663 (0.4663)  time: 1.2960  data: 0.7689  max mem: 5222
Epoch: [49] Total time: 0:00:01
Test:  [ 0/20]  eta: 0:00:05    time: 0.2829  data: 0.2313  max mem: 5222
Test: Total time: 0:00:01
global correct: 93.1
average row correct: ['95.2', '79.0']
IoU: ['92.4', '59.4']
mean IoU: 75.9
dice coefficient: 0.743
Epoch: [50]  [0/1]  eta: 0:00:01  lr: 0.007707  loss: 0.4739 (0.4739)  time: 1.3129  data: 0.7801  max mem: 5222
Epoch: [50] Total time: 0:00:01
Test:  [ 0/20]  eta: 0:00:06    time: 0.3356  data: 0.2832  max mem: 5222
Test: Total time: 0:00:01
global correct: 93.0
average row correct: ['95.0', '79.3']
IoU: ['92.2', '59.0']
mean IoU: 75.6
dice coefficient: 0.741
Epoch: [51]  [0/1]  eta: 0:00:01  lr: 0.007661  loss: 0.4390 (0.4390)  time: 1.2972  data: 0.7702  max mem: 5222
Epoch: [51] Total time: 0:00:01
Test:  [ 0/20]  eta: 0:00:06    time: 0.3296  data: 0.2592  max mem: 5222
Test: Total time: 0:00:01
global correct: 93.1
average row correct: ['95.2', '78.8']
IoU: ['92.3', '59.2']
mean IoU: 75.8
dice coefficient: 0.744
Epoch: [52]  [0/1]  eta: 0:00:01  lr: 0.007614  loss: 0.4611 (0.4611)  time: 1.3233  data: 0.7924  max mem: 5222
Epoch: [52] Total time: 0:00:01
Test:  [ 0/20]  eta: 0:00:06    time: 0.3409  data: 0.2932  max mem: 5222
Test: Total time: 0:00:01
global correct: 93.5
average row correct: ['95.7', '78.3']
IoU: ['92.7', '60.3']
mean IoU: 76.5
dice coefficient: 0.752
Epoch: [53]  [0/1]  eta: 0:00:01  lr: 0.007567  loss: 0.4435 (0.4435)  time: 1.2934  data: 0.7693  max mem: 5222
Epoch: [53] Total time: 0:00:01
Test:  [ 0/20]  eta: 0:00:06    time: 0.3275  data: 0.2761  max mem: 5222
Test: Total time: 0:00:01
global correct: 93.7
average row correct: ['96.0', '77.5']
IoU: ['93.0', '60.9']
mean IoU: 77.0
dice coefficient: 0.757
Epoch: [54]  [0/1]  eta: 0:00:01  lr: 0.007521  loss: 0.4644 (0.4644)  time: 1.3062  data: 0.7816  max mem: 5222
Epoch: [54] Total time: 0:00:01
Test:  [ 0/20]  eta: 0:00:06    time: 0.3208  data: 0.2765  max mem: 5222
Test: Total time: 0:00:01
global correct: 93.8
average row correct: ['96.3', '77.0']
IoU: ['93.1', '61.3']
mean IoU: 77.2
dice coefficient: 0.759
Epoch: [55]  [0/1]  eta: 0:00:01  lr: 0.007474  loss: 0.4386 (0.4386)  time: 1.3030  data: 0.7753  max mem: 5222
Epoch: [55] Total time: 0:00:01
Test:  [ 0/20]  eta: 0:00:04    time: 0.2285  data: 0.1916  max mem: 5222
Test: Total time: 0:00:01
global correct: 93.7
average row correct: ['96.0', '77.9']
IoU: ['93.0', '61.1']
mean IoU: 77.1
dice coefficient: 0.759
Epoch: [56]  [0/1]  eta: 0:00:01  lr: 0.007427  loss: 0.4451 (0.4451)  time: 1.3020  data: 0.7703  max mem: 5222
Epoch: [56] Total time: 0:00:01
Test:  [ 0/20]  eta: 0:00:06    time: 0.3184  data: 0.2672  max mem: 5222
Test: Total time: 0:00:01
global correct: 93.3
average row correct: ['95.5', '78.6']
IoU: ['92.6', '60.0']
mean IoU: 76.3
dice coefficient: 0.753
Epoch: [57]  [0/1]  eta: 0:00:01  lr: 0.007381  loss: 0.4336 (0.4336)  time: 1.2921  data: 0.7671  max mem: 5222
Epoch: [57] Total time: 0:00:01
Test:  [ 0/20]  eta: 0:00:05    time: 0.2516  data: 0.2025  max mem: 5222
Test: Total time: 0:00:01
global correct: 93.4
average row correct: ['95.5', '78.7']
IoU: ['92.6', '60.1']
mean IoU: 76.4
dice coefficient: 0.753
Epoch: [58]  [0/1]  eta: 0:00:01  lr: 0.007334  loss: 0.4504 (0.4504)  time: 1.3078  data: 0.7796  max mem: 5222
Epoch: [58] Total time: 0:00:01
Test:  [ 0/20]  eta: 0:00:06    time: 0.3499  data: 0.2966  max mem: 5222
Test: Total time: 0:00:01
global correct: 93.7
average row correct: ['96.0', '78.0']
IoU: ['93.0', '61.2']
mean IoU: 77.1
dice coefficient: 0.760
Epoch: [59]  [0/1]  eta: 0:00:01  lr: 0.007287  loss: 0.4714 (0.4714)  time: 1.2975  data: 0.7707  max mem: 5222
Epoch: [59] Total time: 0:00:01
Test:  [ 0/20]  eta: 0:00:05    time: 0.2681  data: 0.2246  max mem: 5222
Test: Total time: 0:00:01
global correct: 93.9
average row correct: ['96.3', '77.5']
IoU: ['93.2', '61.8']
mean IoU: 77.5
dice coefficient: 0.763
Epoch: [60]  [0/1]  eta: 0:00:01  lr: 0.007240  loss: 0.4382 (0.4382)  time: 1.2895  data: 0.7685  max mem: 5222
Epoch: [60] Total time: 0:00:01
Test:  [ 0/20]  eta: 0:00:06    time: 0.3016  data: 0.2506  max mem: 5222
Test: Total time: 0:00:01
global correct: 93.9
average row correct: ['96.4', '76.8']
IoU: ['93.3', '61.7']
mean IoU: 77.5
dice coefficient: 0.762
Epoch: [61]  [0/1]  eta: 0:00:01  lr: 0.007193  loss: 0.4361 (0.4361)  time: 1.2942  data: 0.7693  max mem: 5222
Epoch: [61] Total time: 0:00:01
Test:  [ 0/20]  eta: 0:00:05    time: 0.2956  data: 0.2365  max mem: 5222
Test: Total time: 0:00:01
global correct: 93.8
average row correct: ['96.2', '77.1']
IoU: ['93.1', '61.4']
mean IoU: 77.2
dice coefficient: 0.760
Epoch: [62]  [0/1]  eta: 0:00:01  lr: 0.007146  loss: 0.4531 (0.4531)  time: 1.2985  data: 0.7722  max mem: 5222
Epoch: [62] Total time: 0:00:01
Test:  [ 0/20]  eta: 0:00:05    time: 0.2731  data: 0.2175  max mem: 5222
Test: Total time: 0:00:01
global correct: 93.6
average row correct: ['95.9', '77.6']
IoU: ['92.9', '60.6']
mean IoU: 76.7
dice coefficient: 0.756
Epoch: [63]  [0/1]  eta: 0:00:01  lr: 0.007099  loss: 0.4332 (0.4332)  time: 1.3078  data: 0.7791  max mem: 5222
Epoch: [63] Total time: 0:00:01
Test:  [ 0/20]  eta: 0:00:06    time: 0.3230  data: 0.2728  max mem: 5222
Test: Total time: 0:00:01
global correct: 93.4
average row correct: ['95.8', '77.1']
IoU: ['92.7', '59.9']
mean IoU: 76.3
dice coefficient: 0.752
Epoch: [64]  [0/1]  eta: 0:00:01  lr: 0.007052  loss: 0.4493 (0.4493)  time: 1.3143  data: 0.7888  max mem: 5222
Epoch: [64] Total time: 0:00:01
Test:  [ 0/20]  eta: 0:00:04    time: 0.2327  data: 0.1879  max mem: 5222
Test: Total time: 0:00:01
global correct: 93.8
average row correct: ['96.3', '76.7']
IoU: ['93.1', '61.0']
mean IoU: 77.0
dice coefficient: 0.759
Epoch: [65]  [0/1]  eta: 0:00:01  lr: 0.007005  loss: 0.4506 (0.4506)  time: 1.3239  data: 0.7981  max mem: 5222
Epoch: [65] Total time: 0:00:01
Test:  [ 0/20]  eta: 0:00:07    time: 0.3535  data: 0.3159  max mem: 5222
Test: Total time: 0:00:01
global correct: 94.2
average row correct: ['96.9', '75.6']
IoU: ['93.6', '62.3']
mean IoU: 78.0
dice coefficient: 0.767
Epoch: [66]  [0/1]  eta: 0:00:01  lr: 0.006958  loss: 0.4495 (0.4495)  time: 1.3117  data: 0.7828  max mem: 5222
Epoch: [66] Total time: 0:00:01
Test:  [ 0/20]  eta: 0:00:05    time: 0.2788  data: 0.2167  max mem: 5222
Test: Total time: 0:00:01
global correct: 94.2
average row correct: ['97.2', '74.0']
IoU: ['93.6', '61.9']
mean IoU: 77.8
dice coefficient: 0.763
Epoch: [67]  [0/1]  eta: 0:00:01  lr: 0.006911  loss: 0.4570 (0.4570)  time: 1.2982  data: 0.7736  max mem: 5222
Epoch: [67] Total time: 0:00:01
Test:  [ 0/20]  eta: 0:00:06    time: 0.3124  data: 0.2448  max mem: 5222
Test: Total time: 0:00:01
global correct: 94.2
average row correct: ['97.1', '74.2']
IoU: ['93.6', '62.0']
mean IoU: 77.8
dice coefficient: 0.763
Epoch: [68]  [0/1]  eta: 0:00:01  lr: 0.006864  loss: 0.4454 (0.4454)  time: 1.2952  data: 0.7719  max mem: 5222
Epoch: [68] Total time: 0:00:01
Test:  [ 0/20]  eta: 0:00:05    time: 0.2653  data: 0.2179  max mem: 5222
Test: Total time: 0:00:01
global correct: 94.3
average row correct: ['97.0', '75.6']
IoU: ['93.7', '62.7']
mean IoU: 78.2
dice coefficient: 0.769
Epoch: [69]  [0/1]  eta: 0:00:01  lr: 0.006817  loss: 0.4273 (0.4273)  time: 1.3101  data: 0.7849  max mem: 5222
Epoch: [69] Total time: 0:00:01
Test:  [ 0/20]  eta: 0:00:05    time: 0.2643  data: 0.2118  max mem: 5222
Test: Total time: 0:00:01
global correct: 94.2
average row correct: ['96.9', '76.0']
IoU: ['93.6', '62.6']
mean IoU: 78.1
dice coefficient: 0.768
Epoch: [70]  [0/1]  eta: 0:00:01  lr: 0.006770  loss: 0.4298 (0.4298)  time: 1.2965  data: 0.7695  max mem: 5222
Epoch: [70] Total time: 0:00:01
Test:  [ 0/20]  eta: 0:00:04    time: 0.2306  data: 0.1942  max mem: 5222
Test: Total time: 0:00:01
global correct: 93.9
average row correct: ['96.6', '75.4']
IoU: ['93.2', '61.0']
mean IoU: 77.1
dice coefficient: 0.756
Epoch: [71]  [0/1]  eta: 0:00:01  lr: 0.006722  loss: 0.4234 (0.4234)  time: 1.2878  data: 0.7611  max mem: 5222
Epoch: [71] Total time: 0:00:01
Test:  [ 0/20]  eta: 0:00:07    time: 0.3696  data: 0.3240  max mem: 5222
Test: Total time: 0:00:01
global correct: 93.6
average row correct: ['96.3', '74.9']
IoU: ['92.9', '59.9']
mean IoU: 76.4
dice coefficient: 0.748
Epoch: [72]  [0/1]  eta: 0:00:01  lr: 0.006675  loss: 0.4456 (0.4456)  time: 1.2899  data: 0.7626  max mem: 5222
Epoch: [72] Total time: 0:00:01
Test:  [ 0/20]  eta: 0:00:05    time: 0.2895  data: 0.2322  max mem: 5222
Test: Total time: 0:00:01
global correct: 93.9
average row correct: ['96.6', '75.4']
IoU: ['93.2', '61.1']
mean IoU: 77.2
dice coefficient: 0.757
Epoch: [73]  [0/1]  eta: 0:00:01  lr: 0.006628  loss: 0.4500 (0.4500)  time: 1.3087  data: 0.7855  max mem: 5222
Epoch: [73] Total time: 0:00:01
Test:  [ 0/20]  eta: 0:00:04    time: 0.2489  data: 0.2130  max mem: 5222
Test: Total time: 0:00:01
global correct: 94.3
average row correct: ['97.0', '75.6']
IoU: ['93.7', '62.8']
mean IoU: 78.3
dice coefficient: 0.770
Epoch: [74]  [0/1]  eta: 0:00:01  lr: 0.006580  loss: 0.4181 (0.4181)  time: 1.3016  data: 0.7772  max mem: 5222
Epoch: [74] Total time: 0:00:01
Test:  [ 0/20]  eta: 0:00:07    time: 0.3678  data: 0.3194  max mem: 5222
Test: Total time: 0:00:01
global correct: 94.4
average row correct: ['97.5', '73.5']
IoU: ['93.8', '62.6']
mean IoU: 78.2
dice coefficient: 0.768
Epoch: [75]  [0/1]  eta: 0:00:01  lr: 0.006533  loss: 0.4281 (0.4281)  time: 1.3352  data: 0.8071  max mem: 5222
Epoch: [75] Total time: 0:00:01
Test:  [ 0/20]  eta: 0:00:07    time: 0.3592  data: 0.3097  max mem: 5222
Test: Total time: 0:00:01
global correct: 94.5
average row correct: ['97.8', '71.5']
IoU: ['93.9', '62.2']
mean IoU: 78.1
dice coefficient: 0.765
Epoch: [76]  [0/1]  eta: 0:00:01  lr: 0.006486  loss: 0.4407 (0.4407)  time: 1.3111  data: 0.7808  max mem: 5222
Epoch: [76] Total time: 0:00:01
Test:  [ 0/20]  eta: 0:00:04    time: 0.2400  data: 0.1953  max mem: 5222
Test: Total time: 0:00:01
global correct: 94.5
average row correct: ['98.1', '70.0']
IoU: ['94.0', '61.9']
mean IoU: 77.9
dice coefficient: 0.762
Epoch: [77]  [0/1]  eta: 0:00:01  lr: 0.006438  loss: 0.4516 (0.4516)  time: 1.3221  data: 0.7871  max mem: 5222
Epoch: [77] Total time: 0:00:01
Test:  [ 0/20]  eta: 0:00:04    time: 0.2253  data: 0.1874  max mem: 5222
Test: Total time: 0:00:01
global correct: 94.4
average row correct: ['98.1', '68.9']
IoU: ['93.9', '61.2']
mean IoU: 77.5
dice coefficient: 0.756
Epoch: [78]  [0/1]  eta: 0:00:01  lr: 0.006391  loss: 0.4238 (0.4238)  time: 1.3123  data: 0.7885  max mem: 5222
Epoch: [78] Total time: 0:00:01
Test:  [ 0/20]  eta: 0:00:07    time: 0.3790  data: 0.3337  max mem: 5222
Test: Total time: 0:00:01
global correct: 94.3
average row correct: ['98.2', '67.6']
IoU: ['93.7', '60.1']
mean IoU: 76.9
dice coefficient: 0.747
Epoch: [79]  [0/1]  eta: 0:00:01  lr: 0.006343  loss: 0.4434 (0.4434)  time: 1.5621  data: 1.0302  max mem: 5222
Epoch: [79] Total time: 0:00:01
Test:  [ 0/20]  eta: 0:00:05    time: 0.2690  data: 0.2165  max mem: 5222
Test: Total time: 0:00:01
global correct: 94.2
average row correct: ['98.1', '67.0']
IoU: ['93.6', '59.4']
mean IoU: 76.5
dice coefficient: 0.741
Epoch: [80]  [0/1]  eta: 0:00:01  lr: 0.006295  loss: 0.4352 (0.4352)  time: 1.3177  data: 0.7835  max mem: 5222
Epoch: [80] Total time: 0:00:01
Test:  [ 0/20]  eta: 0:00:06    time: 0.3279  data: 0.2735  max mem: 5222
Test: Total time: 0:00:01
global correct: 94.2
average row correct: ['98.0', '67.5']
IoU: ['93.6', '59.5']
mean IoU: 76.6
dice coefficient: 0.743
Epoch: [81]  [0/1]  eta: 0:00:01  lr: 0.006248  loss: 0.4286 (0.4286)  time: 1.2940  data: 0.7669  max mem: 5222
Epoch: [81] Total time: 0:00:01
Test:  [ 0/20]  eta: 0:00:07    time: 0.3767  data: 0.3286  max mem: 5222
Test: Total time: 0:00:01
global correct: 94.3
average row correct: ['98.0', '68.5']
IoU: ['93.7', '60.4']
mean IoU: 77.0
dice coefficient: 0.751
Epoch: [82]  [0/1]  eta: 0:00:01  lr: 0.006200  loss: 0.4350 (0.4350)  time: 1.2980  data: 0.7681  max mem: 5222
Epoch: [82] Total time: 0:00:01
Test:  [ 0/20]  eta: 0:00:06    time: 0.3063  data: 0.2516  max mem: 5222
Test: Total time: 0:00:01
global correct: 94.4
average row correct: ['98.1', '68.8']
IoU: ['93.9', '61.0']
mean IoU: 77.4
dice coefficient: 0.755
Epoch: [83]  [0/1]  eta: 0:00:01  lr: 0.006152  loss: 0.4306 (0.4306)  time: 1.2869  data: 0.7634  max mem: 5222
Epoch: [83] Total time: 0:00:01
Test:  [ 0/20]  eta: 0:00:07    time: 0.3643  data: 0.3087  max mem: 5222
Test: Total time: 0:00:01
global correct: 94.4
average row correct: ['98.2', '69.0']
IoU: ['93.9', '61.3']
mean IoU: 77.6
dice coefficient: 0.758
Epoch: [84]  [0/1]  eta: 0:00:01  lr: 0.006105  loss: 0.4357 (0.4357)  time: 1.3077  data: 0.7736  max mem: 5222
Epoch: [84] Total time: 0:00:01
Test:  [ 0/20]  eta: 0:00:05    time: 0.2641  data: 0.2207  max mem: 5222
Test: Total time: 0:00:01
global correct: 94.5
average row correct: ['98.1', '70.0']
IoU: ['93.9', '61.7']
mean IoU: 77.8
dice coefficient: 0.761
Epoch: [85]  [0/1]  eta: 0:00:01  lr: 0.006057  loss: 0.4312 (0.4312)  time: 1.3230  data: 0.7978  max mem: 5222
Epoch: [85] Total time: 0:00:01
Test:  [ 0/20]  eta: 0:00:04    time: 0.2216  data: 0.1869  max mem: 5222
Test: Total time: 0:00:01
global correct: 94.5
average row correct: ['97.9', '70.9']
IoU: ['94.0', '62.2']
mean IoU: 78.1
dice coefficient: 0.765
Epoch: [86]  [0/1]  eta: 0:00:01  lr: 0.006009  loss: 0.4288 (0.4288)  time: 1.3072  data: 0.7785  max mem: 5222
Epoch: [86] Total time: 0:00:01
Test:  [ 0/20]  eta: 0:00:06    time: 0.3049  data: 0.2444  max mem: 5222
Test: Total time: 0:00:01
global correct: 94.5
average row correct: ['97.8', '72.1']
IoU: ['94.0', '62.6']
mean IoU: 78.3
dice coefficient: 0.768
Epoch: [87]  [0/1]  eta: 0:00:01  lr: 0.005961  loss: 0.4188 (0.4188)  time: 1.3042  data: 0.7794  max mem: 5222
Epoch: [87] Total time: 0:00:01
Test:  [ 0/20]  eta: 0:00:04    time: 0.2321  data: 0.1941  max mem: 5222
Test: Total time: 0:00:01
global correct: 94.5
average row correct: ['97.7', '72.6']
IoU: ['93.9', '62.6']
mean IoU: 78.3
dice coefficient: 0.768
Epoch: [88]  [0/1]  eta: 0:00:01  lr: 0.005913  loss: 0.4359 (0.4359)  time: 1.3267  data: 0.7913  max mem: 5222
Epoch: [88] Total time: 0:00:01
Test:  [ 0/20]  eta: 0:00:06    time: 0.3161  data: 0.2648  max mem: 5222
Test: Total time: 0:00:01
global correct: 94.4
average row correct: ['97.6', '72.6']
IoU: ['93.9', '62.4']
mean IoU: 78.2
dice coefficient: 0.766
Epoch: [89]  [0/1]  eta: 0:00:01  lr: 0.005865  loss: 0.4221 (0.4221)  time: 1.3095  data: 0.7698  max mem: 5222
Epoch: [89] Total time: 0:00:01
Test:  [ 0/20]  eta: 0:00:06    time: 0.3124  data: 0.2593  max mem: 5222
Test: Total time: 0:00:01
global correct: 94.4
average row correct: ['97.7', '71.9']
IoU: ['93.9', '62.2']
mean IoU: 78.1
dice coefficient: 0.765
Epoch: [90]  [0/1]  eta: 0:00:01  lr: 0.005817  loss: 0.4268 (0.4268)  time: 1.2976  data: 0.7679  max mem: 5222
Epoch: [90] Total time: 0:00:01
Test:  [ 0/20]  eta: 0:00:06    time: 0.3136  data: 0.2506  max mem: 5222
Test: Total time: 0:00:01
global correct: 94.5
average row correct: ['97.9', '71.1']
IoU: ['93.9', '62.1']
mean IoU: 78.0
dice coefficient: 0.764
Epoch: [91]  [0/1]  eta: 0:00:01  lr: 0.005769  loss: 0.4136 (0.4136)  time: 1.3080  data: 0.7807  max mem: 5222
Epoch: [91] Total time: 0:00:01
Test:  [ 0/20]  eta: 0:00:04    time: 0.2267  data: 0.1880  max mem: 5222
Test: Total time: 0:00:01
global correct: 94.5
average row correct: ['98.1', '70.2']
IoU: ['94.0', '62.0']
mean IoU: 78.0
dice coefficient: 0.763
Epoch: [92]  [0/1]  eta: 0:00:01  lr: 0.005721  loss: 0.4187 (0.4187)  time: 1.3112  data: 0.7827  max mem: 5222
Epoch: [92] Total time: 0:00:01
Test:  [ 0/20]  eta: 0:00:04    time: 0.2403  data: 0.1950  max mem: 5222
Test: Total time: 0:00:01
global correct: 94.5
average row correct: ['98.2', '69.6']
IoU: ['94.0', '61.9']
mean IoU: 77.9
dice coefficient: 0.762
Epoch: [93]  [0/1]  eta: 0:00:01  lr: 0.005673  loss: 0.4259 (0.4259)  time: 1.3014  data: 0.7742  max mem: 5222
Epoch: [93] Total time: 0:00:01
Test:  [ 0/20]  eta: 0:00:07    time: 0.3536  data: 0.3145  max mem: 5222
Test: Total time: 0:00:01
global correct: 94.6
average row correct: ['98.2', '69.6']
IoU: ['94.0', '61.9']
mean IoU: 78.0
dice coefficient: 0.763
Epoch: [94]  [0/1]  eta: 0:00:01  lr: 0.005625  loss: 0.4103 (0.4103)  time: 1.3119  data: 0.7850  max mem: 5222
Epoch: [94] Total time: 0:00:01
Test:  [ 0/20]  eta: 0:00:07    time: 0.3562  data: 0.3040  max mem: 5222
Test: Total time: 0:00:01
global correct: 94.6
average row correct: ['98.2', '70.0']
IoU: ['94.1', '62.2']
mean IoU: 78.1
dice coefficient: 0.765
Epoch: [95]  [0/1]  eta: 0:00:01  lr: 0.005577  loss: 0.4333 (0.4333)  time: 1.3126  data: 0.7829  max mem: 5222
Epoch: [95] Total time: 0:00:01
Test:  [ 0/20]  eta: 0:00:06    time: 0.3464  data: 0.2859  max mem: 5222
Test: Total time: 0:00:01
global correct: 94.6
average row correct: ['98.0', '71.0']
IoU: ['94.1', '62.6']
mean IoU: 78.3
dice coefficient: 0.768
Epoch: [96]  [0/1]  eta: 0:00:01  lr: 0.005528  loss: 0.4219 (0.4219)  time: 1.3124  data: 0.7856  max mem: 5222
Epoch: [96] Total time: 0:00:01
Test:  [ 0/20]  eta: 0:00:05    time: 0.2772  data: 0.2101  max mem: 5222
Test: Total time: 0:00:01
global correct: 94.6
average row correct: ['97.8', '72.3']
IoU: ['94.0', '62.9']
mean IoU: 78.5
dice coefficient: 0.771
Epoch: [97]  [0/1]  eta: 0:00:01  lr: 0.005480  loss: 0.4080 (0.4080)  time: 1.3258  data: 0.7948  max mem: 5222
Epoch: [97] Total time: 0:00:01
Test:  [ 0/20]  eta: 0:00:06    time: 0.3006  data: 0.2575  max mem: 5222
Test: Total time: 0:00:01
global correct: 94.5
average row correct: ['97.6', '73.4']
IoU: ['94.0', '63.0']
mean IoU: 78.5
dice coefficient: 0.771
Epoch: [98]  [0/1]  eta: 0:00:01  lr: 0.005432  loss: 0.4183 (0.4183)  time: 1.3357  data: 0.8071  max mem: 5222
Epoch: [98] Total time: 0:00:01
Test:  [ 0/20]  eta: 0:00:06    time: 0.3384  data: 0.2991  max mem: 5222
Test: Total time: 0:00:01
global correct: 94.4
average row correct: ['97.3', '74.7']
IoU: ['93.8', '62.9']
mean IoU: 78.4
dice coefficient: 0.770
Epoch: [99]  [0/1]  eta: 0:00:01  lr: 0.005383  loss: 0.3994 (0.3994)  time: 1.3126  data: 0.7755  max mem: 5222
Epoch: [99] Total time: 0:00:01
Test:  [ 0/20]  eta: 0:00:05    time: 0.2950  data: 0.2565  max mem: 5222
Test: Total time: 0:00:01
global correct: 94.3
average row correct: ['97.1', '75.0']
IoU: ['93.7', '62.6']
mean IoU: 78.2
dice coefficient: 0.768
Epoch: [100]  [0/1]  eta: 0:00:01  lr: 0.005335  loss: 0.4182 (0.4182)  time: 1.3082  data: 0.7802  max mem: 5222
Epoch: [100] Total time: 0:00:01
Test:  [ 0/20]  eta: 0:00:07    time: 0.3844  data: 0.3440  max mem: 5222
Test: Total time: 0:00:01
global correct: 94.3
average row correct: ['97.1', '74.9']
IoU: ['93.7', '62.5']
mean IoU: 78.1
dice coefficient: 0.767
Epoch: [101]  [0/1]  eta: 0:00:01  lr: 0.005286  loss: 0.4037 (0.4037)  time: 1.3127  data: 0.7785  max mem: 5222
Epoch: [101] Total time: 0:00:01
Test:  [ 0/20]  eta: 0:00:06    time: 0.3234  data: 0.2805  max mem: 5222
Test: Total time: 0:00:01
global correct: 94.3
average row correct: ['97.2', '74.6']
IoU: ['93.7', '62.5']
mean IoU: 78.1
dice coefficient: 0.767
Epoch: [102]  [0/1]  eta: 0:00:01  lr: 0.005238  loss: 0.4127 (0.4127)  time: 1.3275  data: 0.8011  max mem: 5222
Epoch: [102] Total time: 0:00:01
Test:  [ 0/20]  eta: 0:00:06    time: 0.3019  data: 0.2505  max mem: 5222
Test: Total time: 0:00:01
global correct: 94.4
average row correct: ['97.3', '74.2']
IoU: ['93.8', '62.8']
mean IoU: 78.3
dice coefficient: 0.769
Epoch: [103]  [0/1]  eta: 0:00:01  lr: 0.005189  loss: 0.3999 (0.3999)  time: 1.3034  data: 0.7739  max mem: 5222
Epoch: [103] Total time: 0:00:01
Test:  [ 0/20]  eta: 0:00:06    time: 0.3435  data: 0.2913  max mem: 5222
Test: Total time: 0:00:01
global correct: 94.5
average row correct: ['97.6', '73.4']
IoU: ['93.9', '62.9']
mean IoU: 78.4
dice coefficient: 0.770
Epoch: [104]  [0/1]  eta: 0:00:01  lr: 0.005140  loss: 0.4077 (0.4077)  time: 1.3025  data: 0.7754  max mem: 5222
Epoch: [104] Total time: 0:00:01
Test:  [ 0/20]  eta: 0:00:06    time: 0.3414  data: 0.2932  max mem: 5222
Test: Total time: 0:00:01
global correct: 94.6
average row correct: ['97.8', '72.2']
IoU: ['94.0', '62.8']
mean IoU: 78.4
dice coefficient: 0.770
Epoch: [105]  [0/1]  eta: 0:00:01  lr: 0.005092  loss: 0.3997 (0.3997)  time: 1.3085  data: 0.7785  max mem: 5222
Epoch: [105] Total time: 0:00:01
Test:  [ 0/20]  eta: 0:00:07    time: 0.3660  data: 0.3237  max mem: 5222
Test: Total time: 0:00:01
global correct: 94.6
average row correct: ['97.9', '71.6']
IoU: ['94.0', '62.7']
mean IoU: 78.4
dice coefficient: 0.769
Epoch: [106]  [0/1]  eta: 0:00:01  lr: 0.005043  loss: 0.4161 (0.4161)  time: 1.3013  data: 0.7729  max mem: 5222
Epoch: [106] Total time: 0:00:01
Test:  [ 0/20]  eta: 0:00:06    time: 0.3428  data: 0.2991  max mem: 5222
Test: Total time: 0:00:01
global correct: 94.6
average row correct: ['98.0', '71.3']
IoU: ['94.1', '62.8']
mean IoU: 78.4
dice coefficient: 0.770
Epoch: [107]  [0/1]  eta: 0:00:01  lr: 0.004994  loss: 0.4087 (0.4087)  time: 1.3130  data: 0.7866  max mem: 5222
Epoch: [107] Total time: 0:00:01
Test:  [ 0/20]  eta: 0:00:06    time: 0.3348  data: 0.2821  max mem: 5222
Test: Total time: 0:00:01
global correct: 94.6
average row correct: ['98.0', '71.3']
IoU: ['94.1', '62.8']
mean IoU: 78.5
dice coefficient: 0.770
Epoch: [108]  [0/1]  eta: 0:00:01  lr: 0.004945  loss: 0.3940 (0.3940)  time: 1.3156  data: 0.7837  max mem: 5222
Epoch: [108] Total time: 0:00:01
Test:  [ 0/20]  eta: 0:00:05    time: 0.2846  data: 0.2298  max mem: 5222
Test: Total time: 0:00:01
global correct: 94.6
average row correct: ['98.0', '71.4']
IoU: ['94.1', '62.9']
mean IoU: 78.5
dice coefficient: 0.770
Epoch: [109]  [0/1]  eta: 0:00:01  lr: 0.004896  loss: 0.4249 (0.4249)  time: 1.3153  data: 0.7813  max mem: 5222
Epoch: [109] Total time: 0:00:01
Test:  [ 0/20]  eta: 0:00:06    time: 0.3468  data: 0.3013  max mem: 5222
Test: Total time: 0:00:01
global correct: 94.6
average row correct: ['97.9', '71.8']
IoU: ['94.1', '62.9']
mean IoU: 78.5
dice coefficient: 0.770
Epoch: [110]  [0/1]  eta: 0:00:01  lr: 0.004847  loss: 0.4043 (0.4043)  time: 1.3105  data: 0.7783  max mem: 5222
Epoch: [110] Total time: 0:00:01
Test:  [ 0/20]  eta: 0:00:05    time: 0.2648  data: 0.2058  max mem: 5222
Test: Total time: 0:00:01
global correct: 94.6
average row correct: ['97.8', '72.4']
IoU: ['94.0', '63.0']
mean IoU: 78.5
dice coefficient: 0.771
Epoch: [111]  [0/1]  eta: 0:00:01  lr: 0.004798  loss: 0.3930 (0.3930)  time: 1.2972  data: 0.7666  max mem: 5222
Epoch: [111] Total time: 0:00:01
Test:  [ 0/20]  eta: 0:00:04    time: 0.2312  data: 0.1920  max mem: 5222
Test: Total time: 0:00:01
global correct: 94.6
average row correct: ['97.8', '72.4']
IoU: ['94.0', '63.0']
mean IoU: 78.5
dice coefficient: 0.770
Epoch: [112]  [0/1]  eta: 0:00:01  lr: 0.004749  loss: 0.4084 (0.4084)  time: 1.3075  data: 0.7798  max mem: 5222
Epoch: [112] Total time: 0:00:01
Test:  [ 0/20]  eta: 0:00:06    time: 0.3456  data: 0.3002  max mem: 5222
Test: Total time: 0:00:01
global correct: 94.6
average row correct: ['97.9', '72.3']
IoU: ['94.1', '63.0']
mean IoU: 78.5
dice coefficient: 0.771
Epoch: [113]  [0/1]  eta: 0:00:01  lr: 0.004700  loss: 0.4057 (0.4057)  time: 1.3243  data: 0.7932  max mem: 5222
Epoch: [113] Total time: 0:00:01
Test:  [ 0/20]  eta: 0:00:04    time: 0.2496  data: 0.2040  max mem: 5222
Test: Total time: 0:00:01
global correct: 94.6
average row correct: ['97.8', '72.4']
IoU: ['94.0', '63.0']
mean IoU: 78.5
dice coefficient: 0.771
Epoch: [114]  [0/1]  eta: 0:00:01  lr: 0.004651  loss: 0.3999 (0.3999)  time: 1.3008  data: 0.7729  max mem: 5222
Epoch: [114] Total time: 0:00:01
Test:  [ 0/20]  eta: 0:00:04    time: 0.2391  data: 0.1952  max mem: 5222
Test: Total time: 0:00:01
global correct: 94.6
average row correct: ['97.8', '72.6']
IoU: ['94.1', '63.2']
mean IoU: 78.6
dice coefficient: 0.772
Epoch: [115]  [0/1]  eta: 0:00:01  lr: 0.004601  loss: 0.3888 (0.3888)  time: 1.3117  data: 0.7787  max mem: 5222
Epoch: [115] Total time: 0:00:01
Test:  [ 0/20]  eta: 0:00:05    time: 0.2537  data: 0.2090  max mem: 5222
Test: Total time: 0:00:01
global correct: 94.6
average row correct: ['97.8', '73.0']
IoU: ['94.1', '63.3']
mean IoU: 78.7
dice coefficient: 0.774
Epoch: [116]  [0/1]  eta: 0:00:01  lr: 0.004552  loss: 0.4011 (0.4011)  time: 1.3143  data: 0.7838  max mem: 5222
Epoch: [116] Total time: 0:00:01
Test:  [ 0/20]  eta: 0:00:04    time: 0.2254  data: 0.1884  max mem: 5222
Test: Total time: 0:00:01
global correct: 94.6
average row correct: ['97.7', '73.3']
IoU: ['94.1', '63.5']
mean IoU: 78.8
dice coefficient: 0.775
Epoch: [117]  [0/1]  eta: 0:00:01  lr: 0.004503  loss: 0.4079 (0.4079)  time: 1.3253  data: 0.7913  max mem: 5222
Epoch: [117] Total time: 0:00:01
Test:  [ 0/20]  eta: 0:00:05    time: 0.2518  data: 0.1970  max mem: 5222
Test: Total time: 0:00:01
global correct: 94.6
average row correct: ['97.7', '73.6']
IoU: ['94.1', '63.5']
mean IoU: 78.8
dice coefficient: 0.775
Epoch: [118]  [0/1]  eta: 0:00:01  lr: 0.004453  loss: 0.4073 (0.4073)  time: 1.3080  data: 0.7810  max mem: 5222
Epoch: [118] Total time: 0:00:01
Test:  [ 0/20]  eta: 0:00:06    time: 0.3286  data: 0.2841  max mem: 5222
Test: Total time: 0:00:01
global correct: 94.6
average row correct: ['97.6', '74.2']
IoU: ['94.1', '63.7']
mean IoU: 78.9
dice coefficient: 0.776
Epoch: [119]  [0/1]  eta: 0:00:01  lr: 0.004404  loss: 0.4044 (0.4044)  time: 1.3312  data: 0.8021  max mem: 5222
Epoch: [119] Total time: 0:00:01
Test:  [ 0/20]  eta: 0:00:05    time: 0.2770  data: 0.2264  max mem: 5222
Test: Total time: 0:00:01
global correct: 94.6
average row correct: ['97.5', '75.0']
IoU: ['94.0', '63.9']
mean IoU: 78.9
dice coefficient: 0.778
Epoch: [120]  [0/1]  eta: 0:00:01  lr: 0.004354  loss: 0.4019 (0.4019)  time: 1.3079  data: 0.7794  max mem: 5222
Epoch: [120] Total time: 0:00:01
Test:  [ 0/20]  eta: 0:00:04    time: 0.2360  data: 0.1931  max mem: 5222
Test: Total time: 0:00:01
global correct: 94.6
average row correct: ['97.3', '75.7']
IoU: ['94.0', '63.9']
mean IoU: 78.9
dice coefficient: 0.778
Epoch: [121]  [0/1]  eta: 0:00:01  lr: 0.004304  loss: 0.4060 (0.4060)  time: 1.3192  data: 0.7902  max mem: 5222
Epoch: [121] Total time: 0:00:01
Test:  [ 0/20]  eta: 0:00:07    time: 0.3800  data: 0.3373  max mem: 5222
Test: Total time: 0:00:01
global correct: 94.5
average row correct: ['97.2', '76.2']
IoU: ['93.9', '63.9']
mean IoU: 78.9
dice coefficient: 0.778
Epoch: [122]  [0/1]  eta: 0:00:01  lr: 0.004255  loss: 0.4002 (0.4002)  time: 1.2973  data: 0.7702  max mem: 5222
Epoch: [122] Total time: 0:00:01
Test:  [ 0/20]  eta: 0:00:04    time: 0.2411  data: 0.1993  max mem: 5222
Test: Total time: 0:00:01
global correct: 94.5
average row correct: ['97.2', '76.2']
IoU: ['93.9', '63.9']
mean IoU: 78.9
dice coefficient: 0.778
Epoch: [123]  [0/1]  eta: 0:00:01  lr: 0.004205  loss: 0.3994 (0.3994)  time: 1.3170  data: 0.7892  max mem: 5222
Epoch: [123] Total time: 0:00:01
Test:  [ 0/20]  eta: 0:00:07    time: 0.3645  data: 0.3270  max mem: 5222
Test: Total time: 0:00:01
global correct: 94.5
average row correct: ['97.2', '76.1']
IoU: ['93.9', '63.9']
mean IoU: 78.9
dice coefficient: 0.778
Epoch: [124]  [0/1]  eta: 0:00:01  lr: 0.004155  loss: 0.4183 (0.4183)  time: 1.2956  data: 0.7638  max mem: 5222
Epoch: [124] Total time: 0:00:01
Test:  [ 0/20]  eta: 0:00:05    time: 0.2805  data: 0.2305  max mem: 5222
Test: Total time: 0:00:01
global correct: 94.5
average row correct: ['97.3', '75.8']
IoU: ['94.0', '63.9']
mean IoU: 78.9
dice coefficient: 0.778
Epoch: [125]  [0/1]  eta: 0:00:01  lr: 0.004105  loss: 0.3877 (0.3877)  time: 1.3258  data: 0.7912  max mem: 5222
Epoch: [125] Total time: 0:00:01
Test:  [ 0/20]  eta: 0:00:04    time: 0.2487  data: 0.2063  max mem: 5222
Test: Total time: 0:00:01
global correct: 94.5
average row correct: ['97.3', '75.6']
IoU: ['94.0', '63.8']
mean IoU: 78.9
dice coefficient: 0.777
Epoch: [126]  [0/1]  eta: 0:00:01  lr: 0.004055  loss: 0.3880 (0.3880)  time: 1.3184  data: 0.7910  max mem: 5222
Epoch: [126] Total time: 0:00:01
Test:  [ 0/20]  eta: 0:00:04    time: 0.2344  data: 0.1917  max mem: 5222
Test: Total time: 0:00:01
global correct: 94.6
average row correct: ['97.4', '75.1']
IoU: ['94.0', '63.8']
mean IoU: 78.9
dice coefficient: 0.778
Epoch: [127]  [0/1]  eta: 0:00:01  lr: 0.004005  loss: 0.3938 (0.3938)  time: 1.3302  data: 0.8021  max mem: 5222
Epoch: [127] Total time: 0:00:01
Test:  [ 0/20]  eta: 0:00:04    time: 0.2407  data: 0.1982  max mem: 5222
Test: Total time: 0:00:01
global correct: 94.6
average row correct: ['97.5', '74.4']
IoU: ['94.0', '63.7']
mean IoU: 78.9
dice coefficient: 0.777
Epoch: [128]  [0/1]  eta: 0:00:01  lr: 0.003955  loss: 0.3981 (0.3981)  time: 1.3172  data: 0.7887  max mem: 5222
Epoch: [128] Total time: 0:00:01
Test:  [ 0/20]  eta: 0:00:07    time: 0.3564  data: 0.3128  max mem: 5222
Test: Total time: 0:00:01
global correct: 94.6
average row correct: ['97.6', '74.2']
IoU: ['94.1', '63.8']
mean IoU: 78.9
dice coefficient: 0.777
Epoch: [129]  [0/1]  eta: 0:00:01  lr: 0.003905  loss: 0.4039 (0.4039)  time: 1.3102  data: 0.7779  max mem: 5222
Epoch: [129] Total time: 0:00:01
Test:  [ 0/20]  eta: 0:00:06    time: 0.3471  data: 0.3017  max mem: 5222
Test: Total time: 0:00:01
global correct: 94.7
average row correct: ['97.5', '74.8']
IoU: ['94.1', '64.0']
mean IoU: 79.1
dice coefficient: 0.779
Epoch: [130]  [0/1]  eta: 0:00:01  lr: 0.003855  loss: 0.4065 (0.4065)  time: 1.3146  data: 0.7881  max mem: 5222
Epoch: [130] Total time: 0:00:01
Test:  [ 0/20]  eta: 0:00:06    time: 0.3390  data: 0.2898  max mem: 5222
Test: Total time: 0:00:01
global correct: 94.7
average row correct: ['97.5', '75.3']
IoU: ['94.1', '64.2']
mean IoU: 79.1
dice coefficient: 0.780
Epoch: [131]  [0/1]  eta: 0:00:01  lr: 0.003804  loss: 0.3804 (0.3804)  time: 1.3459  data: 0.8172  max mem: 5222
Epoch: [131] Total time: 0:00:01
Test:  [ 0/20]  eta: 0:00:07    time: 0.3649  data: 0.3065  max mem: 5222
Test: Total time: 0:00:01
global correct: 94.7
average row correct: ['97.5', '75.4']
IoU: ['94.1', '64.3']
mean IoU: 79.2
dice coefficient: 0.781
Epoch: [132]  [0/1]  eta: 0:00:01  lr: 0.003754  loss: 0.3938 (0.3938)  time: 1.3349  data: 0.8043  max mem: 5222
Epoch: [132] Total time: 0:00:01
Test:  [ 0/20]  eta: 0:00:06    time: 0.3221  data: 0.2650  max mem: 5222
Test: Total time: 0:00:01
global correct: 94.7
average row correct: ['97.5', '75.4']
IoU: ['94.1', '64.3']
mean IoU: 79.2
dice coefficient: 0.781
Epoch: [133]  [0/1]  eta: 0:00:01  lr: 0.003704  loss: 0.3877 (0.3877)  time: 1.3118  data: 0.7840  max mem: 5222
Epoch: [133] Total time: 0:00:01
Test:  [ 0/20]  eta: 0:00:07    time: 0.3727  data: 0.3361  max mem: 5222
Test: Total time: 0:00:01
global correct: 94.7
average row correct: ['97.5', '75.4']
IoU: ['94.1', '64.2']
mean IoU: 79.2
dice coefficient: 0.780
Epoch: [134]  [0/1]  eta: 0:00:01  lr: 0.003653  loss: 0.4019 (0.4019)  time: 1.3109  data: 0.7789  max mem: 5222
Epoch: [134] Total time: 0:00:01
Test:  [ 0/20]  eta: 0:00:06    time: 0.3327  data: 0.2785  max mem: 5222
Test: Total time: 0:00:01
global correct: 94.7
average row correct: ['97.5', '75.0']
IoU: ['94.1', '64.1']
mean IoU: 79.1
dice coefficient: 0.779
Epoch: [135]  [0/1]  eta: 0:00:01  lr: 0.003602  loss: 0.3903 (0.3903)  time: 1.2910  data: 0.7587  max mem: 5222
Epoch: [135] Total time: 0:00:01
Test:  [ 0/20]  eta: 0:00:06    time: 0.3319  data: 0.2849  max mem: 5222
Test: Total time: 0:00:01
global correct: 94.6
average row correct: ['97.6', '74.6']
IoU: ['94.1', '63.9']
mean IoU: 79.0
dice coefficient: 0.778
Epoch: [136]  [0/1]  eta: 0:00:01  lr: 0.003552  loss: 0.4031 (0.4031)  time: 1.3035  data: 0.7712  max mem: 5222
Epoch: [136] Total time: 0:00:01
Test:  [ 0/20]  eta: 0:00:07    time: 0.3795  data: 0.3364  max mem: 5222
Test: Total time: 0:00:01
global correct: 94.6
average row correct: ['97.6', '74.2']
IoU: ['94.0', '63.7']
mean IoU: 78.9
dice coefficient: 0.776
Epoch: [137]  [0/1]  eta: 0:00:01  lr: 0.003501  loss: 0.3867 (0.3867)  time: 1.3064  data: 0.7773  max mem: 5222
Epoch: [137] Total time: 0:00:01
Test:  [ 0/20]  eta: 0:00:05    time: 0.2576  data: 0.2094  max mem: 5222
Test: Total time: 0:00:01
global correct: 94.6
average row correct: ['97.5', '74.2']
IoU: ['94.0', '63.5']
mean IoU: 78.7
dice coefficient: 0.774
Epoch: [138]  [0/1]  eta: 0:00:01  lr: 0.003450  loss: 0.3874 (0.3874)  time: 1.3138  data: 0.7813  max mem: 5222
Epoch: [138] Total time: 0:00:01
Test:  [ 0/20]  eta: 0:00:06    time: 0.3315  data: 0.2861  max mem: 5222
Test: Total time: 0:00:01
global correct: 94.6
average row correct: ['97.5', '74.2']
IoU: ['94.0', '63.5']
mean IoU: 78.7
dice coefficient: 0.774
Epoch: [139]  [0/1]  eta: 0:00:01  lr: 0.003399  loss: 0.3922 (0.3922)  time: 1.3005  data: 0.7737  max mem: 5222
Epoch: [139] Total time: 0:00:01
Test:  [ 0/20]  eta: 0:00:06    time: 0.3226  data: 0.2761  max mem: 5222
Test: Total time: 0:00:01
global correct: 94.6
average row correct: ['97.6', '74.2']
IoU: ['94.0', '63.6']
mean IoU: 78.8
dice coefficient: 0.775
Epoch: [140]  [0/1]  eta: 0:00:01  lr: 0.003348  loss: 0.4191 (0.4191)  time: 1.3167  data: 0.7857  max mem: 5222
Epoch: [140] Total time: 0:00:01
Test:  [ 0/20]  eta: 0:00:06    time: 0.3426  data: 0.2783  max mem: 5222
Test: Total time: 0:00:01
global correct: 94.6
average row correct: ['97.5', '74.5']
IoU: ['94.0', '63.6']
mean IoU: 78.8
dice coefficient: 0.776
Epoch: [141]  [0/1]  eta: 0:00:01  lr: 0.003297  loss: 0.4025 (0.4025)  time: 1.3120  data: 0.7785  max mem: 5222
Epoch: [141] Total time: 0:00:01
Test:  [ 0/20]  eta: 0:00:06    time: 0.3047  data: 0.2610  max mem: 5222
Test: Total time: 0:00:01
global correct: 94.6
average row correct: ['97.5', '74.8']
IoU: ['94.0', '63.7']
mean IoU: 78.9
dice coefficient: 0.777
Epoch: [142]  [0/1]  eta: 0:00:01  lr: 0.003246  loss: 0.3906 (0.3906)  time: 1.3155  data: 0.7832  max mem: 5222
Epoch: [142] Total time: 0:00:01
Test:  [ 0/20]  eta: 0:00:05    time: 0.2761  data: 0.2265  max mem: 5222
Test: Total time: 0:00:01
global correct: 94.6
average row correct: ['97.5', '74.9']
IoU: ['94.0', '63.7']
mean IoU: 78.9
dice coefficient: 0.777
Epoch: [143]  [0/1]  eta: 0:00:01  lr: 0.003194  loss: 0.3905 (0.3905)  time: 1.3133  data: 0.7812  max mem: 5222
Epoch: [143] Total time: 0:00:01
Test:  [ 0/20]  eta: 0:00:05    time: 0.2743  data: 0.2184  max mem: 5222
Test: Total time: 0:00:01
global correct: 94.6
average row correct: ['97.5', '74.9']
IoU: ['94.0', '63.8']
mean IoU: 78.9
dice coefficient: 0.777
Epoch: [144]  [0/1]  eta: 0:00:01  lr: 0.003143  loss: 0.3961 (0.3961)  time: 1.3185  data: 0.7903  max mem: 5222
Epoch: [144] Total time: 0:00:01
Test:  [ 0/20]  eta: 0:00:05    time: 0.2566  data: 0.2134  max mem: 5222
Test: Total time: 0:00:01
global correct: 94.6
average row correct: ['97.5', '74.9']
IoU: ['94.0', '63.9']
mean IoU: 79.0
dice coefficient: 0.778
Epoch: [145]  [0/1]  eta: 0:00:01  lr: 0.003092  loss: 0.3848 (0.3848)  time: 1.3249  data: 0.7932  max mem: 5222
Epoch: [145] Total time: 0:00:01
Test:  [ 0/20]  eta: 0:00:04    time: 0.2425  data: 0.2036  max mem: 5222
Test: Total time: 0:00:01
global correct: 94.6
average row correct: ['97.5', '74.8']
IoU: ['94.1', '63.9']
mean IoU: 79.0
dice coefficient: 0.778
Epoch: [146]  [0/1]  eta: 0:00:01  lr: 0.003040  loss: 0.3896 (0.3896)  time: 1.3109  data: 0.7789  max mem: 5222
Epoch: [146] Total time: 0:00:01
Test:  [ 0/20]  eta: 0:00:05    time: 0.2625  data: 0.2235  max mem: 5222
Test: Total time: 0:00:01
global correct: 94.6
average row correct: ['97.5', '74.8']
IoU: ['94.1', '64.0']
mean IoU: 79.0
dice coefficient: 0.778
Epoch: [147]  [0/1]  eta: 0:00:01  lr: 0.002988  loss: 0.3885 (0.3885)  time: 1.3123  data: 0.7834  max mem: 5222
Epoch: [147] Total time: 0:00:01
Test:  [ 0/20]  eta: 0:00:05    time: 0.2985  data: 0.2587  max mem: 5222
Test: Total time: 0:00:01
global correct: 94.6
average row correct: ['97.6', '74.7']
IoU: ['94.1', '64.0']
mean IoU: 79.0
dice coefficient: 0.778
Epoch: [148]  [0/1]  eta: 0:00:01  lr: 0.002937  loss: 0.4084 (0.4084)  time: 1.3124  data: 0.7872  max mem: 5222
Epoch: [148] Total time: 0:00:01
Test:  [ 0/20]  eta: 0:00:06    time: 0.3201  data: 0.2721  max mem: 5222
Test: Total time: 0:00:01
global correct: 94.7
average row correct: ['97.6', '74.3']
IoU: ['94.1', '64.0']
mean IoU: 79.0
dice coefficient: 0.778
Epoch: [149]  [0/1]  eta: 0:00:01  lr: 0.002885  loss: 0.4021 (0.4021)  time: 1.3071  data: 0.7759  max mem: 5222
Epoch: [149] Total time: 0:00:01
Test:  [ 0/20]  eta: 0:00:04    time: 0.2428  data: 0.1990  max mem: 5222
Test: Total time: 0:00:01
global correct: 94.7
average row correct: ['97.7', '74.0']
IoU: ['94.1', '64.0']
mean IoU: 79.1
dice coefficient: 0.778
Epoch: [150]  [0/1]  eta: 0:00:01  lr: 0.002833  loss: 0.3996 (0.3996)  time: 1.3024  data: 0.7686  max mem: 5222
Epoch: [150] Total time: 0:00:01
Test:  [ 0/20]  eta: 0:00:06    time: 0.3457  data: 0.2963  max mem: 5222
Test: Total time: 0:00:01
global correct: 94.7
average row correct: ['97.8', '73.8']
IoU: ['94.2', '64.0']
mean IoU: 79.1
dice coefficient: 0.779
Epoch: [151]  [0/1]  eta: 0:00:01  lr: 0.002781  loss: 0.3839 (0.3839)  time: 1.3051  data: 0.7673  max mem: 5222
Epoch: [151] Total time: 0:00:01
Test:  [ 0/20]  eta: 0:00:06    time: 0.3398  data: 0.2873  max mem: 5222
Test: Total time: 0:00:01
global correct: 94.7
average row correct: ['97.8', '73.8']
IoU: ['94.2', '64.0']
mean IoU: 79.1
dice coefficient: 0.779
Epoch: [152]  [0/1]  eta: 0:00:01  lr: 0.002728  loss: 0.3796 (0.3796)  time: 1.3036  data: 0.7762  max mem: 5222
Epoch: [152] Total time: 0:00:01
Test:  [ 0/20]  eta: 0:00:07    time: 0.3582  data: 0.3132  max mem: 5222
Test: Total time: 0:00:01
global correct: 94.7
average row correct: ['97.8', '73.8']
IoU: ['94.2', '64.0']
mean IoU: 79.1
dice coefficient: 0.779
Epoch: [153]  [0/1]  eta: 0:00:01  lr: 0.002676  loss: 0.3872 (0.3872)  time: 1.3238  data: 0.7895  max mem: 5222
Epoch: [153] Total time: 0:00:01
Test:  [ 0/20]  eta: 0:00:06    time: 0.3311  data: 0.2844  max mem: 5222
Test: Total time: 0:00:01
global correct: 94.7
average row correct: ['97.8', '73.9']
IoU: ['94.2', '64.1']
mean IoU: 79.1
dice coefficient: 0.779
Epoch: [154]  [0/1]  eta: 0:00:01  lr: 0.002624  loss: 0.3933 (0.3933)  time: 1.3099  data: 0.7796  max mem: 5222
Epoch: [154] Total time: 0:00:01
Test:  [ 0/20]  eta: 0:00:04    time: 0.2425  data: 0.1986  max mem: 5222
Test: Total time: 0:00:01
global correct: 94.7
average row correct: ['97.8', '73.9']
IoU: ['94.2', '64.1']
mean IoU: 79.1
dice coefficient: 0.779
Epoch: [155]  [0/1]  eta: 0:00:01  lr: 0.002571  loss: 0.3869 (0.3869)  time: 1.3063  data: 0.7778  max mem: 5222
Epoch: [155] Total time: 0:00:01
Test:  [ 0/20]  eta: 0:00:07    time: 0.3781  data: 0.3129  max mem: 5222
Test: Total time: 0:00:01
global correct: 94.7
average row correct: ['97.7', '74.2']
IoU: ['94.2', '64.2']
mean IoU: 79.2
dice coefficient: 0.780
Epoch: [156]  [0/1]  eta: 0:00:01  lr: 0.002519  loss: 0.4031 (0.4031)  time: 1.3306  data: 0.8002  max mem: 5222
Epoch: [156] Total time: 0:00:01
Test:  [ 0/20]  eta: 0:00:04    time: 0.2403  data: 0.1965  max mem: 5222
Test: Total time: 0:00:01
global correct: 94.7
average row correct: ['97.7', '74.5']
IoU: ['94.2', '64.2']
mean IoU: 79.2
dice coefficient: 0.780
Epoch: [157]  [0/1]  eta: 0:00:01  lr: 0.002466  loss: 0.3875 (0.3875)  time: 1.3039  data: 0.7766  max mem: 5222
Epoch: [157] Total time: 0:00:01
Test:  [ 0/20]  eta: 0:00:07    time: 0.3542  data: 0.3055  max mem: 5222
Test: Total time: 0:00:01
global correct: 94.7
average row correct: ['97.6', '74.8']
IoU: ['94.1', '64.2']
mean IoU: 79.2
dice coefficient: 0.781
Epoch: [158]  [0/1]  eta: 0:00:01  lr: 0.002413  loss: 0.3949 (0.3949)  time: 1.3092  data: 0.7810  max mem: 5222
Epoch: [158] Total time: 0:00:01
Test:  [ 0/20]  eta: 0:00:06    time: 0.3313  data: 0.2871  max mem: 5222
Test: Total time: 0:00:01
global correct: 94.7
average row correct: ['97.6', '74.9']
IoU: ['94.1', '64.2']
mean IoU: 79.2
dice coefficient: 0.780
Epoch: [159]  [0/1]  eta: 0:00:01  lr: 0.002360  loss: 0.3959 (0.3959)  time: 1.4040  data: 0.8649  max mem: 5222
Epoch: [159] Total time: 0:00:01
Test:  [ 0/20]  eta: 0:00:09    time: 0.4880  data: 0.4376  max mem: 5222
Test: Total time: 0:00:01
global correct: 94.7
average row correct: ['97.5', '75.2']
IoU: ['94.1', '64.2']
mean IoU: 79.1
dice coefficient: 0.780
Epoch: [160]  [0/1]  eta: 0:00:01  lr: 0.002307  loss: 0.3827 (0.3827)  time: 1.3123  data: 0.7763  max mem: 5222
Epoch: [160] Total time: 0:00:01
Test:  [ 0/20]  eta: 0:00:04    time: 0.2312  data: 0.1932  max mem: 5222
Test: Total time: 0:00:01
global correct: 94.6
average row correct: ['97.5', '75.4']
IoU: ['94.1', '64.2']
mean IoU: 79.2
dice coefficient: 0.780
Epoch: [161]  [0/1]  eta: 0:00:01  lr: 0.002253  loss: 0.3827 (0.3827)  time: 1.3042  data: 0.7756  max mem: 5222
Epoch: [161] Total time: 0:00:01
Test:  [ 0/20]  eta: 0:00:05    time: 0.2767  data: 0.2213  max mem: 5222
Test: Total time: 0:00:01
global correct: 94.6
average row correct: ['97.5', '75.3']
IoU: ['94.1', '64.2']
mean IoU: 79.1
dice coefficient: 0.780
Epoch: [162]  [0/1]  eta: 0:00:01  lr: 0.002200  loss: 0.3771 (0.3771)  time: 1.3153  data: 0.7824  max mem: 5222
Epoch: [162] Total time: 0:00:01
Test:  [ 0/20]  eta: 0:00:05    time: 0.2824  data: 0.2290  max mem: 5222
Test: Total time: 0:00:01
global correct: 94.6
average row correct: ['97.5', '75.2']
IoU: ['94.1', '64.1']
mean IoU: 79.1
dice coefficient: 0.779
Epoch: [163]  [0/1]  eta: 0:00:01  lr: 0.002146  loss: 0.3907 (0.3907)  time: 1.3420  data: 0.8124  max mem: 5222
Epoch: [163] Total time: 0:00:01
Test:  [ 0/20]  eta: 0:00:06    time: 0.3419  data: 0.2929  max mem: 5222
Test: Total time: 0:00:01
global correct: 94.6
average row correct: ['97.5', '75.1']
IoU: ['94.1', '64.1']
mean IoU: 79.1
dice coefficient: 0.779
Epoch: [164]  [0/1]  eta: 0:00:01  lr: 0.002093  loss: 0.3774 (0.3774)  time: 1.2880  data: 0.7595  max mem: 5222
Epoch: [164] Total time: 0:00:01
Test:  [ 0/20]  eta: 0:00:05    time: 0.2973  data: 0.2442  max mem: 5222
Test: Total time: 0:00:01
global correct: 94.7
average row correct: ['97.6', '74.8']
IoU: ['94.1', '64.1']
mean IoU: 79.1
dice coefficient: 0.779
Epoch: [165]  [0/1]  eta: 0:00:01  lr: 0.002039  loss: 0.3758 (0.3758)  time: 1.3128  data: 0.7827  max mem: 5222
Epoch: [165] Total time: 0:00:01
Test:  [ 0/20]  eta: 0:00:07    time: 0.3731  data: 0.3375  max mem: 5222
Test: Total time: 0:00:01
global correct: 94.7
average row correct: ['97.6', '74.4']
IoU: ['94.1', '64.1']
mean IoU: 79.1
dice coefficient: 0.779
Epoch: [166]  [0/1]  eta: 0:00:01  lr: 0.001985  loss: 0.3866 (0.3866)  time: 1.3102  data: 0.7787  max mem: 5222
Epoch: [166] Total time: 0:00:01
Test:  [ 0/20]  eta: 0:00:07    time: 0.3869  data: 0.3426  max mem: 5222
Test: Total time: 0:00:01
global correct: 94.7
average row correct: ['97.7', '74.0']
IoU: ['94.2', '64.0']
mean IoU: 79.1
dice coefficient: 0.779
Epoch: [167]  [0/1]  eta: 0:00:01  lr: 0.001930  loss: 0.3838 (0.3838)  time: 1.3141  data: 0.7774  max mem: 5222
Epoch: [167] Total time: 0:00:01
Test:  [ 0/20]  eta: 0:00:05    time: 0.2648  data: 0.2133  max mem: 5222
Test: Total time: 0:00:01
global correct: 94.7
average row correct: ['97.8', '73.7']
IoU: ['94.2', '64.0']
mean IoU: 79.1
dice coefficient: 0.779
Epoch: [168]  [0/1]  eta: 0:00:01  lr: 0.001876  loss: 0.4154 (0.4154)  time: 1.3306  data: 0.7964  max mem: 5222
Epoch: [168] Total time: 0:00:01
Test:  [ 0/20]  eta: 0:00:06    time: 0.3067  data: 0.2526  max mem: 5222
Test: Total time: 0:00:01
global correct: 94.7
average row correct: ['97.8', '73.6']
IoU: ['94.2', '64.0']
mean IoU: 79.1
dice coefficient: 0.779
Epoch: [169]  [0/1]  eta: 0:00:01  lr: 0.001822  loss: 0.3879 (0.3879)  time: 1.3153  data: 0.7765  max mem: 5222
Epoch: [169] Total time: 0:00:01
Test:  [ 0/20]  eta: 0:00:05    time: 0.2734  data: 0.2180  max mem: 5222
Test: Total time: 0:00:01
global correct: 94.7
average row correct: ['97.8', '73.7']
IoU: ['94.2', '64.1']
mean IoU: 79.1
dice coefficient: 0.779
Epoch: [170]  [0/1]  eta: 0:00:01  lr: 0.001767  loss: 0.4014 (0.4014)  time: 1.3034  data: 0.7705  max mem: 5222
Epoch: [170] Total time: 0:00:01
Test:  [ 0/20]  eta: 0:00:06    time: 0.3000  data: 0.2417  max mem: 5222
Test: Total time: 0:00:01
global correct: 94.8
average row correct: ['97.8', '73.8']
IoU: ['94.2', '64.2']
mean IoU: 79.2
dice coefficient: 0.780
Epoch: [171]  [0/1]  eta: 0:00:01  lr: 0.001712  loss: 0.3976 (0.3976)  time: 1.3011  data: 0.7662  max mem: 5222
Epoch: [171] Total time: 0:00:01
Test:  [ 0/20]  eta: 0:00:06    time: 0.3163  data: 0.2755  max mem: 5222
Test: Total time: 0:00:01
global correct: 94.8
average row correct: ['97.8', '74.0']
IoU: ['94.2', '64.3']
mean IoU: 79.2
dice coefficient: 0.781
Epoch: [172]  [0/1]  eta: 0:00:01  lr: 0.001657  loss: 0.3892 (0.3892)  time: 1.3098  data: 0.7768  max mem: 5222
Epoch: [172] Total time: 0:00:01
Test:  [ 0/20]  eta: 0:00:05    time: 0.2932  data: 0.2484  max mem: 5222
Test: Total time: 0:00:01
global correct: 94.8
average row correct: ['97.8', '74.1']
IoU: ['94.2', '64.3']
mean IoU: 79.2
dice coefficient: 0.781
Epoch: [173]  [0/1]  eta: 0:00:01  lr: 0.001601  loss: 0.3914 (0.3914)  time: 1.3074  data: 0.7781  max mem: 5222
Epoch: [173] Total time: 0:00:01
Test:  [ 0/20]  eta: 0:00:05    time: 0.2602  data: 0.2042  max mem: 5222
Test: Total time: 0:00:01
global correct: 94.8
average row correct: ['97.7', '74.3']
IoU: ['94.2', '64.3']
mean IoU: 79.3
dice coefficient: 0.781
Epoch: [174]  [0/1]  eta: 0:00:01  lr: 0.001546  loss: 0.3867 (0.3867)  time: 1.3219  data: 0.7879  max mem: 5222
Epoch: [174] Total time: 0:00:01
Test:  [ 0/20]  eta: 0:00:04    time: 0.2417  data: 0.1980  max mem: 5222
Test: Total time: 0:00:01
global correct: 94.7
average row correct: ['97.6', '74.8']
IoU: ['94.2', '64.4']
mean IoU: 79.3
dice coefficient: 0.782
Epoch: [175]  [0/1]  eta: 0:00:01  lr: 0.001490  loss: 0.4012 (0.4012)  time: 1.3172  data: 0.7896  max mem: 5222
Epoch: [175] Total time: 0:00:01
Test:  [ 0/20]  eta: 0:00:07    time: 0.3774  data: 0.3054  max mem: 5222
Test: Total time: 0:00:01
global correct: 94.7
average row correct: ['97.6', '75.0']
IoU: ['94.2', '64.4']
mean IoU: 79.3
dice coefficient: 0.782
Epoch: [176]  [0/1]  eta: 0:00:01  lr: 0.001434  loss: 0.3906 (0.3906)  time: 1.3366  data: 0.8059  max mem: 5222
Epoch: [176] Total time: 0:00:01
Test:  [ 0/20]  eta: 0:00:05    time: 0.2590  data: 0.2196  max mem: 5222
Test: Total time: 0:00:01
global correct: 94.7
average row correct: ['97.6', '75.0']
IoU: ['94.2', '64.4']
mean IoU: 79.3
dice coefficient: 0.782
Epoch: [177]  [0/1]  eta: 0:00:01  lr: 0.001378  loss: 0.3906 (0.3906)  time: 1.3047  data: 0.7753  max mem: 5222
Epoch: [177] Total time: 0:00:01
Test:  [ 0/20]  eta: 0:00:06    time: 0.3366  data: 0.2937  max mem: 5222
Test: Total time: 0:00:01
global correct: 94.7
average row correct: ['97.6', '75.0']
IoU: ['94.2', '64.4']
mean IoU: 79.3
dice coefficient: 0.782
Epoch: [178]  [0/1]  eta: 0:00:01  lr: 0.001321  loss: 0.3913 (0.3913)  time: 1.3150  data: 0.7857  max mem: 5222
Epoch: [178] Total time: 0:00:01
Test:  [ 0/20]  eta: 0:00:05    time: 0.2675  data: 0.2269  max mem: 5222
Test: Total time: 0:00:01
global correct: 94.7
average row correct: ['97.6', '75.0']
IoU: ['94.2', '64.4']
mean IoU: 79.3
dice coefficient: 0.781
Epoch: [179]  [0/1]  eta: 0:00:01  lr: 0.001265  loss: 0.3915 (0.3915)  time: 1.3150  data: 0.7836  max mem: 5222
Epoch: [179] Total time: 0:00:01
Test:  [ 0/20]  eta: 0:00:05    time: 0.2521  data: 0.2140  max mem: 5222
Test: Total time: 0:00:01
global correct: 94.7
average row correct: ['97.6', '75.0']
IoU: ['94.2', '64.4']
mean IoU: 79.3
dice coefficient: 0.782
Epoch: [180]  [0/1]  eta: 0:00:01  lr: 0.001208  loss: 0.3769 (0.3769)  time: 1.3272  data: 0.7981  max mem: 5222
Epoch: [180] Total time: 0:00:01
Test:  [ 0/20]  eta: 0:00:05    time: 0.2727  data: 0.2208  max mem: 5222
Test: Total time: 0:00:01
global correct: 94.7
average row correct: ['97.6', '75.0']
IoU: ['94.2', '64.3']
mean IoU: 79.2
dice coefficient: 0.781
Epoch: [181]  [0/1]  eta: 0:00:01  lr: 0.001150  loss: 0.3907 (0.3907)  time: 1.3148  data: 0.7837  max mem: 5222
Epoch: [181] Total time: 0:00:01
Test:  [ 0/20]  eta: 0:00:05    time: 0.2842  data: 0.2264  max mem: 5222
Test: Total time: 0:00:01
global correct: 94.7
average row correct: ['97.6', '74.8']
IoU: ['94.2', '64.3']
mean IoU: 79.3
dice coefficient: 0.781
Epoch: [182]  [0/1]  eta: 0:00:01  lr: 0.001093  loss: 0.3908 (0.3908)  time: 1.3125  data: 0.7844  max mem: 5222
Epoch: [182] Total time: 0:00:01
Test:  [ 0/20]  eta: 0:00:04    time: 0.2321  data: 0.1906  max mem: 5222
Test: Total time: 0:00:01
global correct: 94.7
average row correct: ['97.6', '74.8']
IoU: ['94.2', '64.4']
mean IoU: 79.3
dice coefficient: 0.782
Epoch: [183]  [0/1]  eta: 0:00:01  lr: 0.001035  loss: 0.3859 (0.3859)  time: 1.3117  data: 0.7809  max mem: 5222
Epoch: [183] Total time: 0:00:01
Test:  [ 0/20]  eta: 0:00:06    time: 0.3298  data: 0.2727  max mem: 5222
Test: Total time: 0:00:01
global correct: 94.7
average row correct: ['97.7', '74.7']
IoU: ['94.2', '64.3']
mean IoU: 79.2
dice coefficient: 0.781
Epoch: [184]  [0/1]  eta: 0:00:01  lr: 0.000976  loss: 0.3859 (0.3859)  time: 1.3125  data: 0.7771  max mem: 5222
Epoch: [184] Total time: 0:00:01
Test:  [ 0/20]  eta: 0:00:05    time: 0.2726  data: 0.2219  max mem: 5222
Test: Total time: 0:00:01
global correct: 94.7
average row correct: ['97.7', '74.6']
IoU: ['94.2', '64.3']
mean IoU: 79.2
dice coefficient: 0.781
Epoch: [185]  [0/1]  eta: 0:00:01  lr: 0.000917  loss: 0.3680 (0.3680)  time: 1.3138  data: 0.7808  max mem: 5222
Epoch: [185] Total time: 0:00:01
Test:  [ 0/20]  eta: 0:00:06    time: 0.3060  data: 0.2522  max mem: 5222
Test: Total time: 0:00:01
global correct: 94.7
average row correct: ['97.7', '74.5']
IoU: ['94.2', '64.3']
mean IoU: 79.2
dice coefficient: 0.781
Epoch: [186]  [0/1]  eta: 0:00:01  lr: 0.000858  loss: 0.3719 (0.3719)  time: 1.3390  data: 0.8035  max mem: 5222
Epoch: [186] Total time: 0:00:01
Test:  [ 0/20]  eta: 0:00:04    time: 0.2487  data: 0.1940  max mem: 5222
Test: Total time: 0:00:01
global correct: 94.7
average row correct: ['97.7', '74.4']
IoU: ['94.2', '64.2']
mean IoU: 79.2
dice coefficient: 0.780
Epoch: [187]  [0/1]  eta: 0:00:01  lr: 0.000799  loss: 0.3778 (0.3778)  time: 1.3299  data: 0.7997  max mem: 5222
Epoch: [187] Total time: 0:00:01
Test:  [ 0/20]  eta: 0:00:07    time: 0.3510  data: 0.3087  max mem: 5222
Test: Total time: 0:00:01
global correct: 94.7
average row correct: ['97.7', '74.4']
IoU: ['94.2', '64.2']
mean IoU: 79.2
dice coefficient: 0.780
Epoch: [188]  [0/1]  eta: 0:00:01  lr: 0.000738  loss: 0.3665 (0.3665)  time: 1.3097  data: 0.7815  max mem: 5222
Epoch: [188] Total time: 0:00:01
Test:  [ 0/20]  eta: 0:00:07    time: 0.3658  data: 0.3092  max mem: 5222
Test: Total time: 0:00:01
global correct: 94.7
average row correct: ['97.7', '74.2']
IoU: ['94.2', '64.2']
mean IoU: 79.2
dice coefficient: 0.780
Epoch: [189]  [0/1]  eta: 0:00:01  lr: 0.000678  loss: 0.3909 (0.3909)  time: 1.3118  data: 0.7791  max mem: 5222
Epoch: [189] Total time: 0:00:01
Test:  [ 0/20]  eta: 0:00:06    time: 0.3468  data: 0.3052  max mem: 5222
Test: Total time: 0:00:01
global correct: 94.7
average row correct: ['97.7', '74.3']
IoU: ['94.2', '64.2']
mean IoU: 79.2
dice coefficient: 0.780
Epoch: [190]  [0/1]  eta: 0:00:01  lr: 0.000616  loss: 0.3821 (0.3821)  time: 1.3254  data: 0.7926  max mem: 5222
Epoch: [190] Total time: 0:00:01
Test:  [ 0/20]  eta: 0:00:07    time: 0.3523  data: 0.3069  max mem: 5222
Test: Total time: 0:00:01
global correct: 94.7
average row correct: ['97.7', '74.4']
IoU: ['94.2', '64.2']
mean IoU: 79.2
dice coefficient: 0.780
Epoch: [191]  [0/1]  eta: 0:00:01  lr: 0.000554  loss: 0.3866 (0.3866)  time: 1.3081  data: 0.7776  max mem: 5222
Epoch: [191] Total time: 0:00:01
Test:  [ 0/20]  eta: 0:00:06    time: 0.3485  data: 0.2799  max mem: 5222
Test: Total time: 0:00:01
global correct: 94.7
average row correct: ['97.6', '74.6']
IoU: ['94.1', '64.2']
mean IoU: 79.2
dice coefficient: 0.780
Epoch: [192]  [0/1]  eta: 0:00:01  lr: 0.000492  loss: 0.3779 (0.3779)  time: 1.3194  data: 0.7872  max mem: 5222
Epoch: [192] Total time: 0:00:01
Test:  [ 0/20]  eta: 0:00:07    time: 0.3750  data: 0.3285  max mem: 5222
Test: Total time: 0:00:01
global correct: 94.7
average row correct: ['97.6', '74.5']
IoU: ['94.2', '64.2']
mean IoU: 79.2
dice coefficient: 0.780
Epoch: [193]  [0/1]  eta: 0:00:01  lr: 0.000428  loss: 0.3976 (0.3976)  time: 1.3182  data: 0.7872  max mem: 5222
Epoch: [193] Total time: 0:00:01
Test:  [ 0/20]  eta: 0:00:06    time: 0.3277  data: 0.2898  max mem: 5222
Test: Total time: 0:00:01
global correct: 94.7
average row correct: ['97.7', '74.6']
IoU: ['94.2', '64.2']
mean IoU: 79.2
dice coefficient: 0.780
Epoch: [194]  [0/1]  eta: 0:00:01  lr: 0.000363  loss: 0.3772 (0.3772)  time: 1.2978  data: 0.7656  max mem: 5222
Epoch: [194] Total time: 0:00:01
Test:  [ 0/20]  eta: 0:00:06    time: 0.3231  data: 0.2714  max mem: 5222
Test: Total time: 0:00:01
global correct: 94.7
average row correct: ['97.6', '74.6']
IoU: ['94.2', '64.2']
mean IoU: 79.2
dice coefficient: 0.780
Epoch: [195]  [0/1]  eta: 0:00:01  lr: 0.000297  loss: 0.3907 (0.3907)  time: 1.3098  data: 0.7795  max mem: 5222
Epoch: [195] Total time: 0:00:01
Test:  [ 0/20]  eta: 0:00:06    time: 0.3322  data: 0.2743  max mem: 5222
Test: Total time: 0:00:01
global correct: 94.7
average row correct: ['97.7', '74.5']
IoU: ['94.2', '64.2']
mean IoU: 79.2
dice coefficient: 0.780
Epoch: [196]  [0/1]  eta: 0:00:01  lr: 0.000229  loss: 0.3758 (0.3758)  time: 1.3152  data: 0.7782  max mem: 5222
Epoch: [196] Total time: 0:00:01
Test:  [ 0/20]  eta: 0:00:05    time: 0.2650  data: 0.2190  max mem: 5222
Test: Total time: 0:00:01
global correct: 94.7
average row correct: ['97.7', '74.6']
IoU: ['94.2', '64.3']
mean IoU: 79.2
dice coefficient: 0.781
Epoch: [197]  [0/1]  eta: 0:00:01  lr: 0.000159  loss: 0.4014 (0.4014)  time: 1.3339  data: 0.7997  max mem: 5222
Epoch: [197] Total time: 0:00:01
Test:  [ 0/20]  eta: 0:00:06    time: 0.3034  data: 0.2656  max mem: 5222
Test: Total time: 0:00:01
global correct: 94.7
average row correct: ['97.7', '74.6']
IoU: ['94.2', '64.3']
mean IoU: 79.2
dice coefficient: 0.781
Epoch: [198]  [0/1]  eta: 0:00:01  lr: 0.000085  loss: 0.3805 (0.3805)  time: 1.3172  data: 0.7876  max mem: 5222
Epoch: [198] Total time: 0:00:01
Test:  [ 0/20]  eta: 0:00:07    time: 0.3723  data: 0.3265  max mem: 5222
Test: Total time: 0:00:01
global correct: 94.7
average row correct: ['97.6', '74.7']
IoU: ['94.2', '64.3']
mean IoU: 79.2
dice coefficient: 0.781
Epoch: [199]  [0/1]  eta: 0:00:01  lr: 0.000000  loss: 0.3888 (0.3888)  time: 1.3312  data: 0.7967  max mem: 5222
Epoch: [199] Total time: 0:00:01
Test:  [ 0/20]  eta: 0:00:06    time: 0.3093  data: 0.2515  max mem: 5222
Test: Total time: 0:00:01
global correct: 94.7
average row correct: ['97.7', '74.5']
IoU: ['94.2', '64.3']
mean IoU: 79.3
dice coefficient: 0.781
Training time 0:08:57
