WARNING:torch.distributed.run:
*****************************************
Setting OMP_NUM_THREADS environment variable for each process to be 1 in default, to avoid your system being overloaded, please further tune the variable for optimal performance in your application as needed. 
*****************************************
| distributed init (rank 0): env://
| distributed init (rank 1): env://
Namespace(data_path='../../../../input/pascal', device='cuda', num_classes=20, batch_size=16, aux=True, start_epoch=0, epochs=20, sync_bn=True, workers=4, lr=0.0001, momentum=0.9, weight_decay=0.0001, print_freq=20, output_dir='./multi_train', resume='', test_only=False, world_size=2, dist_url='env://', amp=True, rank=0, gpu=0, distributed=True, dist_backend='nccl')
Creating data loaders
Creating model
Start training
Epoch: [0]  [ 0/45]  eta: 0:04:45  lr: 0.000002  loss: 0.4776 (0.4776)  time: 6.3476  data: 0.7945  max mem: 8909
Epoch: [0]  [20/45]  eta: 0:01:40  lr: 0.000047  loss: 0.1965 (0.6207)  time: 3.9165  data: 0.0177  max mem: 9187
Epoch: [0]  [40/45]  eta: 0:00:19  lr: 0.000091  loss: 0.6180 (0.6349)  time: 3.9239  data: 0.0213  max mem: 9187
Epoch: [0] Total time: 0:02:59
Test:  [  0/725]  eta: 0:04:52    time: 0.4031  data: 0.3331  max mem: 9187
Test:  [100/725]  eta: 0:00:44    time: 0.0678  data: 0.0031  max mem: 9187
Test:  [200/725]  eta: 0:00:36    time: 0.0660  data: 0.0028  max mem: 9187
Test:  [300/725]  eta: 0:00:29    time: 0.0707  data: 0.0029  max mem: 9187
Test:  [400/725]  eta: 0:00:22    time: 0.0653  data: 0.0031  max mem: 9187
Test:  [500/725]  eta: 0:00:15    time: 0.0716  data: 0.0033  max mem: 9187
Test:  [600/725]  eta: 0:00:08    time: 0.0666  data: 0.0028  max mem: 9187
Test:  [700/725]  eta: 0:00:01    time: 0.0656  data: 0.0031  max mem: 9187
Test: Total time: 0:00:49
global correct: 93.4
average row correct: ['97.5', '89.1', '73.6', '82.2', '71.8', '46.8', '92.0', '78.6', '89.6', '49.7', '84.8', '61.8', '82.7', '84.4', '87.2', '95.3', '56.2', '84.0', '64.0', '88.1', '76.3']
IoU: ['93.0', '85.0', '37.7', '78.9', '65.6', '45.4', '89.1', '72.3', '81.9', '38.9', '75.9', '52.3', '73.9', '77.4', '77.9', '87.0', '51.7', '75.4', '50.2', '82.8', '73.3']
mean IoU: 69.8
Epoch: [1]  [ 0/45]  eta: 0:03:34  lr: 0.000100  loss: 0.7841 (0.7841)  time: 4.7597  data: 0.8893  max mem: 9187
Epoch: [1]  [20/45]  eta: 0:01:40  lr: 0.000098  loss: 0.4769 (0.5604)  time: 3.9999  data: 0.0150  max mem: 9187
Epoch: [1]  [40/45]  eta: 0:00:20  lr: 0.000096  loss: 0.4969 (0.5725)  time: 3.9667  data: 0.0144  max mem: 9187
Epoch: [1] Total time: 0:03:00
Test:  [  0/725]  eta: 0:04:26    time: 0.3677  data: 0.2998  max mem: 9187
Test:  [100/725]  eta: 0:00:44    time: 0.0680  data: 0.0032  max mem: 9187
Test:  [200/725]  eta: 0:00:36    time: 0.0652  data: 0.0029  max mem: 9187
Test:  [300/725]  eta: 0:00:29    time: 0.0702  data: 0.0031  max mem: 9187
Test:  [400/725]  eta: 0:00:22    time: 0.0645  data: 0.0031  max mem: 9187
Test:  [500/725]  eta: 0:00:15    time: 0.0712  data: 0.0030  max mem: 9187
Test:  [600/725]  eta: 0:00:08    time: 0.0669  data: 0.0031  max mem: 9187
Test:  [700/725]  eta: 0:00:01    time: 0.0643  data: 0.0026  max mem: 9187
Test: Total time: 0:00:48
global correct: 93.5
average row correct: ['97.2', '91.2', '74.6', '85.9', '76.8', '51.6', '93.1', '82.0', '91.1', '54.4', '84.5', '62.7', '83.0', '84.5', '88.7', '95.1', '59.3', '85.2', '66.2', '88.3', '79.1']
IoU: ['93.3', '85.2', '38.0', '80.3', '67.7', '49.6', '89.4', '73.6', '82.0', '40.4', '76.1', '52.9', '74.2', '77.0', '77.8', '87.3', '53.3', '75.9', '50.8', '83.5', '74.3']
mean IoU: 70.6
Epoch: [2]  [ 0/45]  eta: 0:03:35  lr: 0.000095  loss: 0.5146 (0.5146)  time: 4.7907  data: 0.8373  max mem: 9187
Epoch: [2]  [20/45]  eta: 0:01:41  lr: 0.000093  loss: 0.5851 (0.5414)  time: 4.0119  data: 0.0142  max mem: 9187
Epoch: [2]  [40/45]  eta: 0:00:20  lr: 0.000091  loss: 0.8097 (0.5632)  time: 3.9886  data: 0.0144  max mem: 9187
Epoch: [2] Total time: 0:03:00
Test:  [  0/725]  eta: 0:04:38    time: 0.3838  data: 0.3175  max mem: 9187
Test:  [100/725]  eta: 0:00:43    time: 0.0669  data: 0.0028  max mem: 9187
Test:  [200/725]  eta: 0:00:36    time: 0.0655  data: 0.0028  max mem: 9187
Test:  [300/725]  eta: 0:00:29    time: 0.0696  data: 0.0032  max mem: 9187
Test:  [400/725]  eta: 0:00:22    time: 0.0646  data: 0.0030  max mem: 9187
Test:  [500/725]  eta: 0:00:15    time: 0.0708  data: 0.0030  max mem: 9187
Test:  [600/725]  eta: 0:00:08    time: 0.0665  data: 0.0031  max mem: 9187
Test:  [700/725]  eta: 0:00:01    time: 0.0657  data: 0.0029  max mem: 9187
Test: Total time: 0:00:48
global correct: 93.6
average row correct: ['97.1', '90.6', '74.0', '86.8', '78.7', '56.7', '92.1', '84.0', '92.2', '56.5', '83.5', '64.1', '83.4', '85.3', '88.2', '95.0', '62.1', '86.3', '66.7', '88.3', '81.2']
IoU: ['93.3', '85.6', '37.7', '80.7', '68.5', '53.6', '88.9', '74.4', '81.8', '41.1', '75.9', '53.8', '73.8', '77.1', '78.0', '87.4', '54.8', '75.8', '50.8', '83.3', '74.5']
mean IoU: 71.0
Epoch: [3]  [ 0/45]  eta: 0:03:38  lr: 0.000090  loss: 0.5144 (0.5144)  time: 4.8483  data: 0.9065  max mem: 9187
Epoch: [3]  [20/45]  eta: 0:01:40  lr: 0.000088  loss: 0.6611 (0.5933)  time: 3.9989  data: 0.0151  max mem: 9187
Epoch: [3]  [40/45]  eta: 0:00:20  lr: 0.000086  loss: 0.6927 (0.5343)  time: 4.0152  data: 0.0140  max mem: 9187
Epoch: [3] Total time: 0:03:01
Test:  [  0/725]  eta: 0:05:40    time: 0.4701  data: 0.4014  max mem: 9187
Test:  [100/725]  eta: 0:00:44    time: 0.0674  data: 0.0029  max mem: 9187
Test:  [200/725]  eta: 0:00:36    time: 0.0662  data: 0.0033  max mem: 9187
Test:  [300/725]  eta: 0:00:29    time: 0.0702  data: 0.0033  max mem: 9187
Test:  [400/725]  eta: 0:00:22    time: 0.0655  data: 0.0035  max mem: 9187
Test:  [500/725]  eta: 0:00:15    time: 0.0706  data: 0.0029  max mem: 9187
Test:  [600/725]  eta: 0:00:08    time: 0.0665  data: 0.0026  max mem: 9187
Test:  [700/725]  eta: 0:00:01    time: 0.0654  data: 0.0027  max mem: 9187
Test: Total time: 0:00:48
global correct: 93.6
average row correct: ['96.9', '91.2', '75.3', '86.8', '79.3', '58.6', '93.1', '85.8', '92.0', '57.6', '83.9', '65.0', '82.4', '86.1', '88.4', '94.6', '63.0', '86.9', '68.3', '90.7', '82.5']
IoU: ['93.4', '85.9', '38.3', '80.7', '69.4', '55.1', '89.3', '75.0', '81.5', '41.6', '75.9', '54.1', '73.8', '76.9', '78.7', '87.8', '55.1', '75.3', '51.0', '84.0', '74.7']
mean IoU: 71.3
Epoch: [4]  [ 0/45]  eta: 0:03:30  lr: 0.000086  loss: 0.2969 (0.2969)  time: 4.6744  data: 0.7682  max mem: 9187
Epoch: [4]  [20/45]  eta: 0:01:40  lr: 0.000083  loss: 0.5058 (0.4911)  time: 4.0076  data: 0.0145  max mem: 9187
Epoch: [4]  [40/45]  eta: 0:00:19  lr: 0.000081  loss: 0.7599 (0.5679)  time: 3.8312  data: 0.0133  max mem: 9187
Epoch: [4] Total time: 0:02:56
Test:  [  0/725]  eta: 0:04:33    time: 0.3766  data: 0.3043  max mem: 9187
Test:  [100/725]  eta: 0:00:43    time: 0.0672  data: 0.0028  max mem: 9187
Test:  [200/725]  eta: 0:00:36    time: 0.0661  data: 0.0028  max mem: 9187
Test:  [300/725]  eta: 0:00:29    time: 0.0686  data: 0.0029  max mem: 9187
Test:  [400/725]  eta: 0:00:22    time: 0.0637  data: 0.0029  max mem: 9187
Test:  [500/725]  eta: 0:00:15    time: 0.0713  data: 0.0031  max mem: 9187
Test:  [600/725]  eta: 0:00:08    time: 0.0671  data: 0.0030  max mem: 9187
Test:  [700/725]  eta: 0:00:01    time: 0.0644  data: 0.0029  max mem: 9187
Test: Total time: 0:00:48
global correct: 93.6
average row correct: ['96.8', '90.4', '74.8', '87.1', '80.5', '61.3', '90.4', '87.3', '93.2', '58.6', '85.7', '65.5', '81.0', '84.4', '88.6', '94.4', '64.2', '87.2', '68.9', '92.8', '82.6']
IoU: ['93.4', '86.2', '38.2', '80.8', '68.6', '57.2', '88.0', '74.9', '80.6', '41.8', '76.1', '54.4', '73.0', '77.0', '78.5', '88.0', '55.4', '74.8', '50.7', '82.6', '74.6']
mean IoU: 71.2
Epoch: [5]  [ 0/45]  eta: 0:03:24  lr: 0.000081  loss: 0.5237 (0.5237)  time: 4.5475  data: 0.8015  max mem: 9187
Epoch: [5]  [20/45]  eta: 0:01:38  lr: 0.000079  loss: 0.7569 (0.5464)  time: 3.8910  data: 0.0155  max mem: 9187
Epoch: [5]  [40/45]  eta: 0:00:19  lr: 0.000076  loss: 0.4834 (0.5386)  time: 3.8711  data: 0.0149  max mem: 9187
Epoch: [5] Total time: 0:02:55
Test:  [  0/725]  eta: 0:04:54    time: 0.4065  data: 0.3419  max mem: 9187
Test:  [100/725]  eta: 0:00:43    time: 0.0670  data: 0.0030  max mem: 9187
Test:  [200/725]  eta: 0:00:36    time: 0.0656  data: 0.0027  max mem: 9187
Test:  [300/725]  eta: 0:00:29    time: 0.0707  data: 0.0033  max mem: 9187
Test:  [400/725]  eta: 0:00:22    time: 0.0643  data: 0.0027  max mem: 9187
Test:  [500/725]  eta: 0:00:15    time: 0.0697  data: 0.0027  max mem: 9187
Test:  [600/725]  eta: 0:00:08    time: 0.0663  data: 0.0027  max mem: 9187
Test:  [700/725]  eta: 0:00:01    time: 0.0656  data: 0.0026  max mem: 9187
Test: Total time: 0:00:48
global correct: 93.6
average row correct: ['96.8', '90.2', '74.8', '86.9', '81.3', '62.4', '94.6', '87.3', '92.7', '59.6', '80.6', '65.4', '81.9', '87.7', '88.5', '94.7', '63.9', '89.2', '67.8', '89.5', '82.9']
IoU: ['93.5', '86.2', '38.2', '80.9', '69.7', '58.1', '88.5', '75.7', '81.1', '41.7', '74.6', '54.7', '73.1', '76.1', '78.7', '87.7', '55.1', '73.7', '50.5', '84.1', '74.9']
mean IoU: 71.3
Epoch: [6]  [ 0/45]  eta: 0:03:31  lr: 0.000076  loss: 0.7617 (0.7617)  time: 4.6958  data: 0.8060  max mem: 9187
Epoch: [6]  [20/45]  eta: 0:01:38  lr: 0.000074  loss: 0.3241 (0.5463)  time: 3.9047  data: 0.0143  max mem: 9187
Epoch: [6]  [40/45]  eta: 0:00:19  lr: 0.000072  loss: 0.5979 (0.4964)  time: 3.8253  data: 0.0136  max mem: 9187
Epoch: [6] Total time: 0:02:54
Test:  [  0/725]  eta: 0:04:28    time: 0.3707  data: 0.3029  max mem: 9187
Test:  [100/725]  eta: 0:00:43    time: 0.0671  data: 0.0031  max mem: 9187
Test:  [200/725]  eta: 0:00:35    time: 0.0659  data: 0.0032  max mem: 9187
Test:  [300/725]  eta: 0:00:28    time: 0.0701  data: 0.0035  max mem: 9187
Test:  [400/725]  eta: 0:00:21    time: 0.0645  data: 0.0034  max mem: 9187
Test:  [500/725]  eta: 0:00:15    time: 0.0726  data: 0.0029  max mem: 9187
Test:  [600/725]  eta: 0:00:08    time: 0.0676  data: 0.0031  max mem: 9187
Test:  [700/725]  eta: 0:00:01    time: 0.0678  data: 0.0033  max mem: 9187
Test: Total time: 0:00:48
global correct: 93.6
average row correct: ['96.7', '90.8', '75.2', '87.4', '82.3', '64.8', '91.9', '87.8', '93.2', '61.3', '78.0', '64.5', '82.5', '88.9', '88.6', '94.6', '65.9', '87.8', '67.9', '92.1', '84.3']
IoU: ['93.5', '86.5', '38.5', '81.2', '68.8', '59.7', '88.7', '75.9', '80.9', '41.7', '73.1', '54.1', '73.1', '75.1', '78.6', '87.9', '55.9', '74.6', '50.5', '83.4', '74.7']
mean IoU: 71.3
Epoch: [7]  [ 0/45]  eta: 0:03:40  lr: 0.000071  loss: 0.4364 (0.4364)  time: 4.8992  data: 0.8607  max mem: 9187
Epoch: [7]  [20/45]  eta: 0:01:37  lr: 0.000069  loss: 0.2272 (0.5103)  time: 3.8704  data: 0.0138  max mem: 9187
Epoch: [7]  [40/45]  eta: 0:00:19  lr: 0.000067  loss: 0.4502 (0.4945)  time: 3.8349  data: 0.0136  max mem: 9187
Epoch: [7] Total time: 0:02:54
Test:  [  0/725]  eta: 0:04:34    time: 0.3788  data: 0.3110  max mem: 9187
Test:  [100/725]  eta: 0:00:43    time: 0.0679  data: 0.0031  max mem: 9187
Test:  [200/725]  eta: 0:00:36    time: 0.0657  data: 0.0027  max mem: 9187
Test:  [300/725]  eta: 0:00:29    time: 0.0693  data: 0.0031  max mem: 9187
Test:  [400/725]  eta: 0:00:22    time: 0.0630  data: 0.0025  max mem: 9187
Test:  [500/725]  eta: 0:00:15    time: 0.0712  data: 0.0027  max mem: 9187
Test:  [600/725]  eta: 0:00:08    time: 0.0661  data: 0.0029  max mem: 9187
Test:  [700/725]  eta: 0:00:01    time: 0.0639  data: 0.0026  max mem: 9187
Test: Total time: 0:00:48
global correct: 93.7
average row correct: ['96.9', '91.1', '76.0', '87.4', '81.4', '65.0', '93.9', '87.4', '92.1', '60.3', '81.3', '65.1', '81.8', '88.1', '88.2', '94.5', '66.8', '87.6', '68.3', '89.6', '84.4']
IoU: ['93.6', '86.3', '38.7', '80.6', '69.2', '59.8', '89.2', '76.3', '81.0', '42.0', '74.9', '54.7', '73.4', '75.8', '78.8', '88.0', '56.7', '75.1', '50.8', '84.4', '75.3']
mean IoU: 71.6
Epoch: [8]  [ 0/45]  eta: 0:03:36  lr: 0.000066  loss: 0.4697 (0.4697)  time: 4.8197  data: 0.7921  max mem: 9187
Epoch: [8]  [20/45]  eta: 0:01:37  lr: 0.000064  loss: 0.2468 (0.4749)  time: 3.8641  data: 0.0134  max mem: 9187
Epoch: [8]  [40/45]  eta: 0:00:19  lr: 0.000062  loss: 0.5405 (0.4793)  time: 3.8604  data: 0.0140  max mem: 9187
Epoch: [8] Total time: 0:02:54
Test:  [  0/725]  eta: 0:05:44    time: 0.4754  data: 0.4061  max mem: 9187
Test:  [100/725]  eta: 0:00:44    time: 0.0674  data: 0.0031  max mem: 9187
Test:  [200/725]  eta: 0:00:36    time: 0.0676  data: 0.0032  max mem: 9187
Test:  [300/725]  eta: 0:00:29    time: 0.0706  data: 0.0037  max mem: 9187
Test:  [400/725]  eta: 0:00:22    time: 0.0662  data: 0.0032  max mem: 9187
Test:  [500/725]  eta: 0:00:15    time: 0.0729  data: 0.0036  max mem: 9187
Test:  [600/725]  eta: 0:00:08    time: 0.0670  data: 0.0032  max mem: 9187
Test:  [700/725]  eta: 0:00:01    time: 0.0657  data: 0.0033  max mem: 9187
Test: Total time: 0:00:49
global correct: 93.6
average row correct: ['96.7', '91.8', '75.0', '86.5', '82.0', '66.3', '94.6', '87.6', '93.5', '61.5', '76.8', '66.6', '81.4', '89.1', '89.0', '94.5', '66.6', '89.0', '69.2', '89.2', '84.6']
IoU: ['93.6', '86.2', '38.7', '81.3', '69.9', '60.9', '88.8', '76.5', '80.5', '41.7', '72.3', '55.0', '72.2', '75.0', '78.6', '88.0', '56.9', '73.4', '50.0', '84.4', '76.1']
mean IoU: 71.4
Epoch: [9]  [ 0/45]  eta: 0:03:30  lr: 0.000061  loss: 0.3285 (0.3285)  time: 4.6671  data: 0.8704  max mem: 9187
Epoch: [9]  [20/45]  eta: 0:01:37  lr: 0.000059  loss: 0.4688 (0.5577)  time: 3.8615  data: 0.0129  max mem: 9187
Epoch: [9]  [40/45]  eta: 0:00:19  lr: 0.000057  loss: 0.2753 (0.5220)  time: 3.8429  data: 0.0136  max mem: 9187
Epoch: [9] Total time: 0:02:53
Test:  [  0/725]  eta: 0:04:22    time: 0.3621  data: 0.2923  max mem: 9187
Test:  [100/725]  eta: 0:00:43    time: 0.0678  data: 0.0029  max mem: 9187
Test:  [200/725]  eta: 0:00:35    time: 0.0654  data: 0.0028  max mem: 9187
Test:  [300/725]  eta: 0:00:28    time: 0.0707  data: 0.0031  max mem: 9187
Test:  [400/725]  eta: 0:00:21    time: 0.0633  data: 0.0025  max mem: 9187
Test:  [500/725]  eta: 0:00:15    time: 0.0709  data: 0.0028  max mem: 9187
Test:  [600/725]  eta: 0:00:08    time: 0.0665  data: 0.0028  max mem: 9187
Test:  [700/725]  eta: 0:00:01    time: 0.0644  data: 0.0025  max mem: 9187
Test: Total time: 0:00:48
global correct: 93.7
average row correct: ['96.8', '90.6', '75.0', '87.4', '81.4', '67.2', '93.7', '88.1', '92.9', '61.2', '80.5', '66.0', '82.2', '88.1', '88.3', '94.3', '67.0', '87.8', '67.6', '91.3', '85.0']
IoU: ['93.6', '86.5', '38.6', '80.8', '70.0', '61.3', '89.3', '77.0', '81.0', '42.1', '74.7', '55.1', '73.5', '75.8', '79.0', '88.2', '56.7', '74.7', '50.7', '84.2', '75.8']
mean IoU: 71.8
Epoch: [10]  [ 0/45]  eta: 0:03:37  lr: 0.000056  loss: 0.4461 (0.4461)  time: 4.8367  data: 0.8323  max mem: 9187
Epoch: [10]  [20/45]  eta: 0:01:37  lr: 0.000054  loss: 0.2365 (0.4597)  time: 3.8649  data: 0.0147  max mem: 9187
Epoch: [10]  [40/45]  eta: 0:00:19  lr: 0.000051  loss: 0.6352 (0.4641)  time: 3.8320  data: 0.0134  max mem: 9187
Epoch: [10] Total time: 0:02:54
Test:  [  0/725]  eta: 0:04:24    time: 0.3652  data: 0.2889  max mem: 9187
Test:  [100/725]  eta: 0:00:43    time: 0.0673  data: 0.0028  max mem: 9187
Test:  [200/725]  eta: 0:00:35    time: 0.0660  data: 0.0029  max mem: 9187
Test:  [300/725]  eta: 0:00:28    time: 0.0697  data: 0.0030  max mem: 9187
Test:  [400/725]  eta: 0:00:21    time: 0.0636  data: 0.0027  max mem: 9187
Test:  [500/725]  eta: 0:00:15    time: 0.0711  data: 0.0030  max mem: 9187
Test:  [600/725]  eta: 0:00:08    time: 0.0659  data: 0.0029  max mem: 9187
Test:  [700/725]  eta: 0:00:01    time: 0.0669  data: 0.0031  max mem: 9187
Test: Total time: 0:00:48
global correct: 93.7
average row correct: ['96.7', '90.2', '74.5', '86.9', '82.7', '69.3', '94.3', '88.1', '93.0', '58.9', '77.8', '66.0', '82.6', '88.4', '88.6', '94.8', '68.2', '88.8', '69.1', '90.6', '85.2']
IoU: ['93.6', '86.3', '38.7', '81.1', '69.5', '62.9', '89.3', '76.8', '81.2', '41.5', '73.2', '55.2', '73.2', '75.5', '78.8', '87.8', '57.1', '73.6', '50.6', '84.7', '75.8']
mean IoU: 71.7
Epoch: [11]  [ 0/45]  eta: 0:03:23  lr: 0.000051  loss: 0.2353 (0.2353)  time: 4.5327  data: 0.7522  max mem: 9187
Epoch: [11]  [20/45]  eta: 0:01:37  lr: 0.000049  loss: 0.4989 (0.5187)  time: 3.8747  data: 0.0138  max mem: 9187
Epoch: [11]  [40/45]  eta: 0:00:19  lr: 0.000046  loss: 0.5440 (0.4845)  time: 3.8356  data: 0.0131  max mem: 9187
Epoch: [11] Total time: 0:02:54
Test:  [  0/725]  eta: 0:04:04    time: 0.3379  data: 0.2707  max mem: 9187
Test:  [100/725]  eta: 0:00:43    time: 0.0677  data: 0.0031  max mem: 9187
Test:  [200/725]  eta: 0:00:35    time: 0.0661  data: 0.0031  max mem: 9187
Test:  [300/725]  eta: 0:00:28    time: 0.0700  data: 0.0030  max mem: 9187
Test:  [400/725]  eta: 0:00:21    time: 0.0640  data: 0.0027  max mem: 9187
Test:  [500/725]  eta: 0:00:15    time: 0.0698  data: 0.0027  max mem: 9187
Test:  [600/725]  eta: 0:00:08    time: 0.0661  data: 0.0028  max mem: 9187
Test:  [700/725]  eta: 0:00:01    time: 0.0652  data: 0.0029  max mem: 9187
Test: Total time: 0:00:48
global correct: 93.7
average row correct: ['96.7', '91.8', '75.5', '87.2', '82.7', '70.8', '93.8', '87.9', '92.7', '61.2', '85.5', '66.2', '82.0', '86.6', '89.4', '94.6', '69.1', '87.2', '67.6', '87.8', '86.0']
IoU: ['93.6', '86.7', '39.1', '81.1', '69.0', '63.9', '88.6', '76.8', '81.1', '41.7', '75.8', '55.5', '73.8', '76.8', '78.7', '88.0', '57.2', '74.8', '50.5', '83.6', '74.9']
mean IoU: 72.0
Epoch: [12]  [ 0/45]  eta: 0:03:30  lr: 0.000046  loss: 0.2338 (0.2338)  time: 4.6773  data: 0.7515  max mem: 9187
Epoch: [12]  [20/45]  eta: 0:01:37  lr: 0.000043  loss: 0.7565 (0.5024)  time: 3.8423  data: 0.0135  max mem: 9187
Epoch: [12]  [40/45]  eta: 0:00:19  lr: 0.000041  loss: 0.5683 (0.5108)  time: 3.8667  data: 0.0146  max mem: 9187
Epoch: [12] Total time: 0:02:54
Test:  [  0/725]  eta: 0:04:14    time: 0.3505  data: 0.2814  max mem: 9187
Test:  [100/725]  eta: 0:00:44    time: 0.0686  data: 0.0032  max mem: 9187
Test:  [200/725]  eta: 0:00:36    time: 0.0668  data: 0.0028  max mem: 9187
Test:  [300/725]  eta: 0:00:29    time: 0.0703  data: 0.0028  max mem: 9187
Test:  [400/725]  eta: 0:00:22    time: 0.0645  data: 0.0030  max mem: 9187
Test:  [500/725]  eta: 0:00:15    time: 0.0730  data: 0.0034  max mem: 9187
Test:  [600/725]  eta: 0:00:08    time: 0.0667  data: 0.0028  max mem: 9187
Test:  [700/725]  eta: 0:00:01    time: 0.0642  data: 0.0027  max mem: 9187
Test: Total time: 0:00:48
global correct: 93.8
average row correct: ['96.7', '91.7', '75.5', '88.1', '80.6', '71.6', '92.8', '88.7', '93.0', '60.6', '83.3', '66.1', '82.7', '87.5', '88.3', '94.6', '68.2', '87.4', '68.3', '92.1', '85.8']
IoU: ['93.7', '86.8', '39.1', '80.8', '70.6', '64.6', '89.0', '76.9', '81.3', '41.7', '75.6', '55.2', '74.1', '76.5', '79.0', '88.1', '57.2', '74.8', '50.2', '83.7', '75.5']
mean IoU: 72.1
Epoch: [13]  [ 0/45]  eta: 0:03:36  lr: 0.000041  loss: 0.3550 (0.3550)  time: 4.8133  data: 0.9788  max mem: 9187
Epoch: [13]  [20/45]  eta: 0:01:37  lr: 0.000038  loss: 0.2536 (0.4163)  time: 3.8496  data: 0.0139  max mem: 9187
Epoch: [13]  [40/45]  eta: 0:00:19  lr: 0.000036  loss: 0.5258 (0.4577)  time: 3.8620  data: 0.0137  max mem: 9187
Epoch: [13] Total time: 0:02:54
Test:  [  0/725]  eta: 0:04:41    time: 0.3880  data: 0.3190  max mem: 9187
Test:  [100/725]  eta: 0:00:44    time: 0.0676  data: 0.0031  max mem: 9187
Test:  [200/725]  eta: 0:00:36    time: 0.0653  data: 0.0027  max mem: 9187
Test:  [300/725]  eta: 0:00:29    time: 0.0696  data: 0.0030  max mem: 9187
Test:  [400/725]  eta: 0:00:22    time: 0.0638  data: 0.0028  max mem: 9187
Test:  [500/725]  eta: 0:00:15    time: 0.0725  data: 0.0029  max mem: 9187
Test:  [600/725]  eta: 0:00:08    time: 0.0665  data: 0.0027  max mem: 9187
Test:  [700/725]  eta: 0:00:01    time: 0.0653  data: 0.0026  max mem: 9187
Test: Total time: 0:00:48
global correct: 93.8
average row correct: ['96.9', '90.3', '74.0', '87.8', '81.9', '70.3', '94.5', '88.1', '92.4', '59.9', '83.5', '65.8', '83.2', '86.9', '88.6', '94.6', '67.1', '87.0', '68.0', '88.5', '85.5']
IoU: ['93.7', '86.1', '38.6', '81.0', '69.9', '63.7', '88.9', '77.5', '81.4', '41.7', '75.5', '55.2', '74.0', '76.7', '78.8', '88.1', '57.0', '75.6', '50.6', '84.1', '75.9']
mean IoU: 72.1
Epoch: [14]  [ 0/45]  eta: 0:03:26  lr: 0.000035  loss: 0.5057 (0.5057)  time: 4.5950  data: 0.7960  max mem: 9187
Epoch: [14]  [20/45]  eta: 0:01:37  lr: 0.000033  loss: 0.6488 (0.4851)  time: 3.8727  data: 0.0131  max mem: 9187
Epoch: [14]  [40/45]  eta: 0:00:19  lr: 0.000031  loss: 0.2382 (0.4651)  time: 3.8382  data: 0.0147  max mem: 9187
Epoch: [14] Total time: 0:02:54
Test:  [  0/725]  eta: 0:04:52    time: 0.4036  data: 0.3336  max mem: 9187
Test:  [100/725]  eta: 0:00:43    time: 0.0674  data: 0.0026  max mem: 9187
Test:  [200/725]  eta: 0:00:36    time: 0.0653  data: 0.0027  max mem: 9187
Test:  [300/725]  eta: 0:00:29    time: 0.0700  data: 0.0028  max mem: 9187
Test:  [400/725]  eta: 0:00:22    time: 0.0645  data: 0.0031  max mem: 9187
Test:  [500/725]  eta: 0:00:15    time: 0.0718  data: 0.0030  max mem: 9187
Test:  [600/725]  eta: 0:00:08    time: 0.0662  data: 0.0029  max mem: 9187
Test:  [700/725]  eta: 0:00:01    time: 0.0645  data: 0.0028  max mem: 9187
Test: Total time: 0:00:48
global correct: 93.8
average row correct: ['96.7', '91.8', '74.4', '87.7', '81.2', '71.7', '93.5', '88.5', '92.9', '60.5', '81.1', '67.6', '83.4', '87.6', '89.1', '94.7', '68.7', '86.4', '68.3', '91.0', '85.9']
IoU: ['93.7', '86.4', '38.9', '80.7', '70.7', '64.8', '89.1', '77.2', '81.3', '41.8', '74.9', '55.6', '73.5', '76.6', '78.8', '88.1', '57.3', '75.9', '50.6', '84.4', '75.0']
mean IoU: 72.2
Epoch: [15]  [ 0/45]  eta: 0:03:39  lr: 0.000030  loss: 0.5382 (0.5382)  time: 4.8859  data: 0.9320  max mem: 9187
Epoch: [15]  [20/45]  eta: 0:01:38  lr: 0.000028  loss: 0.8104 (0.5184)  time: 3.8770  data: 0.0133  max mem: 9187
Epoch: [15]  [40/45]  eta: 0:00:19  lr: 0.000025  loss: 0.4843 (0.4996)  time: 3.8586  data: 0.0131  max mem: 9187
Epoch: [15] Total time: 0:02:55
Test:  [  0/725]  eta: 0:04:14    time: 0.3512  data: 0.2780  max mem: 9187
Test:  [100/725]  eta: 0:00:43    time: 0.0680  data: 0.0031  max mem: 9187
Test:  [200/725]  eta: 0:00:36    time: 0.0656  data: 0.0030  max mem: 9187
Test:  [300/725]  eta: 0:00:29    time: 0.0736  data: 0.0034  max mem: 9187
Test:  [400/725]  eta: 0:00:22    time: 0.0643  data: 0.0029  max mem: 9187
Test:  [500/725]  eta: 0:00:15    time: 0.0708  data: 0.0032  max mem: 9187
Test:  [600/725]  eta: 0:00:08    time: 0.0672  data: 0.0031  max mem: 9187
Test:  [700/725]  eta: 0:00:01    time: 0.0659  data: 0.0032  max mem: 9187
Test: Total time: 0:00:49
global correct: 93.7
average row correct: ['96.7', '91.8', '75.1', '86.7', '82.7', '70.8', '93.7', '88.4', '93.5', '60.7', '80.9', '66.4', '83.2', '83.1', '89.2', '94.4', '68.6', '88.7', '69.0', '89.3', '86.2']
IoU: ['93.7', '86.7', '39.1', '81.2', '70.2', '64.2', '88.9', '77.0', '80.9', '41.7', '74.2', '55.3', '72.3', '76.2', '78.7', '88.3', '57.2', '73.6', '50.4', '84.2', '75.4']
mean IoU: 71.9
Epoch: [16]  [ 0/45]  eta: 0:03:31  lr: 0.000024  loss: 0.3249 (0.3249)  time: 4.7075  data: 0.8764  max mem: 9187
Epoch: [16]  [20/45]  eta: 0:01:37  lr: 0.000022  loss: 0.5376 (0.4758)  time: 3.8470  data: 0.0131  max mem: 9187
Epoch: [16]  [40/45]  eta: 0:00:19  lr: 0.000019  loss: 0.5264 (0.4562)  time: 3.8336  data: 0.0132  max mem: 9187
Epoch: [16] Total time: 0:02:53
Test:  [  0/725]  eta: 0:04:54    time: 0.4060  data: 0.3366  max mem: 9187
Test:  [100/725]  eta: 0:00:44    time: 0.0670  data: 0.0032  max mem: 9187
Test:  [200/725]  eta: 0:00:36    time: 0.0657  data: 0.0031  max mem: 9187
Test:  [300/725]  eta: 0:00:29    time: 0.0687  data: 0.0029  max mem: 9187
Test:  [400/725]  eta: 0:00:22    time: 0.0644  data: 0.0029  max mem: 9187
Test:  [500/725]  eta: 0:00:15    time: 0.0721  data: 0.0032  max mem: 9187
Test:  [600/725]  eta: 0:00:08    time: 0.0661  data: 0.0029  max mem: 9187
Test:  [700/725]  eta: 0:00:01    time: 0.0655  data: 0.0029  max mem: 9187
Test: Total time: 0:00:49
global correct: 93.8
average row correct: ['96.8', '91.5', '73.9', '87.3', '82.8', '71.2', '94.3', '88.3', '92.3', '60.6', '80.4', '66.3', '83.7', '86.4', '89.1', '94.6', '67.6', '88.7', '68.5', '89.1', '85.8']
IoU: ['93.7', '86.4', '38.8', '80.8', '70.2', '64.4', '88.8', '77.2', '81.4', '41.8', '74.5', '55.4', '73.3', '76.4', '78.8', '88.2', '57.4', '74.2', '50.3', '84.3', '75.7']
mean IoU: 72.0
Epoch: [17]  [ 0/45]  eta: 0:03:27  lr: 0.000019  loss: 0.2336 (0.2336)  time: 4.6016  data: 0.8574  max mem: 9187
Epoch: [17]  [20/45]  eta: 0:01:37  lr: 0.000016  loss: 0.2518 (0.4669)  time: 3.8734  data: 0.0132  max mem: 9187
Epoch: [17]  [40/45]  eta: 0:00:19  lr: 0.000014  loss: 0.6206 (0.4791)  time: 3.8541  data: 0.0143  max mem: 9187
Epoch: [17] Total time: 0:02:54
Test:  [  0/725]  eta: 0:04:31    time: 0.3746  data: 0.3042  max mem: 9187
Test:  [100/725]  eta: 0:00:43    time: 0.0672  data: 0.0030  max mem: 9187
Test:  [200/725]  eta: 0:00:36    time: 0.0670  data: 0.0034  max mem: 9187
Test:  [300/725]  eta: 0:00:29    time: 0.0690  data: 0.0031  max mem: 9187
Test:  [400/725]  eta: 0:00:22    time: 0.0646  data: 0.0029  max mem: 9187
Test:  [500/725]  eta: 0:00:15    time: 0.0719  data: 0.0031  max mem: 9187
Test:  [600/725]  eta: 0:00:08    time: 0.0673  data: 0.0032  max mem: 9187
Test:  [700/725]  eta: 0:00:01    time: 0.0654  data: 0.0028  max mem: 9187
Test: Total time: 0:00:48
global correct: 93.7
average row correct: ['96.6', '91.6', '74.9', '88.1', '83.3', '73.0', '94.8', '88.8', '93.1', '61.1', '74.1', '66.1', '84.7', '88.2', '89.3', '94.7', '68.6', '88.1', '67.9', '88.9', '86.2']
IoU: ['93.7', '86.6', '38.9', '80.6', '69.4', '65.5', '88.3', '77.0', '81.4', '41.7', '70.8', '55.3', '72.7', '74.5', '78.6', '88.2', '57.3', '74.3', '50.4', '84.1', '75.2']
mean IoU: 71.6
Epoch: [18]  [ 0/45]  eta: 0:03:33  lr: 0.000013  loss: 0.4652 (0.4652)  time: 4.7390  data: 0.8924  max mem: 9187
Epoch: [18]  [20/45]  eta: 0:01:37  lr: 0.000010  loss: 0.5221 (0.5083)  time: 3.8462  data: 0.0136  max mem: 9187
Epoch: [18]  [40/45]  eta: 0:00:19  lr: 0.000008  loss: 0.3081 (0.4743)  time: 3.8515  data: 0.0130  max mem: 9187
Epoch: [18] Total time: 0:02:54
Test:  [  0/725]  eta: 0:04:48    time: 0.3979  data: 0.3225  max mem: 9187
Test:  [100/725]  eta: 0:00:44    time: 0.0682  data: 0.0032  max mem: 9187
Test:  [200/725]  eta: 0:00:36    time: 0.0676  data: 0.0036  max mem: 9187
Test:  [300/725]  eta: 0:00:29    time: 0.0696  data: 0.0033  max mem: 9187
Test:  [400/725]  eta: 0:00:22    time: 0.0643  data: 0.0029  max mem: 9187
Test:  [500/725]  eta: 0:00:15    time: 0.0719  data: 0.0033  max mem: 9187
Test:  [600/725]  eta: 0:00:08    time: 0.0678  data: 0.0035  max mem: 9187
Test:  [700/725]  eta: 0:00:01    time: 0.0657  data: 0.0032  max mem: 9187
Test: Total time: 0:00:49
global correct: 93.7
average row correct: ['96.7', '91.9', '74.9', '87.6', '82.0', '71.7', '94.1', '89.3', '92.8', '61.6', '81.9', '67.0', '83.4', '82.7', '88.1', '94.6', '68.5', '88.5', '68.9', '90.1', '86.2']
IoU: ['93.7', '86.7', '39.0', '80.6', '70.4', '64.8', '88.7', '77.0', '81.2', '41.7', '74.5', '55.6', '72.6', '76.0', '79.1', '88.2', '57.1', '74.0', '50.5', '84.4', '75.5']
mean IoU: 72.0
Epoch: [19]  [ 0/45]  eta: 0:03:30  lr: 0.000007  loss: 0.5608 (0.5608)  time: 4.6736  data: 0.8966  max mem: 9187
Epoch: [19]  [20/45]  eta: 0:01:37  lr: 0.000004  loss: 0.2555 (0.4462)  time: 3.8638  data: 0.0138  max mem: 9187
Epoch: [19]  [40/45]  eta: 0:00:19  lr: 0.000001  loss: 0.3140 (0.4157)  time: 3.8564  data: 0.0137  max mem: 9187
Epoch: [19] Total time: 0:02:54
Test:  [  0/725]  eta: 0:04:15    time: 0.3527  data: 0.2875  max mem: 9187
Test:  [100/725]  eta: 0:00:43    time: 0.0674  data: 0.0030  max mem: 9187
Test:  [200/725]  eta: 0:00:35    time: 0.0654  data: 0.0028  max mem: 9187
Test:  [300/725]  eta: 0:00:29    time: 0.0697  data: 0.0032  max mem: 9187
Test:  [400/725]  eta: 0:00:21    time: 0.0642  data: 0.0026  max mem: 9187
Test:  [500/725]  eta: 0:00:15    time: 0.0719  data: 0.0029  max mem: 9187
Test:  [600/725]  eta: 0:00:08    time: 0.0669  data: 0.0031  max mem: 9187
Test:  [700/725]  eta: 0:00:01    time: 0.0664  data: 0.0029  max mem: 9187
Test: Total time: 0:00:48
global correct: 93.8
average row correct: ['96.6', '91.4', '74.8', '87.1', '82.8', '72.3', '94.2', '89.1', '93.5', '60.5', '84.2', '67.5', '83.1', '85.0', '88.1', '94.6', '69.1', '87.2', '69.0', '89.4', '86.1']
IoU: ['93.7', '86.7', '39.0', '81.1', '70.0', '65.3', '88.6', '76.9', '80.8', '41.6', '75.5', '55.4', '72.8', '77.1', '79.0', '88.1', '57.4', '75.0', '50.5', '84.3', '75.3']
mean IoU: 72.1
Training time 1:15:07
