WARNING:torch.distributed.run:
*****************************************
Setting OMP_NUM_THREADS environment variable for each process to be 1 in default, to avoid your system being overloaded, please further tune the variable for optimal performance in your application as needed. 
*****************************************
wandb: Currently logged in as: dekun. Use `wandb login --relogin` to force relogin
wandb: Currently logged in as: dekun. Use `wandb login --relogin` to force relogin
wandb: wandb version 0.13.5 is available!  To upgrade, please run:
wandb:  $ pip install wandb --upgrade
wandb: Tracking run with wandb version 0.13.4
wandb: Run data is saved locally in /home/zk/GIT/working/deep-learning-for-image-processing/pytorch_segmentation/fcn/wandb/run-20221106_202840-264l4q3q
wandb: Run `wandb offline` to turn off syncing.
wandb: Syncing run volcanic-morning-23
wandb: ⭐️ View project at https://wandb.ai/dekun/fcn
wandb: 🚀 View run at https://wandb.ai/dekun/fcn/runs/264l4q3q
wandb: wandb version 0.13.5 is available!  To upgrade, please run:
wandb:  $ pip install wandb --upgrade
wandb: Tracking run with wandb version 0.13.4
wandb: Run data is saved locally in /home/zk/GIT/working/deep-learning-for-image-processing/pytorch_segmentation/fcn/wandb/run-20221106_202840-1cewcr2n
wandb: Run `wandb offline` to turn off syncing.
wandb: Syncing run skilled-dragon-24
wandb: ⭐️ View project at https://wandb.ai/dekun/fcn
wandb: 🚀 View run at https://wandb.ai/dekun/fcn/runs/1cewcr2n
| distributed init (rank 0): env://| distributed init (rank 1): env://

Namespace(data_path='../../../../input/pascal', device='cuda', num_classes=20, batch_size=16, aux=True, start_epoch=0, epochs=20, sync_bn=True, workers=4, lr=0.0001, momentum=0.9, weight_decay=0.0001, print_freq=5, output_dir='./multi_train', resume='', test_only=False, world_size=2, dist_url='env://', amp=True, wandb='run', rank=0, gpu=0, distributed=True, dist_backend='nccl')
Creating data loaders
Creating model
Start training
Epoch: [0]  [ 0/45]  eta: 0:05:13  lr: 0.000002  loss: 0.3719 (0.3719)  time: 6.9696  data: 0.9266  max mem: 8909
Epoch: [0]  [ 5/45]  eta: 0:02:55  lr: 0.000013  loss: 0.5392 (0.4888)  time: 4.3807  data: 0.1650  max mem: 9187
Epoch: [0]  [10/45]  eta: 0:02:24  lr: 0.000025  loss: 0.3271 (0.5232)  time: 4.1367  data: 0.0959  max mem: 9187
Epoch: [0]  [15/45]  eta: 0:02:01  lr: 0.000036  loss: 0.3449 (0.5343)  time: 4.0578  data: 0.0704  max mem: 9187
Epoch: [0]  [20/45]  eta: 0:01:40  lr: 0.000047  loss: 0.2516 (0.5482)  time: 3.8722  data: 0.0136  max mem: 9187
Epoch: [0]  [25/45]  eta: 0:01:19  lr: 0.000058  loss: 0.4107 (0.5478)  time: 3.8801  data: 0.0139  max mem: 9187
Epoch: [0]  [30/45]  eta: 0:00:59  lr: 0.000069  loss: 0.2674 (0.5658)  time: 3.9114  data: 0.0138  max mem: 9187
Epoch: [0]  [35/45]  eta: 0:00:39  lr: 0.000080  loss: 0.5340 (0.5712)  time: 3.9298  data: 0.0135  max mem: 9187
Epoch: [0]  [40/45]  eta: 0:00:19  lr: 0.000091  loss: 0.4782 (0.5679)  time: 3.9365  data: 0.0132  max mem: 9187
Epoch: [0] Total time: 0:02:58
Test:  [ 0/91]  eta: 0:02:58    time: 1.9667  data: 0.6843  max mem: 9187
Test: Total time: 0:01:11
global correct: 93.2
average row correct: ['97.7', '87.9', '72.9', '81.7', '70.6', '46.2', '92.1', '76.5', '89.2', '48.4', '83.8', '57.0', '82.5', '82.6', '85.7', '94.5', '55.6', '82.4', '62.6', '86.5', '76.0']
IoU: ['92.8', '84.4', '37.4', '78.0', '65.0', '44.9', '88.8', '71.4', '81.8', '38.7', '75.2', '49.6', '73.9', '76.8', '78.0', '86.4', '51.2', '75.2', '49.5', '82.5', '72.7']
mean IoU: 69.3
Epoch: [1]  [ 0/45]  eta: 0:03:30  lr: 0.000100  loss: 0.7171 (0.7171)  time: 4.6675  data: 0.7774  max mem: 9187
Epoch: [1]  [ 5/45]  eta: 0:02:43  lr: 0.000099  loss: 0.3883 (0.5031)  time: 4.0876  data: 0.1453  max mem: 9187
Epoch: [1]  [10/45]  eta: 0:02:20  lr: 0.000099  loss: 0.4729 (0.5285)  time: 4.0222  data: 0.0864  max mem: 9187
Epoch: [1]  [15/45]  eta: 0:02:00  lr: 0.000098  loss: 0.6588 (0.5861)  time: 4.0115  data: 0.0652  max mem: 9187
Epoch: [1]  [20/45]  eta: 0:01:39  lr: 0.000098  loss: 0.6140 (0.5522)  time: 3.9577  data: 0.0182  max mem: 9187
Epoch: [1]  [25/45]  eta: 0:01:19  lr: 0.000097  loss: 0.6514 (0.5533)  time: 3.9574  data: 0.0178  max mem: 9187
Epoch: [1]  [30/45]  eta: 0:00:59  lr: 0.000097  loss: 0.3957 (0.5569)  time: 3.9648  data: 0.0188  max mem: 9187
Epoch: [1]  [35/45]  eta: 0:00:39  lr: 0.000096  loss: 0.5188 (0.5744)  time: 3.9637  data: 0.0191  max mem: 9187
Epoch: [1]  [40/45]  eta: 0:00:19  lr: 0.000096  loss: 0.5932 (0.5724)  time: 3.9775  data: 0.0187  max mem: 9187
Epoch: [1] Total time: 0:02:59
Test:  [ 0/91]  eta: 0:02:36    time: 1.7203  data: 0.7117  max mem: 9187
Test: Total time: 0:01:11
global correct: 93.4
average row correct: ['97.6', '89.7', '73.2', '84.3', '72.7', '50.2', '92.6', '81.3', '90.7', '50.9', '83.9', '57.4', '82.5', '82.9', '85.8', '94.4', '58.4', '83.9', '64.7', '86.2', '78.5']
IoU: ['93.1', '84.8', '37.4', '79.2', '66.2', '48.5', '89.2', '74.0', '81.9', '39.6', '75.6', '50.1', '73.8', '76.5', '78.4', '86.9', '52.9', '75.7', '50.3', '82.6', '73.8']
mean IoU: 70.0
Epoch: [2]  [ 0/45]  eta: 0:03:33  lr: 0.000095  loss: 0.4513 (0.4513)  time: 4.7524  data: 0.7761  max mem: 9187
Epoch: [2]  [ 5/45]  eta: 0:02:43  lr: 0.000095  loss: 0.2378 (0.3268)  time: 4.0898  data: 0.1406  max mem: 9187
Epoch: [2]  [10/45]  eta: 0:02:21  lr: 0.000094  loss: 0.7969 (0.4323)  time: 4.0495  data: 0.0827  max mem: 9187
Epoch: [2]  [15/45]  eta: 0:02:01  lr: 0.000094  loss: 0.7790 (0.4821)  time: 4.0413  data: 0.0607  max mem: 9187
Epoch: [2]  [20/45]  eta: 0:01:40  lr: 0.000093  loss: 0.7570 (0.5357)  time: 3.9891  data: 0.0130  max mem: 9187
Epoch: [2]  [25/45]  eta: 0:01:19  lr: 0.000092  loss: 0.4332 (0.5523)  time: 3.9695  data: 0.0130  max mem: 9187
Epoch: [2]  [30/45]  eta: 0:00:59  lr: 0.000092  loss: 0.3740 (0.5533)  time: 3.9684  data: 0.0127  max mem: 9187
Epoch: [2]  [35/45]  eta: 0:00:39  lr: 0.000091  loss: 0.5171 (0.5480)  time: 3.9458  data: 0.0127  max mem: 9187
Epoch: [2]  [40/45]  eta: 0:00:19  lr: 0.000091  loss: 0.5756 (0.5451)  time: 3.9405  data: 0.0125  max mem: 9187
Epoch: [2] Total time: 0:02:59
Test:  [ 0/91]  eta: 0:02:32    time: 1.6742  data: 0.6772  max mem: 9187
Test: Total time: 0:01:11
global correct: 93.5
average row correct: ['97.4', '89.9', '72.6', '86.0', '75.7', '56.2', '91.6', '83.2', '91.9', '54.0', '79.8', '58.0', '82.9', '86.0', '86.4', '94.0', '62.2', '84.7', '65.8', '87.1', '80.5']
IoU: ['93.2', '85.2', '37.2', '79.6', '68.0', '53.4', '88.7', '74.7', '81.4', '40.9', '74.6', '50.7', '73.6', '76.2', '78.3', '87.3', '55.1', '75.7', '50.6', '82.8', '73.5']
mean IoU: 70.5
Epoch: [3]  [ 0/45]  eta: 0:03:38  lr: 0.000090  loss: 0.4740 (0.4740)  time: 4.8645  data: 0.7971  max mem: 9187
Epoch: [3]  [ 5/45]  eta: 0:02:43  lr: 0.000090  loss: 0.8721 (0.4783)  time: 4.0798  data: 0.1440  max mem: 9187
Epoch: [3]  [10/45]  eta: 0:02:20  lr: 0.000089  loss: 0.9761 (0.5885)  time: 4.0137  data: 0.0853  max mem: 9187
Epoch: [3]  [15/45]  eta: 0:01:58  lr: 0.000089  loss: 1.0847 (0.6271)  time: 3.9529  data: 0.0631  max mem: 9187
Epoch: [3]  [20/45]  eta: 0:01:38  lr: 0.000088  loss: 0.6712 (0.6294)  time: 3.8755  data: 0.0137  max mem: 9187
Epoch: [3]  [25/45]  eta: 0:01:18  lr: 0.000088  loss: 0.4770 (0.5913)  time: 3.8595  data: 0.0136  max mem: 9187
Epoch: [3]  [30/45]  eta: 0:00:58  lr: 0.000087  loss: 0.2175 (0.5588)  time: 3.8482  data: 0.0130  max mem: 9187
Epoch: [3]  [35/45]  eta: 0:00:38  lr: 0.000087  loss: 0.6616 (0.5511)  time: 3.8420  data: 0.0124  max mem: 9187
Epoch: [3]  [40/45]  eta: 0:00:19  lr: 0.000086  loss: 0.6108 (0.5367)  time: 3.8500  data: 0.0126  max mem: 9187
Epoch: [3] Total time: 0:02:54
Test:  [ 0/91]  eta: 0:02:36    time: 1.7156  data: 0.7061  max mem: 9187
Test: Total time: 0:01:11
global correct: 93.5
average row correct: ['97.2', '89.3', '74.6', '86.0', '78.0', '57.7', '91.4', '85.9', '92.1', '55.3', '82.0', '58.1', '81.6', '84.3', '87.0', '94.2', '63.9', '86.3', '67.5', '89.8', '81.8']
IoU: ['93.3', '85.7', '38.2', '79.4', '69.2', '54.6', '88.5', '75.4', '81.0', '41.4', '75.5', '50.8', '73.5', '76.8', '78.9', '87.1', '55.4', '74.8', '50.6', '83.5', '74.1']
mean IoU: 70.8
Epoch: [4]  [ 0/45]  eta: 0:03:24  lr: 0.000086  loss: 0.3137 (0.3137)  time: 4.5387  data: 0.8118  max mem: 9187
Epoch: [4]  [ 5/45]  eta: 0:02:38  lr: 0.000085  loss: 0.7513 (0.4521)  time: 3.9543  data: 0.1475  max mem: 9187
Epoch: [4]  [10/45]  eta: 0:02:16  lr: 0.000084  loss: 0.5006 (0.4513)  time: 3.9035  data: 0.0858  max mem: 9187
Epoch: [4]  [15/45]  eta: 0:01:57  lr: 0.000084  loss: 0.3885 (0.4830)  time: 3.9010  data: 0.0631  max mem: 9187
Epoch: [4]  [20/45]  eta: 0:01:37  lr: 0.000083  loss: 0.3619 (0.5024)  time: 3.8552  data: 0.0132  max mem: 9187
Epoch: [4]  [25/45]  eta: 0:01:17  lr: 0.000083  loss: 0.9171 (0.5400)  time: 3.8641  data: 0.0128  max mem: 9187
Epoch: [4]  [30/45]  eta: 0:00:58  lr: 0.000082  loss: 1.1765 (0.5992)  time: 3.8739  data: 0.0130  max mem: 9187
Epoch: [4]  [35/45]  eta: 0:00:38  lr: 0.000082  loss: 0.3948 (0.5937)  time: 3.8540  data: 0.0133  max mem: 9187
Epoch: [4]  [40/45]  eta: 0:00:19  lr: 0.000081  loss: 0.4143 (0.5740)  time: 3.8324  data: 0.0130  max mem: 9187
Epoch: [4] Total time: 0:02:53
Test:  [ 0/91]  eta: 0:02:36    time: 1.7167  data: 0.7187  max mem: 9187
Test: Total time: 0:01:11
global correct: 93.5
average row correct: ['97.1', '88.6', '73.1', '86.7', '79.6', '61.2', '90.6', '86.4', '92.7', '56.1', '85.4', '58.6', '80.9', '83.1', '87.6', '93.9', '63.1', '85.4', '67.7', '91.6', '82.0']
IoU: ['93.3', '85.6', '37.6', '79.1', '69.0', '57.2', '88.1', '75.8', '80.5', '41.6', '76.4', '51.3', '73.2', '76.5', '78.6', '87.4', '55.5', '75.1', '50.4', '83.5', '73.6']
mean IoU: 70.9
Epoch: [5]  [ 0/45]  eta: 0:03:26  lr: 0.000081  loss: 0.5416 (0.5416)  time: 4.5913  data: 0.8450  max mem: 9187
Epoch: [5]  [ 5/45]  eta: 0:02:38  lr: 0.000080  loss: 0.4266 (0.4812)  time: 3.9541  data: 0.1518  max mem: 9187
Epoch: [5]  [10/45]  eta: 0:02:16  lr: 0.000080  loss: 0.6859 (0.4949)  time: 3.8908  data: 0.0889  max mem: 9187
Epoch: [5]  [15/45]  eta: 0:01:56  lr: 0.000079  loss: 0.4834 (0.4994)  time: 3.8697  data: 0.0648  max mem: 9187
Epoch: [5]  [20/45]  eta: 0:01:36  lr: 0.000079  loss: 0.8372 (0.5563)  time: 3.8340  data: 0.0129  max mem: 9187
Epoch: [5]  [25/45]  eta: 0:01:17  lr: 0.000078  loss: 0.2225 (0.5466)  time: 3.8389  data: 0.0128  max mem: 9187
Epoch: [5]  [30/45]  eta: 0:00:57  lr: 0.000077  loss: 0.2867 (0.5415)  time: 3.8418  data: 0.0130  max mem: 9187
Epoch: [5]  [35/45]  eta: 0:00:38  lr: 0.000077  loss: 0.8860 (0.5406)  time: 3.8541  data: 0.0131  max mem: 9187
Epoch: [5]  [40/45]  eta: 0:00:19  lr: 0.000076  loss: 0.4539 (0.5345)  time: 3.8552  data: 0.0132  max mem: 9187
Epoch: [5] Total time: 0:02:53
Test:  [ 0/91]  eta: 0:02:41    time: 1.7772  data: 0.7771  max mem: 9187
Test: Total time: 0:01:11
global correct: 93.6
average row correct: ['97.0', '90.3', '73.1', '85.9', '80.3', '62.2', '92.1', '86.7', '92.4', '57.7', '83.3', '58.9', '81.8', '85.0', '87.9', '94.0', '64.1', '86.9', '67.4', '90.5', '83.1']
IoU: ['93.4', '86.0', '37.7', '79.5', '69.4', '58.1', '88.8', '76.2', '80.8', '41.8', '75.8', '51.5', '73.3', '76.4', '78.9', '87.4', '55.5', '74.6', '50.3', '84.1', '73.8']
mean IoU: 71.1
Epoch: [6]  [ 0/45]  eta: 0:03:27  lr: 0.000076  loss: 0.5760 (0.5760)  time: 4.6124  data: 0.7618  max mem: 9187
Epoch: [6]  [ 5/45]  eta: 0:02:39  lr: 0.000075  loss: 0.7008 (0.6464)  time: 3.9940  data: 0.1381  max mem: 9187
Epoch: [6]  [10/45]  eta: 0:02:17  lr: 0.000075  loss: 0.2777 (0.5704)  time: 3.9278  data: 0.0807  max mem: 9187
Epoch: [6]  [15/45]  eta: 0:01:57  lr: 0.000074  loss: 0.6252 (0.5200)  time: 3.9112  data: 0.0603  max mem: 9187
Epoch: [6]  [20/45]  eta: 0:01:37  lr: 0.000074  loss: 0.3953 (0.5002)  time: 3.8599  data: 0.0135  max mem: 9187
Epoch: [6]  [25/45]  eta: 0:01:17  lr: 0.000073  loss: 0.3675 (0.5050)  time: 3.8522  data: 0.0134  max mem: 9187
Epoch: [6]  [30/45]  eta: 0:00:58  lr: 0.000073  loss: 0.5122 (0.4991)  time: 3.8528  data: 0.0135  max mem: 9187
Epoch: [6]  [35/45]  eta: 0:00:38  lr: 0.000072  loss: 0.2273 (0.4774)  time: 3.8610  data: 0.0133  max mem: 9187
Epoch: [6]  [40/45]  eta: 0:00:19  lr: 0.000072  loss: 0.5106 (0.4729)  time: 3.8483  data: 0.0133  max mem: 9187
Epoch: [6] Total time: 0:02:54
Test:  [ 0/91]  eta: 0:02:36    time: 1.7208  data: 0.7168  max mem: 9187
Test: Total time: 0:01:11
global correct: 93.6
average row correct: ['97.0', '90.7', '73.9', '87.1', '80.1', '65.0', '93.8', '86.8', '92.6', '59.7', '80.6', '58.7', '83.2', '84.3', '87.8', '94.0', '66.5', '86.0', '67.4', '88.7', '83.9']
IoU: ['93.4', '86.2', '38.0', '79.6', '69.7', '60.2', '88.9', '76.6', '80.9', '41.8', '74.6', '51.2', '73.2', '76.0', '78.6', '87.5', '56.2', '75.3', '50.3', '84.3', '74.1']
mean IoU: 71.3
Epoch: [7]  [ 0/45]  eta: 0:03:27  lr: 0.000071  loss: 0.4412 (0.4412)  time: 4.6081  data: 0.7161  max mem: 9187
Epoch: [7]  [ 5/45]  eta: 0:02:38  lr: 0.000070  loss: 0.7642 (0.5223)  time: 3.9600  data: 0.1299  max mem: 9187
Epoch: [7]  [10/45]  eta: 0:02:17  lr: 0.000070  loss: 0.8480 (0.5357)  time: 3.9187  data: 0.0781  max mem: 9187
Epoch: [7]  [15/45]  eta: 0:01:56  lr: 0.000069  loss: 0.4371 (0.4899)  time: 3.8933  data: 0.0579  max mem: 9187
Epoch: [7]  [20/45]  eta: 0:01:37  lr: 0.000069  loss: 0.2056 (0.4779)  time: 3.8524  data: 0.0138  max mem: 9187
Epoch: [7]  [25/45]  eta: 0:01:17  lr: 0.000068  loss: 0.4730 (0.4909)  time: 3.8576  data: 0.0138  max mem: 9187
Epoch: [7]  [30/45]  eta: 0:00:57  lr: 0.000068  loss: 0.6066 (0.4931)  time: 3.8313  data: 0.0129  max mem: 9187
Epoch: [7]  [35/45]  eta: 0:00:38  lr: 0.000067  loss: 0.5673 (0.4926)  time: 3.8458  data: 0.0128  max mem: 9187
Epoch: [7]  [40/45]  eta: 0:00:19  lr: 0.000067  loss: 0.4834 (0.4991)  time: 3.8374  data: 0.0126  max mem: 9187
Epoch: [7] Total time: 0:02:53
Test:  [ 0/91]  eta: 0:02:37    time: 1.7312  data: 0.7247  max mem: 9187
Test: Total time: 0:01:11
global correct: 93.6
average row correct: ['97.1', '90.8', '73.7', '86.5', '79.5', '65.0', '93.3', '86.2', '91.2', '58.8', '83.2', '59.2', '82.8', '85.1', '87.2', '94.1', '65.8', '85.6', '67.6', '88.8', '83.9']
IoU: ['93.4', '85.9', '37.9', '78.8', '69.7', '60.1', '88.9', '76.8', '81.4', '42.0', '75.4', '51.7', '74.1', '76.2', '78.9', '87.4', '56.8', '75.8', '50.5', '84.2', '74.7']
mean IoU: 71.5
Epoch: [8]  [ 0/45]  eta: 0:03:44  lr: 0.000066  loss: 0.4268 (0.4268)  time: 4.9797  data: 0.8568  max mem: 9187
Epoch: [8]  [ 5/45]  eta: 0:02:41  lr: 0.000065  loss: 0.5186 (0.5180)  time: 4.0303  data: 0.1531  max mem: 9187
Epoch: [8]  [10/45]  eta: 0:02:17  lr: 0.000065  loss: 0.4312 (0.5349)  time: 3.9385  data: 0.0891  max mem: 9187
Epoch: [8]  [15/45]  eta: 0:01:56  lr: 0.000064  loss: 0.3193 (0.5227)  time: 3.8840  data: 0.0653  max mem: 9187
Epoch: [8]  [20/45]  eta: 0:01:37  lr: 0.000064  loss: 0.2485 (0.4976)  time: 3.8276  data: 0.0124  max mem: 9187
Epoch: [8]  [25/45]  eta: 0:01:17  lr: 0.000063  loss: 0.2995 (0.4949)  time: 3.8304  data: 0.0125  max mem: 9187
Epoch: [8]  [30/45]  eta: 0:00:58  lr: 0.000063  loss: 0.3276 (0.4864)  time: 3.8413  data: 0.0126  max mem: 9187
Epoch: [8]  [35/45]  eta: 0:00:38  lr: 0.000062  loss: 0.3902 (0.4775)  time: 3.8527  data: 0.0124  max mem: 9187
Epoch: [8]  [40/45]  eta: 0:00:19  lr: 0.000062  loss: 0.4707 (0.4934)  time: 3.8506  data: 0.0132  max mem: 9187
Epoch: [8] Total time: 0:02:53
Test:  [ 0/91]  eta: 0:02:33    time: 1.6827  data: 0.6819  max mem: 9187
Test: Total time: 0:01:11
global correct: 93.6
average row correct: ['96.9', '91.0', '74.0', '86.4', '80.9', '68.2', '92.8', '87.6', '93.2', '59.0', '79.7', '61.1', '82.0', '86.4', '87.6', '93.8', '66.6', '86.6', '68.7', '89.4', '84.0']
IoU: ['93.5', '86.1', '38.2', '79.5', '70.0', '62.6', '89.0', '76.5', '80.5', '41.7', '74.3', '52.4', '72.9', '75.7', '79.0', '87.6', '57.0', '75.0', '50.3', '84.4', '75.1']
mean IoU: 71.5
Epoch: [9]  [ 0/45]  eta: 0:03:33  lr: 0.000061  loss: 0.6990 (0.6990)  time: 4.7431  data: 0.7986  max mem: 9187
Epoch: [9]  [ 5/45]  eta: 0:02:38  lr: 0.000060  loss: 0.5942 (0.5724)  time: 3.9552  data: 0.1437  max mem: 9187
Epoch: [9]  [10/45]  eta: 0:02:15  lr: 0.000060  loss: 0.7508 (0.5466)  time: 3.8848  data: 0.0839  max mem: 9187
Epoch: [9]  [15/45]  eta: 0:01:56  lr: 0.000059  loss: 0.5925 (0.5389)  time: 3.8846  data: 0.0622  max mem: 9187
Epoch: [9]  [20/45]  eta: 0:01:36  lr: 0.000059  loss: 0.4144 (0.5308)  time: 3.8232  data: 0.0135  max mem: 9187
Epoch: [9]  [25/45]  eta: 0:01:17  lr: 0.000058  loss: 0.4833 (0.5162)  time: 3.8361  data: 0.0139  max mem: 9187
Epoch: [9]  [30/45]  eta: 0:00:58  lr: 0.000058  loss: 0.5651 (0.5144)  time: 3.8571  data: 0.0146  max mem: 9187
Epoch: [9]  [35/45]  eta: 0:00:38  lr: 0.000057  loss: 0.5728 (0.5071)  time: 3.8476  data: 0.0142  max mem: 9187
Epoch: [9]  [40/45]  eta: 0:00:19  lr: 0.000057  loss: 0.4583 (0.5025)  time: 3.8601  data: 0.0139  max mem: 9187
Epoch: [9] Total time: 0:02:53
Test:  [ 0/91]  eta: 0:02:46    time: 1.8295  data: 0.8186  max mem: 9187
Test: Total time: 0:01:11
global correct: 93.7
average row correct: ['97.1', '91.3', '74.2', '86.3', '79.4', '68.8', '93.8', '87.7', '91.7', '59.5', '81.3', '60.9', '83.8', '86.2', '87.7', '93.9', '66.6', '86.1', '67.0', '87.9', '84.9']
IoU: ['93.5', '86.0', '38.3', '79.4', '70.4', '62.8', '88.7', '77.2', '81.5', '42.1', '75.3', '52.7', '74.2', '76.2', '79.0', '87.6', '57.2', '75.5', '50.6', '83.8', '75.0']
mean IoU: 71.8
Epoch: [10]  [ 0/45]  eta: 0:03:27  lr: 0.000056  loss: 0.3202 (0.3202)  time: 4.6040  data: 0.7608  max mem: 9187
Epoch: [10]  [ 5/45]  eta: 0:02:41  lr: 0.000055  loss: 0.4865 (0.5372)  time: 4.0278  data: 0.1374  max mem: 9187
Epoch: [10]  [10/45]  eta: 0:02:18  lr: 0.000055  loss: 0.6643 (0.5298)  time: 3.9568  data: 0.0815  max mem: 9187
Epoch: [10]  [15/45]  eta: 0:01:57  lr: 0.000054  loss: 0.5306 (0.5586)  time: 3.9193  data: 0.0601  max mem: 9187
Epoch: [10]  [20/45]  eta: 0:01:37  lr: 0.000054  loss: 0.3230 (0.5204)  time: 3.8621  data: 0.0132  max mem: 9187
Epoch: [10]  [25/45]  eta: 0:01:17  lr: 0.000053  loss: 0.3143 (0.5117)  time: 3.8480  data: 0.0133  max mem: 9187
Epoch: [10]  [30/45]  eta: 0:00:58  lr: 0.000053  loss: 0.4661 (0.5049)  time: 3.8422  data: 0.0133  max mem: 9187
Epoch: [10]  [35/45]  eta: 0:00:38  lr: 0.000052  loss: 0.6087 (0.5107)  time: 3.8325  data: 0.0137  max mem: 9187
Epoch: [10]  [40/45]  eta: 0:00:19  lr: 0.000051  loss: 0.4555 (0.5072)  time: 3.8254  data: 0.0138  max mem: 9187
Epoch: [10] Total time: 0:02:53
Test:  [ 0/91]  eta: 0:02:35    time: 1.7084  data: 0.6849  max mem: 9187
Test: Total time: 0:01:11
global correct: 93.7
average row correct: ['97.0', '90.0', '73.4', '85.8', '81.7', '70.0', '93.6', '87.9', '92.7', '57.4', '79.6', '60.6', '82.6', '86.8', '87.0', '94.0', '66.3', '86.4', '68.1', '88.4', '85.4']
IoU: ['93.5', '86.0', '38.1', '79.7', '69.8', '63.7', '89.0', '77.1', '81.1', '41.8', '74.5', '52.6', '73.7', '75.6', '79.2', '87.6', '56.9', '75.3', '50.5', '84.1', '74.9']
mean IoU: 71.7
Epoch: [11]  [ 0/45]  eta: 0:03:27  lr: 0.000051  loss: 0.2855 (0.2855)  time: 4.6015  data: 0.7524  max mem: 9187
Epoch: [11]  [ 5/45]  eta: 0:02:39  lr: 0.000050  loss: 0.4843 (0.4873)  time: 3.9824  data: 0.1359  max mem: 9187
Epoch: [11]  [10/45]  eta: 0:02:17  lr: 0.000050  loss: 0.3975 (0.4566)  time: 3.9215  data: 0.0797  max mem: 9187
Epoch: [11]  [15/45]  eta: 0:01:57  lr: 0.000049  loss: 0.6789 (0.4555)  time: 3.9081  data: 0.0586  max mem: 9187
Epoch: [11]  [20/45]  eta: 0:01:37  lr: 0.000049  loss: 0.7368 (0.4636)  time: 3.8557  data: 0.0126  max mem: 9187
Epoch: [11]  [25/45]  eta: 0:01:17  lr: 0.000048  loss: 0.6073 (0.4755)  time: 3.8568  data: 0.0127  max mem: 9187
Epoch: [11]  [30/45]  eta: 0:00:58  lr: 0.000048  loss: 0.5353 (0.4648)  time: 3.8598  data: 0.0129  max mem: 9187
Epoch: [11]  [35/45]  eta: 0:00:38  lr: 0.000047  loss: 0.3279 (0.4583)  time: 3.8461  data: 0.0129  max mem: 9187
Epoch: [11]  [40/45]  eta: 0:00:19  lr: 0.000046  loss: 0.6796 (0.4637)  time: 3.8432  data: 0.0127  max mem: 9187
Epoch: [11] Total time: 0:02:54
Test:  [ 0/91]  eta: 0:02:31    time: 1.6697  data: 0.6707  max mem: 9187
Test: Total time: 0:01:11
global correct: 93.7
average row correct: ['97.1', '91.0', '73.9', '87.1', '80.1', '69.4', '92.8', '87.6', '92.1', '59.6', '78.7', '60.8', '82.6', '87.1', '87.3', '93.9', '67.0', '85.9', '67.3', '89.1', '85.6']
IoU: ['93.5', '86.3', '38.3', '79.3', '69.6', '63.4', '89.0', '77.2', '81.1', '41.9', '74.0', '52.7', '73.5', '75.1', '79.0', '87.6', '57.5', '75.8', '50.4', '84.4', '74.9']
mean IoU: 71.7
Epoch: [12]  [ 0/45]  eta: 0:03:32  lr: 0.000046  loss: 0.3124 (0.3124)  time: 4.7202  data: 0.8181  max mem: 9187
Epoch: [12]  [ 5/45]  eta: 0:02:40  lr: 0.000045  loss: 0.6115 (0.5247)  time: 4.0163  data: 0.1475  max mem: 9187
Epoch: [12]  [10/45]  eta: 0:02:17  lr: 0.000045  loss: 0.5365 (0.5266)  time: 3.9404  data: 0.0866  max mem: 9187
Epoch: [12]  [15/45]  eta: 0:01:57  lr: 0.000044  loss: 0.5853 (0.5180)  time: 3.9098  data: 0.0634  max mem: 9187
wandb: Network error (ProxyError), entering retry loop.
wandb: Network error (ProxyError), entering retry loop.
Epoch: [12]  [20/45]  eta: 0:01:37  lr: 0.000043  loss: 0.5570 (0.5195)  time: 3.8496  data: 0.0130  max mem: 9187
Epoch: [12]  [25/45]  eta: 0:01:17  lr: 0.000043  loss: 0.3216 (0.5298)  time: 3.8393  data: 0.0130  max mem: 9187
Epoch: [12]  [30/45]  eta: 0:00:58  lr: 0.000042  loss: 0.4554 (0.5301)  time: 3.8343  data: 0.0131  max mem: 9187
Epoch: [12]  [35/45]  eta: 0:00:38  lr: 0.000042  loss: 0.1946 (0.5031)  time: 3.8353  data: 0.0132  max mem: 9187
Epoch: [12]  [40/45]  eta: 0:00:19  lr: 0.000041  loss: 0.5312 (0.4967)  time: 3.8295  data: 0.0131  max mem: 9187
Epoch: [12] Total time: 0:02:53
Test:  [ 0/91]  eta: 0:02:31    time: 1.6657  data: 0.6655  max mem: 9187
Test: Total time: 0:01:11
global correct: 93.7
average row correct: ['97.0', '92.0', '73.5', '87.1', '78.8', '71.3', '93.0', '88.3', '92.8', '58.9', '82.7', '61.2', '83.0', '85.5', '86.4', '93.9', '67.1', '85.5', '68.1', '88.6', '85.8']
IoU: ['93.5', '86.0', '38.2', '79.5', '70.5', '64.8', '88.9', '76.8', '81.1', '41.9', '75.8', '52.9', '73.9', '76.1', '78.9', '87.7', '57.3', '75.7', '50.3', '84.0', '74.4']
mean IoU: 71.8
Epoch: [13]  [ 0/45]  eta: 0:03:29  lr: 0.000041  loss: 0.3984 (0.3984)  time: 4.6445  data: 0.8138  max mem: 9187
Epoch: [13]  [ 5/45]  eta: 0:02:40  lr: 0.000040  loss: 0.4987 (0.5130)  time: 4.0177  data: 0.1473  max mem: 9187
Epoch: [13]  [10/45]  eta: 0:02:18  lr: 0.000039  loss: 0.5343 (0.4854)  time: 3.9694  data: 0.0859  max mem: 9187
Epoch: [13]  [15/45]  eta: 0:01:57  lr: 0.000039  loss: 0.2235 (0.4524)  time: 3.9296  data: 0.0629  max mem: 9187
Epoch: [13]  [20/45]  eta: 0:01:37  lr: 0.000038  loss: 0.3626 (0.4282)  time: 3.8687  data: 0.0126  max mem: 9187
Epoch: [13]  [25/45]  eta: 0:01:17  lr: 0.000038  loss: 0.3895 (0.4605)  time: 3.8627  data: 0.0122  max mem: 9187
Epoch: [13]  [30/45]  eta: 0:00:58  lr: 0.000037  loss: 0.2001 (0.4562)  time: 3.8440  data: 0.0124  max mem: 9187
Epoch: [13]  [35/45]  eta: 0:00:38  lr: 0.000036  loss: 0.2354 (0.4578)  time: 3.8526  data: 0.0124  max mem: 9187
Epoch: [13]  [40/45]  eta: 0:00:19  lr: 0.000036  loss: 0.4233 (0.4705)  time: 3.8551  data: 0.0128  max mem: 9187
Epoch: [13] Total time: 0:02:54
Test:  [ 0/91]  eta: 0:02:42    time: 1.7808  data: 0.7707  max mem: 9187
Test: Total time: 0:01:11
global correct: 93.7
average row correct: ['97.1', '90.4', '72.3', '87.3', '80.1', '70.7', '93.8', '87.4', '92.3', '58.8', '84.6', '60.5', '82.8', '84.9', '87.0', '93.9', '66.2', '85.0', '67.6', '89.0', '85.5']
IoU: ['93.6', '86.2', '37.8', '79.2', '70.2', '64.4', '89.2', '77.8', '81.2', '41.8', '75.8', '52.4', '73.9', '76.2', '79.0', '87.6', '57.1', '75.8', '50.5', '84.5', '75.2']
mean IoU: 71.9
Epoch: [14]  [ 0/45]  eta: 0:03:22  lr: 0.000035  loss: 0.3176 (0.3176)  time: 4.5011  data: 0.7666  max mem: 9187
Epoch: [14]  [ 5/45]  eta: 0:02:37  lr: 0.000035  loss: 0.5048 (0.4040)  time: 3.9393  data: 0.1382  max mem: 9187
Epoch: [14]  [10/45]  eta: 0:02:16  lr: 0.000034  loss: 0.4439 (0.4487)  time: 3.8987  data: 0.0810  max mem: 9187
Epoch: [14]  [15/45]  eta: 0:01:56  lr: 0.000034  loss: 0.3173 (0.4238)  time: 3.8811  data: 0.0597  max mem: 9187
Epoch: [14]  [20/45]  eta: 0:01:36  lr: 0.000033  loss: 0.7397 (0.4378)  time: 3.8464  data: 0.0124  max mem: 9187
Epoch: [14]  [25/45]  eta: 0:01:17  lr: 0.000032  loss: 0.5476 (0.4399)  time: 3.8467  data: 0.0130  max mem: 9187
Epoch: [14]  [30/45]  eta: 0:00:57  lr: 0.000032  loss: 0.5778 (0.4423)  time: 3.8414  data: 0.0131  max mem: 9187
Epoch: [14]  [35/45]  eta: 0:00:38  lr: 0.000031  loss: 0.6161 (0.4455)  time: 3.8362  data: 0.0132  max mem: 9187
Epoch: [14]  [40/45]  eta: 0:00:19  lr: 0.000031  loss: 0.3416 (0.4475)  time: 3.8273  data: 0.0137  max mem: 9187
Epoch: [14] Total time: 0:02:53
Test:  [ 0/91]  eta: 0:02:36    time: 1.7177  data: 0.7071  max mem: 9187
Test: Total time: 0:01:11
global correct: 93.7
average row correct: ['97.0', '90.5', '72.7', '86.6', '79.7', '71.8', '92.4', '88.1', '93.1', '59.3', '81.6', '61.9', '82.5', '85.3', '86.8', '93.9', '67.3', '85.4', '68.0', '89.4', '85.8']
IoU: ['93.6', '86.3', '38.1', '79.5', '70.3', '65.1', '88.9', '77.3', '80.8', '41.8', '75.4', '53.1', '73.3', '76.1', '79.1', '87.7', '57.6', '76.3', '50.5', '84.2', '74.6']
mean IoU: 71.9
Epoch: [15]  [ 0/45]  eta: 0:03:27  lr: 0.000030  loss: 0.4121 (0.4121)  time: 4.6127  data: 0.7718  max mem: 9187
Epoch: [15]  [ 5/45]  eta: 0:02:41  lr: 0.000029  loss: 0.4515 (0.4391)  time: 4.0296  data: 0.1392  max mem: 9187
Epoch: [15]  [10/45]  eta: 0:02:18  lr: 0.000029  loss: 1.0088 (0.5318)  time: 3.9642  data: 0.0814  max mem: 9187
Epoch: [15]  [15/45]  eta: 0:01:57  lr: 0.000028  loss: 0.4492 (0.4935)  time: 3.9314  data: 0.0600  max mem: 9187
Epoch: [15]  [20/45]  eta: 0:01:37  lr: 0.000028  loss: 0.4452 (0.4806)  time: 3.8672  data: 0.0126  max mem: 9187
Epoch: [15]  [25/45]  eta: 0:01:17  lr: 0.000027  loss: 0.2604 (0.4620)  time: 3.8459  data: 0.0125  max mem: 9187
Epoch: [15]  [30/45]  eta: 0:00:58  lr: 0.000026  loss: 0.5999 (0.4661)  time: 3.8255  data: 0.0129  max mem: 9187
Epoch: [15]  [35/45]  eta: 0:00:38  lr: 0.000026  loss: 0.3932 (0.4749)  time: 3.8070  data: 0.0128  max mem: 9187
Epoch: [15]  [40/45]  eta: 0:00:19  lr: 0.000025  loss: 0.5360 (0.4637)  time: 3.8161  data: 0.0127  max mem: 9187
Epoch: [15] Total time: 0:02:53
Test:  [ 0/91]  eta: 0:02:27    time: 1.6240  data: 0.6149  max mem: 9187
Test: Total time: 0:01:11
global correct: 93.7
average row correct: ['97.0', '91.3', '73.3', '86.5', '80.9', '70.7', '92.4', '87.7', '93.6', '59.2', '77.9', '61.3', '82.7', '84.5', '87.4', '93.6', '67.6', '86.3', '68.1', '90.6', '86.7']
IoU: ['93.6', '86.4', '38.2', '79.5', '70.2', '64.3', '88.8', '77.5', '80.5', '41.9', '73.5', '52.9', '72.6', '75.2', '79.1', '87.8', '57.7', '74.9', '50.4', '84.5', '74.0']
mean IoU: 71.6
Epoch: [16]  [ 0/45]  eta: 0:03:29  lr: 0.000024  loss: 0.2848 (0.2848)  time: 4.6613  data: 0.8087  max mem: 9187
Epoch: [16]  [ 5/45]  eta: 0:02:38  lr: 0.000024  loss: 0.2952 (0.4338)  time: 3.9708  data: 0.1464  max mem: 9187
Epoch: [16]  [10/45]  eta: 0:02:16  lr: 0.000023  loss: 0.3784 (0.4772)  time: 3.8946  data: 0.0871  max mem: 9187
Epoch: [16]  [15/45]  eta: 0:01:56  lr: 0.000023  loss: 0.3733 (0.5076)  time: 3.8859  data: 0.0643  max mem: 9187
Epoch: [16]  [20/45]  eta: 0:01:36  lr: 0.000022  loss: 0.4004 (0.4929)  time: 3.8389  data: 0.0143  max mem: 9187
Epoch: [16]  [25/45]  eta: 0:01:17  lr: 0.000021  loss: 0.1744 (0.4639)  time: 3.8413  data: 0.0142  max mem: 9187
Epoch: [16]  [30/45]  eta: 0:00:58  lr: 0.000021  loss: 0.7066 (0.4617)  time: 3.8557  data: 0.0136  max mem: 9187
Epoch: [16]  [35/45]  eta: 0:00:38  lr: 0.000020  loss: 0.3527 (0.4645)  time: 3.8622  data: 0.0137  max mem: 9187
Epoch: [16]  [40/45]  eta: 0:00:19  lr: 0.000019  loss: 0.4303 (0.4634)  time: 3.8518  data: 0.0139  max mem: 9187
Epoch: [16] Total time: 0:02:54
Test:  [ 0/91]  eta: 0:02:30    time: 1.6555  data: 0.6610  max mem: 9187
Test: Total time: 0:01:11
global correct: 93.7
average row correct: ['97.0', '89.8', '73.5', '86.5', '81.4', '72.8', '92.6', '88.3', '92.4', '59.3', '77.7', '60.9', '83.7', '86.1', '86.3', '93.9', '66.7', '86.4', '67.4', '88.4', '86.2']
IoU: ['93.6', '86.2', '38.3', '79.1', '70.1', '65.9', '88.9', '77.3', '81.2', '41.8', '73.2', '52.6', '73.1', '75.1', '79.0', '87.8', '57.2', '75.2', '50.4', '83.8', '74.6']
mean IoU: 71.6
Epoch: [17]  [ 0/45]  eta: 0:03:31  lr: 0.000019  loss: 0.3440 (0.3440)  time: 4.7076  data: 0.8503  max mem: 9187
Epoch: [17]  [ 5/45]  eta: 0:02:38  lr: 0.000018  loss: 0.3039 (0.4112)  time: 3.9629  data: 0.1526  max mem: 9187
Epoch: [17]  [10/45]  eta: 0:02:15  lr: 0.000018  loss: 0.2553 (0.3829)  time: 3.8750  data: 0.0891  max mem: 9187
Epoch: [17]  [15/45]  eta: 0:01:56  lr: 0.000017  loss: 0.6387 (0.4117)  time: 3.8679  data: 0.0659  max mem: 9187
Epoch: [17]  [20/45]  eta: 0:01:36  lr: 0.000016  loss: 0.1589 (0.4338)  time: 3.8192  data: 0.0133  max mem: 9187
Epoch: [17]  [25/45]  eta: 0:01:17  lr: 0.000016  loss: 0.3875 (0.4612)  time: 3.8225  data: 0.0133  max mem: 9187
Epoch: [17]  [30/45]  eta: 0:00:57  lr: 0.000015  loss: 0.3634 (0.4616)  time: 3.8531  data: 0.0134  max mem: 9187
Epoch: [17]  [35/45]  eta: 0:00:38  lr: 0.000014  loss: 0.9404 (0.4936)  time: 3.8545  data: 0.0132  max mem: 9187
Epoch: [17]  [40/45]  eta: 0:00:19  lr: 0.000014  loss: 0.5744 (0.5039)  time: 3.8605  data: 0.0134  max mem: 9187
Epoch: [17] Total time: 0:02:53
Test:  [ 0/91]  eta: 0:02:33    time: 1.6904  data: 0.6914  max mem: 9187
Test: Total time: 0:01:11
global correct: 93.7
average row correct: ['97.0', '91.3', '73.1', '86.8', '81.4', '72.9', '92.9', '88.1', '93.1', '59.4', '80.6', '62.1', '83.1', '87.0', '87.2', '94.1', '67.7', '85.2', '67.0', '89.1', '86.2']
IoU: ['93.6', '86.6', '38.3', '79.5', '70.3', '65.9', '88.9', '77.5', '81.0', '41.7', '75.0', '53.3', '73.5', '75.8', '79.0', '87.7', '57.6', '76.0', '50.3', '84.1', '74.6']
mean IoU: 71.9
Epoch: [18]  [ 0/45]  eta: 0:03:31  lr: 0.000013  loss: 0.5871 (0.5871)  time: 4.6934  data: 0.8161  max mem: 9187
Epoch: [18]  [ 5/45]  eta: 0:02:38  lr: 0.000012  loss: 0.2563 (0.4017)  time: 3.9626  data: 0.1471  max mem: 9187
Epoch: [18]  [10/45]  eta: 0:02:16  lr: 0.000012  loss: 0.3349 (0.4428)  time: 3.8996  data: 0.0853  max mem: 9187
Epoch: [18]  [15/45]  eta: 0:01:56  lr: 0.000011  loss: 0.6366 (0.4701)  time: 3.8943  data: 0.0625  max mem: 9187
Epoch: [18]  [20/45]  eta: 0:01:37  lr: 0.000010  loss: 0.5068 (0.4750)  time: 3.8527  data: 0.0127  max mem: 9187
Epoch: [18]  [25/45]  eta: 0:01:17  lr: 0.000010  loss: 0.7050 (0.4753)  time: 3.8489  data: 0.0128  max mem: 9187
Epoch: [18]  [30/45]  eta: 0:00:58  lr: 0.000009  loss: 0.3555 (0.4790)  time: 3.8607  data: 0.0132  max mem: 9187
Epoch: [18]  [35/45]  eta: 0:00:38  lr: 0.000008  loss: 0.9139 (0.4754)  time: 3.8474  data: 0.0131  max mem: 9187
Epoch: [18]  [40/45]  eta: 0:00:19  lr: 0.000008  loss: 0.3417 (0.4720)  time: 3.8427  data: 0.0130  max mem: 9187
Epoch: [18] Total time: 0:02:54
Test:  [ 0/91]  eta: 0:02:37    time: 1.7322  data: 0.7215  max mem: 9187
Test: Total time: 0:01:11
global correct: 93.7
average row correct: ['97.0', '90.9', '72.8', '87.0', '80.4', '70.8', '93.4', '88.4', '92.8', '59.4', '82.8', '61.6', '82.1', '84.9', '86.1', '93.7', '66.5', '86.1', '68.4', '88.3', '86.1']
IoU: ['93.6', '86.3', '38.1', '79.3', '70.3', '64.5', '89.0', '77.2', '80.8', '41.8', '75.6', '53.0', '73.3', '76.0', '78.9', '87.8', '57.2', '75.7', '50.5', '84.1', '75.3']
mean IoU: 71.8
Epoch: [19]  [ 0/45]  eta: 0:03:30  lr: 0.000007  loss: 0.5767 (0.5767)  time: 4.6879  data: 0.8198  max mem: 9187
Epoch: [19]  [ 5/45]  eta: 0:02:39  lr: 0.000006  loss: 0.3106 (0.4582)  time: 3.9816  data: 0.1465  max mem: 9187
Epoch: [19]  [10/45]  eta: 0:02:17  lr: 0.000005  loss: 0.6386 (0.5718)  time: 3.9188  data: 0.0877  max mem: 9187
Epoch: [19]  [15/45]  eta: 0:01:57  lr: 0.000005  loss: 0.5917 (0.5417)  time: 3.9043  data: 0.0641  max mem: 9187
Epoch: [19]  [20/45]  eta: 0:01:37  lr: 0.000004  loss: 0.2309 (0.4960)  time: 3.8523  data: 0.0137  max mem: 9187
Epoch: [19]  [25/45]  eta: 0:01:17  lr: 0.000003  loss: 0.2839 (0.4677)  time: 3.8470  data: 0.0146  max mem: 9187
Epoch: [19]  [30/45]  eta: 0:00:58  lr: 0.000002  loss: 0.3217 (0.4486)  time: 3.8552  data: 0.0139  max mem: 9187
Epoch: [19]  [35/45]  eta: 0:00:38  lr: 0.000002  loss: 0.3190 (0.4532)  time: 3.8474  data: 0.0143  max mem: 9187
Epoch: [19]  [40/45]  eta: 0:00:19  lr: 0.000001  loss: 0.2243 (0.4484)  time: 3.8456  data: 0.0141  max mem: 9187
Epoch: [19] Total time: 0:02:54
Test:  [ 0/91]  eta: 0:02:42    time: 1.7875  data: 0.7794  max mem: 9187
Test: Total time: 0:01:11
global correct: 93.7
average row correct: ['97.0', '90.5', '73.7', '86.9', '81.5', '72.0', '92.2', '88.5', '93.2', '58.4', '86.3', '62.0', '82.0', '83.2', '85.4', '93.7', '67.3', '84.3', '68.3', '88.6', '86.0']
IoU: ['93.6', '86.5', '38.4', '79.6', '70.2', '65.3', '88.7', '76.9', '80.9', '41.8', '76.2', '53.1', '73.6', '76.6', '78.9', '87.8', '57.6', '75.5', '50.5', '83.8', '74.8']
mean IoU: 71.9
wandb: Waiting for W&B process to finish... (success).
Training time 1:22:42
wandb: Waiting for W&B process to finish... (success).
wandb: ERROR Dropped streaming file chunk (see wandb/debug-internal.log)
wandb: ERROR Dropped streaming file chunk (see wandb/debug-internal.log)
