WARNING:torch.distributed.run:
*****************************************
Setting OMP_NUM_THREADS environment variable for each process to be 1 in default, to avoid your system being overloaded, please further tune the variable for optimal performance in your application as needed. 
*****************************************
| distributed init (rank 0): env://
| distributed init (rank 1): env://
Namespace(data_path='../../../../input/pascal', device='cuda', num_classes=20, batch_size=16, aux=True, start_epoch=0, epochs=20, sync_bn=True, workers=4, lr=0.0001, momentum=0.9, weight_decay=0.0001, print_freq=20, output_dir='./multi_train', resume='', test_only=False, world_size=2, dist_url='env://', amp=True, rank=0, gpu=0, distributed=True, dist_backend='nccl')
Creating data loaders
Creating model
Start training
Epoch: [0]  [ 0/45]  eta: 0:04:53  lr: 0.000002  loss: 0.3703 (0.3703)  time: 6.5330  data: 0.7988  max mem: 8909
Epoch: [0]  [20/45]  eta: 0:01:40  lr: 0.000047  loss: 0.3397 (0.6230)  time: 3.8777  data: 0.0139  max mem: 9187
Epoch: [0]  [40/45]  eta: 0:00:19  lr: 0.000091  loss: 0.4039 (0.6357)  time: 3.7840  data: 0.0131  max mem: 9187
Epoch: [0] Total time: 0:02:54
Test:  [  0/725]  eta: 0:04:27    time: 0.3690  data: 0.2907  max mem: 9187
Test:  [100/725]  eta: 0:00:43    time: 0.0673  data: 0.0028  max mem: 9187
Test:  [200/725]  eta: 0:00:36    time: 0.0656  data: 0.0030  max mem: 9187
Test:  [300/725]  eta: 0:00:29    time: 0.0689  data: 0.0028  max mem: 9187
Test:  [400/725]  eta: 0:00:22    time: 0.0647  data: 0.0030  max mem: 9187
Test:  [500/725]  eta: 0:00:15    time: 0.0707  data: 0.0029  max mem: 9187
Test:  [600/725]  eta: 0:00:08    time: 0.0670  data: 0.0028  max mem: 9187
Test:  [700/725]  eta: 0:00:01    time: 0.0649  data: 0.0026  max mem: 9187
Test: Total time: 0:00:48
global correct: 93.4
average row correct: ['97.6', '88.7', '73.3', '81.8', '71.2', '47.0', '92.2', '77.7', '89.5', '48.2', '85.6', '61.9', '83.1', '82.8', '87.1', '95.3', '55.8', '84.1', '63.6', '86.6', '76.2']
IoU: ['93.0', '84.9', '37.6', '78.6', '65.3', '45.6', '89.1', '72.0', '81.9', '38.4', '75.7', '52.2', '74.1', '77.0', '77.9', '87.0', '51.3', '75.3', '49.9', '82.5', '73.2']
mean IoU: 69.7
Epoch: [1]  [ 0/45]  eta: 0:03:20  lr: 0.000100  loss: 0.7526 (0.7526)  time: 4.4498  data: 0.7441  max mem: 9187
Epoch: [1]  [20/45]  eta: 0:01:36  lr: 0.000098  loss: 0.4054 (0.5215)  time: 3.8170  data: 0.0128  max mem: 9187
Epoch: [1]  [40/45]  eta: 0:00:19  lr: 0.000096  loss: 0.9052 (0.5545)  time: 3.7853  data: 0.0138  max mem: 9187
Epoch: [1] Total time: 0:02:51
Test:  [  0/725]  eta: 0:04:45    time: 0.3934  data: 0.3268  max mem: 9187
Test:  [100/725]  eta: 0:00:43    time: 0.0666  data: 0.0027  max mem: 9187
Test:  [200/725]  eta: 0:00:35    time: 0.0656  data: 0.0032  max mem: 9187
Test:  [300/725]  eta: 0:00:28    time: 0.0687  data: 0.0028  max mem: 9187
Test:  [400/725]  eta: 0:00:21    time: 0.0658  data: 0.0033  max mem: 9187
Test:  [500/725]  eta: 0:00:15    time: 0.0711  data: 0.0030  max mem: 9187
Test:  [600/725]  eta: 0:00:08    time: 0.0666  data: 0.0028  max mem: 9187
Test:  [700/725]  eta: 0:00:01    time: 0.0645  data: 0.0028  max mem: 9187
Test: Total time: 0:00:48
global correct: 93.5
average row correct: ['97.2', '90.0', '75.5', '85.1', '76.0', '51.6', '93.6', '83.0', '90.9', '53.2', '83.5', '62.9', '84.0', '84.7', '87.9', '95.2', '59.2', '86.8', '66.8', '87.7', '78.6']
IoU: ['93.2', '85.5', '38.2', '80.2', '67.6', '49.6', '89.1', '74.0', '82.2', '40.1', '75.9', '53.2', '74.2', '76.9', '78.1', '87.2', '53.1', '75.3', '50.8', '83.3', '74.1']
mean IoU: 70.6
Epoch: [2]  [ 0/45]  eta: 0:03:24  lr: 0.000095  loss: 0.4191 (0.4191)  time: 4.5459  data: 0.7247  max mem: 9187
Epoch: [2]  [20/45]  eta: 0:01:37  lr: 0.000093  loss: 0.5237 (0.5083)  time: 3.8533  data: 0.0125  max mem: 9187
Epoch: [2]  [40/45]  eta: 0:00:19  lr: 0.000091  loss: 0.7605 (0.5569)  time: 3.8244  data: 0.0134  max mem: 9187
Epoch: [2] Total time: 0:02:53
Test:  [  0/725]  eta: 0:03:51    time: 0.3194  data: 0.2508  max mem: 9187
Test:  [100/725]  eta: 0:00:43    time: 0.0668  data: 0.0032  max mem: 9187
Test:  [200/725]  eta: 0:00:35    time: 0.0653  data: 0.0027  max mem: 9187
Test:  [300/725]  eta: 0:00:28    time: 0.0703  data: 0.0029  max mem: 9187
Test:  [400/725]  eta: 0:00:21    time: 0.0633  data: 0.0028  max mem: 9187
Test:  [500/725]  eta: 0:00:15    time: 0.0712  data: 0.0028  max mem: 9187
Test:  [600/725]  eta: 0:00:08    time: 0.0688  data: 0.0030  max mem: 9187
Test:  [700/725]  eta: 0:00:01    time: 0.0667  data: 0.0030  max mem: 9187
Test: Total time: 0:00:48
global correct: 93.6
average row correct: ['97.1', '90.7', '75.7', '85.4', '77.5', '56.6', '93.3', '84.0', '91.8', '55.8', '78.9', '63.6', '84.3', '87.8', '88.3', '95.0', '63.0', '87.3', '65.8', '89.3', '80.6']
IoU: ['93.4', '85.6', '38.4', '80.6', '68.7', '53.6', '89.2', '74.6', '82.0', '40.9', '73.8', '53.6', '74.0', '75.8', '77.5', '87.3', '54.8', '75.0', '50.7', '83.8', '74.2']
mean IoU: 70.8
Epoch: [3]  [ 0/45]  eta: 0:03:31  lr: 0.000090  loss: 0.3280 (0.3280)  time: 4.7030  data: 0.7579  max mem: 9187
Epoch: [3]  [20/45]  eta: 0:01:37  lr: 0.000088  loss: 0.5785 (0.5536)  time: 3.8464  data: 0.0129  max mem: 9187
Epoch: [3]  [40/45]  eta: 0:00:19  lr: 0.000086  loss: 0.4329 (0.5032)  time: 3.8471  data: 0.0135  max mem: 9187
Epoch: [3] Total time: 0:02:54
Test:  [  0/725]  eta: 0:05:06    time: 0.4221  data: 0.3576  max mem: 9187
Test:  [100/725]  eta: 0:00:44    time: 0.0677  data: 0.0035  max mem: 9187
Test:  [200/725]  eta: 0:00:36    time: 0.0667  data: 0.0029  max mem: 9187
Test:  [300/725]  eta: 0:00:29    time: 0.0696  data: 0.0035  max mem: 9187
Test:  [400/725]  eta: 0:00:22    time: 0.0650  data: 0.0032  max mem: 9187
Test:  [500/725]  eta: 0:00:15    time: 0.0718  data: 0.0031  max mem: 9187
Test:  [600/725]  eta: 0:00:08    time: 0.0663  data: 0.0030  max mem: 9187
Test:  [700/725]  eta: 0:00:01    time: 0.0656  data: 0.0030  max mem: 9187
Test: Total time: 0:00:49
global correct: 93.6
average row correct: ['97.0', '90.4', '77.0', '86.0', '78.9', '58.3', '92.7', '85.8', '92.1', '57.6', '82.4', '64.1', '82.9', '87.1', '88.2', '94.8', '64.2', '86.9', '67.4', '91.0', '81.4']
IoU: ['93.4', '85.9', '39.1', '80.6', '69.4', '54.9', '88.9', '75.1', '81.7', '41.6', '75.8', '54.1', '74.1', '76.7', '78.6', '87.7', '55.4', '75.4', '50.7', '83.5', '74.7']
mean IoU: 71.3
Epoch: [4]  [ 0/45]  eta: 0:03:24  lr: 0.000086  loss: 0.5229 (0.5229)  time: 4.5373  data: 0.7432  max mem: 9187
Epoch: [4]  [20/45]  eta: 0:01:36  lr: 0.000083  loss: 0.4560 (0.4623)  time: 3.8412  data: 0.0162  max mem: 9187
Epoch: [4]  [40/45]  eta: 0:00:19  lr: 0.000081  loss: 0.4817 (0.5369)  time: 3.8451  data: 0.0152  max mem: 9187
Epoch: [4] Total time: 0:02:53
Test:  [  0/725]  eta: 0:05:10    time: 0.4286  data: 0.3609  max mem: 9187
Test:  [100/725]  eta: 0:00:44    time: 0.0666  data: 0.0027  max mem: 9187
Test:  [200/725]  eta: 0:00:36    time: 0.0650  data: 0.0028  max mem: 9187
Test:  [300/725]  eta: 0:00:29    time: 0.0692  data: 0.0029  max mem: 9187
Test:  [400/725]  eta: 0:00:22    time: 0.0645  data: 0.0030  max mem: 9187
Test:  [500/725]  eta: 0:00:15    time: 0.0727  data: 0.0032  max mem: 9187
Test:  [600/725]  eta: 0:00:08    time: 0.0662  data: 0.0030  max mem: 9187
Test:  [700/725]  eta: 0:00:01    time: 0.0650  data: 0.0029  max mem: 9187
Test: Total time: 0:00:48
global correct: 93.6
average row correct: ['96.9', '90.2', '76.5', '87.0', '81.7', '62.2', '93.8', '86.5', '93.2', '57.9', '84.2', '64.7', '82.2', '85.9', '88.6', '94.5', '64.1', '87.4', '67.1', '91.5', '81.8']
IoU: ['93.5', '86.1', '38.8', '80.7', '68.8', '57.7', '89.0', '75.7', '81.1', '41.4', '76.5', '54.5', '73.8', '77.0', '78.4', '88.0', '55.7', '74.6', '50.3', '83.8', '74.6']
mean IoU: 71.4
Epoch: [5]  [ 0/45]  eta: 0:03:30  lr: 0.000081  loss: 0.3532 (0.3532)  time: 4.6820  data: 0.8223  max mem: 9187
Epoch: [5]  [20/45]  eta: 0:01:37  lr: 0.000079  loss: 0.7099 (0.5641)  time: 3.8743  data: 0.0140  max mem: 9187
Epoch: [5]  [40/45]  eta: 0:00:19  lr: 0.000076  loss: 0.4478 (0.5136)  time: 3.8780  data: 0.0146  max mem: 9187
Epoch: [5] Total time: 0:02:55
Test:  [  0/725]  eta: 0:04:17    time: 0.3552  data: 0.2797  max mem: 9187
Test:  [100/725]  eta: 0:00:43    time: 0.0667  data: 0.0028  max mem: 9187
Test:  [200/725]  eta: 0:00:35    time: 0.0654  data: 0.0029  max mem: 9187
Test:  [300/725]  eta: 0:00:28    time: 0.0691  data: 0.0029  max mem: 9187
Test:  [400/725]  eta: 0:00:21    time: 0.0645  data: 0.0029  max mem: 9187
Test:  [500/725]  eta: 0:00:15    time: 0.0706  data: 0.0032  max mem: 9187
Test:  [600/725]  eta: 0:00:08    time: 0.0682  data: 0.0033  max mem: 9187
Test:  [700/725]  eta: 0:00:01    time: 0.0653  data: 0.0034  max mem: 9187
Test: Total time: 0:00:48
global correct: 93.6
average row correct: ['96.8', '89.6', '76.3', '86.1', '83.5', '63.0', '95.3', '87.0', '92.7', '58.6', '84.0', '63.9', '82.9', '86.0', '89.2', '94.5', '65.2', '88.0', '66.8', '87.0', '82.9']
IoU: ['93.5', '85.8', '38.8', '80.8', '68.6', '58.5', '86.9', '76.3', '81.3', '41.5', '75.7', '54.3', '73.6', '76.6', '78.3', '87.9', '55.5', '75.0', '50.2', '82.9', '74.8']
mean IoU: 71.3
Epoch: [6]  [ 0/45]  eta: 0:03:30  lr: 0.000076  loss: 0.6943 (0.6943)  time: 4.6792  data: 0.7780  max mem: 9187
Epoch: [6]  [20/45]  eta: 0:01:37  lr: 0.000074  loss: 0.3993 (0.5276)  time: 3.8753  data: 0.0131  max mem: 9187
Epoch: [6]  [40/45]  eta: 0:00:19  lr: 0.000072  loss: 0.4232 (0.4806)  time: 3.8539  data: 0.0132  max mem: 9187
Epoch: [6] Total time: 0:02:54
Test:  [  0/725]  eta: 0:04:17    time: 0.3546  data: 0.2899  max mem: 9187
Test:  [100/725]  eta: 0:00:43    time: 0.0671  data: 0.0027  max mem: 9187
Test:  [200/725]  eta: 0:00:35    time: 0.0657  data: 0.0030  max mem: 9187
Test:  [300/725]  eta: 0:00:28    time: 0.0702  data: 0.0031  max mem: 9187
Test:  [400/725]  eta: 0:00:21    time: 0.0639  data: 0.0029  max mem: 9187
Test:  [500/725]  eta: 0:00:15    time: 0.0713  data: 0.0031  max mem: 9187
Test:  [600/725]  eta: 0:00:08    time: 0.0667  data: 0.0031  max mem: 9187
Test:  [700/725]  eta: 0:00:01    time: 0.0661  data: 0.0029  max mem: 9187
Test: Total time: 0:00:48
global correct: 93.6
average row correct: ['96.8', '90.7', '76.1', '88.1', '82.2', '66.1', '93.7', '87.5', '93.3', '59.7', '76.3', '63.8', '83.6', '87.0', '89.2', '94.5', '66.5', '87.3', '66.9', '91.2', '83.4']
IoU: ['93.5', '86.2', '38.8', '80.2', '69.0', '60.7', '89.0', '76.4', '81.1', '41.7', '72.1', '54.0', '72.9', '75.3', '78.2', '88.1', '55.9', '74.4', '50.4', '83.8', '74.8']
mean IoU: 71.3
Epoch: [7]  [ 0/45]  eta: 0:03:42  lr: 0.000071  loss: 0.7510 (0.7510)  time: 4.9351  data: 0.8769  max mem: 9187
Epoch: [7]  [20/45]  eta: 0:01:38  lr: 0.000069  loss: 0.1300 (0.5108)  time: 3.8800  data: 0.0131  max mem: 9187
Epoch: [7]  [40/45]  eta: 0:00:19  lr: 0.000067  loss: 0.5537 (0.5022)  time: 3.8712  data: 0.0135  max mem: 9187
Epoch: [7] Total time: 0:02:55
Test:  [  0/725]  eta: 0:03:56    time: 0.3268  data: 0.2577  max mem: 9187
Test:  [100/725]  eta: 0:00:43    time: 0.0665  data: 0.0028  max mem: 9187
Test:  [200/725]  eta: 0:00:35    time: 0.0651  data: 0.0027  max mem: 9187
Test:  [300/725]  eta: 0:00:28    time: 0.0693  data: 0.0028  max mem: 9187
Test:  [400/725]  eta: 0:00:21    time: 0.0645  data: 0.0028  max mem: 9187
Test:  [500/725]  eta: 0:00:15    time: 0.0704  data: 0.0029  max mem: 9187
Test:  [600/725]  eta: 0:00:08    time: 0.0660  data: 0.0027  max mem: 9187
Test:  [700/725]  eta: 0:00:01    time: 0.0642  data: 0.0026  max mem: 9187
Test: Total time: 0:00:48
global correct: 93.7
average row correct: ['97.0', '90.9', '76.3', '87.5', '82.4', '65.9', '94.2', '87.5', '91.7', '58.9', '81.9', '63.8', '83.5', '87.0', '88.5', '94.4', '65.9', '87.7', '67.4', '89.3', '83.1']
IoU: ['93.6', '86.1', '39.0', '80.5', '69.3', '60.5', '88.8', '76.4', '81.6', '42.0', '75.2', '54.2', '74.1', '76.2', '78.6', '88.1', '56.5', '75.2', '50.6', '84.3', '76.1']
mean IoU: 71.8
Epoch: [8]  [ 0/45]  eta: 0:03:35  lr: 0.000066  loss: 0.4247 (0.4247)  time: 4.7800  data: 0.7713  max mem: 9187
Epoch: [8]  [20/45]  eta: 0:01:37  lr: 0.000064  loss: 0.3062 (0.4836)  time: 3.8575  data: 0.0143  max mem: 9187
Epoch: [8]  [40/45]  eta: 0:00:19  lr: 0.000062  loss: 0.4210 (0.4796)  time: 3.8685  data: 0.0138  max mem: 9187
Epoch: [8] Total time: 0:02:54
Test:  [  0/725]  eta: 0:04:24    time: 0.3650  data: 0.2929  max mem: 9187
Test:  [100/725]  eta: 0:00:43    time: 0.0666  data: 0.0028  max mem: 9187
Test:  [200/725]  eta: 0:00:35    time: 0.0654  data: 0.0029  max mem: 9187
Test:  [300/725]  eta: 0:00:28    time: 0.0705  data: 0.0031  max mem: 9187
Test:  [400/725]  eta: 0:00:21    time: 0.0635  data: 0.0026  max mem: 9187
Test:  [500/725]  eta: 0:00:15    time: 0.0720  data: 0.0028  max mem: 9187
Test:  [600/725]  eta: 0:00:08    time: 0.0674  data: 0.0029  max mem: 9187
Test:  [700/725]  eta: 0:00:01    time: 0.0650  data: 0.0029  max mem: 9187
Test: Total time: 0:00:48
global correct: 93.6
average row correct: ['96.6', '92.0', '77.0', '87.5', '81.4', '69.1', '95.0', '88.2', '93.1', '60.7', '75.8', '65.0', '84.2', '89.2', '89.2', '94.4', '67.7', '87.7', '68.9', '89.6', '84.3']
IoU: ['93.6', '86.4', '39.3', '80.6', '70.4', '62.8', '87.8', '76.3', '81.5', '42.0', '72.1', '54.7', '73.6', '74.7', '78.6', '88.0', '57.1', '74.9', '50.0', '84.2', '75.8']
mean IoU: 71.6
Epoch: [9]  [ 0/45]  eta: 0:03:37  lr: 0.000061  loss: 0.2917 (0.2917)  time: 4.8428  data: 0.8119  max mem: 9187
Epoch: [9]  [20/45]  eta: 0:01:37  lr: 0.000059  loss: 0.3367 (0.5005)  time: 3.8558  data: 0.0156  max mem: 9187
Epoch: [9]  [40/45]  eta: 0:00:19  lr: 0.000057  loss: 0.3592 (0.4886)  time: 3.8515  data: 0.0152  max mem: 9187
Epoch: [9] Total time: 0:02:54
Test:  [  0/725]  eta: 0:04:33    time: 0.3778  data: 0.3051  max mem: 9187
Test:  [100/725]  eta: 0:00:43    time: 0.0670  data: 0.0028  max mem: 9187
Test:  [200/725]  eta: 0:00:35    time: 0.0671  data: 0.0028  max mem: 9187
Test:  [300/725]  eta: 0:00:29    time: 0.0697  data: 0.0030  max mem: 9187
Test:  [400/725]  eta: 0:00:22    time: 0.0640  data: 0.0026  max mem: 9187
Test:  [500/725]  eta: 0:00:15    time: 0.0708  data: 0.0026  max mem: 9187
Test:  [600/725]  eta: 0:00:08    time: 0.0664  data: 0.0026  max mem: 9187
Test:  [700/725]  eta: 0:00:01    time: 0.0652  data: 0.0025  max mem: 9187
Test: Total time: 0:00:48
global correct: 93.8
average row correct: ['96.9', '91.0', '75.5', '87.2', '82.4', '69.3', '94.7', '88.3', '91.5', '60.3', '79.6', '65.9', '84.9', '86.9', '89.0', '94.5', '66.3', '87.7', '67.4', '87.1', '84.2']
IoU: ['93.6', '86.3', '39.0', '80.5', '69.6', '63.0', '88.0', '77.1', '81.8', '42.2', '74.3', '55.0', '74.2', '76.2', '78.5', '88.1', '56.7', '75.0', '50.4', '83.2', '76.2']
mean IoU: 71.9
Epoch: [10]  [ 0/45]  eta: 0:03:29  lr: 0.000056  loss: 0.3628 (0.3628)  time: 4.6528  data: 0.7579  max mem: 9187
Epoch: [10]  [20/45]  eta: 0:01:37  lr: 0.000054  loss: 0.3799 (0.5057)  time: 3.8833  data: 0.0131  max mem: 9187
Epoch: [10]  [40/45]  eta: 0:00:19  lr: 0.000051  loss: 0.7109 (0.4931)  time: 3.8828  data: 0.0144  max mem: 9187
Epoch: [10] Total time: 0:02:55
Test:  [  0/725]  eta: 0:04:09    time: 0.3443  data: 0.2744  max mem: 9187
Test:  [100/725]  eta: 0:00:43    time: 0.0681  data: 0.0032  max mem: 9187
Test:  [200/725]  eta: 0:00:35    time: 0.0651  data: 0.0026  max mem: 9187
Test:  [300/725]  eta: 0:00:28    time: 0.0690  data: 0.0027  max mem: 9187
Test:  [400/725]  eta: 0:00:22    time: 0.0647  data: 0.0029  max mem: 9187
Test:  [500/725]  eta: 0:00:15    time: 0.0703  data: 0.0027  max mem: 9187
Test:  [600/725]  eta: 0:00:08    time: 0.0661  data: 0.0028  max mem: 9187
Test:  [700/725]  eta: 0:00:01    time: 0.0652  data: 0.0026  max mem: 9187
Test: Total time: 0:00:48
global correct: 93.7
average row correct: ['96.8', '90.8', '75.0', '86.9', '82.7', '70.8', '94.4', '88.2', '93.3', '58.0', '74.5', '66.0', '84.0', '88.7', '88.7', '94.5', '67.9', '88.0', '69.1', '89.6', '84.7']
IoU: ['93.6', '86.3', '39.0', '81.3', '70.0', '64.0', '89.0', '76.9', '81.5', '41.7', '71.5', '55.2', '73.6', '74.7', '78.8', '88.1', '57.1', '74.1', '50.5', '84.4', '76.2']
mean IoU: 71.8
Epoch: [11]  [ 0/45]  eta: 0:03:30  lr: 0.000051  loss: 0.3204 (0.3204)  time: 4.6888  data: 0.8248  max mem: 9187
Epoch: [11]  [20/45]  eta: 0:01:37  lr: 0.000049  loss: 0.5085 (0.5015)  time: 3.8684  data: 0.0127  max mem: 9187
Epoch: [11]  [40/45]  eta: 0:00:19  lr: 0.000046  loss: 0.4055 (0.4918)  time: 3.8653  data: 0.0138  max mem: 9187
Epoch: [11] Total time: 0:02:54
Test:  [  0/725]  eta: 0:04:07    time: 0.3413  data: 0.2723  max mem: 9187
Test:  [100/725]  eta: 0:00:43    time: 0.0675  data: 0.0030  max mem: 9187
Test:  [200/725]  eta: 0:00:35    time: 0.0658  data: 0.0029  max mem: 9187
Test:  [300/725]  eta: 0:00:29    time: 0.0693  data: 0.0031  max mem: 9187
Test:  [400/725]  eta: 0:00:21    time: 0.0638  data: 0.0026  max mem: 9187
Test:  [500/725]  eta: 0:00:15    time: 0.0713  data: 0.0030  max mem: 9187
Test:  [600/725]  eta: 0:00:08    time: 0.0660  data: 0.0028  max mem: 9187
Test:  [700/725]  eta: 0:00:01    time: 0.0654  data: 0.0027  max mem: 9187
Test: Total time: 0:00:48
global correct: 93.8
average row correct: ['96.9', '91.1', '75.5', '87.3', '82.5', '70.4', '93.3', '88.6', '92.3', '60.3', '81.4', '65.9', '82.6', '87.1', '88.5', '94.2', '67.6', '87.6', '68.7', '88.1', '85.5']
IoU: ['93.7', '86.3', '39.1', '80.6', '69.3', '63.8', '88.9', '76.7', '81.4', '41.9', '75.3', '55.4', '73.9', '76.2', '78.9', '88.3', '57.4', '75.0', '50.3', '83.6', '75.7']
mean IoU: 72.0
Epoch: [12]  [ 0/45]  eta: 0:03:36  lr: 0.000046  loss: 0.2463 (0.2463)  time: 4.8210  data: 0.7915  max mem: 9187
Epoch: [12]  [20/45]  eta: 0:01:37  lr: 0.000043  loss: 0.7711 (0.5057)  time: 3.8702  data: 0.0147  max mem: 9187
Epoch: [12]  [40/45]  eta: 0:00:19  lr: 0.000041  loss: 0.7289 (0.4979)  time: 3.8465  data: 0.0135  max mem: 9187
Epoch: [12] Total time: 0:02:54
Test:  [  0/725]  eta: 0:04:09    time: 0.3438  data: 0.2743  max mem: 9187
Test:  [100/725]  eta: 0:00:43    time: 0.0675  data: 0.0030  max mem: 9187
Test:  [200/725]  eta: 0:00:35    time: 0.0675  data: 0.0028  max mem: 9187
Test:  [300/725]  eta: 0:00:28    time: 0.0693  data: 0.0030  max mem: 9187
Test:  [400/725]  eta: 0:00:21    time: 0.0644  data: 0.0028  max mem: 9187
Test:  [500/725]  eta: 0:00:15    time: 0.0718  data: 0.0028  max mem: 9187
Test:  [600/725]  eta: 0:00:08    time: 0.0671  data: 0.0029  max mem: 9187
Test:  [700/725]  eta: 0:00:01    time: 0.0655  data: 0.0032  max mem: 9187
Test: Total time: 0:00:48
global correct: 93.8
average row correct: ['96.6', '91.1', '75.4', '88.0', '82.6', '72.1', '94.4', '88.7', '93.1', '60.0', '84.9', '66.6', '83.7', '86.2', '89.2', '94.6', '68.8', '86.8', '68.9', '90.0', '85.4']
IoU: ['93.6', '86.5', '39.1', '81.0', '70.7', '65.0', '89.0', '77.1', '81.4', '42.0', '75.9', '55.5', '74.4', '76.6', '78.6', '88.1', '57.1', '75.1', '50.1', '84.2', '75.6']
mean IoU: 72.2
Epoch: [13]  [ 0/45]  eta: 0:03:27  lr: 0.000041  loss: 0.2071 (0.2071)  time: 4.6023  data: 0.7693  max mem: 9187
Epoch: [13]  [20/45]  eta: 0:01:37  lr: 0.000038  loss: 0.3348 (0.3998)  time: 3.8858  data: 0.0133  max mem: 9187
Epoch: [13]  [40/45]  eta: 0:00:19  lr: 0.000036  loss: 0.7190 (0.4789)  time: 3.8608  data: 0.0132  max mem: 9187
Epoch: [13] Total time: 0:02:55
Test:  [  0/725]  eta: 0:04:30    time: 0.3726  data: 0.3035  max mem: 9187
Test:  [100/725]  eta: 0:00:43    time: 0.0672  data: 0.0028  max mem: 9187
Test:  [200/725]  eta: 0:00:35    time: 0.0646  data: 0.0027  max mem: 9187
Test:  [300/725]  eta: 0:00:28    time: 0.0697  data: 0.0027  max mem: 9187
Test:  [400/725]  eta: 0:00:21    time: 0.0642  data: 0.0027  max mem: 9187
Test:  [500/725]  eta: 0:00:15    time: 0.0699  data: 0.0027  max mem: 9187
Test:  [600/725]  eta: 0:00:08    time: 0.0664  data: 0.0027  max mem: 9187
Test:  [700/725]  eta: 0:00:01    time: 0.0654  data: 0.0027  max mem: 9187
Test: Total time: 0:00:48
global correct: 93.8
average row correct: ['96.8', '90.3', '74.7', '87.3', '82.6', '71.6', '94.8', '87.9', '92.9', '59.7', '85.9', '65.9', '83.1', '85.1', '88.8', '94.6', '67.8', '87.0', '68.4', '86.3', '85.1']
IoU: ['93.7', '86.1', '38.8', '81.3', '69.6', '64.6', '88.3', '77.6', '81.3', '41.9', '75.8', '55.3', '74.1', '76.9', '78.6', '88.0', '57.4', '75.2', '50.3', '82.9', '76.2']
mean IoU: 72.1
Epoch: [14]  [ 0/45]  eta: 0:03:30  lr: 0.000035  loss: 0.4407 (0.4407)  time: 4.6794  data: 0.7608  max mem: 9187
Epoch: [14]  [20/45]  eta: 0:01:38  lr: 0.000033  loss: 0.5317 (0.4670)  time: 3.8921  data: 0.0127  max mem: 9187
Epoch: [14]  [40/45]  eta: 0:00:19  lr: 0.000031  loss: 0.3798 (0.4623)  time: 3.8488  data: 0.0129  max mem: 9187
Epoch: [14] Total time: 0:02:55
Test:  [  0/725]  eta: 0:04:46    time: 0.3954  data: 0.3180  max mem: 9187
Test:  [100/725]  eta: 0:00:43    time: 0.0677  data: 0.0028  max mem: 9187
Test:  [200/725]  eta: 0:00:36    time: 0.0654  data: 0.0028  max mem: 9187
Test:  [300/725]  eta: 0:00:29    time: 0.0692  data: 0.0030  max mem: 9187
Test:  [400/725]  eta: 0:00:22    time: 0.0640  data: 0.0029  max mem: 9187
Test:  [500/725]  eta: 0:00:15    time: 0.0711  data: 0.0031  max mem: 9187
Test:  [600/725]  eta: 0:00:08    time: 0.0682  data: 0.0035  max mem: 9187
Test:  [700/725]  eta: 0:00:01    time: 0.0649  data: 0.0032  max mem: 9187
Test: Total time: 0:00:49
global correct: 93.8
average row correct: ['96.7', '91.5', '75.2', '87.3', '82.5', '72.7', '93.5', '88.7', '93.3', '60.4', '84.2', '66.9', '82.6', '85.6', '88.5', '94.6', '68.2', '87.7', '68.7', '90.5', '85.4']
IoU: ['93.7', '86.4', '39.1', '81.0', '70.1', '65.3', '89.2', '77.2', '81.3', '42.1', '76.1', '55.6', '74.0', '76.8', '79.0', '88.1', '57.5', '75.0', '50.2', '84.2', '75.8']
mean IoU: 72.3
Epoch: [15]  [ 0/45]  eta: 0:03:31  lr: 0.000030  loss: 0.5723 (0.5723)  time: 4.6948  data: 0.7859  max mem: 9187
Epoch: [15]  [20/45]  eta: 0:01:37  lr: 0.000028  loss: 0.5135 (0.5203)  time: 3.8745  data: 0.0122  max mem: 9187
Epoch: [15]  [40/45]  eta: 0:00:19  lr: 0.000025  loss: 0.7437 (0.4775)  time: 3.8184  data: 0.0141  max mem: 9187
Epoch: [15] Total time: 0:02:53
Test:  [  0/725]  eta: 0:04:40    time: 0.3868  data: 0.3174  max mem: 9187
Test:  [100/725]  eta: 0:00:43    time: 0.0673  data: 0.0032  max mem: 9187
Test:  [200/725]  eta: 0:00:35    time: 0.0658  data: 0.0028  max mem: 9187
Test:  [300/725]  eta: 0:00:28    time: 0.0692  data: 0.0028  max mem: 9187
Test:  [400/725]  eta: 0:00:21    time: 0.0651  data: 0.0028  max mem: 9187
Test:  [500/725]  eta: 0:00:15    time: 0.0710  data: 0.0031  max mem: 9187
Test:  [600/725]  eta: 0:00:08    time: 0.0682  data: 0.0029  max mem: 9187
Test:  [700/725]  eta: 0:00:01    time: 0.0668  data: 0.0031  max mem: 9187
Test: Total time: 0:00:48
global correct: 93.7
average row correct: ['96.7', '91.5', '76.1', '86.7', '83.7', '72.4', '93.8', '88.7', '94.4', '60.3', '82.1', '66.9', '82.2', '75.9', '88.6', '94.4', '68.2', '89.5', '69.7', '90.0', '86.2']
IoU: ['93.6', '86.7', '39.3', '81.0', '69.7', '65.2', '89.1', '77.2', '80.2', '42.1', '73.4', '55.6', '71.5', '72.3', '78.8', '88.4', '57.3', '71.8', '50.2', '84.3', '74.9']
mean IoU: 71.6
Epoch: [16]  [ 0/45]  eta: 0:03:27  lr: 0.000024  loss: 0.3072 (0.3072)  time: 4.6215  data: 0.8174  max mem: 9187
Epoch: [16]  [20/45]  eta: 0:01:36  lr: 0.000022  loss: 0.3995 (0.5314)  time: 3.8144  data: 0.0126  max mem: 9187
Epoch: [16]  [40/45]  eta: 0:00:19  lr: 0.000019  loss: 0.7292 (0.4961)  time: 3.8723  data: 0.0133  max mem: 9187
Epoch: [16] Total time: 0:02:53
Test:  [  0/725]  eta: 0:04:24    time: 0.3642  data: 0.2954  max mem: 9187
Test:  [100/725]  eta: 0:00:43    time: 0.0669  data: 0.0028  max mem: 9187
Test:  [200/725]  eta: 0:00:35    time: 0.0658  data: 0.0026  max mem: 9187
Test:  [300/725]  eta: 0:00:28    time: 0.0690  data: 0.0027  max mem: 9187
Test:  [400/725]  eta: 0:00:21    time: 0.0641  data: 0.0030  max mem: 9187
Test:  [500/725]  eta: 0:00:15    time: 0.0714  data: 0.0032  max mem: 9187
Test:  [600/725]  eta: 0:00:08    time: 0.0668  data: 0.0030  max mem: 9187
Test:  [700/725]  eta: 0:00:01    time: 0.0657  data: 0.0031  max mem: 9187
Test: Total time: 0:00:48
global correct: 93.8
average row correct: ['96.8', '90.9', '74.7', '86.8', '83.2', '73.2', '93.7', '88.6', '93.0', '59.7', '78.4', '66.3', '84.6', '83.6', '89.3', '94.6', '67.3', '89.0', '68.4', '91.2', '85.5']
IoU: ['93.7', '86.5', '39.0', '80.7', '70.4', '65.7', '89.1', '77.4', '81.5', '42.1', '73.1', '55.4', '72.5', '75.6', '78.6', '88.3', '57.2', '73.0', '50.2', '84.0', '76.1']
mean IoU: 71.9
Epoch: [17]  [ 0/45]  eta: 0:03:26  lr: 0.000019  loss: 0.2227 (0.2227)  time: 4.5992  data: 0.8334  max mem: 9187
Epoch: [17]  [20/45]  eta: 0:01:37  lr: 0.000016  loss: 0.2739 (0.4177)  time: 3.8641  data: 0.0137  max mem: 9187
Epoch: [17]  [40/45]  eta: 0:00:19  lr: 0.000014  loss: 0.3901 (0.4552)  time: 3.8505  data: 0.0133  max mem: 9187
Epoch: [17] Total time: 0:02:54
Test:  [  0/725]  eta: 0:04:09    time: 0.3448  data: 0.2770  max mem: 9187
Test:  [100/725]  eta: 0:00:43    time: 0.0676  data: 0.0030  max mem: 9187
Test:  [200/725]  eta: 0:00:36    time: 0.0674  data: 0.0031  max mem: 9187
Test:  [300/725]  eta: 0:00:29    time: 0.0697  data: 0.0030  max mem: 9187
Test:  [400/725]  eta: 0:00:21    time: 0.0651  data: 0.0028  max mem: 9187
Test:  [500/725]  eta: 0:00:15    time: 0.0730  data: 0.0035  max mem: 9187
Test:  [600/725]  eta: 0:00:08    time: 0.0666  data: 0.0030  max mem: 9187
Test:  [700/725]  eta: 0:00:01    time: 0.0650  data: 0.0028  max mem: 9187
Test: Total time: 0:00:48
global correct: 93.8
average row correct: ['96.8', '91.5', '75.0', '87.4', '82.6', '75.0', '94.8', '88.6', '93.2', '60.9', '77.1', '65.7', '83.0', '90.0', '88.4', '94.4', '68.6', '88.0', '67.8', '88.0', '85.8']
IoU: ['93.7', '86.5', '39.0', '81.2', '70.3', '66.8', '88.4', '77.3', '81.3', '42.0', '72.9', '55.4', '74.0', '73.9', '78.9', '88.3', '57.8', '75.0', '50.1', '83.8', '75.7']
mean IoU: 72.0
Epoch: [18]  [ 0/45]  eta: 0:03:31  lr: 0.000013  loss: 0.8186 (0.8186)  time: 4.7090  data: 0.8116  max mem: 9187
Epoch: [18]  [20/45]  eta: 0:01:38  lr: 0.000010  loss: 0.4226 (0.5093)  time: 3.8819  data: 0.0136  max mem: 9187
Epoch: [18]  [40/45]  eta: 0:00:19  lr: 0.000008  loss: 0.3185 (0.4712)  time: 3.8494  data: 0.0153  max mem: 9187
Epoch: [18] Total time: 0:02:54
Test:  [  0/725]  eta: 0:04:58    time: 0.4118  data: 0.3457  max mem: 9187
Test:  [100/725]  eta: 0:00:43    time: 0.0667  data: 0.0026  max mem: 9187
Test:  [200/725]  eta: 0:00:35    time: 0.0658  data: 0.0028  max mem: 9187
Test:  [300/725]  eta: 0:00:28    time: 0.0699  data: 0.0029  max mem: 9187
Test:  [400/725]  eta: 0:00:21    time: 0.0643  data: 0.0028  max mem: 9187
Test:  [500/725]  eta: 0:00:15    time: 0.0708  data: 0.0029  max mem: 9187
Test:  [600/725]  eta: 0:00:08    time: 0.0661  data: 0.0028  max mem: 9187
Test:  [700/725]  eta: 0:00:01    time: 0.0643  data: 0.0026  max mem: 9187
Test: Total time: 0:00:48
global correct: 93.8
average row correct: ['96.7', '90.4', '75.3', '87.7', '82.6', '72.3', '94.4', '89.5', '93.6', '61.2', '82.8', '67.9', '82.2', '85.2', '88.1', '94.1', '68.2', '88.2', '69.4', '88.3', '85.8']
IoU: ['93.7', '86.7', '39.2', '81.0', '70.0', '65.1', '88.5', '76.9', '80.9', '42.0', '75.4', '56.0', '73.3', '76.2', '78.9', '88.4', '57.3', '74.5', '50.1', '83.8', '76.2']
mean IoU: 72.1
Epoch: [19]  [ 0/45]  eta: 0:03:32  lr: 0.000007  loss: 0.4899 (0.4899)  time: 4.7138  data: 0.8361  max mem: 9187
Epoch: [19]  [20/45]  eta: 0:01:37  lr: 0.000004  loss: 0.3283 (0.4869)  time: 3.8664  data: 0.0134  max mem: 9187
Epoch: [19]  [40/45]  eta: 0:00:19  lr: 0.000001  loss: 0.3740 (0.4374)  time: 3.8160  data: 0.0126  max mem: 9187
Epoch: [19] Total time: 0:02:53
Test:  [  0/725]  eta: 0:04:21    time: 0.3601  data: 0.2952  max mem: 9187
Test:  [100/725]  eta: 0:00:43    time: 0.0668  data: 0.0029  max mem: 9187
Test:  [200/725]  eta: 0:00:35    time: 0.0679  data: 0.0031  max mem: 9187
Test:  [300/725]  eta: 0:00:28    time: 0.0702  data: 0.0033  max mem: 9187
Test:  [400/725]  eta: 0:00:21    time: 0.0645  data: 0.0028  max mem: 9187
Test:  [500/725]  eta: 0:00:15    time: 0.0711  data: 0.0031  max mem: 9187
Test:  [600/725]  eta: 0:00:08    time: 0.0669  data: 0.0027  max mem: 9187
Test:  [700/725]  eta: 0:00:01    time: 0.0653  data: 0.0027  max mem: 9187
Test: Total time: 0:00:48
global correct: 93.8
average row correct: ['96.7', '91.4', '74.9', '87.9', '83.4', '74.2', '94.3', '89.0', '93.8', '60.6', '81.7', '67.1', '82.6', '86.7', '87.8', '94.3', '68.8', '87.6', '68.7', '88.4', '85.4']
IoU: ['93.7', '86.6', '39.1', '81.1', '70.2', '66.4', '88.6', '76.9', '80.8', '41.9', '75.5', '55.6', '73.6', '76.7', '78.9', '88.3', '57.7', '74.8', '50.1', '83.9', '76.4']
mean IoU: 72.2
Training time 1:15:15
